time="2021-07-20 10:53:34" level=info Agent="Mozilla/5.0 (Macintosh; Intel Mac OS X 10_15_7) AppleWebKit/537.36 (KHTML, like Gecko) Chrome/91.0.4472.114 Safari/537.36" DataSize=0 HostName=localhost IP="::1" Method=OPTIONS Path=/api/admin/article/8/ SpendTime="1 ms" Status=204
time="2021-07-20 10:53:34" level=info Agent="Mozilla/5.0 (Macintosh; Intel Mac OS X 10_15_7) AppleWebKit/537.36 (KHTML, like Gecko) Chrome/91.0.4472.114 Safari/537.36" DataSize=52 HostName=localhost IP="::1" Method=PUT Path=/api/admin/article/8/ SpendTime="4 ms" Status=200
time="2021-07-20 10:54:50" level=info Agent="Mozilla/5.0 (Macintosh; Intel Mac OS X 10_15_7) AppleWebKit/537.36 (KHTML, like Gecko) Chrome/91.0.4472.114 Safari/537.36" DataSize=0 HostName=localhost IP="::1" Method=OPTIONS Path=/api/v1/login/ SpendTime="1 ms" Status=204
time="2021-07-20 10:54:50" level=info Agent="Mozilla/5.0 (Macintosh; Intel Mac OS X 10_15_7) AppleWebKit/537.36 (KHTML, like Gecko) Chrome/91.0.4472.114 Safari/537.36" DataSize=192 HostName=localhost IP="::1" Method=POST Path=/api/v1/login/ SpendTime="150 ms" Status=200
time="2021-07-20 10:56:18" level=info Agent="Mozilla/5.0 (Macintosh; Intel Mac OS X 10_15_7) AppleWebKit/537.36 (KHTML, like Gecko) Chrome/91.0.4472.114 Safari/537.36" DataSize=0 HostName=localhost IP="::1" Method=OPTIONS Path=/api/v1/login/ SpendTime="1 ms" Status=204
time="2021-07-20 10:56:18" level=info Agent="Mozilla/5.0 (Macintosh; Intel Mac OS X 10_15_7) AppleWebKit/537.36 (KHTML, like Gecko) Chrome/91.0.4472.114 Safari/537.36" DataSize=192 HostName=localhost IP="::1" Method=POST Path=/api/v1/login/ SpendTime="129 ms" Status=200
time="2021-07-20 10:56:22" level=info Agent="Mozilla/5.0 (Macintosh; Intel Mac OS X 10_15_7) AppleWebKit/537.36 (KHTML, like Gecko) Chrome/91.0.4472.114 Safari/537.36" DataSize=0 HostName=localhost IP="::1" Method=OPTIONS Path="/api/v1/category/?size=100&page=1" SpendTime="1 ms" Status=204
time="2021-07-20 10:56:22" level=info Agent="Mozilla/5.0 (Macintosh; Intel Mac OS X 10_15_7) AppleWebKit/537.36 (KHTML, like Gecko) Chrome/91.0.4472.114 Safari/537.36" DataSize=173 HostName=localhost IP="::1" Method=GET Path="/api/v1/category/?size=100&page=1" SpendTime="7 ms" Status=200
time="2021-07-20 10:56:22" level=info Agent="Mozilla/5.0 (Macintosh; Intel Mac OS X 10_15_7) AppleWebKit/537.36 (KHTML, like Gecko) Chrome/91.0.4472.114 Safari/537.36" DataSize=0 HostName=localhost IP="::1" Method=OPTIONS Path="/api/v1/category/?size=100&page=1" SpendTime="1 ms" Status=204
time="2021-07-20 10:56:22" level=info Agent="Mozilla/5.0 (Macintosh; Intel Mac OS X 10_15_7) AppleWebKit/537.36 (KHTML, like Gecko) Chrome/91.0.4472.114 Safari/537.36" DataSize=0 HostName=localhost IP="::1" Method=OPTIONS Path="/api/v1/article/?title=&size=5&page=1" SpendTime="1 ms" Status=204
time="2021-07-20 10:56:22" level=info Agent="Mozilla/5.0 (Macintosh; Intel Mac OS X 10_15_7) AppleWebKit/537.36 (KHTML, like Gecko) Chrome/91.0.4472.114 Safari/537.36" DataSize=173 HostName=localhost IP="::1" Method=GET Path="/api/v1/category/?size=100&page=1" SpendTime="5 ms" Status=200
time="2021-07-20 10:56:22" level=info Agent="Mozilla/5.0 (Macintosh; Intel Mac OS X 10_15_7) AppleWebKit/537.36 (KHTML, like Gecko) Chrome/91.0.4472.114 Safari/537.36" DataSize=1673 HostName=localhost IP="::1" Method=GET Path="/api/v1/article/?title=&size=5&page=1" SpendTime="11 ms" Status=200
time="2021-07-20 10:56:24" level=info Agent="Mozilla/5.0 (Macintosh; Intel Mac OS X 10_15_7) AppleWebKit/537.36 (KHTML, like Gecko) Chrome/91.0.4472.114 Safari/537.36" DataSize=0 HostName=localhost IP="::1" Method=OPTIONS Path="/api/v1/category/?size=100&page=1" SpendTime="1 ms" Status=204
time="2021-07-20 10:56:24" level=info Agent="Mozilla/5.0 (Macintosh; Intel Mac OS X 10_15_7) AppleWebKit/537.36 (KHTML, like Gecko) Chrome/91.0.4472.114 Safari/537.36" DataSize=0 HostName=localhost IP="::1" Method=OPTIONS Path=/api/v1/article/8/ SpendTime="1 ms" Status=204
time="2021-07-20 10:56:24" level=info Agent="Mozilla/5.0 (Macintosh; Intel Mac OS X 10_15_7) AppleWebKit/537.36 (KHTML, like Gecko) Chrome/91.0.4472.114 Safari/537.36" DataSize=569 HostName=localhost IP="::1" Method=GET Path=/api/v1/article/8/ SpendTime="3 ms" Status=200
time="2021-07-20 10:56:24" level=info Agent="Mozilla/5.0 (Macintosh; Intel Mac OS X 10_15_7) AppleWebKit/537.36 (KHTML, like Gecko) Chrome/91.0.4472.114 Safari/537.36" DataSize=173 HostName=localhost IP="::1" Method=GET Path="/api/v1/category/?size=100&page=1" SpendTime="3 ms" Status=200
time="2021-07-20 10:56:30" level=info Agent="Mozilla/5.0 (Macintosh; Intel Mac OS X 10_15_7) AppleWebKit/537.36 (KHTML, like Gecko) Chrome/91.0.4472.114 Safari/537.36" DataSize=0 HostName=localhost IP="::1" Method=OPTIONS Path=/api/admin/article/8/ SpendTime="1 ms" Status=204
time="2021-07-20 10:56:30" level=info Agent="Mozilla/5.0 (Macintosh; Intel Mac OS X 10_15_7) AppleWebKit/537.36 (KHTML, like Gecko) Chrome/91.0.4472.114 Safari/537.36" DataSize=23 HostName=localhost IP="::1" Method=PUT Path=/api/admin/article/8/ SpendTime="12 ms" Status=200
time="2021-07-20 10:56:30" level=info Agent="Mozilla/5.0 (Macintosh; Intel Mac OS X 10_15_7) AppleWebKit/537.36 (KHTML, like Gecko) Chrome/91.0.4472.114 Safari/537.36" DataSize=0 HostName=localhost IP="::1" Method=OPTIONS Path="/api/v1/category/?size=100&page=1" SpendTime="1 ms" Status=204
time="2021-07-20 10:56:30" level=info Agent="Mozilla/5.0 (Macintosh; Intel Mac OS X 10_15_7) AppleWebKit/537.36 (KHTML, like Gecko) Chrome/91.0.4472.114 Safari/537.36" DataSize=0 HostName=localhost IP="::1" Method=OPTIONS Path="/api/v1/article/?title=&size=5&page=1" SpendTime="1 ms" Status=204
time="2021-07-20 10:56:30" level=info Agent="Mozilla/5.0 (Macintosh; Intel Mac OS X 10_15_7) AppleWebKit/537.36 (KHTML, like Gecko) Chrome/91.0.4472.114 Safari/537.36" DataSize=173 HostName=localhost IP="::1" Method=GET Path="/api/v1/category/?size=100&page=1" SpendTime="2 ms" Status=200
time="2021-07-20 10:56:30" level=info Agent="Mozilla/5.0 (Macintosh; Intel Mac OS X 10_15_7) AppleWebKit/537.36 (KHTML, like Gecko) Chrome/91.0.4472.114 Safari/537.36" DataSize=3185 HostName=localhost IP="::1" Method=GET Path="/api/v1/article/?title=&size=5&page=1" SpendTime="11 ms" Status=200
time="2021-07-20 10:56:32" level=info Agent="Mozilla/5.0 (Macintosh; Intel Mac OS X 10_15_7) AppleWebKit/537.36 (KHTML, like Gecko) Chrome/91.0.4472.114 Safari/537.36" DataSize=0 HostName=localhost IP="::1" Method=OPTIONS Path="/api/v1/category/?size=100&page=1" SpendTime="1 ms" Status=204
time="2021-07-20 10:56:32" level=info Agent="Mozilla/5.0 (Macintosh; Intel Mac OS X 10_15_7) AppleWebKit/537.36 (KHTML, like Gecko) Chrome/91.0.4472.114 Safari/537.36" DataSize=0 HostName=localhost IP="::1" Method=OPTIONS Path=/api/v1/article/8/ SpendTime="1 ms" Status=204
time="2021-07-20 10:56:32" level=info Agent="Mozilla/5.0 (Macintosh; Intel Mac OS X 10_15_7) AppleWebKit/537.36 (KHTML, like Gecko) Chrome/91.0.4472.114 Safari/537.36" DataSize=173 HostName=localhost IP="::1" Method=GET Path="/api/v1/category/?size=100&page=1" SpendTime="2 ms" Status=200
time="2021-07-20 10:56:32" level=info Agent="Mozilla/5.0 (Macintosh; Intel Mac OS X 10_15_7) AppleWebKit/537.36 (KHTML, like Gecko) Chrome/91.0.4472.114 Safari/537.36" DataSize=2081 HostName=localhost IP="::1" Method=GET Path=/api/v1/article/8/ SpendTime="3 ms" Status=200
time="2021-07-20 10:58:48" level=info Agent="Mozilla/5.0 (Macintosh; Intel Mac OS X 10_15_7) AppleWebKit/537.36 (KHTML, like Gecko) Chrome/91.0.4472.114 Safari/537.36" DataSize=0 HostName=localhost IP="::1" Method=OPTIONS Path="/api/v1/category/?size=100&page=1" SpendTime="1 ms" Status=204
time="2021-07-20 10:58:48" level=info Agent="Mozilla/5.0 (Macintosh; Intel Mac OS X 10_15_7) AppleWebKit/537.36 (KHTML, like Gecko) Chrome/91.0.4472.114 Safari/537.36" DataSize=0 HostName=localhost IP="::1" Method=OPTIONS Path="/api/v1/article/?title=&size=5&page=1" SpendTime="1 ms" Status=204
time="2021-07-20 10:58:48" level=info Agent="Mozilla/5.0 (Macintosh; Intel Mac OS X 10_15_7) AppleWebKit/537.36 (KHTML, like Gecko) Chrome/91.0.4472.114 Safari/537.36" DataSize=173 HostName=localhost IP="::1" Method=GET Path="/api/v1/category/?size=100&page=1" SpendTime="7 ms" Status=200
time="2021-07-20 10:58:48" level=info Agent="Mozilla/5.0 (Macintosh; Intel Mac OS X 10_15_7) AppleWebKit/537.36 (KHTML, like Gecko) Chrome/91.0.4472.114 Safari/537.36" DataSize=3185 HostName=localhost IP="::1" Method=GET Path="/api/v1/article/?title=&size=5&page=1" SpendTime="8 ms" Status=200
time="2021-07-20 17:06:54" level=info Agent="Mozilla/5.0 (Macintosh; Intel Mac OS X 10_15_7) AppleWebKit/537.36 (KHTML, like Gecko) Chrome/91.0.4472.114 Safari/537.36" DataSize=0 HostName=localhost IP="::1" Method=OPTIONS Path=/api/v1/login/ SpendTime="3 ms" Status=204
time="2021-07-20 17:06:54" level=info Agent="Mozilla/5.0 (Macintosh; Intel Mac OS X 10_15_7) AppleWebKit/537.36 (KHTML, like Gecko) Chrome/91.0.4472.114 Safari/537.36" DataSize=192 HostName=localhost IP="::1" Method=POST Path=/api/v1/login/ SpendTime="154 ms" Status=200
time="2021-07-20 17:06:55" level=info Agent="Mozilla/5.0 (Macintosh; Intel Mac OS X 10_15_7) AppleWebKit/537.36 (KHTML, like Gecko) Chrome/91.0.4472.114 Safari/537.36" DataSize=0 HostName=localhost IP="::1" Method=OPTIONS Path="/api/v1/user/?username=&size=5&page=1" SpendTime="1 ms" Status=204
time="2021-07-20 17:06:55" level=info Agent="Mozilla/5.0 (Macintosh; Intel Mac OS X 10_15_7) AppleWebKit/537.36 (KHTML, like Gecko) Chrome/91.0.4472.114 Safari/537.36" DataSize=826 HostName=localhost IP="::1" Method=GET Path="/api/v1/user/?username=&size=5&page=1" SpendTime="5 ms" Status=200
time="2021-07-20 17:06:59" level=info Agent="Mozilla/5.0 (Macintosh; Intel Mac OS X 10_15_7) AppleWebKit/537.36 (KHTML, like Gecko) Chrome/91.0.4472.114 Safari/537.36" DataSize=0 HostName=localhost IP="::1" Method=OPTIONS Path="/api/v1/category/?size=100&page=1" SpendTime="1 ms" Status=204
time="2021-07-20 17:06:59" level=info Agent="Mozilla/5.0 (Macintosh; Intel Mac OS X 10_15_7) AppleWebKit/537.36 (KHTML, like Gecko) Chrome/91.0.4472.114 Safari/537.36" DataSize=0 HostName=localhost IP="::1" Method=OPTIONS Path="/api/v1/article/?title=&size=5&page=1" SpendTime="1 ms" Status=204
time="2021-07-20 17:06:59" level=info Agent="Mozilla/5.0 (Macintosh; Intel Mac OS X 10_15_7) AppleWebKit/537.36 (KHTML, like Gecko) Chrome/91.0.4472.114 Safari/537.36" DataSize=173 HostName=localhost IP="::1" Method=GET Path="/api/v1/category/?size=100&page=1" SpendTime="20 ms" Status=200
time="2021-07-20 17:06:59" level=info Agent="Mozilla/5.0 (Macintosh; Intel Mac OS X 10_15_7) AppleWebKit/537.36 (KHTML, like Gecko) Chrome/91.0.4472.114 Safari/537.36" DataSize=45 HostName=localhost IP="::1" Method=GET Path="/api/v1/article/?title=&size=5&page=1" SpendTime="24 ms" Status=200
time="2021-07-20 17:08:06" level=info Agent="Mozilla/5.0 (Macintosh; Intel Mac OS X 10_15_7) AppleWebKit/537.36 (KHTML, like Gecko) Chrome/91.0.4472.114 Safari/537.36" DataSize=0 HostName=localhost IP="::1" Method=OPTIONS Path="/api/v1/article/?title=&size=5&page=1" SpendTime="1 ms" Status=204
time="2021-07-20 17:08:06" level=info Agent="Mozilla/5.0 (Macintosh; Intel Mac OS X 10_15_7) AppleWebKit/537.36 (KHTML, like Gecko) Chrome/91.0.4472.114 Safari/537.36" DataSize=0 HostName=localhost IP="::1" Method=OPTIONS Path="/api/v1/category/?size=100&page=1" SpendTime="1 ms" Status=204
time="2021-07-20 17:08:06" level=info Agent="Mozilla/5.0 (Macintosh; Intel Mac OS X 10_15_7) AppleWebKit/537.36 (KHTML, like Gecko) Chrome/91.0.4472.114 Safari/537.36" DataSize=173 HostName=localhost IP="::1" Method=GET Path="/api/v1/category/?size=100&page=1" SpendTime="12 ms" Status=200
time="2021-07-20 17:08:06" level=info Agent="Mozilla/5.0 (Macintosh; Intel Mac OS X 10_15_7) AppleWebKit/537.36 (KHTML, like Gecko) Chrome/91.0.4472.114 Safari/537.36" DataSize=3185 HostName=localhost IP="::1" Method=GET Path="/api/v1/article/?title=&size=5&page=1" SpendTime="19 ms" Status=200
time="2021-07-20 17:11:27" level=info Agent="Mozilla/5.0 (Macintosh; Intel Mac OS X 10_15_7) AppleWebKit/537.36 (KHTML, like Gecko) Chrome/91.0.4472.114 Safari/537.36" DataSize=0 HostName=localhost IP="::1" Method=OPTIONS Path="/api/v1/category/?size=100&page=1" SpendTime="1 ms" Status=204
time="2021-07-20 17:11:27" level=info Agent="Mozilla/5.0 (Macintosh; Intel Mac OS X 10_15_7) AppleWebKit/537.36 (KHTML, like Gecko) Chrome/91.0.4472.114 Safari/537.36" DataSize=173 HostName=localhost IP="::1" Method=GET Path="/api/v1/category/?size=100&page=1" SpendTime="19 ms" Status=200
time="2021-07-20 17:11:31" level=info Agent="Mozilla/5.0 (Macintosh; Intel Mac OS X 10_15_7) AppleWebKit/537.36 (KHTML, like Gecko) Chrome/91.0.4472.114 Safari/537.36" DataSize=0 HostName=localhost IP="::1" Method=OPTIONS Path="/api/v1/user/?username=&size=5&page=1" SpendTime="1 ms" Status=204
time="2021-07-20 17:11:31" level=info Agent="Mozilla/5.0 (Macintosh; Intel Mac OS X 10_15_7) AppleWebKit/537.36 (KHTML, like Gecko) Chrome/91.0.4472.114 Safari/537.36" DataSize=826 HostName=localhost IP="::1" Method=GET Path="/api/v1/user/?username=&size=5&page=1" SpendTime="5 ms" Status=200
time="2021-07-20 17:12:47" level=info Agent="Mozilla/5.0 (Macintosh; Intel Mac OS X 10_15_7) AppleWebKit/537.36 (KHTML, like Gecko) Chrome/91.0.4472.114 Safari/537.36" DataSize=0 HostName=localhost IP="::1" Method=OPTIONS Path="/api/v1/category/?size=100&page=1" SpendTime="1 ms" Status=204
time="2021-07-20 17:12:47" level=info Agent="Mozilla/5.0 (Macintosh; Intel Mac OS X 10_15_7) AppleWebKit/537.36 (KHTML, like Gecko) Chrome/91.0.4472.114 Safari/537.36" DataSize=173 HostName=localhost IP="::1" Method=GET Path="/api/v1/category/?size=100&page=1" SpendTime="11 ms" Status=200
time="2021-07-20 17:19:00" level=info Agent="Mozilla/5.0 (Macintosh; Intel Mac OS X 10_15_7) AppleWebKit/537.36 (KHTML, like Gecko) Chrome/91.0.4472.114 Safari/537.36" DataSize=0 HostName=localhost IP="::1" Method=OPTIONS Path="/api/v1/user/?username=&size=5&page=1" SpendTime="2 ms" Status=204
time="2021-07-20 17:19:00" level=info Agent="Mozilla/5.0 (Macintosh; Intel Mac OS X 10_15_7) AppleWebKit/537.36 (KHTML, like Gecko) Chrome/91.0.4472.114 Safari/537.36" DataSize=826 HostName=localhost IP="::1" Method=GET Path="/api/v1/user/?username=&size=5&page=1" SpendTime="10 ms" Status=200
time="2021-07-20 17:19:01" level=info Agent="Mozilla/5.0 (Macintosh; Intel Mac OS X 10_15_7) AppleWebKit/537.36 (KHTML, like Gecko) Chrome/91.0.4472.114 Safari/537.36" DataSize=0 HostName=localhost IP="::1" Method=OPTIONS Path="/api/v1/category/?size=100&page=1" SpendTime="1 ms" Status=204
time="2021-07-20 17:19:01" level=info Agent="Mozilla/5.0 (Macintosh; Intel Mac OS X 10_15_7) AppleWebKit/537.36 (KHTML, like Gecko) Chrome/91.0.4472.114 Safari/537.36" DataSize=0 HostName=localhost IP="::1" Method=OPTIONS Path="/api/v1/article/?title=&size=5&page=1" SpendTime="1 ms" Status=204
time="2021-07-20 17:19:01" level=info Agent="Mozilla/5.0 (Macintosh; Intel Mac OS X 10_15_7) AppleWebKit/537.36 (KHTML, like Gecko) Chrome/91.0.4472.114 Safari/537.36" DataSize=173 HostName=localhost IP="::1" Method=GET Path="/api/v1/category/?size=100&page=1" SpendTime="6 ms" Status=200
time="2021-07-20 17:19:01" level=info Agent="Mozilla/5.0 (Macintosh; Intel Mac OS X 10_15_7) AppleWebKit/537.36 (KHTML, like Gecko) Chrome/91.0.4472.114 Safari/537.36" DataSize=3185 HostName=localhost IP="::1" Method=GET Path="/api/v1/article/?title=&size=5&page=1" SpendTime="9 ms" Status=200
time="2021-07-20 17:19:03" level=info Agent="Mozilla/5.0 (Macintosh; Intel Mac OS X 10_15_7) AppleWebKit/537.36 (KHTML, like Gecko) Chrome/91.0.4472.114 Safari/537.36" DataSize=0 HostName=localhost IP="::1" Method=OPTIONS Path="/api/v1/category/?size=100&page=1" SpendTime="1 ms" Status=204
time="2021-07-20 17:19:03" level=info Agent="Mozilla/5.0 (Macintosh; Intel Mac OS X 10_15_7) AppleWebKit/537.36 (KHTML, like Gecko) Chrome/91.0.4472.114 Safari/537.36" DataSize=173 HostName=localhost IP="::1" Method=GET Path="/api/v1/category/?size=100&page=1" SpendTime="4 ms" Status=200
time="2021-07-20 17:19:03" level=info Agent="Mozilla/5.0 (Macintosh; Intel Mac OS X 10_15_7) AppleWebKit/537.36 (KHTML, like Gecko) Chrome/91.0.4472.114 Safari/537.36" DataSize=0 HostName=localhost IP="::1" Method=OPTIONS Path="/api/v1/category/?size=100&page=1" SpendTime="1 ms" Status=204
time="2021-07-20 17:19:03" level=info Agent="Mozilla/5.0 (Macintosh; Intel Mac OS X 10_15_7) AppleWebKit/537.36 (KHTML, like Gecko) Chrome/91.0.4472.114 Safari/537.36" DataSize=0 HostName=localhost IP="::1" Method=OPTIONS Path="/api/v1/article/?title=&size=5&page=1" SpendTime="1 ms" Status=204
time="2021-07-20 17:19:03" level=info Agent="Mozilla/5.0 (Macintosh; Intel Mac OS X 10_15_7) AppleWebKit/537.36 (KHTML, like Gecko) Chrome/91.0.4472.114 Safari/537.36" DataSize=173 HostName=localhost IP="::1" Method=GET Path="/api/v1/category/?size=100&page=1" SpendTime="2 ms" Status=200
time="2021-07-20 17:19:03" level=info Agent="Mozilla/5.0 (Macintosh; Intel Mac OS X 10_15_7) AppleWebKit/537.36 (KHTML, like Gecko) Chrome/91.0.4472.114 Safari/537.36" DataSize=3185 HostName=localhost IP="::1" Method=GET Path="/api/v1/article/?title=&size=5&page=1" SpendTime="4 ms" Status=200
time="2021-07-20 17:19:04" level=info Agent="Mozilla/5.0 (Macintosh; Intel Mac OS X 10_15_7) AppleWebKit/537.36 (KHTML, like Gecko) Chrome/91.0.4472.114 Safari/537.36" DataSize=0 HostName=localhost IP="::1" Method=OPTIONS Path="/api/v1/category/?size=100&page=1" SpendTime="1 ms" Status=204
time="2021-07-20 17:19:04" level=info Agent="Mozilla/5.0 (Macintosh; Intel Mac OS X 10_15_7) AppleWebKit/537.36 (KHTML, like Gecko) Chrome/91.0.4472.114 Safari/537.36" DataSize=173 HostName=localhost IP="::1" Method=GET Path="/api/v1/category/?size=100&page=1" SpendTime="3 ms" Status=200
time="2021-07-20 17:19:06" level=info Agent="Mozilla/5.0 (Macintosh; Intel Mac OS X 10_15_7) AppleWebKit/537.36 (KHTML, like Gecko) Chrome/91.0.4472.114 Safari/537.36" DataSize=0 HostName=localhost IP="::1" Method=OPTIONS Path="/api/v1/category/?size=100&page=1" SpendTime="1 ms" Status=204
time="2021-07-20 17:19:06" level=info Agent="Mozilla/5.0 (Macintosh; Intel Mac OS X 10_15_7) AppleWebKit/537.36 (KHTML, like Gecko) Chrome/91.0.4472.114 Safari/537.36" DataSize=0 HostName=localhost IP="::1" Method=OPTIONS Path="/api/v1/article/?title=&size=5&page=1" SpendTime="1 ms" Status=204
time="2021-07-20 17:19:06" level=info Agent="Mozilla/5.0 (Macintosh; Intel Mac OS X 10_15_7) AppleWebKit/537.36 (KHTML, like Gecko) Chrome/91.0.4472.114 Safari/537.36" DataSize=173 HostName=localhost IP="::1" Method=GET Path="/api/v1/category/?size=100&page=1" SpendTime="4 ms" Status=200
time="2021-07-20 17:19:06" level=info Agent="Mozilla/5.0 (Macintosh; Intel Mac OS X 10_15_7) AppleWebKit/537.36 (KHTML, like Gecko) Chrome/91.0.4472.114 Safari/537.36" DataSize=3185 HostName=localhost IP="::1" Method=GET Path="/api/v1/article/?title=&size=5&page=1" SpendTime="6 ms" Status=200
time="2021-07-20 17:23:04" level=info Agent="Mozilla/5.0 (Macintosh; Intel Mac OS X 10_15_7) AppleWebKit/537.36 (KHTML, like Gecko) Chrome/91.0.4472.114 Safari/537.36" DataSize=0 HostName=localhost IP="::1" Method=OPTIONS Path="/api/v1/category/?size=100&page=1" SpendTime="1 ms" Status=204
time="2021-07-20 17:23:04" level=info Agent="Mozilla/5.0 (Macintosh; Intel Mac OS X 10_15_7) AppleWebKit/537.36 (KHTML, like Gecko) Chrome/91.0.4472.114 Safari/537.36" DataSize=173 HostName=localhost IP="::1" Method=GET Path="/api/v1/category/?size=100&page=1" SpendTime="11 ms" Status=200
time="2021-07-20 17:54:31" level=info Agent="Mozilla/5.0 (Macintosh; Intel Mac OS X 10_15_7) AppleWebKit/537.36 (KHTML, like Gecko) Chrome/91.0.4472.114 Safari/537.36" DataSize=0 HostName=localhost IP="::1" Method=OPTIONS Path="/api/v1/category/?size=5&page=1" SpendTime="1 ms" Status=204
time="2021-07-20 17:54:31" level=info Agent="Mozilla/5.0 (Macintosh; Intel Mac OS X 10_15_7) AppleWebKit/537.36 (KHTML, like Gecko) Chrome/91.0.4472.114 Safari/537.36" DataSize=173 HostName=localhost IP="::1" Method=GET Path="/api/v1/category/?size=5&page=1" SpendTime="20 ms" Status=200
time="2021-07-20 17:54:32" level=info Agent="Mozilla/5.0 (Macintosh; Intel Mac OS X 10_15_7) AppleWebKit/537.36 (KHTML, like Gecko) Chrome/91.0.4472.114 Safari/537.36" DataSize=0 HostName=localhost IP="::1" Method=OPTIONS Path="/api/v1/user/?username=&size=5&page=1" SpendTime="1 ms" Status=204
time="2021-07-20 17:54:32" level=info Agent="Mozilla/5.0 (Macintosh; Intel Mac OS X 10_15_7) AppleWebKit/537.36 (KHTML, like Gecko) Chrome/91.0.4472.114 Safari/537.36" DataSize=826 HostName=localhost IP="::1" Method=GET Path="/api/v1/user/?username=&size=5&page=1" SpendTime="7 ms" Status=200
time="2021-07-20 17:54:47" level=info Agent="Mozilla/5.0 (Macintosh; Intel Mac OS X 10_15_7) AppleWebKit/537.36 (KHTML, like Gecko) Chrome/91.0.4472.114 Safari/537.36" DataSize=0 HostName=localhost IP="::1" Method=OPTIONS Path=/api/v1/user/60/ SpendTime="1 ms" Status=204
time="2021-07-20 17:54:47" level=info Agent="Mozilla/5.0 (Macintosh; Intel Mac OS X 10_15_7) AppleWebKit/537.36 (KHTML, like Gecko) Chrome/91.0.4472.114 Safari/537.36" DataSize=187 HostName=localhost IP="::1" Method=GET Path=/api/v1/user/60/ SpendTime="12 ms" Status=200
time="2021-07-20 17:54:50" level=info Agent="Mozilla/5.0 (Macintosh; Intel Mac OS X 10_15_7) AppleWebKit/537.36 (KHTML, like Gecko) Chrome/91.0.4472.114 Safari/537.36" DataSize=0 HostName=localhost IP="::1" Method=OPTIONS Path=/api/admin/user/60/ SpendTime="1 ms" Status=204
time="2021-07-20 17:54:50" level=info Agent="Mozilla/5.0 (Macintosh; Intel Mac OS X 10_15_7) AppleWebKit/537.36 (KHTML, like Gecko) Chrome/91.0.4472.114 Safari/537.36" DataSize=23 HostName=localhost IP="::1" Method=PUT Path=/api/admin/user/60/ SpendTime="28 ms" Status=200
time="2021-07-20 17:54:50" level=info Agent="Mozilla/5.0 (Macintosh; Intel Mac OS X 10_15_7) AppleWebKit/537.36 (KHTML, like Gecko) Chrome/91.0.4472.114 Safari/537.36" DataSize=0 HostName=localhost IP="::1" Method=OPTIONS Path="/api/v1/user/?username=&size=5&page=1" SpendTime="1 ms" Status=204
time="2021-07-20 17:54:50" level=info Agent="Mozilla/5.0 (Macintosh; Intel Mac OS X 10_15_7) AppleWebKit/537.36 (KHTML, like Gecko) Chrome/91.0.4472.114 Safari/537.36" DataSize=826 HostName=localhost IP="::1" Method=GET Path="/api/v1/user/?username=&size=5&page=1" SpendTime="2 ms" Status=200
time="2021-07-20 17:54:55" level=info Agent="Mozilla/5.0 (Macintosh; Intel Mac OS X 10_15_7) AppleWebKit/537.36 (KHTML, like Gecko) Chrome/91.0.4472.114 Safari/537.36" DataSize=0 HostName=localhost IP="::1" Method=OPTIONS Path="/api/v1/category/?size=5&page=1" SpendTime="1 ms" Status=204
time="2021-07-20 17:54:55" level=info Agent="Mozilla/5.0 (Macintosh; Intel Mac OS X 10_15_7) AppleWebKit/537.36 (KHTML, like Gecko) Chrome/91.0.4472.114 Safari/537.36" DataSize=173 HostName=localhost IP="::1" Method=GET Path="/api/v1/category/?size=5&page=1" SpendTime="9 ms" Status=200
time="2021-07-20 17:54:58" level=info Agent="Mozilla/5.0 (Macintosh; Intel Mac OS X 10_15_7) AppleWebKit/537.36 (KHTML, like Gecko) Chrome/91.0.4472.114 Safari/537.36" DataSize=0 HostName=localhost IP="::1" Method=OPTIONS Path="/api/v1/category/?size=100&page=1" SpendTime="1 ms" Status=204
time="2021-07-20 17:54:58" level=info Agent="Mozilla/5.0 (Macintosh; Intel Mac OS X 10_15_7) AppleWebKit/537.36 (KHTML, like Gecko) Chrome/91.0.4472.114 Safari/537.36" DataSize=0 HostName=localhost IP="::1" Method=OPTIONS Path="/api/v1/article/?title=&size=5&page=1" SpendTime="1 ms" Status=204
time="2021-07-20 17:54:58" level=info Agent="Mozilla/5.0 (Macintosh; Intel Mac OS X 10_15_7) AppleWebKit/537.36 (KHTML, like Gecko) Chrome/91.0.4472.114 Safari/537.36" DataSize=173 HostName=localhost IP="::1" Method=GET Path="/api/v1/category/?size=100&page=1" SpendTime="10 ms" Status=200
time="2021-07-20 17:54:58" level=info Agent="Mozilla/5.0 (Macintosh; Intel Mac OS X 10_15_7) AppleWebKit/537.36 (KHTML, like Gecko) Chrome/91.0.4472.114 Safari/537.36" DataSize=3185 HostName=localhost IP="::1" Method=GET Path="/api/v1/article/?title=&size=5&page=1" SpendTime="12 ms" Status=200
time="2021-07-20 18:06:07" level=info Agent="Mozilla/5.0 (Macintosh; Intel Mac OS X 10_15_7) AppleWebKit/537.36 (KHTML, like Gecko) Chrome/91.0.4472.114 Safari/537.36" DataSize=0 HostName=localhost IP="::1" Method=OPTIONS Path="/api/v1/category/?size=100&page=1" SpendTime="1 ms" Status=204
time="2021-07-20 18:06:07" level=info Agent="Mozilla/5.0 (Macintosh; Intel Mac OS X 10_15_7) AppleWebKit/537.36 (KHTML, like Gecko) Chrome/91.0.4472.114 Safari/537.36" DataSize=173 HostName=localhost IP="::1" Method=GET Path="/api/v1/category/?size=100&page=1" SpendTime="23 ms" Status=200
time="2021-07-20 18:08:43" level=info Agent="Mozilla/5.0 (Macintosh; Intel Mac OS X 10_15_7) AppleWebKit/537.36 (KHTML, like Gecko) Chrome/91.0.4472.114 Safari/537.36" DataSize=0 HostName=localhost IP="::1" Method=OPTIONS Path="/api/v1/category/?size=100&page=1" SpendTime="1 ms" Status=204
time="2021-07-20 18:08:43" level=info Agent="Mozilla/5.0 (Macintosh; Intel Mac OS X 10_15_7) AppleWebKit/537.36 (KHTML, like Gecko) Chrome/91.0.4472.114 Safari/537.36" DataSize=0 HostName=localhost IP="::1" Method=OPTIONS Path="/api/v1/article/?title=&size=5&page=1" SpendTime="1 ms" Status=204
time="2021-07-20 18:08:43" level=info Agent="Mozilla/5.0 (Macintosh; Intel Mac OS X 10_15_7) AppleWebKit/537.36 (KHTML, like Gecko) Chrome/91.0.4472.114 Safari/537.36" DataSize=173 HostName=localhost IP="::1" Method=GET Path="/api/v1/category/?size=100&page=1" SpendTime="15 ms" Status=200
time="2021-07-20 18:08:43" level=info Agent="Mozilla/5.0 (Macintosh; Intel Mac OS X 10_15_7) AppleWebKit/537.36 (KHTML, like Gecko) Chrome/91.0.4472.114 Safari/537.36" DataSize=3185 HostName=localhost IP="::1" Method=GET Path="/api/v1/article/?title=&size=5&page=1" SpendTime="18 ms" Status=200
time="2021-07-20 18:10:35" level=info Agent="Mozilla/5.0 (Macintosh; Intel Mac OS X 10_15_7) AppleWebKit/537.36 (KHTML, like Gecko) Chrome/91.0.4472.114 Safari/537.36" DataSize=0 HostName=localhost IP="::1" Method=OPTIONS Path=/api/v1/login/ SpendTime="4 ms" Status=204
time="2021-07-20 18:10:35" level=info Agent="Mozilla/5.0 (Macintosh; Intel Mac OS X 10_15_7) AppleWebKit/537.36 (KHTML, like Gecko) Chrome/91.0.4472.114 Safari/537.36" DataSize=192 HostName=localhost IP="::1" Method=POST Path=/api/v1/login/ SpendTime="146 ms" Status=200
time="2021-07-20 18:10:42" level=info Agent="Mozilla/5.0 (Macintosh; Intel Mac OS X 10_15_7) AppleWebKit/537.36 (KHTML, like Gecko) Chrome/91.0.4472.114 Safari/537.36" DataSize=0 HostName=localhost IP="::1" Method=OPTIONS Path="/api/v1/category/?size=100&page=1" SpendTime="1 ms" Status=204
time="2021-07-20 18:10:42" level=info Agent="Mozilla/5.0 (Macintosh; Intel Mac OS X 10_15_7) AppleWebKit/537.36 (KHTML, like Gecko) Chrome/91.0.4472.114 Safari/537.36" DataSize=0 HostName=localhost IP="::1" Method=OPTIONS Path="/api/v1/article/?title=&size=5&page=1" SpendTime="1 ms" Status=204
time="2021-07-20 18:10:42" level=info Agent="Mozilla/5.0 (Macintosh; Intel Mac OS X 10_15_7) AppleWebKit/537.36 (KHTML, like Gecko) Chrome/91.0.4472.114 Safari/537.36" DataSize=173 HostName=localhost IP="::1" Method=GET Path="/api/v1/category/?size=100&page=1" SpendTime="5 ms" Status=200
time="2021-07-20 18:10:42" level=info Agent="Mozilla/5.0 (Macintosh; Intel Mac OS X 10_15_7) AppleWebKit/537.36 (KHTML, like Gecko) Chrome/91.0.4472.114 Safari/537.36" DataSize=3185 HostName=localhost IP="::1" Method=GET Path="/api/v1/article/?title=&size=5&page=1" SpendTime="11 ms" Status=200
time="2021-07-20 18:10:44" level=info Agent="Mozilla/5.0 (Macintosh; Intel Mac OS X 10_15_7) AppleWebKit/537.36 (KHTML, like Gecko) Chrome/91.0.4472.114 Safari/537.36" DataSize=0 HostName=localhost IP="::1" Method=OPTIONS Path="/api/v1/article/?title=&size=5&page=2" SpendTime="1 ms" Status=204
time="2021-07-20 18:10:44" level=info Agent="Mozilla/5.0 (Macintosh; Intel Mac OS X 10_15_7) AppleWebKit/537.36 (KHTML, like Gecko) Chrome/91.0.4472.114 Safari/537.36" DataSize=838 HostName=localhost IP="::1" Method=GET Path="/api/v1/article/?title=&size=5&page=2" SpendTime="7 ms" Status=200
time="2021-07-20 18:10:45" level=info Agent="Mozilla/5.0 (Macintosh; Intel Mac OS X 10_15_7) AppleWebKit/537.36 (KHTML, like Gecko) Chrome/91.0.4472.114 Safari/537.36" DataSize=0 HostName=localhost IP="::1" Method=OPTIONS Path="/api/v1/article/?title=&size=5&page=1" SpendTime="1 ms" Status=204
time="2021-07-20 18:10:45" level=info Agent="Mozilla/5.0 (Macintosh; Intel Mac OS X 10_15_7) AppleWebKit/537.36 (KHTML, like Gecko) Chrome/91.0.4472.114 Safari/537.36" DataSize=3185 HostName=localhost IP="::1" Method=GET Path="/api/v1/article/?title=&size=5&page=1" SpendTime="4 ms" Status=200
time="2021-07-20 18:10:47" level=info Agent="Mozilla/5.0 (Macintosh; Intel Mac OS X 10_15_7) AppleWebKit/537.36 (KHTML, like Gecko) Chrome/91.0.4472.114 Safari/537.36" DataSize=0 HostName=localhost IP="::1" Method=OPTIONS Path="/api/v1/category/?size=5&page=1" SpendTime="1 ms" Status=204
time="2021-07-20 18:10:47" level=info Agent="Mozilla/5.0 (Macintosh; Intel Mac OS X 10_15_7) AppleWebKit/537.36 (KHTML, like Gecko) Chrome/91.0.4472.114 Safari/537.36" DataSize=173 HostName=localhost IP="::1" Method=GET Path="/api/v1/category/?size=5&page=1" SpendTime="4 ms" Status=200
time="2021-07-20 18:10:48" level=info Agent="Mozilla/5.0 (Macintosh; Intel Mac OS X 10_15_7) AppleWebKit/537.36 (KHTML, like Gecko) Chrome/91.0.4472.114 Safari/537.36" DataSize=0 HostName=localhost IP="::1" Method=OPTIONS Path="/api/v1/user/?username=&size=5&page=1" SpendTime="1 ms" Status=204
time="2021-07-20 18:10:48" level=info Agent="Mozilla/5.0 (Macintosh; Intel Mac OS X 10_15_7) AppleWebKit/537.36 (KHTML, like Gecko) Chrome/91.0.4472.114 Safari/537.36" DataSize=826 HostName=localhost IP="::1" Method=GET Path="/api/v1/user/?username=&size=5&page=1" SpendTime="5 ms" Status=200
time="2021-07-20 18:10:49" level=info Agent="Mozilla/5.0 (Macintosh; Intel Mac OS X 10_15_7) AppleWebKit/537.36 (KHTML, like Gecko) Chrome/91.0.4472.114 Safari/537.36" DataSize=0 HostName=localhost IP="::1" Method=OPTIONS Path="/api/v1/category/?size=100&page=1" SpendTime="1 ms" Status=204
time="2021-07-20 18:10:49" level=info Agent="Mozilla/5.0 (Macintosh; Intel Mac OS X 10_15_7) AppleWebKit/537.36 (KHTML, like Gecko) Chrome/91.0.4472.114 Safari/537.36" DataSize=173 HostName=localhost IP="::1" Method=GET Path="/api/v1/category/?size=100&page=1" SpendTime="2 ms" Status=200
