time="2021-11-16 12:04:11" level=info Agent="ApiPOST Runtime +https://www.apipost.cn" DataSize=51 HostName=bogon IP=127.0.0.1 Method=POST Path=/api/v1/login/ SpendTime="112 ms" Status=200
time="2021-11-16 12:05:24" level=info Agent="ApiPOST Runtime +https://www.apipost.cn" DataSize=51 HostName=bogon IP=127.0.0.1 Method=POST Path=/api/v1/login/ SpendTime="100 ms" Status=200
time="2021-11-16 12:05:31" level=info Agent="ApiPOST Runtime +https://www.apipost.cn" DataSize=43 HostName=bogon IP=127.0.0.1 Method=GET Path="/api/v1/user/?page=1&size=3&username=%E5%A4%A9" SpendTime="4 ms" Status=200
time="2021-11-16 12:05:57" level=info Agent="ApiPOST Runtime +https://www.apipost.cn" DataSize=192 HostName=bogon IP=127.0.0.1 Method=POST Path=/api/v1/login/ SpendTime="97 ms" Status=200
time="2021-11-16 12:09:28" level=info Agent="ApiPOST Runtime +https://www.apipost.cn" DataSize=194 HostName=bogon IP=127.0.0.1 Method=GET Path="/api/v1/user/?page=1&size=3" SpendTime="6 ms" Status=200
time="2021-11-16 14:03:26" level=warning Agent="Mozilla/5.0 (Macintosh; Intel Mac OS X 10_15_7) AppleWebKit/537.36 (KHTML, like Gecko) Chrome/95.0.4638.69 Safari/537.36" DataSize=0 HostName=bogon IP="::1" Method=GET Path=/ SpendTime="1 ms" Status=404
time="2021-11-16 14:03:26" level=warning Agent="Mozilla/5.0 (Macintosh; Intel Mac OS X 10_15_7) AppleWebKit/537.36 (KHTML, like Gecko) Chrome/95.0.4638.69 Safari/537.36" DataSize=0 HostName=bogon IP="::1" Method=GET Path=/favicon.ico SpendTime="1 ms" Status=404
time="2021-11-16 14:03:38" level=info Agent="Mozilla/5.0 (Macintosh; Intel Mac OS X 10_15_7) AppleWebKit/537.36 (KHTML, like Gecko) Chrome/95.0.4638.69 Safari/537.36" DataSize=941 HostName=bogon IP="::1" Method=GET Path=/admin SpendTime="3 ms" Status=200
time="2021-11-16 14:03:38" level=info Agent="Mozilla/5.0 (Macintosh; Intel Mac OS X 10_15_7) AppleWebKit/537.36 (KHTML, like Gecko) Chrome/95.0.4638.69 Safari/537.36" DataSize=1273 HostName=bogon IP="::1" Method=GET Path=/admin/css/app.9b1aff55.css SpendTime="10 ms" Status=200
time="2021-11-16 14:03:38" level=info Agent="Mozilla/5.0 (Macintosh; Intel Mac OS X 10_15_7) AppleWebKit/537.36 (KHTML, like Gecko) Chrome/95.0.4638.69 Safari/537.36" DataSize=41509 HostName=bogon IP="::1" Method=GET Path=/admin/js/app.b5951831.js SpendTime="11 ms" Status=200
time="2021-11-16 14:03:38" level=info Agent="Mozilla/5.0 (Macintosh; Intel Mac OS X 10_15_7) AppleWebKit/537.36 (KHTML, like Gecko) Chrome/95.0.4638.69 Safari/537.36" DataSize=283540 HostName=bogon IP="::1" Method=GET Path=/admin/css/chunk-vendors.597d8fb6.css SpendTime="12 ms" Status=200
time="2021-11-16 14:03:38" level=info Agent="Mozilla/5.0 (Macintosh; Intel Mac OS X 10_15_7) AppleWebKit/537.36 (KHTML, like Gecko) Chrome/95.0.4638.69 Safari/537.36" DataSize=1829298 HostName=bogon IP="::1" Method=GET Path=/admin/js/chunk-vendors.22031700.js SpendTime="18 ms" Status=200
time="2021-11-16 14:03:38" level=info Agent="Mozilla/5.0 (Macintosh; Intel Mac OS X 10_15_7) AppleWebKit/537.36 (KHTML, like Gecko) Chrome/95.0.4638.69 Safari/537.36" DataSize=1593210 HostName=bogon IP="::1" Method=GET Path=/admin/img/0.dc7100c7.jpg SpendTime="14 ms" Status=200
time="2021-11-16 14:03:38" level=info Agent="Mozilla/5.0 (Macintosh; Intel Mac OS X 10_15_7) AppleWebKit/537.36 (KHTML, like Gecko) Chrome/95.0.4638.69 Safari/537.36" DataSize=17584 HostName=bogon IP="::1" Method=GET Path=/admin/avatar.ico SpendTime="1 ms" Status=200
time="2021-11-16 14:03:44" level=info Agent="Mozilla/5.0 (Macintosh; Intel Mac OS X 10_15_7) AppleWebKit/537.36 (KHTML, like Gecko) Chrome/95.0.4638.69 Safari/537.36" DataSize=192 HostName=bogon IP="::1" Method=POST Path=/api/v1/login/ SpendTime="102 ms" Status=200
time="2021-11-16 14:03:49" level=info Agent="Mozilla/5.0 (Macintosh; Intel Mac OS X 10_15_7) AppleWebKit/537.36 (KHTML, like Gecko) Chrome/95.0.4638.69 Safari/537.36" DataSize=173 HostName=bogon IP="::1" Method=GET Path="/api/v1/category/?size=5&page=1" SpendTime="8 ms" Status=200
time="2021-11-16 14:03:50" level=info Agent="Mozilla/5.0 (Macintosh; Intel Mac OS X 10_15_7) AppleWebKit/537.36 (KHTML, like Gecko) Chrome/95.0.4638.69 Safari/537.36" DataSize=194 HostName=bogon IP="::1" Method=GET Path="/api/v1/user/?username=&size=5&page=1" SpendTime="1 ms" Status=200
time="2021-11-16 14:03:53" level=info Agent="Mozilla/5.0 (Macintosh; Intel Mac OS X 10_15_7) AppleWebKit/537.36 (KHTML, like Gecko) Chrome/95.0.4638.69 Safari/537.36" DataSize=173 HostName=bogon IP="::1" Method=GET Path="/api/v1/category/?size=100&page=1" SpendTime="2 ms" Status=200
time="2021-11-16 14:03:53" level=info Agent="Mozilla/5.0 (Macintosh; Intel Mac OS X 10_15_7) AppleWebKit/537.36 (KHTML, like Gecko) Chrome/95.0.4638.69 Safari/537.36" DataSize=7764 HostName=bogon IP="::1" Method=GET Path=/admin/fonts/fontello.8d4a4e6f.woff2 SpendTime="1 ms" Status=200
time="2021-11-16 14:03:54" level=info Agent="Mozilla/5.0 (Macintosh; Intel Mac OS X 10_15_7) AppleWebKit/537.36 (KHTML, like Gecko) Chrome/95.0.4638.69 Safari/537.36" DataSize=173 HostName=bogon IP="::1" Method=GET Path="/api/v1/category/?size=100&page=1" SpendTime="2 ms" Status=200
time="2021-11-16 14:03:54" level=info Agent="Mozilla/5.0 (Macintosh; Intel Mac OS X 10_15_7) AppleWebKit/537.36 (KHTML, like Gecko) Chrome/95.0.4638.69 Safari/537.36" DataSize=12517 HostName=bogon IP="::1" Method=GET Path="/api/v1/article/?title=&size=5&page=1" SpendTime="8 ms" Status=200
time="2021-11-16 14:03:54" level=info Agent="Mozilla/5.0 (Macintosh; Intel Mac OS X 10_15_7) AppleWebKit/537.36 (KHTML, like Gecko) Chrome/95.0.4638.69 Safari/537.36" DataSize=173 HostName=bogon IP="::1" Method=GET Path="/api/v1/category/?size=100&page=1" SpendTime="2 ms" Status=200
time="2021-11-16 14:03:56" level=info Agent="Mozilla/5.0 (Macintosh; Intel Mac OS X 10_15_7) AppleWebKit/537.36 (KHTML, like Gecko) Chrome/95.0.4638.69 Safari/537.36" DataSize=173 HostName=bogon IP="::1" Method=GET Path="/api/v1/category/?size=100&page=1" SpendTime="3 ms" Status=200
time="2021-11-16 14:03:56" level=info Agent="Mozilla/5.0 (Macintosh; Intel Mac OS X 10_15_7) AppleWebKit/537.36 (KHTML, like Gecko) Chrome/95.0.4638.69 Safari/537.36" DataSize=12517 HostName=bogon IP="::1" Method=GET Path="/api/v1/article/?title=&size=5&page=1" SpendTime="8 ms" Status=200
time="2021-11-16 14:04:01" level=info Agent="Mozilla/5.0 (Macintosh; Intel Mac OS X 10_15_7) AppleWebKit/537.36 (KHTML, like Gecko) Chrome/95.0.4638.69 Safari/537.36" DataSize=173 HostName=bogon IP="::1" Method=GET Path="/api/v1/category/?size=100&page=1" SpendTime="2 ms" Status=200
time="2021-11-16 14:04:02" level=info Agent="Mozilla/5.0 (Macintosh; Intel Mac OS X 10_15_7) AppleWebKit/537.36 (KHTML, like Gecko) Chrome/95.0.4638.69 Safari/537.36" DataSize=173 HostName=bogon IP="::1" Method=GET Path="/api/v1/category/?size=100&page=1" SpendTime="3 ms" Status=200
time="2021-11-16 14:04:02" level=info Agent="Mozilla/5.0 (Macintosh; Intel Mac OS X 10_15_7) AppleWebKit/537.36 (KHTML, like Gecko) Chrome/95.0.4638.69 Safari/537.36" DataSize=12517 HostName=bogon IP="::1" Method=GET Path="/api/v1/article/?title=&size=5&page=1" SpendTime="4 ms" Status=200
time="2021-11-16 14:04:06" level=info Agent="Mozilla/5.0 (Macintosh; Intel Mac OS X 10_15_7) AppleWebKit/537.36 (KHTML, like Gecko) Chrome/95.0.4638.69 Safari/537.36" DataSize=1049 HostName=bogon IP="::1" Method=GET Path="/api/v1/article/?title=&size=5&page=2" SpendTime="2 ms" Status=200
time="2021-11-16 14:04:18" level=info Agent="Mozilla/5.0 (Macintosh; Intel Mac OS X 10_15_7) AppleWebKit/537.36 (KHTML, like Gecko) Chrome/95.0.4638.69 Safari/537.36" DataSize=12517 HostName=bogon IP="::1" Method=GET Path="/api/v1/article/?title=&size=5&page=1" SpendTime="3 ms" Status=200
time="2021-11-16 14:04:27" level=info Agent="Mozilla/5.0 (Macintosh; Intel Mac OS X 10_15_7) AppleWebKit/537.36 (KHTML, like Gecko) Chrome/95.0.4638.69 Safari/537.36" DataSize=119450 HostName=bogon IP="::1" Method=GET Path=/admin/js/app.b5951831.js.map SpendTime="5 ms" Status=200
time="2021-11-16 14:04:27" level=info Agent="Mozilla/5.0 (Macintosh; Intel Mac OS X 10_15_7) AppleWebKit/537.36 (KHTML, like Gecko) Chrome/95.0.4638.69 Safari/537.36" DataSize=5241628 HostName=bogon IP="::1" Method=GET Path=/admin/js/chunk-vendors.22031700.js.map SpendTime="31 ms" Status=200
time="2021-11-16 14:04:59" level=info Agent="Mozilla/5.0 (Macintosh; Intel Mac OS X 10_15_7) AppleWebKit/537.36 (KHTML, like Gecko) Chrome/95.0.4638.69 Safari/537.36" DataSize=1049 HostName=bogon IP="::1" Method=GET Path="/api/v1/article/?title=&size=5&page=2" SpendTime="3 ms" Status=200
time="2021-11-16 14:05:04" level=info Agent="Mozilla/5.0 (Macintosh; Intel Mac OS X 10_15_7) AppleWebKit/537.36 (KHTML, like Gecko) Chrome/95.0.4638.69 Safari/537.36" DataSize=1049 HostName=bogon IP="::1" Method=GET Path="/api/v1/article/?title=&size=5&page=2" SpendTime="2 ms" Status=200
time="2021-11-16 14:05:07" level=info Agent="Mozilla/5.0 (Macintosh; Intel Mac OS X 10_15_7) AppleWebKit/537.36 (KHTML, like Gecko) Chrome/95.0.4638.69 Safari/537.36" DataSize=43 HostName=bogon IP="::1" Method=GET Path="/api/v1/catelist/3/?size=5&page=2" SpendTime="3 ms" Status=200
time="2021-11-16 14:05:08" level=info Agent="Mozilla/5.0 (Macintosh; Intel Mac OS X 10_15_7) AppleWebKit/537.36 (KHTML, like Gecko) Chrome/95.0.4638.69 Safari/537.36" DataSize=43 HostName=bogon IP="::1" Method=GET Path="/api/v1/catelist/2/?size=5&page=2" SpendTime="2 ms" Status=200
time="2021-11-16 14:05:10" level=info Agent="Mozilla/5.0 (Macintosh; Intel Mac OS X 10_15_7) AppleWebKit/537.36 (KHTML, like Gecko) Chrome/95.0.4638.69 Safari/537.36" DataSize=43 HostName=bogon IP="::1" Method=GET Path="/api/v1/catelist/1/?size=5&page=2" SpendTime="3 ms" Status=200
time="2021-11-16 14:05:11" level=info Agent="Mozilla/5.0 (Macintosh; Intel Mac OS X 10_15_7) AppleWebKit/537.36 (KHTML, like Gecko) Chrome/95.0.4638.69 Safari/537.36" DataSize=43 HostName=bogon IP="::1" Method=GET Path="/api/v1/catelist/4/?size=5&page=2" SpendTime="2 ms" Status=200
time="2021-11-16 14:05:13" level=info Agent="Mozilla/5.0 (Macintosh; Intel Mac OS X 10_15_7) AppleWebKit/537.36 (KHTML, like Gecko) Chrome/95.0.4638.69 Safari/537.36" DataSize=43 HostName=bogon IP="::1" Method=GET Path="/api/v1/catelist/7/?size=5&page=2" SpendTime="2 ms" Status=200
time="2021-11-16 14:05:15" level=info Agent="Mozilla/5.0 (Macintosh; Intel Mac OS X 10_15_7) AppleWebKit/537.36 (KHTML, like Gecko) Chrome/95.0.4638.69 Safari/537.36" DataSize=119450 HostName=bogon IP="::1" Method=GET Path=/admin/js/app.b5951831.js.map SpendTime="2 ms" Status=200
time="2021-11-16 14:05:15" level=info Agent="Mozilla/5.0 (Macintosh; Intel Mac OS X 10_15_7) AppleWebKit/537.36 (KHTML, like Gecko) Chrome/95.0.4638.69 Safari/537.36" DataSize=5241628 HostName=bogon IP="::1" Method=GET Path=/admin/js/chunk-vendors.22031700.js.map SpendTime="13 ms" Status=200
time="2021-11-16 14:05:22" level=info Agent="Mozilla/5.0 (Macintosh; Intel Mac OS X 10_15_7) AppleWebKit/537.36 (KHTML, like Gecko) Chrome/95.0.4638.69 Safari/537.36" DataSize=43 HostName=bogon IP="::1" Method=GET Path="/api/v1/catelist/2/?size=5&page=2" SpendTime="3 ms" Status=200
time="2021-11-16 14:05:27" level=info Agent="Mozilla/5.0 (Macintosh; Intel Mac OS X 10_15_7) AppleWebKit/537.36 (KHTML, like Gecko) Chrome/95.0.4638.69 Safari/537.36" DataSize=1049 HostName=bogon IP="::1" Method=GET Path="/api/v1/article/?title=&size=5&page=2" SpendTime="2 ms" Status=200
time="2021-11-16 14:08:06" level=info Agent="Mozilla/5.0 (Macintosh; Intel Mac OS X 10_15_7) AppleWebKit/537.36 (KHTML, like Gecko) Chrome/95.0.4638.69 Safari/537.36" DataSize=1049 HostName=bogon IP="::1" Method=GET Path="/api/v1/article/?title=&size=5&page=2" SpendTime="3 ms" Status=200
time="2021-11-16 14:08:13" level=info Agent="Mozilla/5.0 (Macintosh; Intel Mac OS X 10_15_7) AppleWebKit/537.36 (KHTML, like Gecko) Chrome/95.0.4638.69 Safari/537.36" DataSize=43 HostName=bogon IP="::1" Method=GET Path="/api/v1/catelist/1/?size=5&page=2" SpendTime="2 ms" Status=200
time="2021-11-16 14:09:01" level=info Agent="Mozilla/5.0 (Macintosh; Intel Mac OS X 10_15_7) AppleWebKit/537.36 (KHTML, like Gecko) Chrome/95.0.4638.69 Safari/537.36" DataSize=43 HostName=bogon IP="::1" Method=GET Path="/api/v1/catelist/2/?size=5&page=2" SpendTime="9 ms" Status=200
time="2021-11-16 14:09:29" level=info Agent="Mozilla/5.0 (Macintosh; Intel Mac OS X 10_15_7) AppleWebKit/537.36 (KHTML, like Gecko) Chrome/95.0.4638.69 Safari/537.36" DataSize=62 HostName=bogon IP="::1" Method=GET Path="/api/v1/catelist/3/?size=5&page=2" SpendTime="15 ms" Status=200
time="2021-11-16 14:09:32" level=info Agent="Mozilla/5.0 (Macintosh; Intel Mac OS X 10_15_7) AppleWebKit/537.36 (KHTML, like Gecko) Chrome/95.0.4638.69 Safari/537.36" DataSize=62 HostName=bogon IP="::1" Method=GET Path="/api/v1/catelist/1/?size=5&page=2" SpendTime="2 ms" Status=200
time="2021-11-16 14:10:04" level=info Agent="Mozilla/5.0 (Macintosh; Intel Mac OS X 10_15_7) AppleWebKit/537.36 (KHTML, like Gecko) Chrome/95.0.4638.69 Safari/537.36" DataSize=43 HostName=bogon IP="::1" Method=GET Path="/api/v1/catelist/2/?size=5&page=2" SpendTime="8 ms" Status=200
time="2021-11-16 14:11:02" level=info Agent="Mozilla/5.0 (Macintosh; Intel Mac OS X 10_15_7) AppleWebKit/537.36 (KHTML, like Gecko) Chrome/95.0.4638.69 Safari/537.36" DataSize=43 HostName=bogon IP="::1" Method=GET Path="/api/v1/catelist/3/?size=5&page=2" SpendTime="9 ms" Status=200
time="2021-11-16 14:11:37" level=info Agent="Mozilla/5.0 (Macintosh; Intel Mac OS X 10_15_7) AppleWebKit/537.36 (KHTML, like Gecko) Chrome/95.0.4638.69 Safari/537.36" DataSize=173 HostName=bogon IP="::1" Method=GET Path="/api/v1/category/?size=100&page=1" SpendTime="14 ms" Status=200
time="2021-11-16 14:11:41" level=info Agent="Mozilla/5.0 (Macintosh; Intel Mac OS X 10_15_7) AppleWebKit/537.36 (KHTML, like Gecko) Chrome/95.0.4638.69 Safari/537.36" DataSize=173 HostName=bogon IP="::1" Method=GET Path="/api/v1/category/?size=100&page=1" SpendTime="3 ms" Status=200
time="2021-11-16 14:11:41" level=info Agent="Mozilla/5.0 (Macintosh; Intel Mac OS X 10_15_7) AppleWebKit/537.36 (KHTML, like Gecko) Chrome/95.0.4638.69 Safari/537.36" DataSize=12517 HostName=bogon IP="::1" Method=GET Path="/api/v1/article/?title=&size=5&page=1" SpendTime="9 ms" Status=200
time="2021-11-16 14:11:42" level=info Agent="Mozilla/5.0 (Macintosh; Intel Mac OS X 10_15_7) AppleWebKit/537.36 (KHTML, like Gecko) Chrome/95.0.4638.69 Safari/537.36" DataSize=173 HostName=bogon IP="::1" Method=GET Path="/api/v1/category/?size=100&page=1" SpendTime="1 ms" Status=200
time="2021-11-16 14:11:42" level=info Agent="Mozilla/5.0 (Macintosh; Intel Mac OS X 10_15_7) AppleWebKit/537.36 (KHTML, like Gecko) Chrome/95.0.4638.69 Safari/537.36" DataSize=8739 HostName=bogon IP="::1" Method=GET Path=/api/v1/article/17/ SpendTime="3 ms" Status=200
time="2021-11-16 14:11:50" level=info Agent="Mozilla/5.0 (Macintosh; Intel Mac OS X 10_15_7) AppleWebKit/537.36 (KHTML, like Gecko) Chrome/95.0.4638.69 Safari/537.36" DataSize=173 HostName=bogon IP="::1" Method=GET Path="/api/v1/category/?size=100&page=1" SpendTime="2 ms" Status=200
time="2021-11-16 14:11:52" level=info Agent="Mozilla/5.0 (Macintosh; Intel Mac OS X 10_15_7) AppleWebKit/537.36 (KHTML, like Gecko) Chrome/95.0.4638.69 Safari/537.36" DataSize=173 HostName=bogon IP="::1" Method=GET Path="/api/v1/category/?size=5&page=1" SpendTime="3 ms" Status=200
time="2021-11-16 14:11:52" level=info Agent="Mozilla/5.0 (Macintosh; Intel Mac OS X 10_15_7) AppleWebKit/537.36 (KHTML, like Gecko) Chrome/95.0.4638.69 Safari/537.36" DataSize=194 HostName=bogon IP="::1" Method=GET Path="/api/v1/user/?username=&size=5&page=1" SpendTime="2 ms" Status=200
time="2021-11-16 14:11:56" level=info Agent="Mozilla/5.0 (Macintosh; Intel Mac OS X 10_15_7) AppleWebKit/537.36 (KHTML, like Gecko) Chrome/95.0.4638.69 Safari/537.36" DataSize=173 HostName=bogon IP="::1" Method=GET Path="/api/v1/category/?size=100&page=1" SpendTime="2 ms" Status=200
time="2021-11-16 14:11:57" level=info Agent="Mozilla/5.0 (Macintosh; Intel Mac OS X 10_15_7) AppleWebKit/537.36 (KHTML, like Gecko) Chrome/95.0.4638.69 Safari/537.36" DataSize=173 HostName=bogon IP="::1" Method=GET Path="/api/v1/category/?size=100&page=1" SpendTime="2 ms" Status=200
time="2021-11-16 14:11:57" level=info Agent="Mozilla/5.0 (Macintosh; Intel Mac OS X 10_15_7) AppleWebKit/537.36 (KHTML, like Gecko) Chrome/95.0.4638.69 Safari/537.36" DataSize=12517 HostName=bogon IP="::1" Method=GET Path="/api/v1/article/?title=&size=5&page=1" SpendTime="3 ms" Status=200
time="2021-11-16 14:12:07" level=info Agent="Mozilla/5.0 (Macintosh; Intel Mac OS X 10_15_7) AppleWebKit/537.36 (KHTML, like Gecko) Chrome/95.0.4638.69 Safari/537.36" DataSize=1049 HostName=bogon IP="::1" Method=GET Path="/api/v1/article/?title=&size=5&page=2" SpendTime="3 ms" Status=200
time="2021-11-16 14:12:08" level=info Agent="Mozilla/5.0 (Macintosh; Intel Mac OS X 10_15_7) AppleWebKit/537.36 (KHTML, like Gecko) Chrome/95.0.4638.69 Safari/537.36" DataSize=12517 HostName=bogon IP="::1" Method=GET Path="/api/v1/article/?title=&size=5&page=1" SpendTime="2 ms" Status=200
time="2021-11-16 14:12:11" level=info Agent="Mozilla/5.0 (Macintosh; Intel Mac OS X 10_15_7) AppleWebKit/537.36 (KHTML, like Gecko) Chrome/95.0.4638.69 Safari/537.36" DataSize=8751 HostName=bogon IP="::1" Method=GET Path="/api/v1/catelist/4/?size=5&page=1" SpendTime="3 ms" Status=200
time="2021-11-16 14:12:13" level=info Agent="Mozilla/5.0 (Macintosh; Intel Mac OS X 10_15_7) AppleWebKit/537.36 (KHTML, like Gecko) Chrome/95.0.4638.69 Safari/537.36" DataSize=757 HostName=bogon IP="::1" Method=GET Path="/api/v1/catelist/3/?size=5&page=1" SpendTime="2 ms" Status=200
time="2021-11-16 14:12:15" level=info Agent="Mozilla/5.0 (Macintosh; Intel Mac OS X 10_15_7) AppleWebKit/537.36 (KHTML, like Gecko) Chrome/95.0.4638.69 Safari/537.36" DataSize=2677 HostName=bogon IP="::1" Method=GET Path="/api/v1/catelist/1/?size=5&page=1" SpendTime="2 ms" Status=200
time="2021-11-16 14:12:16" level=info Agent="Mozilla/5.0 (Macintosh; Intel Mac OS X 10_15_7) AppleWebKit/537.36 (KHTML, like Gecko) Chrome/95.0.4638.69 Safari/537.36" DataSize=1171 HostName=bogon IP="::1" Method=GET Path="/api/v1/catelist/2/?size=5&page=1" SpendTime="2 ms" Status=200
time="2021-11-16 14:12:19" level=info Agent="Mozilla/5.0 (Macintosh; Intel Mac OS X 10_15_7) AppleWebKit/537.36 (KHTML, like Gecko) Chrome/95.0.4638.69 Safari/537.36" DataSize=336 HostName=bogon IP="::1" Method=GET Path="/api/v1/catelist/7/?size=5&page=1" SpendTime="3 ms" Status=200
time="2021-11-16 14:12:20" level=info Agent="Mozilla/5.0 (Macintosh; Intel Mac OS X 10_15_7) AppleWebKit/537.36 (KHTML, like Gecko) Chrome/95.0.4638.69 Safari/537.36" DataSize=12517 HostName=bogon IP="::1" Method=GET Path="/api/v1/article/?title=&size=5&page=1" SpendTime="8 ms" Status=200
