time="2022-03-23 21:26:43" level=info Agent="Mozilla/5.0 (Windows NT 10.0; Win64; x64) AppleWebKit/537.36 (KHTML, like Gecko) Chrome/99.0.4844.82 Safari/537.36" DataSize=941 HostName=DESKTOP-31G7THQ IP="::1" Method=GET Path=/admin SpendTime="1 ms" Status=200
time="2022-03-23 21:26:44" level=info Agent="Mozilla/5.0 (Windows NT 10.0; Win64; x64) AppleWebKit/537.36 (KHTML, like Gecko) Chrome/99.0.4844.82 Safari/537.36" DataSize=1370 HostName=DESKTOP-31G7THQ IP="::1" Method=GET Path=/admin/css/app.100be534.css SpendTime="125 ms" Status=200
time="2022-03-23 21:26:44" level=info Agent="Mozilla/5.0 (Windows NT 10.0; Win64; x64) AppleWebKit/537.36 (KHTML, like Gecko) Chrome/99.0.4844.82 Safari/537.36" DataSize=48815 HostName=DESKTOP-31G7THQ IP="::1" Method=GET Path=/admin/js/app.06c6fffc.js SpendTime="117 ms" Status=200
time="2022-03-23 21:26:44" level=info Agent="Mozilla/5.0 (Windows NT 10.0; Win64; x64) AppleWebKit/537.36 (KHTML, like Gecko) Chrome/99.0.4844.82 Safari/537.36" DataSize=283594 HostName=DESKTOP-31G7THQ IP="::1" Method=GET Path=/admin/css/chunk-vendors.7f01480b.css SpendTime="118 ms" Status=200
time="2022-03-23 21:26:44" level=info Agent="Mozilla/5.0 (Windows NT 10.0; Win64; x64) AppleWebKit/537.36 (KHTML, like Gecko) Chrome/99.0.4844.82 Safari/537.36" DataSize=1849530 HostName=DESKTOP-31G7THQ IP="::1" Method=GET Path=/admin/js/chunk-vendors.4e842e69.js SpendTime="198 ms" Status=200
time="2022-03-23 21:26:44" level=info Agent="Mozilla/5.0 (Windows NT 10.0; Win64; x64) AppleWebKit/537.36 (KHTML, like Gecko) Chrome/99.0.4844.82 Safari/537.36" DataSize=2710 HostName=DESKTOP-31G7THQ IP="::1" Method=GET Path=/api/v1/captcha/ SpendTime="3 ms" Status=200
time="2022-03-23 21:26:44" level=info Agent="Mozilla/5.0 (Windows NT 10.0; Win64; x64) AppleWebKit/537.36 (KHTML, like Gecko) Chrome/99.0.4844.82 Safari/537.36" DataSize=1593210 HostName=DESKTOP-31G7THQ IP="::1" Method=GET Path=/admin/img/0.dc7100c7.jpg SpendTime="9 ms" Status=200
time="2022-03-23 21:26:44" level=info Agent="Mozilla/5.0 (Windows NT 10.0; Win64; x64) AppleWebKit/537.36 (KHTML, like Gecko) Chrome/99.0.4844.82 Safari/537.36" DataSize=17584 HostName=DESKTOP-31G7THQ IP="::1" Method=GET Path=/admin/avatar.ico SpendTime="4 ms" Status=200
time="2022-03-23 21:51:18" level=info Agent="Mozilla/5.0 (Windows NT 10.0; Win64; x64) AppleWebKit/537.36 (KHTML, like Gecko) Chrome/99.0.4844.82 Safari/537.36" DataSize=148 HostName=DESKTOP-31G7THQ IP="::1" Method=GET Path=/api/v1/wks/ SpendTime="5 ms" Status=200
time="2022-03-23 21:51:18" level=info Agent="Mozilla/5.0 (Windows NT 10.0; Win64; x64) AppleWebKit/537.36 (KHTML, like Gecko) Chrome/99.0.4844.82 Safari/537.36" DataSize=115 HostName=DESKTOP-31G7THQ IP="::1" Method=GET Path=/api/v1/category/ SpendTime="6 ms" Status=200
time="2022-03-23 21:51:18" level=info Agent="Mozilla/5.0 (Windows NT 10.0; Win64; x64) AppleWebKit/537.36 (KHTML, like Gecko) Chrome/99.0.4844.82 Safari/537.36" DataSize=3112 HostName=DESKTOP-31G7THQ IP="::1" Method=GET Path="/api/v1/article/?title=&size=5&page=1" SpendTime="6 ms" Status=200
time="2022-03-23 21:51:22" level=info Agent="Mozilla/5.0 (Windows NT 10.0; Win64; x64) AppleWebKit/537.36 (KHTML, like Gecko) Chrome/99.0.4844.82 Safari/537.36" DataSize=4893 HostName=DESKTOP-31G7THQ IP="::1" Method=GET Path=/api/v1/frontarticle/1/ SpendTime="4 ms" Status=200
time="2022-03-23 21:51:33" level=info Agent="Mozilla/5.0 (Windows NT 10.0; Win64; x64) AppleWebKit/537.36 (KHTML, like Gecko) Chrome/99.0.4844.82 Safari/537.36" DataSize=148 HostName=DESKTOP-31G7THQ IP="::1" Method=GET Path=/api/v1/wks/ SpendTime="5 ms" Status=200
time="2022-03-23 21:51:33" level=info Agent="Mozilla/5.0 (Windows NT 10.0; Win64; x64) AppleWebKit/537.36 (KHTML, like Gecko) Chrome/99.0.4844.82 Safari/537.36" DataSize=115 HostName=DESKTOP-31G7THQ IP="::1" Method=GET Path=/api/v1/category/ SpendTime="3 ms" Status=200
time="2022-03-23 21:51:33" level=info Agent="Mozilla/5.0 (Windows NT 10.0; Win64; x64) AppleWebKit/537.36 (KHTML, like Gecko) Chrome/99.0.4844.82 Safari/537.36" DataSize=3112 HostName=DESKTOP-31G7THQ IP="::1" Method=GET Path="/api/v1/article/?title=&size=5&page=1" SpendTime="4 ms" Status=200
time="2022-03-23 21:51:35" level=info Agent="Mozilla/5.0 (Windows NT 10.0; Win64; x64) AppleWebKit/537.36 (KHTML, like Gecko) Chrome/99.0.4844.82 Safari/537.36" DataSize=4893 HostName=DESKTOP-31G7THQ IP="::1" Method=GET Path=/api/v1/frontarticle/1/ SpendTime="5 ms" Status=200
time="2022-03-23 21:51:43" level=info Agent="Mozilla/5.0 (Windows NT 10.0; Win64; x64) AppleWebKit/537.36 (KHTML, like Gecko) Chrome/99.0.4844.82 Safari/537.36" DataSize=3112 HostName=DESKTOP-31G7THQ IP="::1" Method=GET Path="/api/v1/article/?title=&size=5&page=1" SpendTime="8 ms" Status=200
time="2022-03-23 21:51:49" level=info Agent="Mozilla/5.0 (Windows NT 10.0; Win64; x64) AppleWebKit/537.36 (KHTML, like Gecko) Chrome/99.0.4844.82 Safari/537.36" DataSize=4893 HostName=DESKTOP-31G7THQ IP="::1" Method=GET Path=/api/v1/frontarticle/1/ SpendTime="5 ms" Status=200
time="2022-03-23 21:51:56" level=info Agent="Mozilla/5.0 (Windows NT 10.0; Win64; x64) AppleWebKit/537.36 (KHTML, like Gecko) Chrome/99.0.4844.82 Safari/537.36" DataSize=3112 HostName=DESKTOP-31G7THQ IP="::1" Method=GET Path="/api/v1/article/?title=&size=5&page=1" SpendTime="7 ms" Status=200
time="2022-03-23 21:57:28" level=warning Agent="Mozilla/5.0 (Windows NT 10.0; Win64; x64) AppleWebKit/537.36 (KHTML, like Gecko) Chrome/99.0.4844.82 Safari/537.36" DataSize=0 HostName=DESKTOP-31G7THQ IP="::1" Method=GET Path=/ SpendTime="0 ms" Status=404
time="2022-03-23 21:57:28" level=warning Agent="Mozilla/5.0 (Windows NT 10.0; Win64; x64) AppleWebKit/537.36 (KHTML, like Gecko) Chrome/99.0.4844.82 Safari/537.36" DataSize=0 HostName=DESKTOP-31G7THQ IP="::1" Method=GET Path=/favicon.ico SpendTime="0 ms" Status=404
time="2022-03-23 21:57:43" level=info Agent="Mozilla/5.0 (Windows NT 10.0; Win64; x64) AppleWebKit/537.36 (KHTML, like Gecko) Chrome/99.0.4844.82 Safari/537.36" DataSize=1099 HostName=DESKTOP-31G7THQ IP="::1" Method=GET Path=/ SpendTime="0 ms" Status=200
time="2022-03-23 21:57:43" level=warning Agent="Mozilla/5.0 (Windows NT 10.0; Win64; x64) AppleWebKit/537.36 (KHTML, like Gecko) Chrome/99.0.4844.82 Safari/537.36" DataSize=0 HostName=DESKTOP-31G7THQ IP="::1" Method=GET Path=/css/app.f0531788.css SpendTime="0 ms" Status=404
time="2022-03-23 21:57:43" level=warning Agent="Mozilla/5.0 (Windows NT 10.0; Win64; x64) AppleWebKit/537.36 (KHTML, like Gecko) Chrome/99.0.4844.82 Safari/537.36" DataSize=0 HostName=DESKTOP-31G7THQ IP="::1" Method=GET Path=/css/chunk-vendors.631750ab.css SpendTime="0 ms" Status=404
time="2022-03-23 21:57:43" level=warning Agent="Mozilla/5.0 (Windows NT 10.0; Win64; x64) AppleWebKit/537.36 (KHTML, like Gecko) Chrome/99.0.4844.82 Safari/537.36" DataSize=0 HostName=DESKTOP-31G7THQ IP="::1" Method=GET Path=/js/chunk-vendors.fcf80663.js SpendTime="0 ms" Status=404
time="2022-03-23 21:57:43" level=warning Agent="Mozilla/5.0 (Windows NT 10.0; Win64; x64) AppleWebKit/537.36 (KHTML, like Gecko) Chrome/99.0.4844.82 Safari/537.36" DataSize=0 HostName=DESKTOP-31G7THQ IP="::1" Method=GET Path=/js/app.f7ea9812.js SpendTime="0 ms" Status=404
time="2022-03-23 21:57:45" level=info Agent="Mozilla/5.0 (Windows NT 10.0; Win64; x64) AppleWebKit/537.36 (KHTML, like Gecko) Chrome/99.0.4844.82 Safari/537.36" DataSize=1099 HostName=DESKTOP-31G7THQ IP="::1" Method=GET Path=/ SpendTime="1 ms" Status=200
time="2022-03-23 21:57:45" level=warning Agent="Mozilla/5.0 (Windows NT 10.0; Win64; x64) AppleWebKit/537.36 (KHTML, like Gecko) Chrome/99.0.4844.82 Safari/537.36" DataSize=0 HostName=DESKTOP-31G7THQ IP="::1" Method=GET Path=/css/app.f0531788.css SpendTime="0 ms" Status=404
time="2022-03-23 21:57:45" level=warning Agent="Mozilla/5.0 (Windows NT 10.0; Win64; x64) AppleWebKit/537.36 (KHTML, like Gecko) Chrome/99.0.4844.82 Safari/537.36" DataSize=0 HostName=DESKTOP-31G7THQ IP="::1" Method=GET Path=/css/chunk-vendors.631750ab.css SpendTime="0 ms" Status=404
time="2022-03-23 21:57:45" level=warning Agent="Mozilla/5.0 (Windows NT 10.0; Win64; x64) AppleWebKit/537.36 (KHTML, like Gecko) Chrome/99.0.4844.82 Safari/537.36" DataSize=0 HostName=DESKTOP-31G7THQ IP="::1" Method=GET Path=/js/app.f7ea9812.js SpendTime="0 ms" Status=404
time="2022-03-23 21:57:45" level=warning Agent="Mozilla/5.0 (Windows NT 10.0; Win64; x64) AppleWebKit/537.36 (KHTML, like Gecko) Chrome/99.0.4844.82 Safari/537.36" DataSize=0 HostName=DESKTOP-31G7THQ IP="::1" Method=GET Path=/js/chunk-vendors.fcf80663.js SpendTime="0 ms" Status=404
time="2022-03-23 21:57:51" level=info Agent="Mozilla/5.0 (Windows NT 10.0; Win64; x64) AppleWebKit/537.36 (KHTML, like Gecko) Chrome/99.0.4844.82 Safari/537.36" DataSize=1099 HostName=DESKTOP-31G7THQ IP="::1" Method=GET Path=/ SpendTime="1 ms" Status=200
time="2022-03-23 21:57:51" level=warning Agent="Mozilla/5.0 (Windows NT 10.0; Win64; x64) AppleWebKit/537.36 (KHTML, like Gecko) Chrome/99.0.4844.82 Safari/537.36" DataSize=0 HostName=DESKTOP-31G7THQ IP="::1" Method=GET Path=/css/app.f0531788.css SpendTime="0 ms" Status=404
time="2022-03-23 21:57:51" level=warning Agent="Mozilla/5.0 (Windows NT 10.0; Win64; x64) AppleWebKit/537.36 (KHTML, like Gecko) Chrome/99.0.4844.82 Safari/537.36" DataSize=0 HostName=DESKTOP-31G7THQ IP="::1" Method=GET Path=/css/chunk-vendors.631750ab.css SpendTime="0 ms" Status=404
time="2022-03-23 21:57:51" level=warning Agent="Mozilla/5.0 (Windows NT 10.0; Win64; x64) AppleWebKit/537.36 (KHTML, like Gecko) Chrome/99.0.4844.82 Safari/537.36" DataSize=0 HostName=DESKTOP-31G7THQ IP="::1" Method=GET Path=/js/app.f7ea9812.js SpendTime="0 ms" Status=404
time="2022-03-23 21:57:51" level=warning Agent="Mozilla/5.0 (Windows NT 10.0; Win64; x64) AppleWebKit/537.36 (KHTML, like Gecko) Chrome/99.0.4844.82 Safari/537.36" DataSize=0 HostName=DESKTOP-31G7THQ IP="::1" Method=GET Path=/js/chunk-vendors.fcf80663.js SpendTime="0 ms" Status=404
time="2022-03-23 21:59:57" level=info Agent="Mozilla/5.0 (Windows NT 10.0; Win64; x64) AppleWebKit/537.36 (KHTML, like Gecko) Chrome/99.0.4844.82 Safari/537.36" DataSize=1099 HostName=DESKTOP-31G7THQ IP="::1" Method=GET Path=/ SpendTime="1 ms" Status=200
time="2022-03-23 21:59:57" level=warning Agent="Mozilla/5.0 (Windows NT 10.0; Win64; x64) AppleWebKit/537.36 (KHTML, like Gecko) Chrome/99.0.4844.82 Safari/537.36" DataSize=0 HostName=DESKTOP-31G7THQ IP="::1" Method=GET Path=/css/app.f0531788.css SpendTime="0 ms" Status=404
time="2022-03-23 21:59:57" level=warning Agent="Mozilla/5.0 (Windows NT 10.0; Win64; x64) AppleWebKit/537.36 (KHTML, like Gecko) Chrome/99.0.4844.82 Safari/537.36" DataSize=0 HostName=DESKTOP-31G7THQ IP="::1" Method=GET Path=/css/chunk-vendors.631750ab.css SpendTime="0 ms" Status=404
time="2022-03-23 21:59:57" level=warning Agent="Mozilla/5.0 (Windows NT 10.0; Win64; x64) AppleWebKit/537.36 (KHTML, like Gecko) Chrome/99.0.4844.82 Safari/537.36" DataSize=0 HostName=DESKTOP-31G7THQ IP="::1" Method=GET Path=/js/app.f7ea9812.js SpendTime="0 ms" Status=404
time="2022-03-23 21:59:57" level=warning Agent="Mozilla/5.0 (Windows NT 10.0; Win64; x64) AppleWebKit/537.36 (KHTML, like Gecko) Chrome/99.0.4844.82 Safari/537.36" DataSize=0 HostName=DESKTOP-31G7THQ IP="::1" Method=GET Path=/js/chunk-vendors.fcf80663.js SpendTime="0 ms" Status=404
time="2022-03-23 21:59:58" level=info Agent="Mozilla/5.0 (Windows NT 10.0; Win64; x64) AppleWebKit/537.36 (KHTML, like Gecko) Chrome/99.0.4844.82 Safari/537.36" DataSize=1099 HostName=DESKTOP-31G7THQ IP="::1" Method=GET Path=/ SpendTime="1 ms" Status=200
time="2022-03-23 21:59:58" level=warning Agent="Mozilla/5.0 (Windows NT 10.0; Win64; x64) AppleWebKit/537.36 (KHTML, like Gecko) Chrome/99.0.4844.82 Safari/537.36" DataSize=0 HostName=DESKTOP-31G7THQ IP="::1" Method=GET Path=/css/app.f0531788.css SpendTime="0 ms" Status=404
time="2022-03-23 21:59:58" level=warning Agent="Mozilla/5.0 (Windows NT 10.0; Win64; x64) AppleWebKit/537.36 (KHTML, like Gecko) Chrome/99.0.4844.82 Safari/537.36" DataSize=0 HostName=DESKTOP-31G7THQ IP="::1" Method=GET Path=/js/app.f7ea9812.js SpendTime="0 ms" Status=404
time="2022-03-23 21:59:58" level=warning Agent="Mozilla/5.0 (Windows NT 10.0; Win64; x64) AppleWebKit/537.36 (KHTML, like Gecko) Chrome/99.0.4844.82 Safari/537.36" DataSize=0 HostName=DESKTOP-31G7THQ IP="::1" Method=GET Path=/css/chunk-vendors.631750ab.css SpendTime="0 ms" Status=404
time="2022-03-23 21:59:58" level=warning Agent="Mozilla/5.0 (Windows NT 10.0; Win64; x64) AppleWebKit/537.36 (KHTML, like Gecko) Chrome/99.0.4844.82 Safari/537.36" DataSize=0 HostName=DESKTOP-31G7THQ IP="::1" Method=GET Path=/js/chunk-vendors.fcf80663.js SpendTime="0 ms" Status=404
time="2022-03-23 22:02:40" level=info Agent="Mozilla/5.0 (Windows NT 10.0; Win64; x64) AppleWebKit/537.36 (KHTML, like Gecko) Chrome/99.0.4844.82 Safari/537.36" DataSize=1099 HostName=DESKTOP-31G7THQ IP="::1" Method=GET Path=/ SpendTime="1 ms" Status=200
time="2022-03-23 22:02:40" level=warning Agent="Mozilla/5.0 (Windows NT 10.0; Win64; x64) AppleWebKit/537.36 (KHTML, like Gecko) Chrome/99.0.4844.82 Safari/537.36" DataSize=0 HostName=DESKTOP-31G7THQ IP="::1" Method=GET Path=/css/app.f0531788.css SpendTime="0 ms" Status=404
time="2022-03-23 22:02:40" level=warning Agent="Mozilla/5.0 (Windows NT 10.0; Win64; x64) AppleWebKit/537.36 (KHTML, like Gecko) Chrome/99.0.4844.82 Safari/537.36" DataSize=0 HostName=DESKTOP-31G7THQ IP="::1" Method=GET Path=/css/chunk-vendors.631750ab.css SpendTime="0 ms" Status=404
time="2022-03-23 22:02:40" level=warning Agent="Mozilla/5.0 (Windows NT 10.0; Win64; x64) AppleWebKit/537.36 (KHTML, like Gecko) Chrome/99.0.4844.82 Safari/537.36" DataSize=0 HostName=DESKTOP-31G7THQ IP="::1" Method=GET Path=/js/app.f7ea9812.js SpendTime="0 ms" Status=404
time="2022-03-23 22:02:40" level=warning Agent="Mozilla/5.0 (Windows NT 10.0; Win64; x64) AppleWebKit/537.36 (KHTML, like Gecko) Chrome/99.0.4844.82 Safari/537.36" DataSize=0 HostName=DESKTOP-31G7THQ IP="::1" Method=GET Path=/js/chunk-vendors.fcf80663.js SpendTime="0 ms" Status=404
time="2022-03-23 22:02:40" level=info Agent="Mozilla/5.0 (Windows NT 10.0; Win64; x64) AppleWebKit/537.36 (KHTML, like Gecko) Chrome/99.0.4844.82 Safari/537.36" DataSize=1099 HostName=DESKTOP-31G7THQ IP="::1" Method=GET Path=/ SpendTime="1 ms" Status=200
time="2022-03-23 22:02:40" level=warning Agent="Mozilla/5.0 (Windows NT 10.0; Win64; x64) AppleWebKit/537.36 (KHTML, like Gecko) Chrome/99.0.4844.82 Safari/537.36" DataSize=0 HostName=DESKTOP-31G7THQ IP="::1" Method=GET Path=/css/app.f0531788.css SpendTime="0 ms" Status=404
time="2022-03-23 22:02:40" level=warning Agent="Mozilla/5.0 (Windows NT 10.0; Win64; x64) AppleWebKit/537.36 (KHTML, like Gecko) Chrome/99.0.4844.82 Safari/537.36" DataSize=0 HostName=DESKTOP-31G7THQ IP="::1" Method=GET Path=/css/chunk-vendors.631750ab.css SpendTime="0 ms" Status=404
time="2022-03-23 22:02:40" level=warning Agent="Mozilla/5.0 (Windows NT 10.0; Win64; x64) AppleWebKit/537.36 (KHTML, like Gecko) Chrome/99.0.4844.82 Safari/537.36" DataSize=0 HostName=DESKTOP-31G7THQ IP="::1" Method=GET Path=/js/app.f7ea9812.js SpendTime="0 ms" Status=404
time="2022-03-23 22:02:40" level=warning Agent="Mozilla/5.0 (Windows NT 10.0; Win64; x64) AppleWebKit/537.36 (KHTML, like Gecko) Chrome/99.0.4844.82 Safari/537.36" DataSize=0 HostName=DESKTOP-31G7THQ IP="::1" Method=GET Path=/js/chunk-vendors.fcf80663.js SpendTime="0 ms" Status=404
time="2022-03-23 22:02:41" level=info Agent="Mozilla/5.0 (Windows NT 10.0; Win64; x64) AppleWebKit/537.36 (KHTML, like Gecko) Chrome/99.0.4844.82 Safari/537.36" DataSize=1099 HostName=DESKTOP-31G7THQ IP="::1" Method=GET Path=/ SpendTime="0 ms" Status=200
time="2022-03-23 22:02:41" level=warning Agent="Mozilla/5.0 (Windows NT 10.0; Win64; x64) AppleWebKit/537.36 (KHTML, like Gecko) Chrome/99.0.4844.82 Safari/537.36" DataSize=0 HostName=DESKTOP-31G7THQ IP="::1" Method=GET Path=/css/app.f0531788.css SpendTime="0 ms" Status=404
time="2022-03-23 22:02:41" level=warning Agent="Mozilla/5.0 (Windows NT 10.0; Win64; x64) AppleWebKit/537.36 (KHTML, like Gecko) Chrome/99.0.4844.82 Safari/537.36" DataSize=0 HostName=DESKTOP-31G7THQ IP="::1" Method=GET Path=/css/chunk-vendors.631750ab.css SpendTime="0 ms" Status=404
time="2022-03-23 22:02:41" level=warning Agent="Mozilla/5.0 (Windows NT 10.0; Win64; x64) AppleWebKit/537.36 (KHTML, like Gecko) Chrome/99.0.4844.82 Safari/537.36" DataSize=0 HostName=DESKTOP-31G7THQ IP="::1" Method=GET Path=/js/app.f7ea9812.js SpendTime="0 ms" Status=404
time="2022-03-23 22:02:41" level=warning Agent="Mozilla/5.0 (Windows NT 10.0; Win64; x64) AppleWebKit/537.36 (KHTML, like Gecko) Chrome/99.0.4844.82 Safari/537.36" DataSize=0 HostName=DESKTOP-31G7THQ IP="::1" Method=GET Path=/js/chunk-vendors.fcf80663.js SpendTime="0 ms" Status=404
time="2022-03-23 22:02:41" level=info Agent="Mozilla/5.0 (Windows NT 10.0; Win64; x64) AppleWebKit/537.36 (KHTML, like Gecko) Chrome/99.0.4844.82 Safari/537.36" DataSize=1099 HostName=DESKTOP-31G7THQ IP="::1" Method=GET Path=/ SpendTime="1 ms" Status=200
time="2022-03-23 22:02:41" level=warning Agent="Mozilla/5.0 (Windows NT 10.0; Win64; x64) AppleWebKit/537.36 (KHTML, like Gecko) Chrome/99.0.4844.82 Safari/537.36" DataSize=0 HostName=DESKTOP-31G7THQ IP="::1" Method=GET Path=/css/app.f0531788.css SpendTime="0 ms" Status=404
time="2022-03-23 22:02:41" level=warning Agent="Mozilla/5.0 (Windows NT 10.0; Win64; x64) AppleWebKit/537.36 (KHTML, like Gecko) Chrome/99.0.4844.82 Safari/537.36" DataSize=0 HostName=DESKTOP-31G7THQ IP="::1" Method=GET Path=/css/chunk-vendors.631750ab.css SpendTime="0 ms" Status=404
time="2022-03-23 22:02:41" level=warning Agent="Mozilla/5.0 (Windows NT 10.0; Win64; x64) AppleWebKit/537.36 (KHTML, like Gecko) Chrome/99.0.4844.82 Safari/537.36" DataSize=0 HostName=DESKTOP-31G7THQ IP="::1" Method=GET Path=/js/app.f7ea9812.js SpendTime="0 ms" Status=404
time="2022-03-23 22:02:41" level=warning Agent="Mozilla/5.0 (Windows NT 10.0; Win64; x64) AppleWebKit/537.36 (KHTML, like Gecko) Chrome/99.0.4844.82 Safari/537.36" DataSize=0 HostName=DESKTOP-31G7THQ IP="::1" Method=GET Path=/js/chunk-vendors.fcf80663.js SpendTime="0 ms" Status=404
time="2022-03-23 22:03:21" level=info Agent="Mozilla/5.0 (Windows NT 10.0; Win64; x64) AppleWebKit/537.36 (KHTML, like Gecko) Chrome/99.0.4844.82 Safari/537.36" DataSize=941 HostName=DESKTOP-31G7THQ IP="::1" Method=GET Path=/admin SpendTime="1 ms" Status=200
time="2022-03-23 22:03:21" level=info Agent="Mozilla/5.0 (Windows NT 10.0; Win64; x64) AppleWebKit/537.36 (KHTML, like Gecko) Chrome/99.0.4844.82 Safari/537.36" DataSize=143025 HostName=DESKTOP-31G7THQ IP="::1" Method=GET Path=/admin/js/app.06c6fffc.js.map SpendTime="82 ms" Status=200
time="2022-03-23 22:03:21" level=info Agent="Mozilla/5.0 (Windows NT 10.0; Win64; x64) AppleWebKit/537.36 (KHTML, like Gecko) Chrome/99.0.4844.82 Safari/537.36" DataSize=5380442 HostName=DESKTOP-31G7THQ IP="::1" Method=GET Path=/admin/js/chunk-vendors.4e842e69.js.map SpendTime="96 ms" Status=200
time="2022-03-23 22:03:21" level=info Agent="Mozilla/5.0 (Windows NT 10.0; Win64; x64) AppleWebKit/537.36 (KHTML, like Gecko) Chrome/99.0.4844.82 Safari/537.36" DataSize=2762 HostName=DESKTOP-31G7THQ IP="::1" Method=GET Path=/api/v1/captcha/ SpendTime="3 ms" Status=200
time="2022-03-23 22:04:19" level=info Agent="Mozilla/5.0 (Windows NT 10.0; Win64; x64) AppleWebKit/537.36 (KHTML, like Gecko) Chrome/99.0.4844.82 Safari/537.36" DataSize=1099 HostName=DESKTOP-31G7THQ IP="::1" Method=GET Path=/admin SpendTime="1 ms" Status=200
time="2022-03-23 22:04:19" level=warning Agent="Mozilla/5.0 (Windows NT 10.0; Win64; x64) AppleWebKit/537.36 (KHTML, like Gecko) Chrome/99.0.4844.82 Safari/537.36" DataSize=0 HostName=DESKTOP-31G7THQ IP="::1" Method=GET Path=/css/app.f0531788.css SpendTime="0 ms" Status=404
time="2022-03-23 22:04:19" level=warning Agent="Mozilla/5.0 (Windows NT 10.0; Win64; x64) AppleWebKit/537.36 (KHTML, like Gecko) Chrome/99.0.4844.82 Safari/537.36" DataSize=0 HostName=DESKTOP-31G7THQ IP="::1" Method=GET Path=/css/chunk-vendors.631750ab.css SpendTime="0 ms" Status=404
time="2022-03-23 22:04:19" level=warning Agent="Mozilla/5.0 (Windows NT 10.0; Win64; x64) AppleWebKit/537.36 (KHTML, like Gecko) Chrome/99.0.4844.82 Safari/537.36" DataSize=0 HostName=DESKTOP-31G7THQ IP="::1" Method=GET Path=/js/chunk-vendors.fcf80663.js SpendTime="0 ms" Status=404
time="2022-03-23 22:04:19" level=warning Agent="Mozilla/5.0 (Windows NT 10.0; Win64; x64) AppleWebKit/537.36 (KHTML, like Gecko) Chrome/99.0.4844.82 Safari/537.36" DataSize=0 HostName=DESKTOP-31G7THQ IP="::1" Method=GET Path=/js/app.f7ea9812.js SpendTime="0 ms" Status=404
time="2022-03-23 22:04:20" level=info Agent="Mozilla/5.0 (Windows NT 10.0; Win64; x64) AppleWebKit/537.36 (KHTML, like Gecko) Chrome/99.0.4844.82 Safari/537.36" DataSize=1099 HostName=DESKTOP-31G7THQ IP="::1" Method=GET Path=/admin SpendTime="1 ms" Status=200
time="2022-03-23 22:04:20" level=warning Agent="Mozilla/5.0 (Windows NT 10.0; Win64; x64) AppleWebKit/537.36 (KHTML, like Gecko) Chrome/99.0.4844.82 Safari/537.36" DataSize=0 HostName=DESKTOP-31G7THQ IP="::1" Method=GET Path=/css/app.f0531788.css SpendTime="0 ms" Status=404
time="2022-03-23 22:04:20" level=warning Agent="Mozilla/5.0 (Windows NT 10.0; Win64; x64) AppleWebKit/537.36 (KHTML, like Gecko) Chrome/99.0.4844.82 Safari/537.36" DataSize=0 HostName=DESKTOP-31G7THQ IP="::1" Method=GET Path=/css/chunk-vendors.631750ab.css SpendTime="0 ms" Status=404
time="2022-03-23 22:04:20" level=warning Agent="Mozilla/5.0 (Windows NT 10.0; Win64; x64) AppleWebKit/537.36 (KHTML, like Gecko) Chrome/99.0.4844.82 Safari/537.36" DataSize=0 HostName=DESKTOP-31G7THQ IP="::1" Method=GET Path=/js/app.f7ea9812.js SpendTime="0 ms" Status=404
time="2022-03-23 22:04:20" level=warning Agent="Mozilla/5.0 (Windows NT 10.0; Win64; x64) AppleWebKit/537.36 (KHTML, like Gecko) Chrome/99.0.4844.82 Safari/537.36" DataSize=0 HostName=DESKTOP-31G7THQ IP="::1" Method=GET Path=/js/chunk-vendors.fcf80663.js SpendTime="0 ms" Status=404
time="2022-03-23 22:04:22" level=info Agent="Mozilla/5.0 (Windows NT 10.0; Win64; x64) AppleWebKit/537.36 (KHTML, like Gecko) Chrome/99.0.4844.82 Safari/537.36" DataSize=1099 HostName=DESKTOP-31G7THQ IP="::1" Method=GET Path=/admin SpendTime="2 ms" Status=200
time="2022-03-23 22:04:22" level=warning Agent="Mozilla/5.0 (Windows NT 10.0; Win64; x64) AppleWebKit/537.36 (KHTML, like Gecko) Chrome/99.0.4844.82 Safari/537.36" DataSize=0 HostName=DESKTOP-31G7THQ IP="::1" Method=GET Path=/css/app.f0531788.css SpendTime="0 ms" Status=404
time="2022-03-23 22:04:22" level=warning Agent="Mozilla/5.0 (Windows NT 10.0; Win64; x64) AppleWebKit/537.36 (KHTML, like Gecko) Chrome/99.0.4844.82 Safari/537.36" DataSize=0 HostName=DESKTOP-31G7THQ IP="::1" Method=GET Path=/css/chunk-vendors.631750ab.css SpendTime="0 ms" Status=404
time="2022-03-23 22:04:22" level=warning Agent="Mozilla/5.0 (Windows NT 10.0; Win64; x64) AppleWebKit/537.36 (KHTML, like Gecko) Chrome/99.0.4844.82 Safari/537.36" DataSize=0 HostName=DESKTOP-31G7THQ IP="::1" Method=GET Path=/js/app.f7ea9812.js SpendTime="0 ms" Status=404
time="2022-03-23 22:04:22" level=warning Agent="Mozilla/5.0 (Windows NT 10.0; Win64; x64) AppleWebKit/537.36 (KHTML, like Gecko) Chrome/99.0.4844.82 Safari/537.36" DataSize=0 HostName=DESKTOP-31G7THQ IP="::1" Method=GET Path=/js/chunk-vendors.fcf80663.js SpendTime="0 ms" Status=404
time="2022-03-23 22:04:25" level=info Agent="Mozilla/5.0 (Windows NT 10.0; Win64; x64) AppleWebKit/537.36 (KHTML, like Gecko) Chrome/99.0.4844.82 Safari/537.36" DataSize=1099 HostName=DESKTOP-31G7THQ IP="::1" Method=GET Path=/ SpendTime="1 ms" Status=200
time="2022-03-23 22:04:25" level=warning Agent="Mozilla/5.0 (Windows NT 10.0; Win64; x64) AppleWebKit/537.36 (KHTML, like Gecko) Chrome/99.0.4844.82 Safari/537.36" DataSize=0 HostName=DESKTOP-31G7THQ IP="::1" Method=GET Path=/css/app.f0531788.css SpendTime="0 ms" Status=404
time="2022-03-23 22:04:25" level=warning Agent="Mozilla/5.0 (Windows NT 10.0; Win64; x64) AppleWebKit/537.36 (KHTML, like Gecko) Chrome/99.0.4844.82 Safari/537.36" DataSize=0 HostName=DESKTOP-31G7THQ IP="::1" Method=GET Path=/css/chunk-vendors.631750ab.css SpendTime="0 ms" Status=404
time="2022-03-23 22:04:25" level=warning Agent="Mozilla/5.0 (Windows NT 10.0; Win64; x64) AppleWebKit/537.36 (KHTML, like Gecko) Chrome/99.0.4844.82 Safari/537.36" DataSize=0 HostName=DESKTOP-31G7THQ IP="::1" Method=GET Path=/js/app.f7ea9812.js SpendTime="0 ms" Status=404
time="2022-03-23 22:04:25" level=warning Agent="Mozilla/5.0 (Windows NT 10.0; Win64; x64) AppleWebKit/537.36 (KHTML, like Gecko) Chrome/99.0.4844.82 Safari/537.36" DataSize=0 HostName=DESKTOP-31G7THQ IP="::1" Method=GET Path=/js/chunk-vendors.fcf80663.js SpendTime="0 ms" Status=404
time="2022-03-23 22:04:43" level=warning Agent="Mozilla/5.0 (Windows NT 10.0; Win64; x64) AppleWebKit/537.36 (KHTML, like Gecko) Chrome/99.0.4844.82 Safari/537.36" DataSize=0 HostName=DESKTOP-31G7THQ IP="::1" Method=GET Path=/ SpendTime="0 ms" Status=404
time="2022-03-23 22:04:48" level=info Agent="Mozilla/5.0 (Windows NT 10.0; Win64; x64) AppleWebKit/537.36 (KHTML, like Gecko) Chrome/99.0.4844.82 Safari/537.36" DataSize=941 HostName=DESKTOP-31G7THQ IP="::1" Method=GET Path=/admin SpendTime="1 ms" Status=200
time="2022-03-23 22:04:48" level=info Agent="Mozilla/5.0 (Windows NT 10.0; Win64; x64) AppleWebKit/537.36 (KHTML, like Gecko) Chrome/99.0.4844.82 Safari/537.36" DataSize=143025 HostName=DESKTOP-31G7THQ IP="::1" Method=GET Path=/admin/js/app.06c6fffc.js.map SpendTime="72 ms" Status=200
time="2022-03-23 22:04:48" level=info Agent="Mozilla/5.0 (Windows NT 10.0; Win64; x64) AppleWebKit/537.36 (KHTML, like Gecko) Chrome/99.0.4844.82 Safari/537.36" DataSize=5380442 HostName=DESKTOP-31G7THQ IP="::1" Method=GET Path=/admin/js/chunk-vendors.4e842e69.js.map SpendTime="91 ms" Status=200
time="2022-03-23 22:04:48" level=info Agent="Mozilla/5.0 (Windows NT 10.0; Win64; x64) AppleWebKit/537.36 (KHTML, like Gecko) Chrome/99.0.4844.82 Safari/537.36" DataSize=2798 HostName=DESKTOP-31G7THQ IP="::1" Method=GET Path=/api/v1/captcha/ SpendTime="3 ms" Status=200
time="2022-03-23 22:04:56" level=info Agent="Mozilla/5.0 (Windows NT 10.0; Win64; x64) AppleWebKit/537.36 (KHTML, like Gecko) Chrome/99.0.4844.82 Safari/537.36" DataSize=185 HostName=DESKTOP-31G7THQ IP="::1" Method=POST Path=/api/v1/login/ SpendTime="59 ms" Status=200
time="2022-03-23 22:04:59" level=info Agent="Mozilla/5.0 (Windows NT 10.0; Win64; x64) AppleWebKit/537.36 (KHTML, like Gecko) Chrome/99.0.4844.82 Safari/537.36" DataSize=160 HostName=DESKTOP-31G7THQ IP="::1" Method=GET Path="/api/v1/category/?size=5&page=1" SpendTime="3 ms" Status=200
time="2022-03-23 22:05:01" level=info Agent="Mozilla/5.0 (Windows NT 10.0; Win64; x64) AppleWebKit/537.36 (KHTML, like Gecko) Chrome/99.0.4844.82 Safari/537.36" DataSize=160 HostName=DESKTOP-31G7THQ IP="::1" Method=GET Path="/api/v1/category/?size=100&page=1" SpendTime="3 ms" Status=200
time="2022-03-23 22:05:01" level=info Agent="Mozilla/5.0 (Windows NT 10.0; Win64; x64) AppleWebKit/537.36 (KHTML, like Gecko) Chrome/99.0.4844.82 Safari/537.36" DataSize=7764 HostName=DESKTOP-31G7THQ IP="::1" Method=GET Path=/admin/fonts/fontello.8d4a4e6f.woff2 SpendTime="1 ms" Status=200
time="2022-03-23 22:05:01" level=info Agent="Mozilla/5.0 (Windows NT 10.0; Win64; x64) AppleWebKit/537.36 (KHTML, like Gecko) Chrome/99.0.4844.82 Safari/537.36" DataSize=160 HostName=DESKTOP-31G7THQ IP="::1" Method=GET Path="/api/v1/category/?size=100&page=1" SpendTime="3 ms" Status=200
time="2022-03-23 22:05:01" level=info Agent="Mozilla/5.0 (Windows NT 10.0; Win64; x64) AppleWebKit/537.36 (KHTML, like Gecko) Chrome/99.0.4844.82 Safari/537.36" DataSize=3112 HostName=DESKTOP-31G7THQ IP="::1" Method=GET Path="/api/v1/article/?title=&size=5&page=1" SpendTime="8 ms" Status=200
time="2022-03-23 22:09:19" level=info Agent="Mozilla/5.0 (Windows NT 10.0; Win64; x64) AppleWebKit/537.36 (KHTML, like Gecko) Chrome/99.0.4844.82 Safari/537.36" DataSize=2698 HostName=DESKTOP-31G7THQ IP="::1" Method=GET Path=/api/v1/captcha/ SpendTime="3 ms" Status=200
time="2022-03-23 22:09:23" level=info Agent="Mozilla/5.0 (Windows NT 10.0; Win64; x64) AppleWebKit/537.36 (KHTML, like Gecko) Chrome/99.0.4844.82 Safari/537.36" DataSize=941 HostName=DESKTOP-31G7THQ IP="::1" Method=GET Path=/admin SpendTime="0 ms" Status=200
time="2022-03-23 22:09:23" level=info Agent="Mozilla/5.0 (Windows NT 10.0; Win64; x64) AppleWebKit/537.36 (KHTML, like Gecko) Chrome/99.0.4844.82 Safari/537.36" DataSize=2858 HostName=DESKTOP-31G7THQ IP="::1" Method=GET Path=/api/v1/captcha/ SpendTime="2 ms" Status=200
time="2022-03-23 22:09:24" level=info Agent="Mozilla/5.0 (Windows NT 10.0; Win64; x64) AppleWebKit/537.36 (KHTML, like Gecko) Chrome/99.0.4844.82 Safari/537.36" DataSize=941 HostName=DESKTOP-31G7THQ IP="::1" Method=GET Path=/admin SpendTime="0 ms" Status=200
time="2022-03-23 22:09:24" level=info Agent="Mozilla/5.0 (Windows NT 10.0; Win64; x64) AppleWebKit/537.36 (KHTML, like Gecko) Chrome/99.0.4844.82 Safari/537.36" DataSize=2870 HostName=DESKTOP-31G7THQ IP="::1" Method=GET Path=/api/v1/captcha/ SpendTime="3 ms" Status=200
time="2022-03-23 22:09:24" level=info Agent="Mozilla/5.0 (Windows NT 10.0; Win64; x64) AppleWebKit/537.36 (KHTML, like Gecko) Chrome/99.0.4844.82 Safari/537.36" DataSize=941 HostName=DESKTOP-31G7THQ IP="::1" Method=GET Path=/admin SpendTime="1 ms" Status=200
time="2022-03-23 22:09:24" level=info Agent="Mozilla/5.0 (Windows NT 10.0; Win64; x64) AppleWebKit/537.36 (KHTML, like Gecko) Chrome/99.0.4844.82 Safari/537.36" DataSize=2578 HostName=DESKTOP-31G7THQ IP="::1" Method=GET Path=/api/v1/captcha/ SpendTime="2 ms" Status=200
time="2022-03-23 22:09:24" level=info Agent="Mozilla/5.0 (Windows NT 10.0; Win64; x64) AppleWebKit/537.36 (KHTML, like Gecko) Chrome/99.0.4844.82 Safari/537.36" DataSize=941 HostName=DESKTOP-31G7THQ IP="::1" Method=GET Path=/admin SpendTime="1 ms" Status=200
time="2022-03-23 22:09:24" level=info Agent="Mozilla/5.0 (Windows NT 10.0; Win64; x64) AppleWebKit/537.36 (KHTML, like Gecko) Chrome/99.0.4844.82 Safari/537.36" DataSize=2610 HostName=DESKTOP-31G7THQ IP="::1" Method=GET Path=/api/v1/captcha/ SpendTime="2 ms" Status=200
time="2022-03-23 22:09:30" level=info Agent="Mozilla/5.0 (Windows NT 10.0; Win64; x64) AppleWebKit/537.36 (KHTML, like Gecko) Chrome/99.0.4844.82 Safari/537.36" DataSize=143025 HostName=DESKTOP-31G7THQ IP="::1" Method=GET Path=/admin/js/app.06c6fffc.js.map SpendTime="82 ms" Status=200
time="2022-03-23 22:09:30" level=info Agent="Mozilla/5.0 (Windows NT 10.0; Win64; x64) AppleWebKit/537.36 (KHTML, like Gecko) Chrome/99.0.4844.82 Safari/537.36" DataSize=5380442 HostName=DESKTOP-31G7THQ IP="::1" Method=GET Path=/admin/js/chunk-vendors.4e842e69.js.map SpendTime="111 ms" Status=200
time="2022-03-23 22:09:36" level=info Agent="Mozilla/5.0 (Windows NT 10.0; Win64; x64) AppleWebKit/537.36 (KHTML, like Gecko) Chrome/99.0.4844.82 Safari/537.36" DataSize=2730 HostName=DESKTOP-31G7THQ IP="::1" Method=GET Path=/api/v1/captcha/ SpendTime="2 ms" Status=200
time="2022-03-23 22:09:37" level=info Agent="Mozilla/5.0 (Windows NT 10.0; Win64; x64) AppleWebKit/537.36 (KHTML, like Gecko) Chrome/99.0.4844.82 Safari/537.36" DataSize=2806 HostName=DESKTOP-31G7THQ IP="::1" Method=GET Path=/api/v1/captcha/ SpendTime="2 ms" Status=200
time="2022-03-23 22:52:39" level=info Agent="Mozilla/5.0 (Windows NT 10.0; Win64; x64) AppleWebKit/537.36 (KHTML, like Gecko) Chrome/99.0.4844.82 Safari/537.36" DataSize=2746 HostName=DESKTOP-31G7THQ IP="::1" Method=GET Path=/api/v1/captcha/ SpendTime="2 ms" Status=200
