time="2021-07-21 11:24:34" level=info Agent="Mozilla/5.0 (Macintosh; Intel Mac OS X 10_15_7) AppleWebKit/537.36 (KHTML, like Gecko) Chrome/91.0.4472.114 Safari/537.36" DataSize=0 HostName=localhost IP="::1" Method=OPTIONS Path="/api/v1/category/?size=100&page=1" SpendTime="1 ms" Status=204
time="2021-07-21 11:24:34" level=info Agent="Mozilla/5.0 (Macintosh; Intel Mac OS X 10_15_7) AppleWebKit/537.36 (KHTML, like Gecko) Chrome/91.0.4472.114 Safari/537.36" DataSize=0 HostName=localhost IP="::1" Method=OPTIONS Path="/api/v1/article/?title=&size=5&page=1" SpendTime="1 ms" Status=204
time="2021-07-21 11:24:34" level=info Agent="Mozilla/5.0 (Macintosh; Intel Mac OS X 10_15_7) AppleWebKit/537.36 (KHTML, like Gecko) Chrome/91.0.4472.114 Safari/537.36" DataSize=173 HostName=localhost IP="::1" Method=GET Path="/api/v1/category/?size=100&page=1" SpendTime="32 ms" Status=200
time="2021-07-21 11:24:34" level=info Agent="Mozilla/5.0 (Macintosh; Intel Mac OS X 10_15_7) AppleWebKit/537.36 (KHTML, like Gecko) Chrome/91.0.4472.114 Safari/537.36" DataSize=3185 HostName=localhost IP="::1" Method=GET Path="/api/v1/article/?title=&size=5&page=1" SpendTime="35 ms" Status=200
time="2021-07-21 11:24:35" level=info Agent="Mozilla/5.0 (Macintosh; Intel Mac OS X 10_15_7) AppleWebKit/537.36 (KHTML, like Gecko) Chrome/91.0.4472.114 Safari/537.36" DataSize=0 HostName=localhost IP="::1" Method=OPTIONS Path="/api/v1/category/?size=100&page=1" SpendTime="1 ms" Status=204
time="2021-07-21 11:24:35" level=info Agent="Mozilla/5.0 (Macintosh; Intel Mac OS X 10_15_7) AppleWebKit/537.36 (KHTML, like Gecko) Chrome/91.0.4472.114 Safari/537.36" DataSize=173 HostName=localhost IP="::1" Method=GET Path="/api/v1/category/?size=100&page=1" SpendTime="4 ms" Status=200
time="2021-07-21 16:35:00" level=info Agent="Mozilla/5.0 (Macintosh; Intel Mac OS X 10_15_7) AppleWebKit/537.36 (KHTML, like Gecko) Chrome/91.0.4472.114 Safari/537.36" DataSize=0 HostName=lihaoyedeMacBook-Air.local IP="::1" Method=OPTIONS Path=/api/v1/login/ SpendTime="2 ms" Status=204
time="2021-07-21 16:35:00" level=info Agent="Mozilla/5.0 (Macintosh; Intel Mac OS X 10_15_7) AppleWebKit/537.36 (KHTML, like Gecko) Chrome/91.0.4472.114 Safari/537.36" DataSize=192 HostName=lihaoyedeMacBook-Air.local IP="::1" Method=POST Path=/api/v1/login/ SpendTime="111 ms" Status=200
time="2021-07-21 16:35:06" level=info Agent="Mozilla/5.0 (Macintosh; Intel Mac OS X 10_15_7) AppleWebKit/537.36 (KHTML, like Gecko) Chrome/91.0.4472.114 Safari/537.36" DataSize=0 HostName=lihaoyedeMacBook-Air.local IP="::1" Method=OPTIONS Path="/api/v1/user/?username=&size=5&page=1" SpendTime="1 ms" Status=204
time="2021-07-21 16:35:06" level=info Agent="Mozilla/5.0 (Macintosh; Intel Mac OS X 10_15_7) AppleWebKit/537.36 (KHTML, like Gecko) Chrome/91.0.4472.114 Safari/537.36" DataSize=826 HostName=lihaoyedeMacBook-Air.local IP="::1" Method=GET Path="/api/v1/user/?username=&size=5&page=1" SpendTime="2 ms" Status=200
time="2021-07-21 16:35:07" level=info Agent="Mozilla/5.0 (Macintosh; Intel Mac OS X 10_15_7) AppleWebKit/537.36 (KHTML, like Gecko) Chrome/91.0.4472.114 Safari/537.36" DataSize=0 HostName=lihaoyedeMacBook-Air.local IP="::1" Method=OPTIONS Path="/api/v1/category/?size=5&page=1" SpendTime="1 ms" Status=204
time="2021-07-21 16:35:07" level=info Agent="Mozilla/5.0 (Macintosh; Intel Mac OS X 10_15_7) AppleWebKit/537.36 (KHTML, like Gecko) Chrome/91.0.4472.114 Safari/537.36" DataSize=173 HostName=lihaoyedeMacBook-Air.local IP="::1" Method=GET Path="/api/v1/category/?size=5&page=1" SpendTime="19 ms" Status=200
time="2021-07-21 16:35:19" level=info Agent="Mozilla/5.0 (Macintosh; Intel Mac OS X 10_15_7) AppleWebKit/537.36 (KHTML, like Gecko) Chrome/91.0.4472.114 Safari/537.36" DataSize=0 HostName=lihaoyedeMacBook-Air.local IP="::1" Method=OPTIONS Path="/api/v1/category/?size=100&page=1" SpendTime="1 ms" Status=204
time="2021-07-21 16:35:19" level=info Agent="Mozilla/5.0 (Macintosh; Intel Mac OS X 10_15_7) AppleWebKit/537.36 (KHTML, like Gecko) Chrome/91.0.4472.114 Safari/537.36" DataSize=173 HostName=lihaoyedeMacBook-Air.local IP="::1" Method=GET Path="/api/v1/category/?size=100&page=1" SpendTime="13 ms" Status=200
time="2021-07-21 16:35:20" level=info Agent="Mozilla/5.0 (Macintosh; Intel Mac OS X 10_15_7) AppleWebKit/537.36 (KHTML, like Gecko) Chrome/91.0.4472.114 Safari/537.36" DataSize=0 HostName=lihaoyedeMacBook-Air.local IP="::1" Method=OPTIONS Path="/api/v1/user/?username=&size=5&page=1" SpendTime="1 ms" Status=204
time="2021-07-21 16:35:20" level=info Agent="Mozilla/5.0 (Macintosh; Intel Mac OS X 10_15_7) AppleWebKit/537.36 (KHTML, like Gecko) Chrome/91.0.4472.114 Safari/537.36" DataSize=826 HostName=lihaoyedeMacBook-Air.local IP="::1" Method=GET Path="/api/v1/user/?username=&size=5&page=1" SpendTime="6 ms" Status=200
time="2021-07-21 16:35:20" level=info Agent="Mozilla/5.0 (Macintosh; Intel Mac OS X 10_15_7) AppleWebKit/537.36 (KHTML, like Gecko) Chrome/91.0.4472.114 Safari/537.36" DataSize=0 HostName=lihaoyedeMacBook-Air.local IP="::1" Method=OPTIONS Path="/api/v1/category/?size=5&page=1" SpendTime="1 ms" Status=204
time="2021-07-21 16:35:20" level=info Agent="Mozilla/5.0 (Macintosh; Intel Mac OS X 10_15_7) AppleWebKit/537.36 (KHTML, like Gecko) Chrome/91.0.4472.114 Safari/537.36" DataSize=173 HostName=lihaoyedeMacBook-Air.local IP="::1" Method=GET Path="/api/v1/category/?size=5&page=1" SpendTime="3 ms" Status=200
time="2021-07-21 16:35:26" level=info Agent="Mozilla/5.0 (Macintosh; Intel Mac OS X 10_15_7) AppleWebKit/537.36 (KHTML, like Gecko) Chrome/91.0.4472.114 Safari/537.36" DataSize=0 HostName=lihaoyedeMacBook-Air.local IP="::1" Method=OPTIONS Path=/api/admin/category/ SpendTime="1 ms" Status=204
time="2021-07-21 16:35:26" level=info Agent="Mozilla/5.0 (Macintosh; Intel Mac OS X 10_15_7) AppleWebKit/537.36 (KHTML, like Gecko) Chrome/91.0.4472.114 Safari/537.36" DataSize=53 HostName=lihaoyedeMacBook-Air.local IP="::1" Method=POST Path=/api/admin/category/ SpendTime="20 ms" Status=200
time="2021-07-21 16:35:26" level=info Agent="Mozilla/5.0 (Macintosh; Intel Mac OS X 10_15_7) AppleWebKit/537.36 (KHTML, like Gecko) Chrome/91.0.4472.114 Safari/537.36" DataSize=0 HostName=lihaoyedeMacBook-Air.local IP="::1" Method=OPTIONS Path="/api/v1/category/?size=5&page=1" SpendTime="1 ms" Status=204
time="2021-07-21 16:35:26" level=info Agent="Mozilla/5.0 (Macintosh; Intel Mac OS X 10_15_7) AppleWebKit/537.36 (KHTML, like Gecko) Chrome/91.0.4472.114 Safari/537.36" DataSize=173 HostName=lihaoyedeMacBook-Air.local IP="::1" Method=GET Path="/api/v1/category/?size=5&page=1" SpendTime="3 ms" Status=200
time="2021-07-21 16:42:13" level=info Agent="Mozilla/5.0 (Macintosh; Intel Mac OS X 10_15_7) AppleWebKit/537.36 (KHTML, like Gecko) Chrome/91.0.4472.114 Safari/537.36" DataSize=0 HostName=lihaoyedeMacBook-Air.local IP="::1" Method=OPTIONS Path="/api/v1/category/?size=100&page=1" SpendTime="1 ms" Status=204
time="2021-07-21 16:42:13" level=info Agent="Mozilla/5.0 (Macintosh; Intel Mac OS X 10_15_7) AppleWebKit/537.36 (KHTML, like Gecko) Chrome/91.0.4472.114 Safari/537.36" DataSize=196 HostName=lihaoyedeMacBook-Air.local IP="::1" Method=GET Path="/api/v1/category/?size=100&page=1" SpendTime="28 ms" Status=200
time="2021-07-21 16:42:14" level=info Agent="Mozilla/5.0 (Macintosh; Intel Mac OS X 10_15_7) AppleWebKit/537.36 (KHTML, like Gecko) Chrome/91.0.4472.114 Safari/537.36" DataSize=0 HostName=lihaoyedeMacBook-Air.local IP="::1" Method=OPTIONS Path="/api/v1/user/?username=&size=5&page=1" SpendTime="1 ms" Status=204
time="2021-07-21 16:42:14" level=info Agent="Mozilla/5.0 (Macintosh; Intel Mac OS X 10_15_7) AppleWebKit/537.36 (KHTML, like Gecko) Chrome/91.0.4472.114 Safari/537.36" DataSize=826 HostName=lihaoyedeMacBook-Air.local IP="::1" Method=GET Path="/api/v1/user/?username=&size=5&page=1" SpendTime="11 ms" Status=200
time="2021-07-21 16:42:18" level=info Agent="Mozilla/5.0 (Macintosh; Intel Mac OS X 10_15_7) AppleWebKit/537.36 (KHTML, like Gecko) Chrome/91.0.4472.114 Safari/537.36" DataSize=0 HostName=lihaoyedeMacBook-Air.local IP="::1" Method=OPTIONS Path="/api/v1/category/?size=5&page=1" SpendTime="1 ms" Status=204
time="2021-07-21 16:42:18" level=info Agent="Mozilla/5.0 (Macintosh; Intel Mac OS X 10_15_7) AppleWebKit/537.36 (KHTML, like Gecko) Chrome/91.0.4472.114 Safari/537.36" DataSize=173 HostName=lihaoyedeMacBook-Air.local IP="::1" Method=GET Path="/api/v1/category/?size=5&page=1" SpendTime="2 ms" Status=200
time="2021-07-21 16:42:20" level=info Agent="Mozilla/5.0 (Macintosh; Intel Mac OS X 10_15_7) AppleWebKit/537.36 (KHTML, like Gecko) Chrome/91.0.4472.114 Safari/537.36" DataSize=0 HostName=lihaoyedeMacBook-Air.local IP="::1" Method=OPTIONS Path="/api/v1/category/?size=100&page=1" SpendTime="1 ms" Status=204
time="2021-07-21 16:42:20" level=info Agent="Mozilla/5.0 (Macintosh; Intel Mac OS X 10_15_7) AppleWebKit/537.36 (KHTML, like Gecko) Chrome/91.0.4472.114 Safari/537.36" DataSize=0 HostName=lihaoyedeMacBook-Air.local IP="::1" Method=OPTIONS Path="/api/v1/article/?title=&size=5&page=1" SpendTime="1 ms" Status=204
time="2021-07-21 16:42:20" level=info Agent="Mozilla/5.0 (Macintosh; Intel Mac OS X 10_15_7) AppleWebKit/537.36 (KHTML, like Gecko) Chrome/91.0.4472.114 Safari/537.36" DataSize=196 HostName=lihaoyedeMacBook-Air.local IP="::1" Method=GET Path="/api/v1/category/?size=100&page=1" SpendTime="4 ms" Status=200
time="2021-07-21 16:42:20" level=info Agent="Mozilla/5.0 (Macintosh; Intel Mac OS X 10_15_7) AppleWebKit/537.36 (KHTML, like Gecko) Chrome/91.0.4472.114 Safari/537.36" DataSize=3185 HostName=lihaoyedeMacBook-Air.local IP="::1" Method=GET Path="/api/v1/article/?title=&size=5&page=1" SpendTime="20 ms" Status=200
time="2021-07-21 16:42:23" level=info Agent="Mozilla/5.0 (Macintosh; Intel Mac OS X 10_15_7) AppleWebKit/537.36 (KHTML, like Gecko) Chrome/91.0.4472.114 Safari/537.36" DataSize=0 HostName=lihaoyedeMacBook-Air.local IP="::1" Method=OPTIONS Path="/api/v1/category/?size=100&page=1" SpendTime="1 ms" Status=204
time="2021-07-21 16:42:23" level=info Agent="Mozilla/5.0 (Macintosh; Intel Mac OS X 10_15_7) AppleWebKit/537.36 (KHTML, like Gecko) Chrome/91.0.4472.114 Safari/537.36" DataSize=196 HostName=lihaoyedeMacBook-Air.local IP="::1" Method=GET Path="/api/v1/category/?size=100&page=1" SpendTime="11 ms" Status=200
time="2021-07-21 16:43:33" level=info Agent="Mozilla/5.0 (Macintosh; Intel Mac OS X 10_15_7) AppleWebKit/537.36 (KHTML, like Gecko) Chrome/91.0.4472.114 Safari/537.36" DataSize=0 HostName=lihaoyedeMacBook-Air.local IP="::1" Method=OPTIONS Path="/api/v1/category/?size=5&page=1" SpendTime="1 ms" Status=204
time="2021-07-21 16:43:33" level=info Agent="Mozilla/5.0 (Macintosh; Intel Mac OS X 10_15_7) AppleWebKit/537.36 (KHTML, like Gecko) Chrome/91.0.4472.114 Safari/537.36" DataSize=173 HostName=lihaoyedeMacBook-Air.local IP="::1" Method=GET Path="/api/v1/category/?size=5&page=1" SpendTime="17 ms" Status=200
time="2021-07-21 16:43:35" level=info Agent="Mozilla/5.0 (Macintosh; Intel Mac OS X 10_15_7) AppleWebKit/537.36 (KHTML, like Gecko) Chrome/91.0.4472.114 Safari/537.36" DataSize=0 HostName=lihaoyedeMacBook-Air.local IP="::1" Method=OPTIONS Path="/api/v1/user/?username=&size=5&page=1" SpendTime="1 ms" Status=204
time="2021-07-21 16:43:35" level=info Agent="Mozilla/5.0 (Macintosh; Intel Mac OS X 10_15_7) AppleWebKit/537.36 (KHTML, like Gecko) Chrome/91.0.4472.114 Safari/537.36" DataSize=826 HostName=lihaoyedeMacBook-Air.local IP="::1" Method=GET Path="/api/v1/user/?username=&size=5&page=1" SpendTime="7 ms" Status=200
time="2021-07-21 16:43:37" level=info Agent="Mozilla/5.0 (Macintosh; Intel Mac OS X 10_15_7) AppleWebKit/537.36 (KHTML, like Gecko) Chrome/91.0.4472.114 Safari/537.36" DataSize=0 HostName=lihaoyedeMacBook-Air.local IP="::1" Method=OPTIONS Path=/api/v1/user/59/ SpendTime="1 ms" Status=204
time="2021-07-21 16:43:37" level=info Agent="Mozilla/5.0 (Macintosh; Intel Mac OS X 10_15_7) AppleWebKit/537.36 (KHTML, like Gecko) Chrome/91.0.4472.114 Safari/537.36" DataSize=187 HostName=lihaoyedeMacBook-Air.local IP="::1" Method=GET Path=/api/v1/user/59/ SpendTime="2 ms" Status=200
time="2021-07-21 16:43:43" level=info Agent="Mozilla/5.0 (Macintosh; Intel Mac OS X 10_15_7) AppleWebKit/537.36 (KHTML, like Gecko) Chrome/91.0.4472.114 Safari/537.36" DataSize=0 HostName=lihaoyedeMacBook-Air.local IP="::1" Method=OPTIONS Path="/api/v1/category/?size=100&page=1" SpendTime="1 ms" Status=204
time="2021-07-21 16:43:43" level=info Agent="Mozilla/5.0 (Macintosh; Intel Mac OS X 10_15_7) AppleWebKit/537.36 (KHTML, like Gecko) Chrome/91.0.4472.114 Safari/537.36" DataSize=196 HostName=lihaoyedeMacBook-Air.local IP="::1" Method=GET Path="/api/v1/category/?size=100&page=1" SpendTime="14 ms" Status=200
time="2021-07-21 16:43:44" level=info Agent="Mozilla/5.0 (Macintosh; Intel Mac OS X 10_15_7) AppleWebKit/537.36 (KHTML, like Gecko) Chrome/91.0.4472.114 Safari/537.36" DataSize=0 HostName=lihaoyedeMacBook-Air.local IP="::1" Method=OPTIONS Path="/api/v1/category/?size=100&page=1" SpendTime="1 ms" Status=204
time="2021-07-21 16:43:44" level=info Agent="Mozilla/5.0 (Macintosh; Intel Mac OS X 10_15_7) AppleWebKit/537.36 (KHTML, like Gecko) Chrome/91.0.4472.114 Safari/537.36" DataSize=0 HostName=lihaoyedeMacBook-Air.local IP="::1" Method=OPTIONS Path="/api/v1/article/?title=&size=5&page=1" SpendTime="1 ms" Status=204
time="2021-07-21 16:43:44" level=info Agent="Mozilla/5.0 (Macintosh; Intel Mac OS X 10_15_7) AppleWebKit/537.36 (KHTML, like Gecko) Chrome/91.0.4472.114 Safari/537.36" DataSize=196 HostName=lihaoyedeMacBook-Air.local IP="::1" Method=GET Path="/api/v1/category/?size=100&page=1" SpendTime="2 ms" Status=200
time="2021-07-21 16:43:44" level=info Agent="Mozilla/5.0 (Macintosh; Intel Mac OS X 10_15_7) AppleWebKit/537.36 (KHTML, like Gecko) Chrome/91.0.4472.114 Safari/537.36" DataSize=3185 HostName=lihaoyedeMacBook-Air.local IP="::1" Method=GET Path="/api/v1/article/?title=&size=5&page=1" SpendTime="15 ms" Status=200
time="2021-07-21 16:43:45" level=info Agent="Mozilla/5.0 (Macintosh; Intel Mac OS X 10_15_7) AppleWebKit/537.36 (KHTML, like Gecko) Chrome/91.0.4472.114 Safari/537.36" DataSize=0 HostName=lihaoyedeMacBook-Air.local IP="::1" Method=OPTIONS Path="/api/v1/category/?size=100&page=1" SpendTime="1 ms" Status=204
time="2021-07-21 16:43:45" level=info Agent="Mozilla/5.0 (Macintosh; Intel Mac OS X 10_15_7) AppleWebKit/537.36 (KHTML, like Gecko) Chrome/91.0.4472.114 Safari/537.36" DataSize=196 HostName=lihaoyedeMacBook-Air.local IP="::1" Method=GET Path="/api/v1/category/?size=100&page=1" SpendTime="5 ms" Status=200
time="2021-07-21 16:43:53" level=info Agent="Mozilla/5.0 (Macintosh; Intel Mac OS X 10_15_7) AppleWebKit/537.36 (KHTML, like Gecko) Chrome/91.0.4472.114 Safari/537.36" DataSize=0 HostName=lihaoyedeMacBook-Air.local IP="::1" Method=OPTIONS Path=/api/admin/upload/ SpendTime="1 ms" Status=204
time="2021-07-21 16:43:53" level=info Agent="Mozilla/5.0 (Macintosh; Intel Mac OS X 10_15_7) AppleWebKit/537.36 (KHTML, like Gecko) Chrome/91.0.4472.114 Safari/537.36" DataSize=45 HostName=lihaoyedeMacBook-Air.local IP="::1" Method=POST Path=/api/admin/upload/ SpendTime="388 ms" Status=200
time="2021-07-21 16:44:38" level=info Agent="Mozilla/5.0 (Macintosh; Intel Mac OS X 10_15_7) AppleWebKit/537.36 (KHTML, like Gecko) Chrome/91.0.4472.114 Safari/537.36" DataSize=0 HostName=lihaoyedeMacBook-Air.local IP="::1" Method=OPTIONS Path=/api/admin/upload/ SpendTime="1 ms" Status=204
time="2021-07-21 16:44:39" level=info Agent="Mozilla/5.0 (Macintosh; Intel Mac OS X 10_15_7) AppleWebKit/537.36 (KHTML, like Gecko) Chrome/91.0.4472.114 Safari/537.36" DataSize=45 HostName=lihaoyedeMacBook-Air.local IP="::1" Method=POST Path=/api/admin/upload/ SpendTime="219 ms" Status=200
time="2021-07-21 16:50:34" level=info Agent="Mozilla/5.0 (Macintosh; Intel Mac OS X 10_15_7) AppleWebKit/537.36 (KHTML, like Gecko) Chrome/91.0.4472.114 Safari/537.36" DataSize=0 HostName=lihaoyedeMacBook-Air.local IP="::1" Method=OPTIONS Path="/api/v1/category/?size=100&page=1" SpendTime="1 ms" Status=204
time="2021-07-21 16:50:34" level=info Agent="Mozilla/5.0 (Macintosh; Intel Mac OS X 10_15_7) AppleWebKit/537.36 (KHTML, like Gecko) Chrome/91.0.4472.114 Safari/537.36" DataSize=196 HostName=lihaoyedeMacBook-Air.local IP="::1" Method=GET Path="/api/v1/category/?size=100&page=1" SpendTime="22 ms" Status=200
time="2021-07-21 16:53:50" level=info Agent="Mozilla/5.0 (Macintosh; Intel Mac OS X 10_15_7) AppleWebKit/537.36 (KHTML, like Gecko) Chrome/91.0.4472.114 Safari/537.36" DataSize=0 HostName=lihaoyedeMacBook-Air.local IP="::1" Method=OPTIONS Path="/api/v1/category/?size=100&page=1" SpendTime="1 ms" Status=204
time="2021-07-21 16:53:50" level=info Agent="Mozilla/5.0 (Macintosh; Intel Mac OS X 10_15_7) AppleWebKit/537.36 (KHTML, like Gecko) Chrome/91.0.4472.114 Safari/537.36" DataSize=196 HostName=lihaoyedeMacBook-Air.local IP="::1" Method=GET Path="/api/v1/category/?size=100&page=1" SpendTime="19 ms" Status=200
time="2021-07-21 16:54:11" level=info Agent="Mozilla/5.0 (Macintosh; Intel Mac OS X 10_15_7) AppleWebKit/537.36 (KHTML, like Gecko) Chrome/91.0.4472.114 Safari/537.36" DataSize=0 HostName=lihaoyedeMacBook-Air.local IP="::1" Method=OPTIONS Path="/api/v1/category/?size=5&page=1" SpendTime="1 ms" Status=204
time="2021-07-21 16:54:11" level=info Agent="Mozilla/5.0 (Macintosh; Intel Mac OS X 10_15_7) AppleWebKit/537.36 (KHTML, like Gecko) Chrome/91.0.4472.114 Safari/537.36" DataSize=173 HostName=lihaoyedeMacBook-Air.local IP="::1" Method=GET Path="/api/v1/category/?size=5&page=1" SpendTime="15 ms" Status=200
time="2021-07-21 16:54:12" level=info Agent="Mozilla/5.0 (Macintosh; Intel Mac OS X 10_15_7) AppleWebKit/537.36 (KHTML, like Gecko) Chrome/91.0.4472.114 Safari/537.36" DataSize=0 HostName=lihaoyedeMacBook-Air.local IP="::1" Method=OPTIONS Path="/api/v1/category/?size=100&page=1" SpendTime="1 ms" Status=204
time="2021-07-21 16:54:12" level=info Agent="Mozilla/5.0 (Macintosh; Intel Mac OS X 10_15_7) AppleWebKit/537.36 (KHTML, like Gecko) Chrome/91.0.4472.114 Safari/537.36" DataSize=196 HostName=lihaoyedeMacBook-Air.local IP="::1" Method=GET Path="/api/v1/category/?size=100&page=1" SpendTime="2 ms" Status=200
time="2021-07-21 16:54:16" level=info Agent="Mozilla/5.0 (Macintosh; Intel Mac OS X 10_15_7) AppleWebKit/537.36 (KHTML, like Gecko) Chrome/91.0.4472.114 Safari/537.36" DataSize=0 HostName=lihaoyedeMacBook-Air.local IP="::1" Method=OPTIONS Path=/api/admin/upload/ SpendTime="1 ms" Status=204
time="2021-07-21 16:54:16" level=info Agent="Mozilla/5.0 (Macintosh; Intel Mac OS X 10_15_7) AppleWebKit/537.36 (KHTML, like Gecko) Chrome/91.0.4472.114 Safari/537.36" DataSize=45 HostName=lihaoyedeMacBook-Air.local IP="::1" Method=POST Path=/api/admin/upload/ SpendTime="219 ms" Status=200
time="2021-07-21 16:54:25" level=info Agent="Mozilla/5.0 (Macintosh; Intel Mac OS X 10_15_7) AppleWebKit/537.36 (KHTML, like Gecko) Chrome/91.0.4472.114 Safari/537.36" DataSize=0 HostName=lihaoyedeMacBook-Air.local IP="::1" Method=OPTIONS Path=/api/admin/upload/ SpendTime="1 ms" Status=204
time="2021-07-21 16:54:25" level=info Agent="Mozilla/5.0 (Macintosh; Intel Mac OS X 10_15_7) AppleWebKit/537.36 (KHTML, like Gecko) Chrome/91.0.4472.114 Safari/537.36" DataSize=45 HostName=lihaoyedeMacBook-Air.local IP="::1" Method=POST Path=/api/admin/upload/ SpendTime="92 ms" Status=200
time="2021-07-21 17:57:34" level=info Agent="Mozilla/5.0 (Macintosh; Intel Mac OS X 10_15_7) AppleWebKit/537.36 (KHTML, like Gecko) Chrome/91.0.4472.114 Safari/537.36" DataSize=0 HostName=localhost IP="::1" Method=OPTIONS Path="/api/v1/category/?size=100&page=1" SpendTime="2 ms" Status=204
time="2021-07-21 17:57:34" level=info Agent="Mozilla/5.0 (Macintosh; Intel Mac OS X 10_15_7) AppleWebKit/537.36 (KHTML, like Gecko) Chrome/91.0.4472.114 Safari/537.36" DataSize=196 HostName=localhost IP="::1" Method=GET Path="/api/v1/category/?size=100&page=1" SpendTime="34 ms" Status=200
time="2021-07-21 17:57:45" level=info Agent="Mozilla/5.0 (Macintosh; Intel Mac OS X 10_15_7) AppleWebKit/537.36 (KHTML, like Gecko) Chrome/91.0.4472.114 Safari/537.36" DataSize=0 HostName=localhost IP="::1" Method=OPTIONS Path="/api/v1/category/?size=100&page=1" SpendTime="1 ms" Status=204
time="2021-07-21 17:57:45" level=info Agent="Mozilla/5.0 (Macintosh; Intel Mac OS X 10_15_7) AppleWebKit/537.36 (KHTML, like Gecko) Chrome/91.0.4472.114 Safari/537.36" DataSize=196 HostName=localhost IP="::1" Method=GET Path="/api/v1/category/?size=100&page=1" SpendTime="10 ms" Status=200
time="2021-07-21 17:58:16" level=info Agent="Mozilla/5.0 (Macintosh; Intel Mac OS X 10_15_7) AppleWebKit/537.36 (KHTML, like Gecko) Chrome/91.0.4472.114 Safari/537.36" DataSize=0 HostName=localhost IP="::1" Method=OPTIONS Path="/api/v1/category/?size=100&page=1" SpendTime="1 ms" Status=204
time="2021-07-21 17:58:16" level=info Agent="Mozilla/5.0 (Macintosh; Intel Mac OS X 10_15_7) AppleWebKit/537.36 (KHTML, like Gecko) Chrome/91.0.4472.114 Safari/537.36" DataSize=196 HostName=localhost IP="::1" Method=GET Path="/api/v1/category/?size=100&page=1" SpendTime="14 ms" Status=200
time="2021-07-21 17:58:34" level=info Agent="Mozilla/5.0 (Macintosh; Intel Mac OS X 10_15_7) AppleWebKit/537.36 (KHTML, like Gecko) Chrome/91.0.4472.114 Safari/537.36" DataSize=0 HostName=localhost IP="::1" Method=OPTIONS Path="/api/v1/category/?size=100&page=1" SpendTime="1 ms" Status=204
time="2021-07-21 17:58:34" level=info Agent="Mozilla/5.0 (Macintosh; Intel Mac OS X 10_15_7) AppleWebKit/537.36 (KHTML, like Gecko) Chrome/91.0.4472.114 Safari/537.36" DataSize=196 HostName=localhost IP="::1" Method=GET Path="/api/v1/category/?size=100&page=1" SpendTime="15 ms" Status=200
time="2021-07-21 17:59:00" level=info Agent="Mozilla/5.0 (Macintosh; Intel Mac OS X 10_15_7) AppleWebKit/537.36 (KHTML, like Gecko) Chrome/91.0.4472.114 Safari/537.36" DataSize=0 HostName=localhost IP="::1" Method=OPTIONS Path="/api/v1/category/?size=100&page=1" SpendTime="1 ms" Status=204
time="2021-07-21 17:59:00" level=info Agent="Mozilla/5.0 (Macintosh; Intel Mac OS X 10_15_7) AppleWebKit/537.36 (KHTML, like Gecko) Chrome/91.0.4472.114 Safari/537.36" DataSize=0 HostName=localhost IP="::1" Method=OPTIONS Path="/api/v1/article/?title=&size=5&page=1" SpendTime="1 ms" Status=204
time="2021-07-21 17:59:00" level=info Agent="Mozilla/5.0 (Macintosh; Intel Mac OS X 10_15_7) AppleWebKit/537.36 (KHTML, like Gecko) Chrome/91.0.4472.114 Safari/537.36" DataSize=196 HostName=localhost IP="::1" Method=GET Path="/api/v1/category/?size=100&page=1" SpendTime="10 ms" Status=200
time="2021-07-21 17:59:00" level=info Agent="Mozilla/5.0 (Macintosh; Intel Mac OS X 10_15_7) AppleWebKit/537.36 (KHTML, like Gecko) Chrome/91.0.4472.114 Safari/537.36" DataSize=3185 HostName=localhost IP="::1" Method=GET Path="/api/v1/article/?title=&size=5&page=1" SpendTime="25 ms" Status=200
time="2021-07-21 17:59:02" level=info Agent="Mozilla/5.0 (Macintosh; Intel Mac OS X 10_15_7) AppleWebKit/537.36 (KHTML, like Gecko) Chrome/91.0.4472.114 Safari/537.36" DataSize=0 HostName=localhost IP="::1" Method=OPTIONS Path="/api/v1/category/?size=100&page=1" SpendTime="1 ms" Status=204
time="2021-07-21 17:59:02" level=info Agent="Mozilla/5.0 (Macintosh; Intel Mac OS X 10_15_7) AppleWebKit/537.36 (KHTML, like Gecko) Chrome/91.0.4472.114 Safari/537.36" DataSize=0 HostName=localhost IP="::1" Method=OPTIONS Path=/api/v1/article/8/ SpendTime="1 ms" Status=204
time="2021-07-21 17:59:02" level=info Agent="Mozilla/5.0 (Macintosh; Intel Mac OS X 10_15_7) AppleWebKit/537.36 (KHTML, like Gecko) Chrome/91.0.4472.114 Safari/537.36" DataSize=196 HostName=localhost IP="::1" Method=GET Path="/api/v1/category/?size=100&page=1" SpendTime="4 ms" Status=200
time="2021-07-21 17:59:02" level=info Agent="Mozilla/5.0 (Macintosh; Intel Mac OS X 10_15_7) AppleWebKit/537.36 (KHTML, like Gecko) Chrome/91.0.4472.114 Safari/537.36" DataSize=2081 HostName=localhost IP="::1" Method=GET Path=/api/v1/article/8/ SpendTime="7 ms" Status=200
time="2021-07-21 18:00:34" level=info Agent="Mozilla/5.0 (Macintosh; Intel Mac OS X 10_15_7) AppleWebKit/537.36 (KHTML, like Gecko) Chrome/91.0.4472.114 Safari/537.36" DataSize=0 HostName=localhost IP="::1" Method=OPTIONS Path="/api/v1/category/?size=100&page=1" SpendTime="1 ms" Status=204
time="2021-07-21 18:00:34" level=info Agent="Mozilla/5.0 (Macintosh; Intel Mac OS X 10_15_7) AppleWebKit/537.36 (KHTML, like Gecko) Chrome/91.0.4472.114 Safari/537.36" DataSize=0 HostName=localhost IP="::1" Method=OPTIONS Path="/api/v1/article/?title=&size=5&page=1" SpendTime="1 ms" Status=204
time="2021-07-21 18:00:34" level=info Agent="Mozilla/5.0 (Macintosh; Intel Mac OS X 10_15_7) AppleWebKit/537.36 (KHTML, like Gecko) Chrome/91.0.4472.114 Safari/537.36" DataSize=196 HostName=localhost IP="::1" Method=GET Path="/api/v1/category/?size=100&page=1" SpendTime="9 ms" Status=200
time="2021-07-21 18:00:34" level=info Agent="Mozilla/5.0 (Macintosh; Intel Mac OS X 10_15_7) AppleWebKit/537.36 (KHTML, like Gecko) Chrome/91.0.4472.114 Safari/537.36" DataSize=3185 HostName=localhost IP="::1" Method=GET Path="/api/v1/article/?title=&size=5&page=1" SpendTime="13 ms" Status=200
time="2021-07-21 18:00:35" level=info Agent="Mozilla/5.0 (Macintosh; Intel Mac OS X 10_15_7) AppleWebKit/537.36 (KHTML, like Gecko) Chrome/91.0.4472.114 Safari/537.36" DataSize=0 HostName=localhost IP="::1" Method=OPTIONS Path="/api/v1/category/?size=100&page=1" SpendTime="1 ms" Status=204
time="2021-07-21 18:00:35" level=info Agent="Mozilla/5.0 (Macintosh; Intel Mac OS X 10_15_7) AppleWebKit/537.36 (KHTML, like Gecko) Chrome/91.0.4472.114 Safari/537.36" DataSize=0 HostName=localhost IP="::1" Method=OPTIONS Path=/api/v1/article/8/ SpendTime="1 ms" Status=204
time="2021-07-21 18:00:35" level=info Agent="Mozilla/5.0 (Macintosh; Intel Mac OS X 10_15_7) AppleWebKit/537.36 (KHTML, like Gecko) Chrome/91.0.4472.114 Safari/537.36" DataSize=196 HostName=localhost IP="::1" Method=GET Path="/api/v1/category/?size=100&page=1" SpendTime="3 ms" Status=200
time="2021-07-21 18:00:35" level=info Agent="Mozilla/5.0 (Macintosh; Intel Mac OS X 10_15_7) AppleWebKit/537.36 (KHTML, like Gecko) Chrome/91.0.4472.114 Safari/537.36" DataSize=2081 HostName=localhost IP="::1" Method=GET Path=/api/v1/article/8/ SpendTime="3 ms" Status=200
time="2021-07-21 18:01:21" level=info Agent="Mozilla/5.0 (Macintosh; Intel Mac OS X 10_15_7) AppleWebKit/537.36 (KHTML, like Gecko) Chrome/91.0.4472.114 Safari/537.36" DataSize=0 HostName=localhost IP="::1" Method=OPTIONS Path=/api/admin/article/8/ SpendTime="1 ms" Status=204
time="2021-07-21 18:01:21" level=info Agent="Mozilla/5.0 (Macintosh; Intel Mac OS X 10_15_7) AppleWebKit/537.36 (KHTML, like Gecko) Chrome/91.0.4472.114 Safari/537.36" DataSize=23 HostName=localhost IP="::1" Method=PUT Path=/api/admin/article/8/ SpendTime="23 ms" Status=200
time="2021-07-21 18:01:21" level=info Agent="Mozilla/5.0 (Macintosh; Intel Mac OS X 10_15_7) AppleWebKit/537.36 (KHTML, like Gecko) Chrome/91.0.4472.114 Safari/537.36" DataSize=0 HostName=localhost IP="::1" Method=OPTIONS Path="/api/v1/category/?size=100&page=1" SpendTime="1 ms" Status=204
time="2021-07-21 18:01:21" level=info Agent="Mozilla/5.0 (Macintosh; Intel Mac OS X 10_15_7) AppleWebKit/537.36 (KHTML, like Gecko) Chrome/91.0.4472.114 Safari/537.36" DataSize=0 HostName=localhost IP="::1" Method=OPTIONS Path="/api/v1/article/?title=&size=5&page=1" SpendTime="1 ms" Status=204
time="2021-07-21 18:01:21" level=info Agent="Mozilla/5.0 (Macintosh; Intel Mac OS X 10_15_7) AppleWebKit/537.36 (KHTML, like Gecko) Chrome/91.0.4472.114 Safari/537.36" DataSize=196 HostName=localhost IP="::1" Method=GET Path="/api/v1/category/?size=100&page=1" SpendTime="5 ms" Status=200
time="2021-07-21 18:01:21" level=info Agent="Mozilla/5.0 (Macintosh; Intel Mac OS X 10_15_7) AppleWebKit/537.36 (KHTML, like Gecko) Chrome/91.0.4472.114 Safari/537.36" DataSize=1867 HostName=localhost IP="::1" Method=GET Path="/api/v1/article/?title=&size=5&page=1" SpendTime="12 ms" Status=200
time="2021-07-21 18:01:41" level=info Agent="Mozilla/5.0 (Macintosh; Intel Mac OS X 10_15_7) AppleWebKit/537.36 (KHTML, like Gecko) Chrome/91.0.4472.114 Safari/537.36" DataSize=0 HostName=localhost IP="::1" Method=OPTIONS Path="/api/v1/category/?size=100&page=1" SpendTime="1 ms" Status=204
time="2021-07-21 18:01:41" level=info Agent="Mozilla/5.0 (Macintosh; Intel Mac OS X 10_15_7) AppleWebKit/537.36 (KHTML, like Gecko) Chrome/91.0.4472.114 Safari/537.36" DataSize=0 HostName=localhost IP="::1" Method=OPTIONS Path=/api/v1/article/8/ SpendTime="1 ms" Status=204
time="2021-07-21 18:01:41" level=info Agent="Mozilla/5.0 (Macintosh; Intel Mac OS X 10_15_7) AppleWebKit/537.36 (KHTML, like Gecko) Chrome/91.0.4472.114 Safari/537.36" DataSize=763 HostName=localhost IP="::1" Method=GET Path=/api/v1/article/8/ SpendTime="7 ms" Status=200
time="2021-07-21 18:01:41" level=info Agent="Mozilla/5.0 (Macintosh; Intel Mac OS X 10_15_7) AppleWebKit/537.36 (KHTML, like Gecko) Chrome/91.0.4472.114 Safari/537.36" DataSize=196 HostName=localhost IP="::1" Method=GET Path="/api/v1/category/?size=100&page=1" SpendTime="7 ms" Status=200
time="2021-07-21 18:16:56" level=info Agent="Mozilla/5.0 (Macintosh; Intel Mac OS X 10_15_7) AppleWebKit/537.36 (KHTML, like Gecko) Chrome/91.0.4472.114 Safari/537.36" DataSize=0 HostName=localhost IP="::1" Method=OPTIONS Path="/api/v1/category/?size=100&page=1" SpendTime="1 ms" Status=204
time="2021-07-21 18:16:56" level=info Agent="Mozilla/5.0 (Macintosh; Intel Mac OS X 10_15_7) AppleWebKit/537.36 (KHTML, like Gecko) Chrome/91.0.4472.114 Safari/537.36" DataSize=0 HostName=localhost IP="::1" Method=OPTIONS Path=/api/v1/article/8/ SpendTime="1 ms" Status=204
time="2021-07-21 18:16:56" level=info Agent="Mozilla/5.0 (Macintosh; Intel Mac OS X 10_15_7) AppleWebKit/537.36 (KHTML, like Gecko) Chrome/91.0.4472.114 Safari/537.36" DataSize=196 HostName=localhost IP="::1" Method=GET Path="/api/v1/category/?size=100&page=1" SpendTime="10 ms" Status=200
time="2021-07-21 18:16:56" level=info Agent="Mozilla/5.0 (Macintosh; Intel Mac OS X 10_15_7) AppleWebKit/537.36 (KHTML, like Gecko) Chrome/91.0.4472.114 Safari/537.36" DataSize=763 HostName=localhost IP="::1" Method=GET Path=/api/v1/article/8/ SpendTime="14 ms" Status=200
time="2021-07-21 18:21:33" level=info Agent="Mozilla/5.0 (Macintosh; Intel Mac OS X 10_15_7) AppleWebKit/537.36 (KHTML, like Gecko) Chrome/91.0.4472.114 Safari/537.36" DataSize=0 HostName=localhost IP="::1" Method=OPTIONS Path="/api/v1/category/?size=100&page=1" SpendTime="1 ms" Status=204
time="2021-07-21 18:21:33" level=info Agent="Mozilla/5.0 (Macintosh; Intel Mac OS X 10_15_7) AppleWebKit/537.36 (KHTML, like Gecko) Chrome/91.0.4472.114 Safari/537.36" DataSize=0 HostName=localhost IP="::1" Method=OPTIONS Path=/api/v1/article/8/ SpendTime="1 ms" Status=204
time="2021-07-21 18:21:33" level=info Agent="Mozilla/5.0 (Macintosh; Intel Mac OS X 10_15_7) AppleWebKit/537.36 (KHTML, like Gecko) Chrome/91.0.4472.114 Safari/537.36" DataSize=196 HostName=localhost IP="::1" Method=GET Path="/api/v1/category/?size=100&page=1" SpendTime="10 ms" Status=200
time="2021-07-21 18:21:33" level=info Agent="Mozilla/5.0 (Macintosh; Intel Mac OS X 10_15_7) AppleWebKit/537.36 (KHTML, like Gecko) Chrome/91.0.4472.114 Safari/537.36" DataSize=763 HostName=localhost IP="::1" Method=GET Path=/api/v1/article/8/ SpendTime="12 ms" Status=200
