time="2021-07-26 11:02:52" level=info Agent="Mozilla/5.0 (Macintosh; Intel Mac OS X 10_15_7) AppleWebKit/537.36 (KHTML, like Gecko) Chrome/91.0.4472.114 Safari/537.36" DataSize=506 HostName=localhost IP="::1" Method=GET Path=/api/v1/wks/ SpendTime="6 ms" Status=200
time="2021-07-26 11:02:52" level=info Agent="Mozilla/5.0 (Macintosh; Intel Mac OS X 10_15_7) AppleWebKit/537.36 (KHTML, like Gecko) Chrome/91.0.4472.114 Safari/537.36" DataSize=116 HostName=localhost IP="::1" Method=GET Path=/api/v1/category/ SpendTime="12 ms" Status=200
time="2021-07-26 11:02:53" level=info Agent="Mozilla/5.0 (Macintosh; Intel Mac OS X 10_15_7) AppleWebKit/537.36 (KHTML, like Gecko) Chrome/91.0.4472.114 Safari/537.36" DataSize=506 HostName=localhost IP="::1" Method=GET Path=/api/v1/wks/ SpendTime="2 ms" Status=200
time="2021-07-26 11:02:53" level=info Agent="Mozilla/5.0 (Macintosh; Intel Mac OS X 10_15_7) AppleWebKit/537.36 (KHTML, like Gecko) Chrome/91.0.4472.114 Safari/537.36" DataSize=116 HostName=localhost IP="::1" Method=GET Path=/api/v1/category/ SpendTime="2 ms" Status=200
time="2021-07-26 11:02:53" level=info Agent="Mozilla/5.0 (Macintosh; Intel Mac OS X 10_15_7) AppleWebKit/537.36 (KHTML, like Gecko) Chrome/91.0.4472.114 Safari/537.36" DataSize=506 HostName=localhost IP="::1" Method=GET Path=/api/v1/wks/ SpendTime="1 ms" Status=200
time="2021-07-26 11:02:53" level=info Agent="Mozilla/5.0 (Macintosh; Intel Mac OS X 10_15_7) AppleWebKit/537.36 (KHTML, like Gecko) Chrome/91.0.4472.114 Safari/537.36" DataSize=116 HostName=localhost IP="::1" Method=GET Path=/api/v1/category/ SpendTime="3 ms" Status=200
time="2021-07-26 11:02:54" level=info Agent="Mozilla/5.0 (Macintosh; Intel Mac OS X 10_15_7) AppleWebKit/537.36 (KHTML, like Gecko) Chrome/91.0.4472.114 Safari/537.36" DataSize=506 HostName=localhost IP="::1" Method=GET Path=/api/v1/wks/ SpendTime="1 ms" Status=200
time="2021-07-26 11:02:54" level=info Agent="Mozilla/5.0 (Macintosh; Intel Mac OS X 10_15_7) AppleWebKit/537.36 (KHTML, like Gecko) Chrome/91.0.4472.114 Safari/537.36" DataSize=116 HostName=localhost IP="::1" Method=GET Path=/api/v1/category/ SpendTime="1 ms" Status=200
time="2021-07-26 11:02:55" level=info Agent="Mozilla/5.0 (Macintosh; Intel Mac OS X 10_15_7) AppleWebKit/537.36 (KHTML, like Gecko) Chrome/91.0.4472.114 Safari/537.36" DataSize=506 HostName=localhost IP="::1" Method=GET Path=/api/v1/wks/ SpendTime="1 ms" Status=200
time="2021-07-26 11:02:55" level=info Agent="Mozilla/5.0 (Macintosh; Intel Mac OS X 10_15_7) AppleWebKit/537.36 (KHTML, like Gecko) Chrome/91.0.4472.114 Safari/537.36" DataSize=116 HostName=localhost IP="::1" Method=GET Path=/api/v1/category/ SpendTime="1 ms" Status=200
time="2021-07-26 11:02:55" level=info Agent="Mozilla/5.0 (Macintosh; Intel Mac OS X 10_15_7) AppleWebKit/537.36 (KHTML, like Gecko) Chrome/91.0.4472.114 Safari/537.36" DataSize=506 HostName=localhost IP="::1" Method=GET Path=/api/v1/wks/ SpendTime="1 ms" Status=200
time="2021-07-26 11:02:55" level=info Agent="Mozilla/5.0 (Macintosh; Intel Mac OS X 10_15_7) AppleWebKit/537.36 (KHTML, like Gecko) Chrome/91.0.4472.114 Safari/537.36" DataSize=116 HostName=localhost IP="::1" Method=GET Path=/api/v1/category/ SpendTime="2 ms" Status=200
time="2021-07-26 11:02:56" level=info Agent="Mozilla/5.0 (Macintosh; Intel Mac OS X 10_15_7) AppleWebKit/537.36 (KHTML, like Gecko) Chrome/91.0.4472.114 Safari/537.36" DataSize=506 HostName=localhost IP="::1" Method=GET Path=/api/v1/wks/ SpendTime="1 ms" Status=200
time="2021-07-26 11:02:56" level=info Agent="Mozilla/5.0 (Macintosh; Intel Mac OS X 10_15_7) AppleWebKit/537.36 (KHTML, like Gecko) Chrome/91.0.4472.114 Safari/537.36" DataSize=116 HostName=localhost IP="::1" Method=GET Path=/api/v1/category/ SpendTime="2 ms" Status=200
time="2021-07-26 11:02:57" level=info Agent="Mozilla/5.0 (Macintosh; Intel Mac OS X 10_15_7) AppleWebKit/537.36 (KHTML, like Gecko) Chrome/91.0.4472.114 Safari/537.36" DataSize=506 HostName=localhost IP="::1" Method=GET Path=/api/v1/wks/ SpendTime="1 ms" Status=200
time="2021-07-26 11:02:57" level=info Agent="Mozilla/5.0 (Macintosh; Intel Mac OS X 10_15_7) AppleWebKit/537.36 (KHTML, like Gecko) Chrome/91.0.4472.114 Safari/537.36" DataSize=116 HostName=localhost IP="::1" Method=GET Path=/api/v1/category/ SpendTime="2 ms" Status=200
time="2021-07-26 11:02:57" level=info Agent="Mozilla/5.0 (Macintosh; Intel Mac OS X 10_15_7) AppleWebKit/537.36 (KHTML, like Gecko) Chrome/91.0.4472.114 Safari/537.36" DataSize=506 HostName=localhost IP="::1" Method=GET Path=/api/v1/wks/ SpendTime="1 ms" Status=200
time="2021-07-26 11:02:57" level=info Agent="Mozilla/5.0 (Macintosh; Intel Mac OS X 10_15_7) AppleWebKit/537.36 (KHTML, like Gecko) Chrome/91.0.4472.114 Safari/537.36" DataSize=116 HostName=localhost IP="::1" Method=GET Path=/api/v1/category/ SpendTime="3 ms" Status=200
time="2021-07-26 11:02:58" level=info Agent="Mozilla/5.0 (Macintosh; Intel Mac OS X 10_15_7) AppleWebKit/537.36 (KHTML, like Gecko) Chrome/91.0.4472.114 Safari/537.36" DataSize=506 HostName=localhost IP="::1" Method=GET Path=/api/v1/wks/ SpendTime="1 ms" Status=200
time="2021-07-26 11:02:58" level=info Agent="Mozilla/5.0 (Macintosh; Intel Mac OS X 10_15_7) AppleWebKit/537.36 (KHTML, like Gecko) Chrome/91.0.4472.114 Safari/537.36" DataSize=116 HostName=localhost IP="::1" Method=GET Path=/api/v1/category/ SpendTime="1 ms" Status=200
time="2021-07-26 11:02:59" level=info Agent="Mozilla/5.0 (Macintosh; Intel Mac OS X 10_15_7) AppleWebKit/537.36 (KHTML, like Gecko) Chrome/91.0.4472.114 Safari/537.36" DataSize=506 HostName=localhost IP="::1" Method=GET Path=/api/v1/wks/ SpendTime="1 ms" Status=200
time="2021-07-26 11:02:59" level=info Agent="Mozilla/5.0 (Macintosh; Intel Mac OS X 10_15_7) AppleWebKit/537.36 (KHTML, like Gecko) Chrome/91.0.4472.114 Safari/537.36" DataSize=116 HostName=localhost IP="::1" Method=GET Path=/api/v1/category/ SpendTime="2 ms" Status=200
time="2021-07-26 11:02:59" level=info Agent="Mozilla/5.0 (Macintosh; Intel Mac OS X 10_15_7) AppleWebKit/537.36 (KHTML, like Gecko) Chrome/91.0.4472.114 Safari/537.36" DataSize=116 HostName=localhost IP="::1" Method=GET Path=/api/v1/category/ SpendTime="2 ms" Status=200
time="2021-07-26 11:02:59" level=info Agent="Mozilla/5.0 (Macintosh; Intel Mac OS X 10_15_7) AppleWebKit/537.36 (KHTML, like Gecko) Chrome/91.0.4472.114 Safari/537.36" DataSize=506 HostName=localhost IP="::1" Method=GET Path=/api/v1/wks/ SpendTime="4 ms" Status=200
time="2021-07-26 14:12:44" level=info Agent="Mozilla/5.0 (Macintosh; Intel Mac OS X 10_15_7) AppleWebKit/537.36 (KHTML, like Gecko) Chrome/91.0.4472.114 Safari/537.36" DataSize=0 HostName=localhost IP="::1" Method=OPTIONS Path=/api/v1/login/ SpendTime="3 ms" Status=204
time="2021-07-26 14:12:44" level=info Agent="Mozilla/5.0 (Macintosh; Intel Mac OS X 10_15_7) AppleWebKit/537.36 (KHTML, like Gecko) Chrome/91.0.4472.114 Safari/537.36" DataSize=192 HostName=localhost IP="::1" Method=POST Path=/api/v1/login/ SpendTime="164 ms" Status=200
time="2021-07-26 14:12:48" level=info Agent="Mozilla/5.0 (Macintosh; Intel Mac OS X 10_15_7) AppleWebKit/537.36 (KHTML, like Gecko) Chrome/91.0.4472.114 Safari/537.36" DataSize=0 HostName=localhost IP="::1" Method=OPTIONS Path=/api/v1/wks/ SpendTime="1 ms" Status=204
time="2021-07-26 14:12:48" level=info Agent="Mozilla/5.0 (Macintosh; Intel Mac OS X 10_15_7) AppleWebKit/537.36 (KHTML, like Gecko) Chrome/91.0.4472.114 Safari/537.36" DataSize=506 HostName=localhost IP="::1" Method=GET Path=/api/v1/wks/ SpendTime="4 ms" Status=200
time="2021-07-26 14:12:48" level=info Agent="Mozilla/5.0 (Macintosh; Intel Mac OS X 10_15_7) AppleWebKit/537.36 (KHTML, like Gecko) Chrome/91.0.4472.114 Safari/537.36" DataSize=0 HostName=localhost IP="::1" Method=OPTIONS Path="/api/v1/user/?username=&size=5&page=1" SpendTime="1 ms" Status=204
time="2021-07-26 14:12:48" level=info Agent="Mozilla/5.0 (Macintosh; Intel Mac OS X 10_15_7) AppleWebKit/537.36 (KHTML, like Gecko) Chrome/91.0.4472.114 Safari/537.36" DataSize=674 HostName=localhost IP="::1" Method=GET Path="/api/v1/user/?username=&size=5&page=1" SpendTime="6 ms" Status=200
time="2021-07-26 14:12:49" level=info Agent="Mozilla/5.0 (Macintosh; Intel Mac OS X 10_15_7) AppleWebKit/537.36 (KHTML, like Gecko) Chrome/91.0.4472.114 Safari/537.36" DataSize=0 HostName=localhost IP="::1" Method=OPTIONS Path=/api/v1/wks/ SpendTime="1 ms" Status=204
time="2021-07-26 14:12:49" level=info Agent="Mozilla/5.0 (Macintosh; Intel Mac OS X 10_15_7) AppleWebKit/537.36 (KHTML, like Gecko) Chrome/91.0.4472.114 Safari/537.36" DataSize=506 HostName=localhost IP="::1" Method=GET Path=/api/v1/wks/ SpendTime="3 ms" Status=200
time="2021-07-26 14:12:54" level=info Agent="Mozilla/5.0 (Macintosh; Intel Mac OS X 10_15_7) AppleWebKit/537.36 (KHTML, like Gecko) Chrome/91.0.4472.114 Safari/537.36" DataSize=0 HostName=localhost IP="::1" Method=OPTIONS Path="/api/v1/user/?username=&size=5&page=1" SpendTime="1 ms" Status=204
time="2021-07-26 14:12:54" level=info Agent="Mozilla/5.0 (Macintosh; Intel Mac OS X 10_15_7) AppleWebKit/537.36 (KHTML, like Gecko) Chrome/91.0.4472.114 Safari/537.36" DataSize=674 HostName=localhost IP="::1" Method=GET Path="/api/v1/user/?username=&size=5&page=1" SpendTime="2 ms" Status=200
time="2021-07-26 14:12:55" level=info Agent="Mozilla/5.0 (Macintosh; Intel Mac OS X 10_15_7) AppleWebKit/537.36 (KHTML, like Gecko) Chrome/91.0.4472.114 Safari/537.36" DataSize=0 HostName=localhost IP="::1" Method=OPTIONS Path="/api/v1/category/?size=5&page=1" SpendTime="1 ms" Status=204
time="2021-07-26 14:12:55" level=info Agent="Mozilla/5.0 (Macintosh; Intel Mac OS X 10_15_7) AppleWebKit/537.36 (KHTML, like Gecko) Chrome/91.0.4472.114 Safari/537.36" DataSize=173 HostName=localhost IP="::1" Method=GET Path="/api/v1/category/?size=5&page=1" SpendTime="9 ms" Status=200
time="2021-07-26 14:12:56" level=info Agent="Mozilla/5.0 (Macintosh; Intel Mac OS X 10_15_7) AppleWebKit/537.36 (KHTML, like Gecko) Chrome/91.0.4472.114 Safari/537.36" DataSize=0 HostName=localhost IP="::1" Method=OPTIONS Path="/api/v1/category/?size=100&page=1" SpendTime="1 ms" Status=204
time="2021-07-26 14:12:56" level=info Agent="Mozilla/5.0 (Macintosh; Intel Mac OS X 10_15_7) AppleWebKit/537.36 (KHTML, like Gecko) Chrome/91.0.4472.114 Safari/537.36" DataSize=173 HostName=localhost IP="::1" Method=GET Path="/api/v1/category/?size=100&page=1" SpendTime="2 ms" Status=200
time="2021-07-26 14:12:57" level=info Agent="Mozilla/5.0 (Macintosh; Intel Mac OS X 10_15_7) AppleWebKit/537.36 (KHTML, like Gecko) Chrome/91.0.4472.114 Safari/537.36" DataSize=0 HostName=localhost IP="::1" Method=OPTIONS Path="/api/v1/category/?size=100&page=1" SpendTime="1 ms" Status=204
time="2021-07-26 14:12:57" level=info Agent="Mozilla/5.0 (Macintosh; Intel Mac OS X 10_15_7) AppleWebKit/537.36 (KHTML, like Gecko) Chrome/91.0.4472.114 Safari/537.36" DataSize=0 HostName=localhost IP="::1" Method=OPTIONS Path="/api/v1/article/?title=&size=5&page=1" SpendTime="1 ms" Status=204
time="2021-07-26 14:12:57" level=info Agent="Mozilla/5.0 (Macintosh; Intel Mac OS X 10_15_7) AppleWebKit/537.36 (KHTML, like Gecko) Chrome/91.0.4472.114 Safari/537.36" DataSize=173 HostName=localhost IP="::1" Method=GET Path="/api/v1/category/?size=100&page=1" SpendTime="5 ms" Status=200
time="2021-07-26 14:12:57" level=info Agent="Mozilla/5.0 (Macintosh; Intel Mac OS X 10_15_7) AppleWebKit/537.36 (KHTML, like Gecko) Chrome/91.0.4472.114 Safari/537.36" DataSize=1367 HostName=localhost IP="::1" Method=GET Path="/api/v1/article/?title=&size=5&page=1" SpendTime="24 ms" Status=200
time="2021-07-26 14:12:59" level=info Agent="Mozilla/5.0 (Macintosh; Intel Mac OS X 10_15_7) AppleWebKit/537.36 (KHTML, like Gecko) Chrome/91.0.4472.114 Safari/537.36" DataSize=0 HostName=localhost IP="::1" Method=OPTIONS Path="/api/v1/category/?size=100&page=1" SpendTime="1 ms" Status=204
time="2021-07-26 14:12:59" level=info Agent="Mozilla/5.0 (Macintosh; Intel Mac OS X 10_15_7) AppleWebKit/537.36 (KHTML, like Gecko) Chrome/91.0.4472.114 Safari/537.36" DataSize=173 HostName=localhost IP="::1" Method=GET Path="/api/v1/category/?size=100&page=1" SpendTime="4 ms" Status=200
time="2021-07-26 14:13:11" level=info Agent="Mozilla/5.0 (Macintosh; Intel Mac OS X 10_15_7) AppleWebKit/537.36 (KHTML, like Gecko) Chrome/91.0.4472.114 Safari/537.36" DataSize=506 HostName=localhost IP="::1" Method=GET Path=/api/v1/wks/ SpendTime="13 ms" Status=200
time="2021-07-26 14:13:11" level=info Agent="Mozilla/5.0 (Macintosh; Intel Mac OS X 10_15_7) AppleWebKit/537.36 (KHTML, like Gecko) Chrome/91.0.4472.114 Safari/537.36" DataSize=116 HostName=localhost IP="::1" Method=GET Path=/api/v1/category/ SpendTime="13 ms" Status=200
time="2021-07-26 14:13:15" level=info Agent="Mozilla/5.0 (Macintosh; Intel Mac OS X 10_15_7) AppleWebKit/537.36 (KHTML, like Gecko) Chrome/91.0.4472.114 Safari/537.36" DataSize=506 HostName=localhost IP="::1" Method=GET Path=/api/v1/wks/ SpendTime="2 ms" Status=200
time="2021-07-26 14:13:15" level=info Agent="Mozilla/5.0 (Macintosh; Intel Mac OS X 10_15_7) AppleWebKit/537.36 (KHTML, like Gecko) Chrome/91.0.4472.114 Safari/537.36" DataSize=116 HostName=localhost IP="::1" Method=GET Path=/api/v1/category/ SpendTime="3 ms" Status=200
time="2021-07-26 14:13:15" level=info Agent="Mozilla/5.0 (Macintosh; Intel Mac OS X 10_15_7) AppleWebKit/537.36 (KHTML, like Gecko) Chrome/91.0.4472.114 Safari/537.36" DataSize=506 HostName=localhost IP="::1" Method=GET Path=/api/v1/wks/ SpendTime="1 ms" Status=200
time="2021-07-26 14:13:15" level=info Agent="Mozilla/5.0 (Macintosh; Intel Mac OS X 10_15_7) AppleWebKit/537.36 (KHTML, like Gecko) Chrome/91.0.4472.114 Safari/537.36" DataSize=116 HostName=localhost IP="::1" Method=GET Path=/api/v1/category/ SpendTime="2 ms" Status=200
time="2021-07-26 14:13:16" level=info Agent="Mozilla/5.0 (Macintosh; Intel Mac OS X 10_15_7) AppleWebKit/537.36 (KHTML, like Gecko) Chrome/91.0.4472.114 Safari/537.36" DataSize=506 HostName=localhost IP="::1" Method=GET Path=/api/v1/wks/ SpendTime="1 ms" Status=200
time="2021-07-26 14:13:16" level=info Agent="Mozilla/5.0 (Macintosh; Intel Mac OS X 10_15_7) AppleWebKit/537.36 (KHTML, like Gecko) Chrome/91.0.4472.114 Safari/537.36" DataSize=116 HostName=localhost IP="::1" Method=GET Path=/api/v1/category/ SpendTime="2 ms" Status=200
time="2021-07-26 14:13:16" level=info Agent="Mozilla/5.0 (Macintosh; Intel Mac OS X 10_15_7) AppleWebKit/537.36 (KHTML, like Gecko) Chrome/91.0.4472.114 Safari/537.36" DataSize=506 HostName=localhost IP="::1" Method=GET Path=/api/v1/wks/ SpendTime="1 ms" Status=200
time="2021-07-26 14:13:16" level=info Agent="Mozilla/5.0 (Macintosh; Intel Mac OS X 10_15_7) AppleWebKit/537.36 (KHTML, like Gecko) Chrome/91.0.4472.114 Safari/537.36" DataSize=116 HostName=localhost IP="::1" Method=GET Path=/api/v1/category/ SpendTime="2 ms" Status=200
time="2021-07-26 14:13:17" level=info Agent="Mozilla/5.0 (Macintosh; Intel Mac OS X 10_15_7) AppleWebKit/537.36 (KHTML, like Gecko) Chrome/91.0.4472.114 Safari/537.36" DataSize=506 HostName=localhost IP="::1" Method=GET Path=/api/v1/wks/ SpendTime="1 ms" Status=200
time="2021-07-26 14:13:17" level=info Agent="Mozilla/5.0 (Macintosh; Intel Mac OS X 10_15_7) AppleWebKit/537.36 (KHTML, like Gecko) Chrome/91.0.4472.114 Safari/537.36" DataSize=116 HostName=localhost IP="::1" Method=GET Path=/api/v1/category/ SpendTime="2 ms" Status=200
time="2021-07-26 14:14:33" level=info Agent="Mozilla/5.0 (Macintosh; Intel Mac OS X 10_15_7) AppleWebKit/537.36 (KHTML, like Gecko) Chrome/91.0.4472.114 Safari/537.36" DataSize=116 HostName=localhost IP="::1" Method=GET Path=/api/v1/category/ SpendTime="9 ms" Status=200
time="2021-07-26 14:14:33" level=info Agent="Mozilla/5.0 (Macintosh; Intel Mac OS X 10_15_7) AppleWebKit/537.36 (KHTML, like Gecko) Chrome/91.0.4472.114 Safari/537.36" DataSize=506 HostName=localhost IP="::1" Method=GET Path=/api/v1/wks/ SpendTime="9 ms" Status=200
time="2021-07-26 14:37:07" level=info Agent="Mozilla/5.0 (Macintosh; Intel Mac OS X 10_15_7) AppleWebKit/537.36 (KHTML, like Gecko) Chrome/91.0.4472.114 Safari/537.36" DataSize=506 HostName=localhost IP="::1" Method=GET Path=/api/v1/wks/ SpendTime="18 ms" Status=200
time="2021-07-26 14:37:07" level=info Agent="Mozilla/5.0 (Macintosh; Intel Mac OS X 10_15_7) AppleWebKit/537.36 (KHTML, like Gecko) Chrome/91.0.4472.114 Safari/537.36" DataSize=116 HostName=localhost IP="::1" Method=GET Path=/api/v1/category/ SpendTime="20 ms" Status=200
time="2021-07-26 14:37:13" level=info Agent="Mozilla/5.0 (Macintosh; Intel Mac OS X 10_15_7) AppleWebKit/537.36 (KHTML, like Gecko) Chrome/91.0.4472.114 Safari/537.36" DataSize=506 HostName=localhost IP="::1" Method=GET Path=/api/v1/wks/ SpendTime="3 ms" Status=200
time="2021-07-26 14:37:13" level=info Agent="Mozilla/5.0 (Macintosh; Intel Mac OS X 10_15_7) AppleWebKit/537.36 (KHTML, like Gecko) Chrome/91.0.4472.114 Safari/537.36" DataSize=116 HostName=localhost IP="::1" Method=GET Path=/api/v1/category/ SpendTime="4 ms" Status=200
time="2021-07-26 14:47:35" level=info Agent="Mozilla/5.0 (Macintosh; Intel Mac OS X 10_15_7) AppleWebKit/537.36 (KHTML, like Gecko) Chrome/91.0.4472.114 Safari/537.36" DataSize=506 HostName=localhost IP="::1" Method=GET Path=/api/v1/wks/ SpendTime="9 ms" Status=200
time="2021-07-26 14:47:35" level=info Agent="Mozilla/5.0 (Macintosh; Intel Mac OS X 10_15_7) AppleWebKit/537.36 (KHTML, like Gecko) Chrome/91.0.4472.114 Safari/537.36" DataSize=116 HostName=localhost IP="::1" Method=GET Path=/api/v1/category/ SpendTime="11 ms" Status=200
time="2021-07-26 14:49:14" level=info Agent="Mozilla/5.0 (Macintosh; Intel Mac OS X 10_15_7) AppleWebKit/537.36 (KHTML, like Gecko) Chrome/91.0.4472.114 Safari/537.36" DataSize=506 HostName=localhost IP="::1" Method=GET Path=/api/v1/wks/ SpendTime="7 ms" Status=200
time="2021-07-26 14:49:14" level=info Agent="Mozilla/5.0 (Macintosh; Intel Mac OS X 10_15_7) AppleWebKit/537.36 (KHTML, like Gecko) Chrome/91.0.4472.114 Safari/537.36" DataSize=116 HostName=localhost IP="::1" Method=GET Path=/api/v1/category/ SpendTime="9 ms" Status=200
time="2021-07-26 14:49:55" level=info Agent="Mozilla/5.0 (Macintosh; Intel Mac OS X 10_15_7) AppleWebKit/537.36 (KHTML, like Gecko) Chrome/91.0.4472.114 Safari/537.36" DataSize=506 HostName=localhost IP="::1" Method=GET Path=/api/v1/wks/ SpendTime="3 ms" Status=200
time="2021-07-26 14:51:01" level=info Agent="Mozilla/5.0 (Macintosh; Intel Mac OS X 10_15_7) AppleWebKit/537.36 (KHTML, like Gecko) Chrome/91.0.4472.114 Safari/537.36" DataSize=506 HostName=localhost IP="::1" Method=GET Path=/api/v1/wks/ SpendTime="6 ms" Status=200
time="2021-07-26 14:51:01" level=info Agent="Mozilla/5.0 (Macintosh; Intel Mac OS X 10_15_7) AppleWebKit/537.36 (KHTML, like Gecko) Chrome/91.0.4472.114 Safari/537.36" DataSize=116 HostName=localhost IP="::1" Method=GET Path=/api/v1/category/ SpendTime="7 ms" Status=200
time="2021-07-26 14:51:28" level=info Agent="Mozilla/5.0 (Macintosh; Intel Mac OS X 10_15_7) AppleWebKit/537.36 (KHTML, like Gecko) Chrome/91.0.4472.114 Safari/537.36" DataSize=506 HostName=localhost IP="::1" Method=GET Path=/api/v1/wks/ SpendTime="6 ms" Status=200
time="2021-07-26 14:51:28" level=info Agent="Mozilla/5.0 (Macintosh; Intel Mac OS X 10_15_7) AppleWebKit/537.36 (KHTML, like Gecko) Chrome/91.0.4472.114 Safari/537.36" DataSize=116 HostName=localhost IP="::1" Method=GET Path=/api/v1/category/ SpendTime="8 ms" Status=200
time="2021-07-26 14:51:28" level=info Agent="Mozilla/5.0 (Macintosh; Intel Mac OS X 10_15_7) AppleWebKit/537.36 (KHTML, like Gecko) Chrome/91.0.4472.114 Safari/537.36" DataSize=116 HostName=localhost IP="::1" Method=GET Path=/api/v1/category/ SpendTime="2 ms" Status=200
time="2021-07-26 14:51:28" level=info Agent="Mozilla/5.0 (Macintosh; Intel Mac OS X 10_15_7) AppleWebKit/537.36 (KHTML, like Gecko) Chrome/91.0.4472.114 Safari/537.36" DataSize=506 HostName=localhost IP="::1" Method=GET Path=/api/v1/wks/ SpendTime="2 ms" Status=200
time="2021-07-26 14:52:36" level=info Agent="Mozilla/5.0 (Macintosh; Intel Mac OS X 10_15_7) AppleWebKit/537.36 (KHTML, like Gecko) Chrome/91.0.4472.114 Safari/537.36" DataSize=506 HostName=localhost IP="::1" Method=GET Path=/api/v1/wks/ SpendTime="7 ms" Status=200
time="2021-07-26 14:52:36" level=info Agent="Mozilla/5.0 (Macintosh; Intel Mac OS X 10_15_7) AppleWebKit/537.36 (KHTML, like Gecko) Chrome/91.0.4472.114 Safari/537.36" DataSize=116 HostName=localhost IP="::1" Method=GET Path=/api/v1/category/ SpendTime="13 ms" Status=200
time="2021-07-26 14:53:58" level=info Agent="Mozilla/5.0 (Macintosh; Intel Mac OS X 10_15_7) AppleWebKit/537.36 (KHTML, like Gecko) Chrome/91.0.4472.114 Safari/537.36" DataSize=506 HostName=localhost IP="::1" Method=GET Path=/api/v1/wks/ SpendTime="7 ms" Status=200
time="2021-07-26 14:54:30" level=info Agent="Mozilla/5.0 (Macintosh; Intel Mac OS X 10_15_7) AppleWebKit/537.36 (KHTML, like Gecko) Chrome/91.0.4472.114 Safari/537.36" DataSize=506 HostName=localhost IP="::1" Method=GET Path=/api/v1/wks/ SpendTime="4 ms" Status=200
time="2021-07-26 14:55:04" level=info Agent="Mozilla/5.0 (Macintosh; Intel Mac OS X 10_15_7) AppleWebKit/537.36 (KHTML, like Gecko) Chrome/91.0.4472.114 Safari/537.36" DataSize=116 HostName=localhost IP="::1" Method=GET Path=/api/v1/category/ SpendTime="5 ms" Status=200
time="2021-07-26 14:55:06" level=info Agent="Mozilla/5.0 (Macintosh; Intel Mac OS X 10_15_7) AppleWebKit/537.36 (KHTML, like Gecko) Chrome/91.0.4472.114 Safari/537.36" DataSize=116 HostName=localhost IP="::1" Method=GET Path=/api/v1/category/ SpendTime="3 ms" Status=200
time="2021-07-26 14:55:13" level=info Agent="Mozilla/5.0 (Macintosh; Intel Mac OS X 10_15_7) AppleWebKit/537.36 (KHTML, like Gecko) Chrome/91.0.4472.114 Safari/537.36" DataSize=116 HostName=localhost IP="::1" Method=GET Path=/api/v1/category/ SpendTime="3 ms" Status=200
time="2021-07-26 14:55:13" level=info Agent="Mozilla/5.0 (Macintosh; Intel Mac OS X 10_15_7) AppleWebKit/537.36 (KHTML, like Gecko) Chrome/91.0.4472.114 Safari/537.36" DataSize=506 HostName=localhost IP="::1" Method=GET Path=/api/v1/wks/ SpendTime="12 ms" Status=200
time="2021-07-26 14:55:18" level=info Agent="Mozilla/5.0 (Macintosh; Intel Mac OS X 10_15_7) AppleWebKit/537.36 (KHTML, like Gecko) Chrome/91.0.4472.114 Safari/537.36" DataSize=116 HostName=localhost IP="::1" Method=GET Path=/api/v1/category/ SpendTime="3 ms" Status=200
time="2021-07-26 14:56:26" level=info Agent="Mozilla/5.0 (Macintosh; Intel Mac OS X 10_15_7) AppleWebKit/537.36 (KHTML, like Gecko) Chrome/91.0.4472.114 Safari/537.36" DataSize=116 HostName=localhost IP="::1" Method=GET Path=/api/v1/category/ SpendTime="7 ms" Status=200
time="2021-07-26 15:03:50" level=info Agent="Mozilla/5.0 (Macintosh; Intel Mac OS X 10_15_7) AppleWebKit/537.36 (KHTML, like Gecko) Chrome/91.0.4472.114 Safari/537.36" DataSize=116 HostName=lihaoyedeMacBook-Air.local IP="::1" Method=GET Path=/api/v1/category/ SpendTime="11 ms" Status=200
time="2021-07-26 15:04:22" level=info Agent="Mozilla/5.0 (Macintosh; Intel Mac OS X 10_15_7) AppleWebKit/537.36 (KHTML, like Gecko) Chrome/91.0.4472.114 Safari/537.36" DataSize=116 HostName=lihaoyedeMacBook-Air.local IP="::1" Method=GET Path=/api/v1/category/ SpendTime="13 ms" Status=200
time="2021-07-26 15:14:33" level=info Agent="Mozilla/5.0 (Macintosh; Intel Mac OS X 10_15_7) AppleWebKit/537.36 (KHTML, like Gecko) Chrome/91.0.4472.114 Safari/537.36" DataSize=116 HostName=lihaoyedeMacBook-Air.local IP="::1" Method=GET Path=/api/v1/category/ SpendTime="18 ms" Status=200
time="2021-07-26 15:15:12" level=info Agent="Mozilla/5.0 (Macintosh; Intel Mac OS X 10_15_7) AppleWebKit/537.36 (KHTML, like Gecko) Chrome/91.0.4472.114 Safari/537.36" DataSize=116 HostName=lihaoyedeMacBook-Air.local IP="::1" Method=GET Path=/api/v1/category/ SpendTime="12 ms" Status=200
time="2021-07-26 15:15:12" level=info Agent="Mozilla/5.0 (Macintosh; Intel Mac OS X 10_15_7) AppleWebKit/537.36 (KHTML, like Gecko) Chrome/91.0.4472.114 Safari/537.36" DataSize=116 HostName=lihaoyedeMacBook-Air.local IP="::1" Method=GET Path=/api/v1/category/ SpendTime="2 ms" Status=200
time="2021-07-26 15:15:15" level=info Agent="Mozilla/5.0 (Macintosh; Intel Mac OS X 10_15_7) AppleWebKit/537.36 (KHTML, like Gecko) Chrome/91.0.4472.114 Safari/537.36" DataSize=116 HostName=lihaoyedeMacBook-Air.local IP="::1" Method=GET Path=/api/v1/category/ SpendTime="2 ms" Status=200
time="2021-07-26 15:15:37" level=info Agent="Mozilla/5.0 (Macintosh; Intel Mac OS X 10_15_7) AppleWebKit/537.36 (KHTML, like Gecko) Chrome/91.0.4472.114 Safari/537.36" DataSize=116 HostName=lihaoyedeMacBook-Air.local IP="::1" Method=GET Path=/api/v1/category/ SpendTime="18 ms" Status=200
time="2021-07-26 15:22:08" level=info Agent="Mozilla/5.0 (Macintosh; Intel Mac OS X 10_15_7) AppleWebKit/537.36 (KHTML, like Gecko) Chrome/91.0.4472.114 Safari/537.36" DataSize=116 HostName=lihaoyedeMacBook-Air.local IP="::1" Method=GET Path=/api/v1/category/ SpendTime="9 ms" Status=200
time="2021-07-26 15:22:55" level=info Agent="Mozilla/5.0 (Macintosh; Intel Mac OS X 10_15_7) AppleWebKit/537.36 (KHTML, like Gecko) Chrome/91.0.4472.114 Safari/537.36" DataSize=116 HostName=lihaoyedeMacBook-Air.local IP="::1" Method=GET Path=/api/v1/category/ SpendTime="8 ms" Status=200
time="2021-07-26 15:23:00" level=info Agent="Mozilla/5.0 (Macintosh; Intel Mac OS X 10_15_7) AppleWebKit/537.36 (KHTML, like Gecko) Chrome/91.0.4472.114 Safari/537.36" DataSize=116 HostName=lihaoyedeMacBook-Air.local IP="::1" Method=GET Path=/api/v1/category/ SpendTime="2 ms" Status=200
time="2021-07-26 15:23:09" level=info Agent="Mozilla/5.0 (Macintosh; Intel Mac OS X 10_15_7) AppleWebKit/537.36 (KHTML, like Gecko) Chrome/91.0.4472.114 Safari/537.36" DataSize=116 HostName=lihaoyedeMacBook-Air.local IP="::1" Method=GET Path=/api/v1/category/ SpendTime="7 ms" Status=200
time="2021-07-26 15:23:18" level=info Agent="Mozilla/5.0 (Macintosh; Intel Mac OS X 10_15_7) AppleWebKit/537.36 (KHTML, like Gecko) Chrome/91.0.4472.114 Safari/537.36" DataSize=116 HostName=lihaoyedeMacBook-Air.local IP="::1" Method=GET Path=/api/v1/category/ SpendTime="2 ms" Status=200
time="2021-07-26 15:23:30" level=info Agent="Mozilla/5.0 (Macintosh; Intel Mac OS X 10_15_7) AppleWebKit/537.36 (KHTML, like Gecko) Chrome/91.0.4472.114 Safari/537.36" DataSize=116 HostName=lihaoyedeMacBook-Air.local IP="::1" Method=GET Path=/api/v1/category/ SpendTime="11 ms" Status=200
time="2021-07-26 15:26:50" level=info Agent="Mozilla/5.0 (Macintosh; Intel Mac OS X 10_15_7) AppleWebKit/537.36 (KHTML, like Gecko) Chrome/91.0.4472.114 Safari/537.36" DataSize=116 HostName=lihaoyedeMacBook-Air.local IP="::1" Method=GET Path=/api/v1/category/ SpendTime="9 ms" Status=200
time="2021-07-26 15:26:50" level=info Agent="Mozilla/5.0 (Macintosh; Intel Mac OS X 10_15_7) AppleWebKit/537.36 (KHTML, like Gecko) Chrome/91.0.4472.114 Safari/537.36" DataSize=116 HostName=lihaoyedeMacBook-Air.local IP="::1" Method=GET Path=/api/v1/category/ SpendTime="2 ms" Status=200
time="2021-07-26 15:26:50" level=info Agent="Mozilla/5.0 (Macintosh; Intel Mac OS X 10_15_7) AppleWebKit/537.36 (KHTML, like Gecko) Chrome/91.0.4472.114 Safari/537.36" DataSize=116 HostName=lihaoyedeMacBook-Air.local IP="::1" Method=GET Path=/api/v1/category/ SpendTime="2 ms" Status=200
time="2021-07-26 15:26:57" level=info Agent="Mozilla/5.0 (Macintosh; Intel Mac OS X 10_15_7) AppleWebKit/537.36 (KHTML, like Gecko) Chrome/91.0.4472.114 Safari/537.36" DataSize=116 HostName=lihaoyedeMacBook-Air.local IP="::1" Method=GET Path=/api/v1/category/ SpendTime="3 ms" Status=200
time="2021-07-26 15:27:00" level=info Agent="Mozilla/5.0 (Macintosh; Intel Mac OS X 10_15_7) AppleWebKit/537.36 (KHTML, like Gecko) Chrome/91.0.4472.114 Safari/537.36" DataSize=506 HostName=lihaoyedeMacBook-Air.local IP="::1" Method=GET Path=/api/v1/wks/ SpendTime="4 ms" Status=200
time="2021-07-26 15:27:02" level=info Agent="Mozilla/5.0 (Macintosh; Intel Mac OS X 10_15_7) AppleWebKit/537.36 (KHTML, like Gecko) Chrome/91.0.4472.114 Safari/537.36" DataSize=506 HostName=lihaoyedeMacBook-Air.local IP="::1" Method=GET Path=/api/v1/wks/ SpendTime="11 ms" Status=200
time="2021-07-26 15:27:03" level=info Agent="Mozilla/5.0 (Macintosh; Intel Mac OS X 10_15_7) AppleWebKit/537.36 (KHTML, like Gecko) Chrome/91.0.4472.114 Safari/537.36" DataSize=506 HostName=lihaoyedeMacBook-Air.local IP="::1" Method=GET Path=/api/v1/wks/ SpendTime="1 ms" Status=200
time="2021-07-26 15:27:04" level=info Agent="Mozilla/5.0 (Macintosh; Intel Mac OS X 10_15_7) AppleWebKit/537.36 (KHTML, like Gecko) Chrome/91.0.4472.114 Safari/537.36" DataSize=506 HostName=lihaoyedeMacBook-Air.local IP="::1" Method=GET Path=/api/v1/wks/ SpendTime="1 ms" Status=200
time="2021-07-26 15:27:24" level=info Agent="Mozilla/5.0 (Macintosh; Intel Mac OS X 10_15_7) AppleWebKit/537.36 (KHTML, like Gecko) Chrome/91.0.4472.114 Safari/537.36" DataSize=506 HostName=lihaoyedeMacBook-Air.local IP="::1" Method=GET Path=/api/v1/wks/ SpendTime="3 ms" Status=200
time="2021-07-26 15:27:25" level=info Agent="Mozilla/5.0 (Macintosh; Intel Mac OS X 10_15_7) AppleWebKit/537.36 (KHTML, like Gecko) Chrome/91.0.4472.114 Safari/537.36" DataSize=506 HostName=lihaoyedeMacBook-Air.local IP="::1" Method=GET Path=/api/v1/wks/ SpendTime="1 ms" Status=200
time="2021-07-26 15:27:28" level=info Agent="Mozilla/5.0 (Macintosh; Intel Mac OS X 10_15_7) AppleWebKit/537.36 (KHTML, like Gecko) Chrome/91.0.4472.114 Safari/537.36" DataSize=506 HostName=lihaoyedeMacBook-Air.local IP="::1" Method=GET Path=/api/v1/wks/ SpendTime="1 ms" Status=200
time="2021-07-26 15:27:33" level=info Agent="Mozilla/5.0 (Macintosh; Intel Mac OS X 10_15_7) AppleWebKit/537.36 (KHTML, like Gecko) Chrome/91.0.4472.114 Safari/537.36" DataSize=506 HostName=lihaoyedeMacBook-Air.local IP="::1" Method=GET Path=/api/v1/wks/ SpendTime="1 ms" Status=200
time="2021-07-26 15:28:01" level=info Agent="Mozilla/5.0 (Macintosh; Intel Mac OS X 10_15_7) AppleWebKit/537.36 (KHTML, like Gecko) Chrome/91.0.4472.114 Safari/537.36" DataSize=116 HostName=lihaoyedeMacBook-Air.local IP="::1" Method=GET Path=/api/v1/category/ SpendTime="9 ms" Status=200
time="2021-07-26 15:28:02" level=info Agent="Mozilla/5.0 (Macintosh; Intel Mac OS X 10_15_7) AppleWebKit/537.36 (KHTML, like Gecko) Chrome/91.0.4472.114 Safari/537.36" DataSize=506 HostName=lihaoyedeMacBook-Air.local IP="::1" Method=GET Path=/api/v1/wks/ SpendTime="2 ms" Status=200
time="2021-07-26 15:28:03" level=info Agent="Mozilla/5.0 (Macintosh; Intel Mac OS X 10_15_7) AppleWebKit/537.36 (KHTML, like Gecko) Chrome/91.0.4472.114 Safari/537.36" DataSize=506 HostName=lihaoyedeMacBook-Air.local IP="::1" Method=GET Path=/api/v1/wks/ SpendTime="1 ms" Status=200
time="2021-07-26 15:28:16" level=info Agent="Mozilla/5.0 (Macintosh; Intel Mac OS X 10_15_7) AppleWebKit/537.36 (KHTML, like Gecko) Chrome/91.0.4472.114 Safari/537.36" DataSize=116 HostName=lihaoyedeMacBook-Air.local IP="::1" Method=GET Path=/api/v1/category/ SpendTime="6 ms" Status=200
time="2021-07-26 15:28:17" level=info Agent="Mozilla/5.0 (Macintosh; Intel Mac OS X 10_15_7) AppleWebKit/537.36 (KHTML, like Gecko) Chrome/91.0.4472.114 Safari/537.36" DataSize=506 HostName=lihaoyedeMacBook-Air.local IP="::1" Method=GET Path=/api/v1/wks/ SpendTime="4 ms" Status=200
time="2021-07-26 15:29:55" level=info Agent="Mozilla/5.0 (Macintosh; Intel Mac OS X 10_15_7) AppleWebKit/537.36 (KHTML, like Gecko) Chrome/91.0.4472.114 Safari/537.36" DataSize=116 HostName=lihaoyedeMacBook-Air.local IP="::1" Method=GET Path=/api/v1/category/ SpendTime="10 ms" Status=200
time="2021-07-26 15:29:56" level=info Agent="Mozilla/5.0 (Macintosh; Intel Mac OS X 10_15_7) AppleWebKit/537.36 (KHTML, like Gecko) Chrome/91.0.4472.114 Safari/537.36" DataSize=506 HostName=lihaoyedeMacBook-Air.local IP="::1" Method=GET Path=/api/v1/wks/ SpendTime="3 ms" Status=200
time="2021-07-26 15:31:55" level=info Agent="Mozilla/5.0 (Macintosh; Intel Mac OS X 10_15_7) AppleWebKit/537.36 (KHTML, like Gecko) Chrome/91.0.4472.114 Safari/537.36" DataSize=116 HostName=lihaoyedeMacBook-Air.local IP="::1" Method=GET Path=/api/v1/category/ SpendTime="8 ms" Status=200
time="2021-07-26 15:31:57" level=info Agent="Mozilla/5.0 (Macintosh; Intel Mac OS X 10_15_7) AppleWebKit/537.36 (KHTML, like Gecko) Chrome/91.0.4472.114 Safari/537.36" DataSize=506 HostName=lihaoyedeMacBook-Air.local IP="::1" Method=GET Path=/api/v1/wks/ SpendTime="1 ms" Status=200
time="2021-07-26 15:32:53" level=info Agent="Mozilla/5.0 (Macintosh; Intel Mac OS X 10_15_7) AppleWebKit/537.36 (KHTML, like Gecko) Chrome/91.0.4472.114 Safari/537.36" DataSize=116 HostName=lihaoyedeMacBook-Air.local IP="::1" Method=GET Path=/api/v1/category/ SpendTime="5 ms" Status=200
time="2021-07-26 15:32:55" level=info Agent="Mozilla/5.0 (Macintosh; Intel Mac OS X 10_15_7) AppleWebKit/537.36 (KHTML, like Gecko) Chrome/91.0.4472.114 Safari/537.36" DataSize=506 HostName=lihaoyedeMacBook-Air.local IP="::1" Method=GET Path=/api/v1/wks/ SpendTime="3 ms" Status=200
time="2021-07-26 15:32:55" level=info Agent="Mozilla/5.0 (Macintosh; Intel Mac OS X 10_15_7) AppleWebKit/537.36 (KHTML, like Gecko) Chrome/91.0.4472.114 Safari/537.36" DataSize=506 HostName=lihaoyedeMacBook-Air.local IP="::1" Method=GET Path=/api/v1/wks/ SpendTime="1 ms" Status=200
time="2021-07-26 15:33:03" level=info Agent="Mozilla/5.0 (Macintosh; Intel Mac OS X 10_15_7) AppleWebKit/537.36 (KHTML, like Gecko) Chrome/91.0.4472.114 Safari/537.36" DataSize=506 HostName=lihaoyedeMacBook-Air.local IP="::1" Method=GET Path=/api/v1/wks/ SpendTime="1 ms" Status=200
time="2021-07-26 15:33:05" level=info Agent="Mozilla/5.0 (Macintosh; Intel Mac OS X 10_15_7) AppleWebKit/537.36 (KHTML, like Gecko) Chrome/91.0.4472.114 Safari/537.36" DataSize=506 HostName=lihaoyedeMacBook-Air.local IP="::1" Method=GET Path=/api/v1/wks/ SpendTime="7 ms" Status=200
time="2021-07-26 15:33:05" level=info Agent="Mozilla/5.0 (Macintosh; Intel Mac OS X 10_15_7) AppleWebKit/537.36 (KHTML, like Gecko) Chrome/91.0.4472.114 Safari/537.36" DataSize=506 HostName=lihaoyedeMacBook-Air.local IP="::1" Method=GET Path=/api/v1/wks/ SpendTime="1 ms" Status=200
time="2021-07-26 15:33:21" level=info Agent="Mozilla/5.0 (Macintosh; Intel Mac OS X 10_15_7) AppleWebKit/537.36 (KHTML, like Gecko) Chrome/91.0.4472.114 Safari/537.36" DataSize=506 HostName=lihaoyedeMacBook-Air.local IP="::1" Method=GET Path=/api/v1/wks/ SpendTime="3 ms" Status=200
time="2021-07-26 15:35:24" level=info Agent="Mozilla/5.0 (Macintosh; Intel Mac OS X 10_15_7) AppleWebKit/537.36 (KHTML, like Gecko) Chrome/91.0.4472.114 Safari/537.36" DataSize=116 HostName=lihaoyedeMacBook-Air.local IP="::1" Method=GET Path=/api/v1/category/ SpendTime="5 ms" Status=200
time="2021-07-26 15:35:29" level=info Agent="Mozilla/5.0 (Macintosh; Intel Mac OS X 10_15_7) AppleWebKit/537.36 (KHTML, like Gecko) Chrome/91.0.4472.114 Safari/537.36" DataSize=116 HostName=lihaoyedeMacBook-Air.local IP="::1" Method=GET Path=/api/v1/category/ SpendTime="2 ms" Status=200
time="2021-07-26 15:36:08" level=info Agent="Mozilla/5.0 (Macintosh; Intel Mac OS X 10_15_7) AppleWebKit/537.36 (KHTML, like Gecko) Chrome/91.0.4472.114 Safari/537.36" DataSize=116 HostName=lihaoyedeMacBook-Air.local IP="::1" Method=GET Path=/api/v1/category/ SpendTime="6 ms" Status=200
time="2021-07-26 15:36:13" level=info Agent="Mozilla/5.0 (Macintosh; Intel Mac OS X 10_15_7) AppleWebKit/537.36 (KHTML, like Gecko) Chrome/91.0.4472.114 Safari/537.36" DataSize=116 HostName=lihaoyedeMacBook-Air.local IP="::1" Method=GET Path=/api/v1/category/ SpendTime="2 ms" Status=200
time="2021-07-26 15:36:18" level=info Agent="Mozilla/5.0 (Macintosh; Intel Mac OS X 10_15_7) AppleWebKit/537.36 (KHTML, like Gecko) Chrome/91.0.4472.114 Safari/537.36" DataSize=116 HostName=lihaoyedeMacBook-Air.local IP="::1" Method=GET Path=/api/v1/category/ SpendTime="5 ms" Status=200
time="2021-07-26 15:36:33" level=info Agent="Mozilla/5.0 (Macintosh; Intel Mac OS X 10_15_7) AppleWebKit/537.36 (KHTML, like Gecko) Chrome/91.0.4472.114 Safari/537.36" DataSize=116 HostName=lihaoyedeMacBook-Air.local IP="::1" Method=GET Path=/api/v1/category/ SpendTime="4 ms" Status=200
time="2021-07-26 15:36:36" level=info Agent="Mozilla/5.0 (Macintosh; Intel Mac OS X 10_15_7) AppleWebKit/537.36 (KHTML, like Gecko) Chrome/91.0.4472.114 Safari/537.36" DataSize=116 HostName=lihaoyedeMacBook-Air.local IP="::1" Method=GET Path=/api/v1/category/ SpendTime="5 ms" Status=200
time="2021-07-26 15:36:36" level=info Agent="Mozilla/5.0 (Macintosh; Intel Mac OS X 10_15_7) AppleWebKit/537.36 (KHTML, like Gecko) Chrome/91.0.4472.114 Safari/537.36" DataSize=506 HostName=lihaoyedeMacBook-Air.local IP="::1" Method=GET Path=/api/v1/wks/ SpendTime="7 ms" Status=200
time="2021-07-26 15:37:12" level=info Agent="Mozilla/5.0 (Macintosh; Intel Mac OS X 10_15_7) AppleWebKit/537.36 (KHTML, like Gecko) Chrome/91.0.4472.114 Safari/537.36" DataSize=116 HostName=lihaoyedeMacBook-Air.local IP="::1" Method=GET Path=/api/v1/category/ SpendTime="7 ms" Status=200
time="2021-07-26 15:37:22" level=info Agent="Mozilla/5.0 (Macintosh; Intel Mac OS X 10_15_7) AppleWebKit/537.36 (KHTML, like Gecko) Chrome/91.0.4472.114 Safari/537.36" DataSize=116 HostName=lihaoyedeMacBook-Air.local IP="::1" Method=GET Path=/api/v1/category/ SpendTime="7 ms" Status=200
time="2021-07-26 15:37:32" level=info Agent="Mozilla/5.0 (Macintosh; Intel Mac OS X 10_15_7) AppleWebKit/537.36 (KHTML, like Gecko) Chrome/91.0.4472.114 Safari/537.36" DataSize=116 HostName=lihaoyedeMacBook-Air.local IP="::1" Method=GET Path=/api/v1/category/ SpendTime="2 ms" Status=200
time="2021-07-26 15:37:34" level=info Agent="Mozilla/5.0 (Macintosh; Intel Mac OS X 10_15_7) AppleWebKit/537.36 (KHTML, like Gecko) Chrome/91.0.4472.114 Safari/537.36" DataSize=506 HostName=lihaoyedeMacBook-Air.local IP="::1" Method=GET Path=/api/v1/wks/ SpendTime="3 ms" Status=200
time="2021-07-26 15:37:34" level=info Agent="Mozilla/5.0 (Macintosh; Intel Mac OS X 10_15_7) AppleWebKit/537.36 (KHTML, like Gecko) Chrome/91.0.4472.114 Safari/537.36" DataSize=116 HostName=lihaoyedeMacBook-Air.local IP="::1" Method=GET Path=/api/v1/category/ SpendTime="5 ms" Status=200
time="2021-07-26 15:38:14" level=info Agent="Mozilla/5.0 (Macintosh; Intel Mac OS X 10_15_7) AppleWebKit/537.36 (KHTML, like Gecko) Chrome/91.0.4472.114 Safari/537.36" DataSize=506 HostName=lihaoyedeMacBook-Air.local IP="::1" Method=GET Path=/api/v1/wks/ SpendTime="5 ms" Status=200
time="2021-07-26 15:38:14" level=info Agent="Mozilla/5.0 (Macintosh; Intel Mac OS X 10_15_7) AppleWebKit/537.36 (KHTML, like Gecko) Chrome/91.0.4472.114 Safari/537.36" DataSize=116 HostName=lihaoyedeMacBook-Air.local IP="::1" Method=GET Path=/api/v1/category/ SpendTime="8 ms" Status=200
time="2021-07-26 15:38:44" level=info Agent="Mozilla/5.0 (Macintosh; Intel Mac OS X 10_15_7) AppleWebKit/537.36 (KHTML, like Gecko) Chrome/91.0.4472.114 Safari/537.36" DataSize=506 HostName=lihaoyedeMacBook-Air.local IP="::1" Method=GET Path=/api/v1/wks/ SpendTime="6 ms" Status=200
time="2021-07-26 15:38:44" level=info Agent="Mozilla/5.0 (Macintosh; Intel Mac OS X 10_15_7) AppleWebKit/537.36 (KHTML, like Gecko) Chrome/91.0.4472.114 Safari/537.36" DataSize=116 HostName=lihaoyedeMacBook-Air.local IP="::1" Method=GET Path=/api/v1/category/ SpendTime="7 ms" Status=200
time="2021-07-26 15:38:47" level=info Agent="Mozilla/5.0 (Macintosh; Intel Mac OS X 10_15_7) AppleWebKit/537.36 (KHTML, like Gecko) Chrome/91.0.4472.114 Safari/537.36" DataSize=506 HostName=lihaoyedeMacBook-Air.local IP="::1" Method=GET Path=/api/v1/wks/ SpendTime="1 ms" Status=200
time="2021-07-26 15:38:47" level=info Agent="Mozilla/5.0 (Macintosh; Intel Mac OS X 10_15_7) AppleWebKit/537.36 (KHTML, like Gecko) Chrome/91.0.4472.114 Safari/537.36" DataSize=116 HostName=lihaoyedeMacBook-Air.local IP="::1" Method=GET Path=/api/v1/category/ SpendTime="4 ms" Status=200
time="2021-07-26 15:41:13" level=info Agent="Mozilla/5.0 (Macintosh; Intel Mac OS X 10_15_7) AppleWebKit/537.36 (KHTML, like Gecko) Chrome/91.0.4472.114 Safari/537.36" DataSize=506 HostName=lihaoyedeMacBook-Air.local IP="::1" Method=GET Path=/api/v1/wks/ SpendTime="4 ms" Status=200
time="2021-07-26 15:41:13" level=info Agent="Mozilla/5.0 (Macintosh; Intel Mac OS X 10_15_7) AppleWebKit/537.36 (KHTML, like Gecko) Chrome/91.0.4472.114 Safari/537.36" DataSize=116 HostName=lihaoyedeMacBook-Air.local IP="::1" Method=GET Path=/api/v1/category/ SpendTime="6 ms" Status=200
time="2021-07-26 15:41:15" level=info Agent="Mozilla/5.0 (Macintosh; Intel Mac OS X 10_15_7) AppleWebKit/537.36 (KHTML, like Gecko) Chrome/91.0.4472.114 Safari/537.36" DataSize=506 HostName=lihaoyedeMacBook-Air.local IP="::1" Method=GET Path=/api/v1/wks/ SpendTime="1 ms" Status=200
time="2021-07-26 15:41:15" level=info Agent="Mozilla/5.0 (Macintosh; Intel Mac OS X 10_15_7) AppleWebKit/537.36 (KHTML, like Gecko) Chrome/91.0.4472.114 Safari/537.36" DataSize=116 HostName=lihaoyedeMacBook-Air.local IP="::1" Method=GET Path=/api/v1/category/ SpendTime="2 ms" Status=200
time="2021-07-26 15:41:49" level=info Agent="Mozilla/5.0 (Macintosh; Intel Mac OS X 10_15_7) AppleWebKit/537.36 (KHTML, like Gecko) Chrome/91.0.4472.114 Safari/537.36" DataSize=506 HostName=lihaoyedeMacBook-Air.local IP="::1" Method=GET Path=/api/v1/wks/ SpendTime="7 ms" Status=200
time="2021-07-26 15:41:49" level=info Agent="Mozilla/5.0 (Macintosh; Intel Mac OS X 10_15_7) AppleWebKit/537.36 (KHTML, like Gecko) Chrome/91.0.4472.114 Safari/537.36" DataSize=116 HostName=lihaoyedeMacBook-Air.local IP="::1" Method=GET Path=/api/v1/category/ SpendTime="8 ms" Status=200
time="2021-07-26 15:42:29" level=info Agent="Mozilla/5.0 (Macintosh; Intel Mac OS X 10_15_7) AppleWebKit/537.36 (KHTML, like Gecko) Chrome/91.0.4472.114 Safari/537.36" DataSize=506 HostName=lihaoyedeMacBook-Air.local IP="::1" Method=GET Path=/api/v1/wks/ SpendTime="6 ms" Status=200
time="2021-07-26 15:42:29" level=info Agent="Mozilla/5.0 (Macintosh; Intel Mac OS X 10_15_7) AppleWebKit/537.36 (KHTML, like Gecko) Chrome/91.0.4472.114 Safari/537.36" DataSize=116 HostName=lihaoyedeMacBook-Air.local IP="::1" Method=GET Path=/api/v1/category/ SpendTime="7 ms" Status=200
time="2021-07-26 15:42:38" level=info Agent="Mozilla/5.0 (Macintosh; Intel Mac OS X 10_15_7) AppleWebKit/537.36 (KHTML, like Gecko) Chrome/91.0.4472.114 Safari/537.36" DataSize=116 HostName=lihaoyedeMacBook-Air.local IP="::1" Method=GET Path=/api/v1/category/ SpendTime="4 ms" Status=200
time="2021-07-26 15:42:39" level=info Agent="Mozilla/5.0 (Macintosh; Intel Mac OS X 10_15_7) AppleWebKit/537.36 (KHTML, like Gecko) Chrome/91.0.4472.114 Safari/537.36" DataSize=506 HostName=lihaoyedeMacBook-Air.local IP="::1" Method=GET Path=/api/v1/wks/ SpendTime="3 ms" Status=200
time="2021-07-26 15:42:54" level=info Agent="Mozilla/5.0 (Macintosh; Intel Mac OS X 10_15_7) AppleWebKit/537.36 (KHTML, like Gecko) Chrome/91.0.4472.114 Safari/537.36" DataSize=116 HostName=lihaoyedeMacBook-Air.local IP="::1" Method=GET Path=/api/v1/category/ SpendTime="4 ms" Status=200
time="2021-07-26 15:42:54" level=info Agent="Mozilla/5.0 (Macintosh; Intel Mac OS X 10_15_7) AppleWebKit/537.36 (KHTML, like Gecko) Chrome/91.0.4472.114 Safari/537.36" DataSize=506 HostName=lihaoyedeMacBook-Air.local IP="::1" Method=GET Path=/api/v1/wks/ SpendTime="4 ms" Status=200
time="2021-07-26 15:43:39" level=info Agent="Mozilla/5.0 (Macintosh; Intel Mac OS X 10_15_7) AppleWebKit/537.36 (KHTML, like Gecko) Chrome/91.0.4472.114 Safari/537.36" DataSize=116 HostName=lihaoyedeMacBook-Air.local IP="::1" Method=GET Path=/api/v1/category/ SpendTime="5 ms" Status=200
time="2021-07-26 15:43:43" level=info Agent="Mozilla/5.0 (Macintosh; Intel Mac OS X 10_15_7) AppleWebKit/537.36 (KHTML, like Gecko) Chrome/91.0.4472.114 Safari/537.36" DataSize=116 HostName=lihaoyedeMacBook-Air.local IP="::1" Method=GET Path=/api/v1/category/ SpendTime="4 ms" Status=200
time="2021-07-26 15:43:43" level=info Agent="Mozilla/5.0 (Macintosh; Intel Mac OS X 10_15_7) AppleWebKit/537.36 (KHTML, like Gecko) Chrome/91.0.4472.114 Safari/537.36" DataSize=506 HostName=lihaoyedeMacBook-Air.local IP="::1" Method=GET Path=/api/v1/wks/ SpendTime="5 ms" Status=200
time="2021-07-26 15:44:52" level=info Agent="Mozilla/5.0 (Macintosh; Intel Mac OS X 10_15_7) AppleWebKit/537.36 (KHTML, like Gecko) Chrome/91.0.4472.114 Safari/537.36" DataSize=116 HostName=lihaoyedeMacBook-Air.local IP="::1" Method=GET Path=/api/v1/category/ SpendTime="4 ms" Status=200
time="2021-07-26 15:44:52" level=info Agent="Mozilla/5.0 (Macintosh; Intel Mac OS X 10_15_7) AppleWebKit/537.36 (KHTML, like Gecko) Chrome/91.0.4472.114 Safari/537.36" DataSize=116 HostName=lihaoyedeMacBook-Air.local IP="::1" Method=GET Path=/api/v1/category/ SpendTime="2 ms" Status=200
time="2021-07-26 15:44:52" level=info Agent="Mozilla/5.0 (Macintosh; Intel Mac OS X 10_15_7) AppleWebKit/537.36 (KHTML, like Gecko) Chrome/91.0.4472.114 Safari/537.36" DataSize=116 HostName=lihaoyedeMacBook-Air.local IP="::1" Method=GET Path=/api/v1/category/ SpendTime="2 ms" Status=200
time="2021-07-26 15:44:52" level=info Agent="Mozilla/5.0 (Macintosh; Intel Mac OS X 10_15_7) AppleWebKit/537.36 (KHTML, like Gecko) Chrome/91.0.4472.114 Safari/537.36" DataSize=116 HostName=lihaoyedeMacBook-Air.local IP="::1" Method=GET Path=/api/v1/category/ SpendTime="3 ms" Status=200
time="2021-07-26 15:44:55" level=info Agent="Mozilla/5.0 (Macintosh; Intel Mac OS X 10_15_7) AppleWebKit/537.36 (KHTML, like Gecko) Chrome/91.0.4472.114 Safari/537.36" DataSize=116 HostName=lihaoyedeMacBook-Air.local IP="::1" Method=GET Path=/api/v1/category/ SpendTime="1 ms" Status=200
time="2021-07-26 15:44:55" level=info Agent="Mozilla/5.0 (Macintosh; Intel Mac OS X 10_15_7) AppleWebKit/537.36 (KHTML, like Gecko) Chrome/91.0.4472.114 Safari/537.36" DataSize=506 HostName=lihaoyedeMacBook-Air.local IP="::1" Method=GET Path=/api/v1/wks/ SpendTime="5 ms" Status=200
time="2021-07-26 15:50:49" level=info Agent="Mozilla/5.0 (Macintosh; Intel Mac OS X 10_15_7) AppleWebKit/537.36 (KHTML, like Gecko) Chrome/91.0.4472.114 Safari/537.36" DataSize=116 HostName=lihaoyedeMacBook-Air.local IP="::1" Method=GET Path=/api/v1/category/ SpendTime="6 ms" Status=200
time="2021-07-26 15:51:01" level=info Agent="Mozilla/5.0 (Macintosh; Intel Mac OS X 10_15_7) AppleWebKit/537.36 (KHTML, like Gecko) Chrome/91.0.4472.114 Safari/537.36" DataSize=506 HostName=lihaoyedeMacBook-Air.local IP="::1" Method=GET Path=/api/v1/wks/ SpendTime="4 ms" Status=200
time="2021-07-26 15:51:01" level=info Agent="Mozilla/5.0 (Macintosh; Intel Mac OS X 10_15_7) AppleWebKit/537.36 (KHTML, like Gecko) Chrome/91.0.4472.114 Safari/537.36" DataSize=116 HostName=lihaoyedeMacBook-Air.local IP="::1" Method=GET Path=/api/v1/category/ SpendTime="8 ms" Status=200
time="2021-07-26 15:51:48" level=info Agent="Mozilla/5.0 (Macintosh; Intel Mac OS X 10_15_7) AppleWebKit/537.36 (KHTML, like Gecko) Chrome/91.0.4472.114 Safari/537.36" DataSize=116 HostName=lihaoyedeMacBook-Air.local IP="::1" Method=GET Path=/api/v1/category/ SpendTime="6 ms" Status=200
time="2021-07-26 15:51:48" level=info Agent="Mozilla/5.0 (Macintosh; Intel Mac OS X 10_15_7) AppleWebKit/537.36 (KHTML, like Gecko) Chrome/91.0.4472.114 Safari/537.36" DataSize=506 HostName=lihaoyedeMacBook-Air.local IP="::1" Method=GET Path=/api/v1/wks/ SpendTime="6 ms" Status=200
time="2021-07-26 15:51:57" level=info Agent="Mozilla/5.0 (Macintosh; Intel Mac OS X 10_15_7) AppleWebKit/537.36 (KHTML, like Gecko) Chrome/91.0.4472.114 Safari/537.36" DataSize=116 HostName=lihaoyedeMacBook-Air.local IP="::1" Method=GET Path=/api/v1/category/ SpendTime="2 ms" Status=200
time="2021-07-26 15:56:59" level=info Agent="Mozilla/5.0 (Macintosh; Intel Mac OS X 10_15_7) AppleWebKit/537.36 (KHTML, like Gecko) Chrome/91.0.4472.114 Safari/537.36" DataSize=116 HostName=lihaoyedeMacBook-Air.local IP="::1" Method=GET Path=/api/v1/category/ SpendTime="3 ms" Status=200
time="2021-07-26 15:57:40" level=info Agent="Mozilla/5.0 (Macintosh; Intel Mac OS X 10_15_7) AppleWebKit/537.36 (KHTML, like Gecko) Chrome/91.0.4472.114 Safari/537.36" DataSize=116 HostName=lihaoyedeMacBook-Air.local IP="::1" Method=GET Path=/api/v1/category/ SpendTime="7 ms" Status=200
time="2021-07-26 15:57:43" level=info Agent="Mozilla/5.0 (Macintosh; Intel Mac OS X 10_15_7) AppleWebKit/537.36 (KHTML, like Gecko) Chrome/91.0.4472.114 Safari/537.36" DataSize=116 HostName=lihaoyedeMacBook-Air.local IP="::1" Method=GET Path=/api/v1/category/ SpendTime="4 ms" Status=200
time="2021-07-26 15:57:43" level=info Agent="Mozilla/5.0 (Macintosh; Intel Mac OS X 10_15_7) AppleWebKit/537.36 (KHTML, like Gecko) Chrome/91.0.4472.114 Safari/537.36" DataSize=506 HostName=lihaoyedeMacBook-Air.local IP="::1" Method=GET Path=/api/v1/wks/ SpendTime="8 ms" Status=200
time="2021-07-26 15:57:59" level=info Agent="Mozilla/5.0 (Macintosh; Intel Mac OS X 10_15_7) AppleWebKit/537.36 (KHTML, like Gecko) Chrome/91.0.4472.114 Safari/537.36" DataSize=116 HostName=lihaoyedeMacBook-Air.local IP="::1" Method=GET Path=/api/v1/category/ SpendTime="4 ms" Status=200
time="2021-07-26 15:58:33" level=info Agent="Mozilla/5.0 (Macintosh; Intel Mac OS X 10_15_7) AppleWebKit/537.36 (KHTML, like Gecko) Chrome/91.0.4472.114 Safari/537.36" DataSize=506 HostName=lihaoyedeMacBook-Air.local IP="::1" Method=GET Path=/api/v1/wks/ SpendTime="5 ms" Status=200
time="2021-07-26 15:58:33" level=info Agent="Mozilla/5.0 (Macintosh; Intel Mac OS X 10_15_7) AppleWebKit/537.36 (KHTML, like Gecko) Chrome/91.0.4472.114 Safari/537.36" DataSize=116 HostName=lihaoyedeMacBook-Air.local IP="::1" Method=GET Path=/api/v1/category/ SpendTime="5 ms" Status=200
time="2021-07-26 15:58:45" level=info Agent="Mozilla/5.0 (Macintosh; Intel Mac OS X 10_15_7) AppleWebKit/537.36 (KHTML, like Gecko) Chrome/91.0.4472.114 Safari/537.36" DataSize=116 HostName=lihaoyedeMacBook-Air.local IP="::1" Method=GET Path=/api/v1/category/ SpendTime="7 ms" Status=200
time="2021-07-26 15:58:47" level=info Agent="Mozilla/5.0 (Macintosh; Intel Mac OS X 10_15_7) AppleWebKit/537.36 (KHTML, like Gecko) Chrome/91.0.4472.114 Safari/537.36" DataSize=116 HostName=lihaoyedeMacBook-Air.local IP="::1" Method=GET Path=/api/v1/category/ SpendTime="2 ms" Status=200
time="2021-07-26 15:58:47" level=info Agent="Mozilla/5.0 (Macintosh; Intel Mac OS X 10_15_7) AppleWebKit/537.36 (KHTML, like Gecko) Chrome/91.0.4472.114 Safari/537.36" DataSize=506 HostName=lihaoyedeMacBook-Air.local IP="::1" Method=GET Path=/api/v1/wks/ SpendTime="4 ms" Status=200
time="2021-07-26 15:59:04" level=info Agent="Mozilla/5.0 (Macintosh; Intel Mac OS X 10_15_7) AppleWebKit/537.36 (KHTML, like Gecko) Chrome/91.0.4472.114 Safari/537.36" DataSize=116 HostName=lihaoyedeMacBook-Air.local IP="::1" Method=GET Path=/api/v1/category/ SpendTime="4 ms" Status=200
time="2021-07-26 15:59:04" level=info Agent="Mozilla/5.0 (Macintosh; Intel Mac OS X 10_15_7) AppleWebKit/537.36 (KHTML, like Gecko) Chrome/91.0.4472.114 Safari/537.36" DataSize=506 HostName=lihaoyedeMacBook-Air.local IP="::1" Method=GET Path=/api/v1/wks/ SpendTime="4 ms" Status=200
time="2021-07-26 15:59:27" level=info Agent="Mozilla/5.0 (Macintosh; Intel Mac OS X 10_15_7) AppleWebKit/537.36 (KHTML, like Gecko) Chrome/91.0.4472.114 Safari/537.36" DataSize=116 HostName=lihaoyedeMacBook-Air.local IP="::1" Method=GET Path=/api/v1/category/ SpendTime="3 ms" Status=200
time="2021-07-26 15:59:43" level=info Agent="Mozilla/5.0 (Macintosh; Intel Mac OS X 10_15_7) AppleWebKit/537.36 (KHTML, like Gecko) Chrome/91.0.4472.114 Safari/537.36" DataSize=116 HostName=localhost IP="::1" Method=GET Path=/api/v1/category/ SpendTime="3 ms" Status=200
time="2021-07-26 15:59:45" level=info Agent="Mozilla/5.0 (Macintosh; Intel Mac OS X 10_15_7) AppleWebKit/537.36 (KHTML, like Gecko) Chrome/91.0.4472.114 Safari/537.36" DataSize=116 HostName=localhost IP="::1" Method=GET Path=/api/v1/category/ SpendTime="2 ms" Status=200
time="2021-07-26 15:59:45" level=info Agent="Mozilla/5.0 (Macintosh; Intel Mac OS X 10_15_7) AppleWebKit/537.36 (KHTML, like Gecko) Chrome/91.0.4472.114 Safari/537.36" DataSize=506 HostName=localhost IP="::1" Method=GET Path=/api/v1/wks/ SpendTime="5 ms" Status=200
time="2021-07-26 15:59:49" level=info Agent="Mozilla/5.0 (Macintosh; Intel Mac OS X 10_15_7) AppleWebKit/537.36 (KHTML, like Gecko) Chrome/91.0.4472.114 Safari/537.36" DataSize=116 HostName=localhost IP="::1" Method=GET Path=/api/v1/category/ SpendTime="2 ms" Status=200
time="2021-07-26 16:00:04" level=info Agent="Mozilla/5.0 (Macintosh; Intel Mac OS X 10_15_7) AppleWebKit/537.36 (KHTML, like Gecko) Chrome/91.0.4472.114 Safari/537.36" DataSize=116 HostName=localhost IP="::1" Method=GET Path=/api/v1/category/ SpendTime="3 ms" Status=200
time="2021-07-26 16:00:06" level=info Agent="Mozilla/5.0 (Macintosh; Intel Mac OS X 10_15_7) AppleWebKit/537.36 (KHTML, like Gecko) Chrome/91.0.4472.114 Safari/537.36" DataSize=116 HostName=localhost IP="::1" Method=GET Path=/api/v1/category/ SpendTime="2 ms" Status=200
time="2021-07-26 16:00:06" level=info Agent="Mozilla/5.0 (Macintosh; Intel Mac OS X 10_15_7) AppleWebKit/537.36 (KHTML, like Gecko) Chrome/91.0.4472.114 Safari/537.36" DataSize=506 HostName=localhost IP="::1" Method=GET Path=/api/v1/wks/ SpendTime="6 ms" Status=200
time="2021-07-26 16:20:02" level=info Agent="Mozilla/5.0 (Macintosh; Intel Mac OS X 10_15_7) AppleWebKit/537.36 (KHTML, like Gecko) Chrome/91.0.4472.114 Safari/537.36" DataSize=506 HostName=localhost IP="::1" Method=GET Path=/api/v1/wks/ SpendTime="23 ms" Status=200
time="2021-07-26 16:20:02" level=info Agent="Mozilla/5.0 (Macintosh; Intel Mac OS X 10_15_7) AppleWebKit/537.36 (KHTML, like Gecko) Chrome/91.0.4472.114 Safari/537.36" DataSize=116 HostName=localhost IP="::1" Method=GET Path=/api/v1/category/ SpendTime="24 ms" Status=200
time="2021-07-26 17:01:07" level=info Agent="Mozilla/5.0 (Macintosh; Intel Mac OS X 10_15_7) AppleWebKit/537.36 (KHTML, like Gecko) Chrome/91.0.4472.114 Safari/537.36" DataSize=116 HostName=localhost IP="::1" Method=GET Path=/api/v1/category/ SpendTime="41 ms" Status=200
time="2021-07-26 17:02:24" level=info Agent="Mozilla/5.0 (Macintosh; Intel Mac OS X 10_15_7) AppleWebKit/537.36 (KHTML, like Gecko) Chrome/91.0.4472.114 Safari/537.36" DataSize=506 HostName=localhost IP="::1" Method=GET Path=/api/v1/wks/ SpendTime="10 ms" Status=200
time="2021-07-26 17:02:24" level=info Agent="Mozilla/5.0 (Macintosh; Intel Mac OS X 10_15_7) AppleWebKit/537.36 (KHTML, like Gecko) Chrome/91.0.4472.114 Safari/537.36" DataSize=116 HostName=localhost IP="::1" Method=GET Path=/api/v1/category/ SpendTime="12 ms" Status=200
time="2021-07-26 17:02:43" level=info Agent="Mozilla/5.0 (Macintosh; Intel Mac OS X 10_15_7) AppleWebKit/537.36 (KHTML, like Gecko) Chrome/91.0.4472.114 Safari/537.36" DataSize=506 HostName=localhost IP="::1" Method=GET Path=/api/v1/wks/ SpendTime="10 ms" Status=200
time="2021-07-26 17:02:43" level=info Agent="Mozilla/5.0 (Macintosh; Intel Mac OS X 10_15_7) AppleWebKit/537.36 (KHTML, like Gecko) Chrome/91.0.4472.114 Safari/537.36" DataSize=116 HostName=localhost IP="::1" Method=GET Path=/api/v1/category/ SpendTime="12 ms" Status=200
time="2021-07-26 17:03:39" level=info Agent="Mozilla/5.0 (Macintosh; Intel Mac OS X 10_15_7) AppleWebKit/537.36 (KHTML, like Gecko) Chrome/91.0.4472.114 Safari/537.36" DataSize=116 HostName=localhost IP="::1" Method=GET Path=/api/v1/category/ SpendTime="9 ms" Status=200
time="2021-07-26 17:03:39" level=info Agent="Mozilla/5.0 (Macintosh; Intel Mac OS X 10_15_7) AppleWebKit/537.36 (KHTML, like Gecko) Chrome/91.0.4472.114 Safari/537.36" DataSize=506 HostName=localhost IP="::1" Method=GET Path=/api/v1/wks/ SpendTime="10 ms" Status=200
time="2021-07-26 17:04:45" level=info Agent="Mozilla/5.0 (Macintosh; Intel Mac OS X 10_15_7) AppleWebKit/537.36 (KHTML, like Gecko) Chrome/91.0.4472.114 Safari/537.36" DataSize=506 HostName=localhost IP="::1" Method=GET Path=/api/v1/wks/ SpendTime="9 ms" Status=200
time="2021-07-26 17:04:45" level=info Agent="Mozilla/5.0 (Macintosh; Intel Mac OS X 10_15_7) AppleWebKit/537.36 (KHTML, like Gecko) Chrome/91.0.4472.114 Safari/537.36" DataSize=116 HostName=localhost IP="::1" Method=GET Path=/api/v1/category/ SpendTime="11 ms" Status=200
time="2021-07-26 17:04:57" level=info Agent="Mozilla/5.0 (Macintosh; Intel Mac OS X 10_15_7) AppleWebKit/537.36 (KHTML, like Gecko) Chrome/91.0.4472.114 Safari/537.36" DataSize=506 HostName=localhost IP="::1" Method=GET Path=/api/v1/wks/ SpendTime="8 ms" Status=200
time="2021-07-26 17:04:57" level=info Agent="Mozilla/5.0 (Macintosh; Intel Mac OS X 10_15_7) AppleWebKit/537.36 (KHTML, like Gecko) Chrome/91.0.4472.114 Safari/537.36" DataSize=116 HostName=localhost IP="::1" Method=GET Path=/api/v1/category/ SpendTime="8 ms" Status=200
time="2021-07-26 17:05:31" level=info Agent="Mozilla/5.0 (Macintosh; Intel Mac OS X 10_15_7) AppleWebKit/537.36 (KHTML, like Gecko) Chrome/91.0.4472.114 Safari/537.36" DataSize=506 HostName=localhost IP="::1" Method=GET Path=/api/v1/wks/ SpendTime="6 ms" Status=200
time="2021-07-26 17:05:31" level=info Agent="Mozilla/5.0 (Macintosh; Intel Mac OS X 10_15_7) AppleWebKit/537.36 (KHTML, like Gecko) Chrome/91.0.4472.114 Safari/537.36" DataSize=116 HostName=localhost IP="::1" Method=GET Path=/api/v1/category/ SpendTime="8 ms" Status=200
