time="2021-07-23 14:09:57" level=info Agent="Mozilla/5.0 (Macintosh; Intel Mac OS X 10_15_7) AppleWebKit/537.36 (KHTML, like Gecko) Chrome/91.0.4472.114 Safari/537.36" DataSize=0 HostName=localhost IP="::1" Method=OPTIONS Path=/api/v1/login/ SpendTime="3 ms" Status=204
time="2021-07-23 14:09:57" level=info Agent="Mozilla/5.0 (Macintosh; Intel Mac OS X 10_15_7) AppleWebKit/537.36 (KHTML, like Gecko) Chrome/91.0.4472.114 Safari/537.36" DataSize=192 HostName=localhost IP="::1" Method=POST Path=/api/v1/login/ SpendTime="196 ms" Status=200
time="2021-07-23 14:10:01" level=info Agent="Mozilla/5.0 (Macintosh; Intel Mac OS X 10_15_7) AppleWebKit/537.36 (KHTML, like Gecko) Chrome/91.0.4472.114 Safari/537.36" DataSize=0 HostName=localhost IP="::1" Method=OPTIONS Path="/api/v1/category/?size=100&page=1" SpendTime="1 ms" Status=204
time="2021-07-23 14:10:01" level=info Agent="Mozilla/5.0 (Macintosh; Intel Mac OS X 10_15_7) AppleWebKit/537.36 (KHTML, like Gecko) Chrome/91.0.4472.114 Safari/537.36" DataSize=196 HostName=localhost IP="::1" Method=GET Path="/api/v1/category/?size=100&page=1" SpendTime="17 ms" Status=200
time="2021-07-23 14:10:02" level=info Agent="Mozilla/5.0 (Macintosh; Intel Mac OS X 10_15_7) AppleWebKit/537.36 (KHTML, like Gecko) Chrome/91.0.4472.114 Safari/537.36" DataSize=0 HostName=localhost IP="::1" Method=OPTIONS Path="/api/v1/category/?size=100&page=1" SpendTime="1 ms" Status=204
time="2021-07-23 14:10:02" level=info Agent="Mozilla/5.0 (Macintosh; Intel Mac OS X 10_15_7) AppleWebKit/537.36 (KHTML, like Gecko) Chrome/91.0.4472.114 Safari/537.36" DataSize=0 HostName=localhost IP="::1" Method=OPTIONS Path="/api/v1/article/?title=&size=5&page=1" SpendTime="1 ms" Status=204
time="2021-07-23 14:10:02" level=info Agent="Mozilla/5.0 (Macintosh; Intel Mac OS X 10_15_7) AppleWebKit/537.36 (KHTML, like Gecko) Chrome/91.0.4472.114 Safari/537.36" DataSize=196 HostName=localhost IP="::1" Method=GET Path="/api/v1/category/?size=100&page=1" SpendTime="18 ms" Status=200
time="2021-07-23 14:10:02" level=info Agent="Mozilla/5.0 (Macintosh; Intel Mac OS X 10_15_7) AppleWebKit/537.36 (KHTML, like Gecko) Chrome/91.0.4472.114 Safari/537.36" DataSize=1308 HostName=localhost IP="::1" Method=GET Path="/api/v1/article/?title=&size=5&page=1" SpendTime="20 ms" Status=200
time="2021-07-23 14:10:03" level=info Agent="Mozilla/5.0 (Macintosh; Intel Mac OS X 10_15_7) AppleWebKit/537.36 (KHTML, like Gecko) Chrome/91.0.4472.114 Safari/537.36" DataSize=0 HostName=localhost IP="::1" Method=OPTIONS Path="/api/v1/category/?size=100&page=1" SpendTime="1 ms" Status=204
time="2021-07-23 14:10:03" level=info Agent="Mozilla/5.0 (Macintosh; Intel Mac OS X 10_15_7) AppleWebKit/537.36 (KHTML, like Gecko) Chrome/91.0.4472.114 Safari/537.36" DataSize=196 HostName=localhost IP="::1" Method=GET Path="/api/v1/category/?size=100&page=1" SpendTime="4 ms" Status=200
time="2021-07-23 14:10:06" level=info Agent="Mozilla/5.0 (Macintosh; Intel Mac OS X 10_15_7) AppleWebKit/537.36 (KHTML, like Gecko) Chrome/91.0.4472.114 Safari/537.36" DataSize=0 HostName=localhost IP="::1" Method=OPTIONS Path="/api/v1/category/?size=100&page=1" SpendTime="1 ms" Status=204
time="2021-07-23 14:10:06" level=info Agent="Mozilla/5.0 (Macintosh; Intel Mac OS X 10_15_7) AppleWebKit/537.36 (KHTML, like Gecko) Chrome/91.0.4472.114 Safari/537.36" DataSize=0 HostName=localhost IP="::1" Method=OPTIONS Path="/api/v1/article/?title=&size=5&page=1" SpendTime="1 ms" Status=204
time="2021-07-23 14:10:06" level=info Agent="Mozilla/5.0 (Macintosh; Intel Mac OS X 10_15_7) AppleWebKit/537.36 (KHTML, like Gecko) Chrome/91.0.4472.114 Safari/537.36" DataSize=196 HostName=localhost IP="::1" Method=GET Path="/api/v1/category/?size=100&page=1" SpendTime="2 ms" Status=200
time="2021-07-23 14:10:06" level=info Agent="Mozilla/5.0 (Macintosh; Intel Mac OS X 10_15_7) AppleWebKit/537.36 (KHTML, like Gecko) Chrome/91.0.4472.114 Safari/537.36" DataSize=1308 HostName=localhost IP="::1" Method=GET Path="/api/v1/article/?title=&size=5&page=1" SpendTime="7 ms" Status=200
time="2021-07-23 14:10:09" level=info Agent="Mozilla/5.0 (Macintosh; Intel Mac OS X 10_15_7) AppleWebKit/537.36 (KHTML, like Gecko) Chrome/91.0.4472.114 Safari/537.36" DataSize=0 HostName=localhost IP="::1" Method=OPTIONS Path="/api/v1/category/?size=5&page=1" SpendTime="1 ms" Status=204
time="2021-07-23 14:10:09" level=info Agent="Mozilla/5.0 (Macintosh; Intel Mac OS X 10_15_7) AppleWebKit/537.36 (KHTML, like Gecko) Chrome/91.0.4472.114 Safari/537.36" DataSize=173 HostName=localhost IP="::1" Method=GET Path="/api/v1/category/?size=5&page=1" SpendTime="3 ms" Status=200
time="2021-07-23 14:10:09" level=info Agent="Mozilla/5.0 (Macintosh; Intel Mac OS X 10_15_7) AppleWebKit/537.36 (KHTML, like Gecko) Chrome/91.0.4472.114 Safari/537.36" DataSize=0 HostName=localhost IP="::1" Method=OPTIONS Path="/api/v1/user/?username=&size=5&page=1" SpendTime="1 ms" Status=204
time="2021-07-23 14:10:10" level=info Agent="Mozilla/5.0 (Macintosh; Intel Mac OS X 10_15_7) AppleWebKit/537.36 (KHTML, like Gecko) Chrome/91.0.4472.114 Safari/537.36" DataSize=826 HostName=localhost IP="::1" Method=GET Path="/api/v1/user/?username=&size=5&page=1" SpendTime="6 ms" Status=200
time="2021-07-23 14:35:21" level=info Agent="Mozilla/5.0 (Macintosh; Intel Mac OS X 10_15_7) AppleWebKit/537.36 (KHTML, like Gecko) Chrome/91.0.4472.114 Safari/537.36" DataSize=0 HostName=localhost IP="::1" Method=OPTIONS Path="/api/v1/category/?size=100&page=1" SpendTime="1 ms" Status=204
time="2021-07-23 14:35:21" level=info Agent="Mozilla/5.0 (Macintosh; Intel Mac OS X 10_15_7) AppleWebKit/537.36 (KHTML, like Gecko) Chrome/91.0.4472.114 Safari/537.36" DataSize=196 HostName=localhost IP="::1" Method=GET Path="/api/v1/category/?size=100&page=1" SpendTime="24 ms" Status=200
time="2021-07-23 14:35:22" level=info Agent="Mozilla/5.0 (Macintosh; Intel Mac OS X 10_15_7) AppleWebKit/537.36 (KHTML, like Gecko) Chrome/91.0.4472.114 Safari/537.36" DataSize=0 HostName=localhost IP="::1" Method=OPTIONS Path="/api/v1/category/?size=100&page=1" SpendTime="1 ms" Status=204
time="2021-07-23 14:35:22" level=info Agent="Mozilla/5.0 (Macintosh; Intel Mac OS X 10_15_7) AppleWebKit/537.36 (KHTML, like Gecko) Chrome/91.0.4472.114 Safari/537.36" DataSize=0 HostName=localhost IP="::1" Method=OPTIONS Path="/api/v1/article/?title=&size=5&page=1" SpendTime="1 ms" Status=204
time="2021-07-23 14:35:22" level=info Agent="Mozilla/5.0 (Macintosh; Intel Mac OS X 10_15_7) AppleWebKit/537.36 (KHTML, like Gecko) Chrome/91.0.4472.114 Safari/537.36" DataSize=1308 HostName=localhost IP="::1" Method=GET Path="/api/v1/article/?title=&size=5&page=1" SpendTime="7 ms" Status=200
time="2021-07-23 14:35:22" level=info Agent="Mozilla/5.0 (Macintosh; Intel Mac OS X 10_15_7) AppleWebKit/537.36 (KHTML, like Gecko) Chrome/91.0.4472.114 Safari/537.36" DataSize=196 HostName=localhost IP="::1" Method=GET Path="/api/v1/category/?size=100&page=1" SpendTime="16 ms" Status=200
time="2021-07-23 14:35:24" level=info Agent="Mozilla/5.0 (Macintosh; Intel Mac OS X 10_15_7) AppleWebKit/537.36 (KHTML, like Gecko) Chrome/91.0.4472.114 Safari/537.36" DataSize=0 HostName=localhost IP="::1" Method=OPTIONS Path="/api/v1/user/?username=&size=5&page=1" SpendTime="1 ms" Status=204
time="2021-07-23 14:35:24" level=info Agent="Mozilla/5.0 (Macintosh; Intel Mac OS X 10_15_7) AppleWebKit/537.36 (KHTML, like Gecko) Chrome/91.0.4472.114 Safari/537.36" DataSize=826 HostName=localhost IP="::1" Method=GET Path="/api/v1/user/?username=&size=5&page=1" SpendTime="7 ms" Status=200
time="2021-07-23 14:35:26" level=info Agent="Mozilla/5.0 (Macintosh; Intel Mac OS X 10_15_7) AppleWebKit/537.36 (KHTML, like Gecko) Chrome/91.0.4472.114 Safari/537.36" DataSize=0 HostName=localhost IP="::1" Method=OPTIONS Path="/api/v1/category/?size=5&page=1" SpendTime="1 ms" Status=204
time="2021-07-23 14:35:26" level=info Agent="Mozilla/5.0 (Macintosh; Intel Mac OS X 10_15_7) AppleWebKit/537.36 (KHTML, like Gecko) Chrome/91.0.4472.114 Safari/537.36" DataSize=173 HostName=localhost IP="::1" Method=GET Path="/api/v1/category/?size=5&page=1" SpendTime="4 ms" Status=200
time="2021-07-23 15:14:49" level=info Agent="Mozilla/5.0 (Macintosh; Intel Mac OS X 10_15_7) AppleWebKit/537.36 (KHTML, like Gecko) Chrome/91.0.4472.114 Safari/537.36" DataSize=0 HostName=localhost IP="::1" Method=OPTIONS Path=/api/v1/login/ SpendTime="8 ms" Status=204
time="2021-07-23 15:14:49" level=info Agent="Mozilla/5.0 (Macintosh; Intel Mac OS X 10_15_7) AppleWebKit/537.36 (KHTML, like Gecko) Chrome/91.0.4472.114 Safari/537.36" DataSize=192 HostName=localhost IP="::1" Method=POST Path=/api/v1/login/ SpendTime="161 ms" Status=200
time="2021-07-23 15:14:59" level=info Agent="Mozilla/5.0 (Macintosh; Intel Mac OS X 10_15_7) AppleWebKit/537.36 (KHTML, like Gecko) Chrome/91.0.4472.114 Safari/537.36" DataSize=0 HostName=localhost IP="::1" Method=OPTIONS Path=/api/v1/login/ SpendTime="1 ms" Status=204
time="2021-07-23 15:14:59" level=info Agent="Mozilla/5.0 (Macintosh; Intel Mac OS X 10_15_7) AppleWebKit/537.36 (KHTML, like Gecko) Chrome/91.0.4472.114 Safari/537.36" DataSize=192 HostName=localhost IP="::1" Method=POST Path=/api/v1/login/ SpendTime="124 ms" Status=200
time="2021-07-23 15:16:07" level=info Agent="Mozilla/5.0 (Macintosh; Intel Mac OS X 10_15_7) AppleWebKit/537.36 (KHTML, like Gecko) Chrome/91.0.4472.114 Safari/537.36" DataSize=0 HostName=localhost IP="::1" Method=OPTIONS Path=/api/v1/login/ SpendTime="1 ms" Status=204
time="2021-07-23 15:16:07" level=info Agent="Mozilla/5.0 (Macintosh; Intel Mac OS X 10_15_7) AppleWebKit/537.36 (KHTML, like Gecko) Chrome/91.0.4472.114 Safari/537.36" DataSize=192 HostName=localhost IP="::1" Method=POST Path=/api/v1/login/ SpendTime="143 ms" Status=200
time="2021-07-23 15:16:14" level=info Agent="Mozilla/5.0 (Macintosh; Intel Mac OS X 10_15_7) AppleWebKit/537.36 (KHTML, like Gecko) Chrome/91.0.4472.114 Safari/537.36" DataSize=0 HostName=localhost IP="::1" Method=OPTIONS Path=/api/v1/login/ SpendTime="1 ms" Status=204
time="2021-07-23 15:16:14" level=info Agent="Mozilla/5.0 (Macintosh; Intel Mac OS X 10_15_7) AppleWebKit/537.36 (KHTML, like Gecko) Chrome/91.0.4472.114 Safari/537.36" DataSize=192 HostName=localhost IP="::1" Method=POST Path=/api/v1/login/ SpendTime="112 ms" Status=200
time="2021-07-23 15:17:49" level=info Agent="Mozilla/5.0 (Macintosh; Intel Mac OS X 10_15_7) AppleWebKit/537.36 (KHTML, like Gecko) Chrome/91.0.4472.114 Safari/537.36" DataSize=0 HostName=localhost IP="::1" Method=OPTIONS Path="/api/v1/category/?size=5&page=1" SpendTime="1 ms" Status=204
time="2021-07-23 15:17:49" level=info Agent="Mozilla/5.0 (Macintosh; Intel Mac OS X 10_15_7) AppleWebKit/537.36 (KHTML, like Gecko) Chrome/91.0.4472.114 Safari/537.36" DataSize=173 HostName=localhost IP="::1" Method=GET Path="/api/v1/category/?size=5&page=1" SpendTime="15 ms" Status=200
time="2021-07-23 15:17:56" level=info Agent="Mozilla/5.0 (Macintosh; Intel Mac OS X 10_15_7) AppleWebKit/537.36 (KHTML, like Gecko) Chrome/91.0.4472.114 Safari/537.36" DataSize=0 HostName=localhost IP="::1" Method=OPTIONS Path=/api/v1/login/ SpendTime="1 ms" Status=204
time="2021-07-23 15:17:56" level=info Agent="Mozilla/5.0 (Macintosh; Intel Mac OS X 10_15_7) AppleWebKit/537.36 (KHTML, like Gecko) Chrome/91.0.4472.114 Safari/537.36" DataSize=192 HostName=localhost IP="::1" Method=POST Path=/api/v1/login/ SpendTime="119 ms" Status=200
time="2021-07-23 15:22:14" level=info Agent="Mozilla/5.0 (Macintosh; Intel Mac OS X 10_15_7) AppleWebKit/537.36 (KHTML, like Gecko) Chrome/91.0.4472.114 Safari/537.36" DataSize=0 HostName=localhost IP="::1" Method=OPTIONS Path=/api/v1/login/ SpendTime="1 ms" Status=204
time="2021-07-23 15:22:14" level=info Agent="Mozilla/5.0 (Macintosh; Intel Mac OS X 10_15_7) AppleWebKit/537.36 (KHTML, like Gecko) Chrome/91.0.4472.114 Safari/537.36" DataSize=51 HostName=localhost IP="::1" Method=POST Path=/api/v1/login/ SpendTime="120 ms" Status=200
time="2021-07-23 15:23:28" level=info Agent="Mozilla/5.0 (Macintosh; Intel Mac OS X 10_15_7) AppleWebKit/537.36 (KHTML, like Gecko) Chrome/91.0.4472.114 Safari/537.36" DataSize=0 HostName=localhost IP="::1" Method=OPTIONS Path="/api/v1/category/?size=5&page=1" SpendTime="1 ms" Status=204
time="2021-07-23 15:23:28" level=info Agent="Mozilla/5.0 (Macintosh; Intel Mac OS X 10_15_7) AppleWebKit/537.36 (KHTML, like Gecko) Chrome/91.0.4472.114 Safari/537.36" DataSize=173 HostName=localhost IP="::1" Method=GET Path="/api/v1/category/?size=5&page=1" SpendTime="15 ms" Status=200
time="2021-07-23 15:23:28" level=info Agent="Mozilla/5.0 (Macintosh; Intel Mac OS X 10_15_7) AppleWebKit/537.36 (KHTML, like Gecko) Chrome/91.0.4472.114 Safari/537.36" DataSize=0 HostName=localhost IP="::1" Method=OPTIONS Path="/api/v1/user/?username=&size=5&page=1" SpendTime="1 ms" Status=204
time="2021-07-23 15:23:28" level=info Agent="Mozilla/5.0 (Macintosh; Intel Mac OS X 10_15_7) AppleWebKit/537.36 (KHTML, like Gecko) Chrome/91.0.4472.114 Safari/537.36" DataSize=826 HostName=localhost IP="::1" Method=GET Path="/api/v1/user/?username=&size=5&page=1" SpendTime="3 ms" Status=200
time="2021-07-23 15:23:29" level=info Agent="Mozilla/5.0 (Macintosh; Intel Mac OS X 10_15_7) AppleWebKit/537.36 (KHTML, like Gecko) Chrome/91.0.4472.114 Safari/537.36" DataSize=0 HostName=localhost IP="::1" Method=OPTIONS Path="/api/v1/category/?size=5&page=1" SpendTime="1 ms" Status=204
time="2021-07-23 15:23:29" level=info Agent="Mozilla/5.0 (Macintosh; Intel Mac OS X 10_15_7) AppleWebKit/537.36 (KHTML, like Gecko) Chrome/91.0.4472.114 Safari/537.36" DataSize=173 HostName=localhost IP="::1" Method=GET Path="/api/v1/category/?size=5&page=1" SpendTime="3 ms" Status=200
time="2021-07-23 15:23:31" level=info Agent="Mozilla/5.0 (Macintosh; Intel Mac OS X 10_15_7) AppleWebKit/537.36 (KHTML, like Gecko) Chrome/91.0.4472.114 Safari/537.36" DataSize=0 HostName=localhost IP="::1" Method=OPTIONS Path="/api/v1/category/?size=100&page=1" SpendTime="1 ms" Status=204
time="2021-07-23 15:23:31" level=info Agent="Mozilla/5.0 (Macintosh; Intel Mac OS X 10_15_7) AppleWebKit/537.36 (KHTML, like Gecko) Chrome/91.0.4472.114 Safari/537.36" DataSize=196 HostName=localhost IP="::1" Method=GET Path="/api/v1/category/?size=100&page=1" SpendTime="3 ms" Status=200
time="2021-07-23 15:23:31" level=info Agent="Mozilla/5.0 (Macintosh; Intel Mac OS X 10_15_7) AppleWebKit/537.36 (KHTML, like Gecko) Chrome/91.0.4472.114 Safari/537.36" DataSize=0 HostName=localhost IP="::1" Method=OPTIONS Path="/api/v1/category/?size=100&page=1" SpendTime="1 ms" Status=204
time="2021-07-23 15:23:31" level=info Agent="Mozilla/5.0 (Macintosh; Intel Mac OS X 10_15_7) AppleWebKit/537.36 (KHTML, like Gecko) Chrome/91.0.4472.114 Safari/537.36" DataSize=0 HostName=localhost IP="::1" Method=OPTIONS Path="/api/v1/article/?title=&size=5&page=1" SpendTime="1 ms" Status=204
time="2021-07-23 15:23:31" level=info Agent="Mozilla/5.0 (Macintosh; Intel Mac OS X 10_15_7) AppleWebKit/537.36 (KHTML, like Gecko) Chrome/91.0.4472.114 Safari/537.36" DataSize=196 HostName=localhost IP="::1" Method=GET Path="/api/v1/category/?size=100&page=1" SpendTime="4 ms" Status=200
time="2021-07-23 15:23:31" level=info Agent="Mozilla/5.0 (Macintosh; Intel Mac OS X 10_15_7) AppleWebKit/537.36 (KHTML, like Gecko) Chrome/91.0.4472.114 Safari/537.36" DataSize=1308 HostName=localhost IP="::1" Method=GET Path="/api/v1/article/?title=&size=5&page=1" SpendTime="15 ms" Status=200
time="2021-07-23 15:23:46" level=info Agent="Mozilla/5.0 (Macintosh; Intel Mac OS X 10_15_7) AppleWebKit/537.36 (KHTML, like Gecko) Chrome/91.0.4472.114 Safari/537.36" DataSize=0 HostName=localhost IP="::1" Method=OPTIONS Path="/api/v1/category/?size=100&page=1" SpendTime="1 ms" Status=204
time="2021-07-23 15:23:46" level=info Agent="Mozilla/5.0 (Macintosh; Intel Mac OS X 10_15_7) AppleWebKit/537.36 (KHTML, like Gecko) Chrome/91.0.4472.114 Safari/537.36" DataSize=0 HostName=localhost IP="::1" Method=OPTIONS Path="/api/v1/article/?title=&size=5&page=1" SpendTime="1 ms" Status=204
time="2021-07-23 15:23:46" level=info Agent="Mozilla/5.0 (Macintosh; Intel Mac OS X 10_15_7) AppleWebKit/537.36 (KHTML, like Gecko) Chrome/91.0.4472.114 Safari/537.36" DataSize=196 HostName=localhost IP="::1" Method=GET Path="/api/v1/category/?size=100&page=1" SpendTime="11 ms" Status=200
time="2021-07-23 15:23:46" level=info Agent="Mozilla/5.0 (Macintosh; Intel Mac OS X 10_15_7) AppleWebKit/537.36 (KHTML, like Gecko) Chrome/91.0.4472.114 Safari/537.36" DataSize=1308 HostName=localhost IP="::1" Method=GET Path="/api/v1/article/?title=&size=5&page=1" SpendTime="12 ms" Status=200
time="2021-07-23 15:24:54" level=info Agent="Mozilla/5.0 (Macintosh; Intel Mac OS X 10_15_7) AppleWebKit/537.36 (KHTML, like Gecko) Chrome/91.0.4472.114 Safari/537.36" DataSize=0 HostName=localhost IP="::1" Method=OPTIONS Path="/api/v1/category/?size=100&page=1" SpendTime="1 ms" Status=204
time="2021-07-23 15:24:54" level=info Agent="Mozilla/5.0 (Macintosh; Intel Mac OS X 10_15_7) AppleWebKit/537.36 (KHTML, like Gecko) Chrome/91.0.4472.114 Safari/537.36" DataSize=0 HostName=localhost IP="::1" Method=OPTIONS Path="/api/v1/article/?title=&size=5&page=1" SpendTime="1 ms" Status=204
time="2021-07-23 15:24:54" level=info Agent="Mozilla/5.0 (Macintosh; Intel Mac OS X 10_15_7) AppleWebKit/537.36 (KHTML, like Gecko) Chrome/91.0.4472.114 Safari/537.36" DataSize=196 HostName=localhost IP="::1" Method=GET Path="/api/v1/category/?size=100&page=1" SpendTime="10 ms" Status=200
time="2021-07-23 15:24:54" level=info Agent="Mozilla/5.0 (Macintosh; Intel Mac OS X 10_15_7) AppleWebKit/537.36 (KHTML, like Gecko) Chrome/91.0.4472.114 Safari/537.36" DataSize=1308 HostName=localhost IP="::1" Method=GET Path="/api/v1/article/?title=&size=5&page=1" SpendTime="14 ms" Status=200
time="2021-07-23 15:25:00" level=info Agent="Mozilla/5.0 (Macintosh; Intel Mac OS X 10_15_7) AppleWebKit/537.36 (KHTML, like Gecko) Chrome/91.0.4472.114 Safari/537.36" DataSize=0 HostName=localhost IP="::1" Method=OPTIONS Path="/api/v1/category/?size=100&page=1" SpendTime="1 ms" Status=204
time="2021-07-23 15:25:00" level=info Agent="Mozilla/5.0 (Macintosh; Intel Mac OS X 10_15_7) AppleWebKit/537.36 (KHTML, like Gecko) Chrome/91.0.4472.114 Safari/537.36" DataSize=0 HostName=localhost IP="::1" Method=OPTIONS Path="/api/v1/article/?title=&size=5&page=1" SpendTime="1 ms" Status=204
time="2021-07-23 15:25:00" level=info Agent="Mozilla/5.0 (Macintosh; Intel Mac OS X 10_15_7) AppleWebKit/537.36 (KHTML, like Gecko) Chrome/91.0.4472.114 Safari/537.36" DataSize=196 HostName=localhost IP="::1" Method=GET Path="/api/v1/category/?size=100&page=1" SpendTime="3 ms" Status=200
time="2021-07-23 15:25:00" level=info Agent="Mozilla/5.0 (Macintosh; Intel Mac OS X 10_15_7) AppleWebKit/537.36 (KHTML, like Gecko) Chrome/91.0.4472.114 Safari/537.36" DataSize=1308 HostName=localhost IP="::1" Method=GET Path="/api/v1/article/?title=&size=5&page=1" SpendTime="3 ms" Status=200
time="2021-07-23 15:25:07" level=info Agent="Mozilla/5.0 (Macintosh; Intel Mac OS X 10_15_7) AppleWebKit/537.36 (KHTML, like Gecko) Chrome/91.0.4472.114 Safari/537.36" DataSize=0 HostName=localhost IP="::1" Method=OPTIONS Path="/api/v1/category/?size=100&page=1" SpendTime="1 ms" Status=204
time="2021-07-23 15:25:07" level=info Agent="Mozilla/5.0 (Macintosh; Intel Mac OS X 10_15_7) AppleWebKit/537.36 (KHTML, like Gecko) Chrome/91.0.4472.114 Safari/537.36" DataSize=0 HostName=localhost IP="::1" Method=OPTIONS Path="/api/v1/article/?title=&size=5&page=1" SpendTime="1 ms" Status=204
time="2021-07-23 15:25:07" level=info Agent="Mozilla/5.0 (Macintosh; Intel Mac OS X 10_15_7) AppleWebKit/537.36 (KHTML, like Gecko) Chrome/91.0.4472.114 Safari/537.36" DataSize=196 HostName=localhost IP="::1" Method=GET Path="/api/v1/category/?size=100&page=1" SpendTime="11 ms" Status=200
time="2021-07-23 15:25:07" level=info Agent="Mozilla/5.0 (Macintosh; Intel Mac OS X 10_15_7) AppleWebKit/537.36 (KHTML, like Gecko) Chrome/91.0.4472.114 Safari/537.36" DataSize=1308 HostName=localhost IP="::1" Method=GET Path="/api/v1/article/?title=&size=5&page=1" SpendTime="15 ms" Status=200
time="2021-07-23 15:25:11" level=info Agent="Mozilla/5.0 (Macintosh; Intel Mac OS X 10_15_7) AppleWebKit/537.36 (KHTML, like Gecko) Chrome/91.0.4472.114 Safari/537.36" DataSize=0 HostName=localhost IP="::1" Method=OPTIONS Path="/api/v1/category/?size=100&page=1" SpendTime="1 ms" Status=204
time="2021-07-23 15:25:11" level=info Agent="Mozilla/5.0 (Macintosh; Intel Mac OS X 10_15_7) AppleWebKit/537.36 (KHTML, like Gecko) Chrome/91.0.4472.114 Safari/537.36" DataSize=0 HostName=localhost IP="::1" Method=OPTIONS Path="/api/v1/article/?title=&size=5&page=1" SpendTime="1 ms" Status=204
time="2021-07-23 15:25:11" level=info Agent="Mozilla/5.0 (Macintosh; Intel Mac OS X 10_15_7) AppleWebKit/537.36 (KHTML, like Gecko) Chrome/91.0.4472.114 Safari/537.36" DataSize=196 HostName=localhost IP="::1" Method=GET Path="/api/v1/category/?size=100&page=1" SpendTime="2 ms" Status=200
time="2021-07-23 15:25:11" level=info Agent="Mozilla/5.0 (Macintosh; Intel Mac OS X 10_15_7) AppleWebKit/537.36 (KHTML, like Gecko) Chrome/91.0.4472.114 Safari/537.36" DataSize=1308 HostName=localhost IP="::1" Method=GET Path="/api/v1/article/?title=&size=5&page=1" SpendTime="3 ms" Status=200
time="2021-07-23 15:25:24" level=info Agent="Mozilla/5.0 (Macintosh; Intel Mac OS X 10_15_7) AppleWebKit/537.36 (KHTML, like Gecko) Chrome/91.0.4472.114 Safari/537.36" DataSize=0 HostName=localhost IP="::1" Method=OPTIONS Path=/api/v1/login/ SpendTime="1 ms" Status=204
time="2021-07-23 15:25:24" level=info Agent="Mozilla/5.0 (Macintosh; Intel Mac OS X 10_15_7) AppleWebKit/537.36 (KHTML, like Gecko) Chrome/91.0.4472.114 Safari/537.36" DataSize=192 HostName=localhost IP="::1" Method=POST Path=/api/v1/login/ SpendTime="134 ms" Status=200
time="2021-07-23 16:04:57" level=info Agent="Mozilla/5.0 (Macintosh; Intel Mac OS X 10_15_7) AppleWebKit/537.36 (KHTML, like Gecko) Chrome/91.0.4472.114 Safari/537.36" DataSize=0 HostName=localhost IP="::1" Method=OPTIONS Path=/api/v1/login/ SpendTime="2 ms" Status=204
time="2021-07-23 16:04:57" level=info Agent="Mozilla/5.0 (Macintosh; Intel Mac OS X 10_15_7) AppleWebKit/537.36 (KHTML, like Gecko) Chrome/91.0.4472.114 Safari/537.36" DataSize=192 HostName=localhost IP="::1" Method=POST Path=/api/v1/login/ SpendTime="137 ms" Status=200
time="2021-07-23 16:05:01" level=info Agent="Mozilla/5.0 (Macintosh; Intel Mac OS X 10_15_7) AppleWebKit/537.36 (KHTML, like Gecko) Chrome/91.0.4472.114 Safari/537.36" DataSize=0 HostName=localhost IP="::1" Method=OPTIONS Path="/api/v1/user/?username=&size=5&page=1" SpendTime="1 ms" Status=204
time="2021-07-23 16:05:01" level=info Agent="Mozilla/5.0 (Macintosh; Intel Mac OS X 10_15_7) AppleWebKit/537.36 (KHTML, like Gecko) Chrome/91.0.4472.114 Safari/537.36" DataSize=826 HostName=localhost IP="::1" Method=GET Path="/api/v1/user/?username=&size=5&page=1" SpendTime="4 ms" Status=200
time="2021-07-23 16:05:01" level=info Agent="Mozilla/5.0 (Macintosh; Intel Mac OS X 10_15_7) AppleWebKit/537.36 (KHTML, like Gecko) Chrome/91.0.4472.114 Safari/537.36" DataSize=0 HostName=localhost IP="::1" Method=OPTIONS Path="/api/v1/category/?size=5&page=1" SpendTime="1 ms" Status=204
time="2021-07-23 16:05:01" level=info Agent="Mozilla/5.0 (Macintosh; Intel Mac OS X 10_15_7) AppleWebKit/537.36 (KHTML, like Gecko) Chrome/91.0.4472.114 Safari/537.36" DataSize=173 HostName=localhost IP="::1" Method=GET Path="/api/v1/category/?size=5&page=1" SpendTime="8 ms" Status=200
time="2021-07-23 16:05:02" level=info Agent="Mozilla/5.0 (Macintosh; Intel Mac OS X 10_15_7) AppleWebKit/537.36 (KHTML, like Gecko) Chrome/91.0.4472.114 Safari/537.36" DataSize=0 HostName=localhost IP="::1" Method=OPTIONS Path="/api/v1/user/?username=&size=5&page=1" SpendTime="1 ms" Status=204
time="2021-07-23 16:05:02" level=info Agent="Mozilla/5.0 (Macintosh; Intel Mac OS X 10_15_7) AppleWebKit/537.36 (KHTML, like Gecko) Chrome/91.0.4472.114 Safari/537.36" DataSize=826 HostName=localhost IP="::1" Method=GET Path="/api/v1/user/?username=&size=5&page=1" SpendTime="4 ms" Status=200
time="2021-07-23 16:05:19" level=info Agent="Mozilla/5.0 (Macintosh; Intel Mac OS X 10_15_7) AppleWebKit/537.36 (KHTML, like Gecko) Chrome/91.0.4472.114 Safari/537.36" DataSize=0 HostName=localhost IP="::1" Method=OPTIONS Path="/api/v1/user/?username=&size=5&page=1" SpendTime="1 ms" Status=204
time="2021-07-23 16:05:19" level=info Agent="Mozilla/5.0 (Macintosh; Intel Mac OS X 10_15_7) AppleWebKit/537.36 (KHTML, like Gecko) Chrome/91.0.4472.114 Safari/537.36" DataSize=826 HostName=localhost IP="::1" Method=GET Path="/api/v1/user/?username=&size=5&page=1" SpendTime="17 ms" Status=200
time="2021-07-23 16:06:00" level=info Agent="Mozilla/5.0 (Macintosh; Intel Mac OS X 10_15_7) AppleWebKit/537.36 (KHTML, like Gecko) Chrome/91.0.4472.114 Safari/537.36" DataSize=0 HostName=localhost IP="::1" Method=OPTIONS Path=/api/v1/login/ SpendTime="1 ms" Status=204
time="2021-07-23 16:06:00" level=info Agent="Mozilla/5.0 (Macintosh; Intel Mac OS X 10_15_7) AppleWebKit/537.36 (KHTML, like Gecko) Chrome/91.0.4472.114 Safari/537.36" DataSize=192 HostName=localhost IP="::1" Method=POST Path=/api/v1/login/ SpendTime="147 ms" Status=200
time="2021-07-23 16:06:03" level=info Agent="Mozilla/5.0 (Macintosh; Intel Mac OS X 10_15_7) AppleWebKit/537.36 (KHTML, like Gecko) Chrome/91.0.4472.114 Safari/537.36" DataSize=0 HostName=localhost IP="::1" Method=OPTIONS Path="/api/v1/user/?username=&size=5&page=1" SpendTime="1 ms" Status=204
time="2021-07-23 16:06:03" level=info Agent="Mozilla/5.0 (Macintosh; Intel Mac OS X 10_15_7) AppleWebKit/537.36 (KHTML, like Gecko) Chrome/91.0.4472.114 Safari/537.36" DataSize=826 HostName=localhost IP="::1" Method=GET Path="/api/v1/user/?username=&size=5&page=1" SpendTime="2 ms" Status=200
time="2021-07-23 16:06:03" level=info Agent="Mozilla/5.0 (Macintosh; Intel Mac OS X 10_15_7) AppleWebKit/537.36 (KHTML, like Gecko) Chrome/91.0.4472.114 Safari/537.36" DataSize=0 HostName=localhost IP="::1" Method=OPTIONS Path="/api/v1/category/?size=5&page=1" SpendTime="1 ms" Status=204
time="2021-07-23 16:06:03" level=info Agent="Mozilla/5.0 (Macintosh; Intel Mac OS X 10_15_7) AppleWebKit/537.36 (KHTML, like Gecko) Chrome/91.0.4472.114 Safari/537.36" DataSize=173 HostName=localhost IP="::1" Method=GET Path="/api/v1/category/?size=5&page=1" SpendTime="7 ms" Status=200
time="2021-07-23 16:06:05" level=info Agent="Mozilla/5.0 (Macintosh; Intel Mac OS X 10_15_7) AppleWebKit/537.36 (KHTML, like Gecko) Chrome/91.0.4472.114 Safari/537.36" DataSize=0 HostName=localhost IP="::1" Method=OPTIONS Path="/api/v1/category/?size=100&page=1" SpendTime="1 ms" Status=204
time="2021-07-23 16:06:05" level=info Agent="Mozilla/5.0 (Macintosh; Intel Mac OS X 10_15_7) AppleWebKit/537.36 (KHTML, like Gecko) Chrome/91.0.4472.114 Safari/537.36" DataSize=0 HostName=localhost IP="::1" Method=OPTIONS Path="/api/v1/article/?title=&size=5&page=1" SpendTime="1 ms" Status=204
time="2021-07-23 16:06:05" level=info Agent="Mozilla/5.0 (Macintosh; Intel Mac OS X 10_15_7) AppleWebKit/537.36 (KHTML, like Gecko) Chrome/91.0.4472.114 Safari/537.36" DataSize=196 HostName=localhost IP="::1" Method=GET Path="/api/v1/category/?size=100&page=1" SpendTime="7 ms" Status=200
time="2021-07-23 16:06:05" level=info Agent="Mozilla/5.0 (Macintosh; Intel Mac OS X 10_15_7) AppleWebKit/537.36 (KHTML, like Gecko) Chrome/91.0.4472.114 Safari/537.36" DataSize=1308 HostName=localhost IP="::1" Method=GET Path="/api/v1/article/?title=&size=5&page=1" SpendTime="24 ms" Status=200
time="2021-07-23 16:06:06" level=info Agent="Mozilla/5.0 (Macintosh; Intel Mac OS X 10_15_7) AppleWebKit/537.36 (KHTML, like Gecko) Chrome/91.0.4472.114 Safari/537.36" DataSize=0 HostName=localhost IP="::1" Method=OPTIONS Path="/api/v1/category/?size=100&page=1" SpendTime="1 ms" Status=204
time="2021-07-23 16:06:06" level=info Agent="Mozilla/5.0 (Macintosh; Intel Mac OS X 10_15_7) AppleWebKit/537.36 (KHTML, like Gecko) Chrome/91.0.4472.114 Safari/537.36" DataSize=0 HostName=localhost IP="::1" Method=OPTIONS Path=/api/v1/article/17/ SpendTime="1 ms" Status=204
time="2021-07-23 16:06:06" level=info Agent="Mozilla/5.0 (Macintosh; Intel Mac OS X 10_15_7) AppleWebKit/537.36 (KHTML, like Gecko) Chrome/91.0.4472.114 Safari/537.36" DataSize=196 HostName=localhost IP="::1" Method=GET Path="/api/v1/category/?size=100&page=1" SpendTime="2 ms" Status=200
time="2021-07-23 16:06:06" level=info Agent="Mozilla/5.0 (Macintosh; Intel Mac OS X 10_15_7) AppleWebKit/537.36 (KHTML, like Gecko) Chrome/91.0.4472.114 Safari/537.36" DataSize=346 HostName=localhost IP="::1" Method=GET Path=/api/v1/article/17/ SpendTime="6 ms" Status=200
time="2021-07-23 16:06:11" level=info Agent="Mozilla/5.0 (Macintosh; Intel Mac OS X 10_15_7) AppleWebKit/537.36 (KHTML, like Gecko) Chrome/91.0.4472.114 Safari/537.36" DataSize=0 HostName=localhost IP="::1" Method=OPTIONS Path="/api/v1/user/?username=&size=5&page=1" SpendTime="1 ms" Status=204
time="2021-07-23 16:06:11" level=info Agent="Mozilla/5.0 (Macintosh; Intel Mac OS X 10_15_7) AppleWebKit/537.36 (KHTML, like Gecko) Chrome/91.0.4472.114 Safari/537.36" DataSize=826 HostName=localhost IP="::1" Method=GET Path="/api/v1/user/?username=&size=5&page=1" SpendTime="4 ms" Status=200
time="2021-07-23 16:08:39" level=info Agent="Mozilla/5.0 (Macintosh; Intel Mac OS X 10_15_7) AppleWebKit/537.36 (KHTML, like Gecko) Chrome/91.0.4472.114 Safari/537.36" DataSize=0 HostName=localhost IP="::1" Method=OPTIONS Path="/api/v1/user/?username=&size=5&page=1" SpendTime="1 ms" Status=204
time="2021-07-23 16:08:39" level=info Agent="Mozilla/5.0 (Macintosh; Intel Mac OS X 10_15_7) AppleWebKit/537.36 (KHTML, like Gecko) Chrome/91.0.4472.114 Safari/537.36" DataSize=826 HostName=localhost IP="::1" Method=GET Path="/api/v1/user/?username=&size=5&page=1" SpendTime="6 ms" Status=200
time="2021-07-23 16:12:39" level=info Agent="Mozilla/5.0 (Macintosh; Intel Mac OS X 10_15_7) AppleWebKit/537.36 (KHTML, like Gecko) Chrome/91.0.4472.114 Safari/537.36" DataSize=0 HostName=localhost IP="::1" Method=OPTIONS Path=/api/v1/login/ SpendTime="1 ms" Status=204
time="2021-07-23 16:12:39" level=info Agent="Mozilla/5.0 (Macintosh; Intel Mac OS X 10_15_7) AppleWebKit/537.36 (KHTML, like Gecko) Chrome/91.0.4472.114 Safari/537.36" DataSize=192 HostName=localhost IP="::1" Method=POST Path=/api/v1/login/ SpendTime="140 ms" Status=200
time="2021-07-23 16:12:43" level=info Agent="Mozilla/5.0 (Macintosh; Intel Mac OS X 10_15_7) AppleWebKit/537.36 (KHTML, like Gecko) Chrome/91.0.4472.114 Safari/537.36" DataSize=0 HostName=localhost IP="::1" Method=OPTIONS Path="/api/v1/user/?username=&size=5&page=1" SpendTime="1 ms" Status=204
time="2021-07-23 16:12:43" level=info Agent="Mozilla/5.0 (Macintosh; Intel Mac OS X 10_15_7) AppleWebKit/537.36 (KHTML, like Gecko) Chrome/91.0.4472.114 Safari/537.36" DataSize=826 HostName=localhost IP="::1" Method=GET Path="/api/v1/user/?username=&size=5&page=1" SpendTime="2 ms" Status=200
time="2021-07-23 16:12:43" level=info Agent="Mozilla/5.0 (Macintosh; Intel Mac OS X 10_15_7) AppleWebKit/537.36 (KHTML, like Gecko) Chrome/91.0.4472.114 Safari/537.36" DataSize=0 HostName=localhost IP="::1" Method=OPTIONS Path="/api/v1/category/?size=5&page=1" SpendTime="1 ms" Status=204
time="2021-07-23 16:12:43" level=info Agent="Mozilla/5.0 (Macintosh; Intel Mac OS X 10_15_7) AppleWebKit/537.36 (KHTML, like Gecko) Chrome/91.0.4472.114 Safari/537.36" DataSize=173 HostName=localhost IP="::1" Method=GET Path="/api/v1/category/?size=5&page=1" SpendTime="4 ms" Status=200
time="2021-07-23 16:12:45" level=info Agent="Mozilla/5.0 (Macintosh; Intel Mac OS X 10_15_7) AppleWebKit/537.36 (KHTML, like Gecko) Chrome/91.0.4472.114 Safari/537.36" DataSize=0 HostName=localhost IP="::1" Method=OPTIONS Path="/api/v1/category/?size=100&page=1" SpendTime="1 ms" Status=204
time="2021-07-23 16:12:45" level=info Agent="Mozilla/5.0 (Macintosh; Intel Mac OS X 10_15_7) AppleWebKit/537.36 (KHTML, like Gecko) Chrome/91.0.4472.114 Safari/537.36" DataSize=196 HostName=localhost IP="::1" Method=GET Path="/api/v1/category/?size=100&page=1" SpendTime="3 ms" Status=200
time="2021-07-23 16:12:45" level=info Agent="Mozilla/5.0 (Macintosh; Intel Mac OS X 10_15_7) AppleWebKit/537.36 (KHTML, like Gecko) Chrome/91.0.4472.114 Safari/537.36" DataSize=0 HostName=localhost IP="::1" Method=OPTIONS Path="/api/v1/category/?size=100&page=1" SpendTime="1 ms" Status=204
time="2021-07-23 16:12:45" level=info Agent="Mozilla/5.0 (Macintosh; Intel Mac OS X 10_15_7) AppleWebKit/537.36 (KHTML, like Gecko) Chrome/91.0.4472.114 Safari/537.36" DataSize=0 HostName=localhost IP="::1" Method=OPTIONS Path="/api/v1/article/?title=&size=5&page=1" SpendTime="1 ms" Status=204
time="2021-07-23 16:12:45" level=info Agent="Mozilla/5.0 (Macintosh; Intel Mac OS X 10_15_7) AppleWebKit/537.36 (KHTML, like Gecko) Chrome/91.0.4472.114 Safari/537.36" DataSize=196 HostName=localhost IP="::1" Method=GET Path="/api/v1/category/?size=100&page=1" SpendTime="2 ms" Status=200
time="2021-07-23 16:12:45" level=info Agent="Mozilla/5.0 (Macintosh; Intel Mac OS X 10_15_7) AppleWebKit/537.36 (KHTML, like Gecko) Chrome/91.0.4472.114 Safari/537.36" DataSize=1308 HostName=localhost IP="::1" Method=GET Path="/api/v1/article/?title=&size=5&page=1" SpendTime="11 ms" Status=200
time="2021-07-23 16:12:47" level=info Agent="Mozilla/5.0 (Macintosh; Intel Mac OS X 10_15_7) AppleWebKit/537.36 (KHTML, like Gecko) Chrome/91.0.4472.114 Safari/537.36" DataSize=0 HostName=localhost IP="::1" Method=OPTIONS Path="/api/v1/category/?size=100&page=1" SpendTime="1 ms" Status=204
time="2021-07-23 16:12:47" level=info Agent="Mozilla/5.0 (Macintosh; Intel Mac OS X 10_15_7) AppleWebKit/537.36 (KHTML, like Gecko) Chrome/91.0.4472.114 Safari/537.36" DataSize=196 HostName=localhost IP="::1" Method=GET Path="/api/v1/category/?size=100&page=1" SpendTime="5 ms" Status=200
time="2021-07-23 16:12:49" level=info Agent="Mozilla/5.0 (Macintosh; Intel Mac OS X 10_15_7) AppleWebKit/537.36 (KHTML, like Gecko) Chrome/91.0.4472.114 Safari/537.36" DataSize=0 HostName=localhost IP="::1" Method=OPTIONS Path="/api/v1/category/?size=100&page=1" SpendTime="1 ms" Status=204
time="2021-07-23 16:12:49" level=info Agent="Mozilla/5.0 (Macintosh; Intel Mac OS X 10_15_7) AppleWebKit/537.36 (KHTML, like Gecko) Chrome/91.0.4472.114 Safari/537.36" DataSize=0 HostName=localhost IP="::1" Method=OPTIONS Path="/api/v1/article/?title=&size=5&page=1" SpendTime="1 ms" Status=204
time="2021-07-23 16:12:49" level=info Agent="Mozilla/5.0 (Macintosh; Intel Mac OS X 10_15_7) AppleWebKit/537.36 (KHTML, like Gecko) Chrome/91.0.4472.114 Safari/537.36" DataSize=1308 HostName=localhost IP="::1" Method=GET Path="/api/v1/article/?title=&size=5&page=1" SpendTime="2 ms" Status=200
time="2021-07-23 16:12:49" level=info Agent="Mozilla/5.0 (Macintosh; Intel Mac OS X 10_15_7) AppleWebKit/537.36 (KHTML, like Gecko) Chrome/91.0.4472.114 Safari/537.36" DataSize=196 HostName=localhost IP="::1" Method=GET Path="/api/v1/category/?size=100&page=1" SpendTime="3 ms" Status=200
time="2021-07-23 16:12:50" level=info Agent="Mozilla/5.0 (Macintosh; Intel Mac OS X 10_15_7) AppleWebKit/537.36 (KHTML, like Gecko) Chrome/91.0.4472.114 Safari/537.36" DataSize=0 HostName=localhost IP="::1" Method=OPTIONS Path="/api/v1/category/?size=100&page=1" SpendTime="1 ms" Status=204
time="2021-07-23 16:12:50" level=info Agent="Mozilla/5.0 (Macintosh; Intel Mac OS X 10_15_7) AppleWebKit/537.36 (KHTML, like Gecko) Chrome/91.0.4472.114 Safari/537.36" DataSize=0 HostName=localhost IP="::1" Method=OPTIONS Path=/api/v1/article/17/ SpendTime="1 ms" Status=204
time="2021-07-23 16:12:50" level=info Agent="Mozilla/5.0 (Macintosh; Intel Mac OS X 10_15_7) AppleWebKit/537.36 (KHTML, like Gecko) Chrome/91.0.4472.114 Safari/537.36" DataSize=196 HostName=localhost IP="::1" Method=GET Path="/api/v1/category/?size=100&page=1" SpendTime="2 ms" Status=200
time="2021-07-23 16:12:50" level=info Agent="Mozilla/5.0 (Macintosh; Intel Mac OS X 10_15_7) AppleWebKit/537.36 (KHTML, like Gecko) Chrome/91.0.4472.114 Safari/537.36" DataSize=346 HostName=localhost IP="::1" Method=GET Path=/api/v1/article/17/ SpendTime="9 ms" Status=200
time="2021-07-23 16:12:51" level=info Agent="Mozilla/5.0 (Macintosh; Intel Mac OS X 10_15_7) AppleWebKit/537.36 (KHTML, like Gecko) Chrome/91.0.4472.114 Safari/537.36" DataSize=0 HostName=localhost IP="::1" Method=OPTIONS Path="/api/v1/category/?size=100&page=1" SpendTime="1 ms" Status=204
time="2021-07-23 16:12:51" level=info Agent="Mozilla/5.0 (Macintosh; Intel Mac OS X 10_15_7) AppleWebKit/537.36 (KHTML, like Gecko) Chrome/91.0.4472.114 Safari/537.36" DataSize=196 HostName=localhost IP="::1" Method=GET Path="/api/v1/category/?size=100&page=1" SpendTime="3 ms" Status=200
time="2021-07-23 16:12:52" level=info Agent="Mozilla/5.0 (Macintosh; Intel Mac OS X 10_15_7) AppleWebKit/537.36 (KHTML, like Gecko) Chrome/91.0.4472.114 Safari/537.36" DataSize=0 HostName=localhost IP="::1" Method=OPTIONS Path="/api/v1/category/?size=5&page=1" SpendTime="1 ms" Status=204
time="2021-07-23 16:12:52" level=info Agent="Mozilla/5.0 (Macintosh; Intel Mac OS X 10_15_7) AppleWebKit/537.36 (KHTML, like Gecko) Chrome/91.0.4472.114 Safari/537.36" DataSize=173 HostName=localhost IP="::1" Method=GET Path="/api/v1/category/?size=5&page=1" SpendTime="3 ms" Status=200
time="2021-07-23 16:12:53" level=info Agent="Mozilla/5.0 (Macintosh; Intel Mac OS X 10_15_7) AppleWebKit/537.36 (KHTML, like Gecko) Chrome/91.0.4472.114 Safari/537.36" DataSize=0 HostName=localhost IP="::1" Method=OPTIONS Path=/api/v1/category/1/ SpendTime="1 ms" Status=204
time="2021-07-23 16:12:53" level=info Agent="Mozilla/5.0 (Macintosh; Intel Mac OS X 10_15_7) AppleWebKit/537.36 (KHTML, like Gecko) Chrome/91.0.4472.114 Safari/537.36" DataSize=61 HostName=localhost IP="::1" Method=GET Path=/api/v1/category/1/ SpendTime="3 ms" Status=200
time="2021-07-23 16:12:55" level=info Agent="Mozilla/5.0 (Macintosh; Intel Mac OS X 10_15_7) AppleWebKit/537.36 (KHTML, like Gecko) Chrome/91.0.4472.114 Safari/537.36" DataSize=0 HostName=localhost IP="::1" Method=OPTIONS Path="/api/v1/user/?username=&size=5&page=1" SpendTime="1 ms" Status=204
time="2021-07-23 16:12:55" level=info Agent="Mozilla/5.0 (Macintosh; Intel Mac OS X 10_15_7) AppleWebKit/537.36 (KHTML, like Gecko) Chrome/91.0.4472.114 Safari/537.36" DataSize=826 HostName=localhost IP="::1" Method=GET Path="/api/v1/user/?username=&size=5&page=1" SpendTime="6 ms" Status=200
time="2021-07-23 16:12:56" level=info Agent="Mozilla/5.0 (Macintosh; Intel Mac OS X 10_15_7) AppleWebKit/537.36 (KHTML, like Gecko) Chrome/91.0.4472.114 Safari/537.36" DataSize=0 HostName=localhost IP="::1" Method=OPTIONS Path=/api/v1/user/31/ SpendTime="1 ms" Status=204
time="2021-07-23 16:12:56" level=info Agent="Mozilla/5.0 (Macintosh; Intel Mac OS X 10_15_7) AppleWebKit/537.36 (KHTML, like Gecko) Chrome/91.0.4472.114 Safari/537.36" DataSize=187 HostName=localhost IP="::1" Method=GET Path=/api/v1/user/31/ SpendTime="1 ms" Status=200
time="2021-07-23 16:13:01" level=info Agent="Mozilla/5.0 (Macintosh; Intel Mac OS X 10_15_7) AppleWebKit/537.36 (KHTML, like Gecko) Chrome/91.0.4472.114 Safari/537.36" DataSize=0 HostName=localhost IP="::1" Method=OPTIONS Path="/api/v1/category/?size=100&page=1" SpendTime="1 ms" Status=204
time="2021-07-23 16:13:01" level=info Agent="Mozilla/5.0 (Macintosh; Intel Mac OS X 10_15_7) AppleWebKit/537.36 (KHTML, like Gecko) Chrome/91.0.4472.114 Safari/537.36" DataSize=196 HostName=localhost IP="::1" Method=GET Path="/api/v1/category/?size=100&page=1" SpendTime="9 ms" Status=200
time="2021-07-23 16:13:01" level=info Agent="Mozilla/5.0 (Macintosh; Intel Mac OS X 10_15_7) AppleWebKit/537.36 (KHTML, like Gecko) Chrome/91.0.4472.114 Safari/537.36" DataSize=0 HostName=localhost IP="::1" Method=OPTIONS Path="/api/v1/category/?size=100&page=1" SpendTime="1 ms" Status=204
time="2021-07-23 16:13:01" level=info Agent="Mozilla/5.0 (Macintosh; Intel Mac OS X 10_15_7) AppleWebKit/537.36 (KHTML, like Gecko) Chrome/91.0.4472.114 Safari/537.36" DataSize=0 HostName=localhost IP="::1" Method=OPTIONS Path="/api/v1/article/?title=&size=5&page=1" SpendTime="1 ms" Status=204
time="2021-07-23 16:13:01" level=info Agent="Mozilla/5.0 (Macintosh; Intel Mac OS X 10_15_7) AppleWebKit/537.36 (KHTML, like Gecko) Chrome/91.0.4472.114 Safari/537.36" DataSize=196 HostName=localhost IP="::1" Method=GET Path="/api/v1/category/?size=100&page=1" SpendTime="2 ms" Status=200
time="2021-07-23 16:13:01" level=info Agent="Mozilla/5.0 (Macintosh; Intel Mac OS X 10_15_7) AppleWebKit/537.36 (KHTML, like Gecko) Chrome/91.0.4472.114 Safari/537.36" DataSize=1308 HostName=localhost IP="::1" Method=GET Path="/api/v1/article/?title=&size=5&page=1" SpendTime="9 ms" Status=200
time="2021-07-23 16:13:39" level=info Agent="Mozilla/5.0 (Macintosh; Intel Mac OS X 10_15_7) AppleWebKit/537.36 (KHTML, like Gecko) Chrome/91.0.4472.114 Safari/537.36" DataSize=0 HostName=localhost IP="::1" Method=OPTIONS Path="/api/v1/category/?size=100&page=1" SpendTime="1 ms" Status=204
time="2021-07-23 16:13:39" level=info Agent="Mozilla/5.0 (Macintosh; Intel Mac OS X 10_15_7) AppleWebKit/537.36 (KHTML, like Gecko) Chrome/91.0.4472.114 Safari/537.36" DataSize=0 HostName=localhost IP="::1" Method=OPTIONS Path=/api/v1/article/17/ SpendTime="1 ms" Status=204
time="2021-07-23 16:13:39" level=info Agent="Mozilla/5.0 (Macintosh; Intel Mac OS X 10_15_7) AppleWebKit/537.36 (KHTML, like Gecko) Chrome/91.0.4472.114 Safari/537.36" DataSize=346 HostName=localhost IP="::1" Method=GET Path=/api/v1/article/17/ SpendTime="7 ms" Status=200
time="2021-07-23 16:13:39" level=info Agent="Mozilla/5.0 (Macintosh; Intel Mac OS X 10_15_7) AppleWebKit/537.36 (KHTML, like Gecko) Chrome/91.0.4472.114 Safari/537.36" DataSize=196 HostName=localhost IP="::1" Method=GET Path="/api/v1/category/?size=100&page=1" SpendTime="10 ms" Status=200
time="2021-07-23 16:13:46" level=info Agent="Mozilla/5.0 (Macintosh; Intel Mac OS X 10_15_7) AppleWebKit/537.36 (KHTML, like Gecko) Chrome/91.0.4472.114 Safari/537.36" DataSize=0 HostName=localhost IP="::1" Method=OPTIONS Path="/api/v1/category/?size=100&page=1" SpendTime="1 ms" Status=204
time="2021-07-23 16:13:46" level=info Agent="Mozilla/5.0 (Macintosh; Intel Mac OS X 10_15_7) AppleWebKit/537.36 (KHTML, like Gecko) Chrome/91.0.4472.114 Safari/537.36" DataSize=196 HostName=localhost IP="::1" Method=GET Path="/api/v1/category/?size=100&page=1" SpendTime="3 ms" Status=200
time="2021-07-23 16:15:06" level=info Agent="Mozilla/5.0 (Macintosh; Intel Mac OS X 10_15_7) AppleWebKit/537.36 (KHTML, like Gecko) Chrome/91.0.4472.114 Safari/537.36" DataSize=0 HostName=localhost IP="::1" Method=OPTIONS Path="/api/v1/category/?size=100&page=1" SpendTime="1 ms" Status=204
time="2021-07-23 16:15:06" level=info Agent="Mozilla/5.0 (Macintosh; Intel Mac OS X 10_15_7) AppleWebKit/537.36 (KHTML, like Gecko) Chrome/91.0.4472.114 Safari/537.36" DataSize=196 HostName=localhost IP="::1" Method=GET Path="/api/v1/category/?size=100&page=1" SpendTime="9 ms" Status=200
time="2021-07-23 16:16:48" level=info Agent="Mozilla/5.0 (Macintosh; Intel Mac OS X 10_15_7) AppleWebKit/537.36 (KHTML, like Gecko) Chrome/91.0.4472.114 Safari/537.36" DataSize=0 HostName=localhost IP="::1" Method=OPTIONS Path="/api/v1/user/?username=&size=5&page=1" SpendTime="1 ms" Status=204
time="2021-07-23 16:16:48" level=info Agent="Mozilla/5.0 (Macintosh; Intel Mac OS X 10_15_7) AppleWebKit/537.36 (KHTML, like Gecko) Chrome/91.0.4472.114 Safari/537.36" DataSize=826 HostName=localhost IP="::1" Method=GET Path="/api/v1/user/?username=&size=5&page=1" SpendTime="9 ms" Status=200
time="2021-07-23 16:16:56" level=info Agent="Mozilla/5.0 (Macintosh; Intel Mac OS X 10_15_7) AppleWebKit/537.36 (KHTML, like Gecko) Chrome/91.0.4472.114 Safari/537.36" DataSize=0 HostName=localhost IP="::1" Method=OPTIONS Path=/api/v1/user/63/ SpendTime="1 ms" Status=204
time="2021-07-23 16:16:56" level=info Agent="Mozilla/5.0 (Macintosh; Intel Mac OS X 10_15_7) AppleWebKit/537.36 (KHTML, like Gecko) Chrome/91.0.4472.114 Safari/537.36" DataSize=187 HostName=localhost IP="::1" Method=GET Path=/api/v1/user/63/ SpendTime="2 ms" Status=200
time="2021-07-23 16:16:59" level=info Agent="Mozilla/5.0 (Macintosh; Intel Mac OS X 10_15_7) AppleWebKit/537.36 (KHTML, like Gecko) Chrome/91.0.4472.114 Safari/537.36" DataSize=0 HostName=localhost IP="::1" Method=OPTIONS Path=/api/admin/user/63/ SpendTime="1 ms" Status=204
time="2021-07-23 16:16:59" level=info Agent="Mozilla/5.0 (Macintosh; Intel Mac OS X 10_15_7) AppleWebKit/537.36 (KHTML, like Gecko) Chrome/91.0.4472.114 Safari/537.36" DataSize=23 HostName=localhost IP="::1" Method=PUT Path=/api/admin/user/63/ SpendTime="31 ms" Status=200
time="2021-07-23 16:16:59" level=info Agent="Mozilla/5.0 (Macintosh; Intel Mac OS X 10_15_7) AppleWebKit/537.36 (KHTML, like Gecko) Chrome/91.0.4472.114 Safari/537.36" DataSize=0 HostName=localhost IP="::1" Method=OPTIONS Path="/api/v1/user/?username=&size=5&page=1" SpendTime="1 ms" Status=204
time="2021-07-23 16:16:59" level=info Agent="Mozilla/5.0 (Macintosh; Intel Mac OS X 10_15_7) AppleWebKit/537.36 (KHTML, like Gecko) Chrome/91.0.4472.114 Safari/537.36" DataSize=826 HostName=localhost IP="::1" Method=GET Path="/api/v1/user/?username=&size=5&page=1" SpendTime="1 ms" Status=200
time="2021-07-23 16:17:01" level=info Agent="Mozilla/5.0 (Macintosh; Intel Mac OS X 10_15_7) AppleWebKit/537.36 (KHTML, like Gecko) Chrome/91.0.4472.114 Safari/537.36" DataSize=0 HostName=localhost IP="::1" Method=OPTIONS Path=/api/admin/user/63/ SpendTime="1 ms" Status=204
time="2021-07-23 16:17:01" level=info Agent="Mozilla/5.0 (Macintosh; Intel Mac OS X 10_15_7) AppleWebKit/537.36 (KHTML, like Gecko) Chrome/91.0.4472.114 Safari/537.36" DataSize=23 HostName=localhost IP="::1" Method=DELETE Path=/api/admin/user/63/ SpendTime="6 ms" Status=200
time="2021-07-23 16:17:01" level=info Agent="Mozilla/5.0 (Macintosh; Intel Mac OS X 10_15_7) AppleWebKit/537.36 (KHTML, like Gecko) Chrome/91.0.4472.114 Safari/537.36" DataSize=0 HostName=localhost IP="::1" Method=OPTIONS Path="/api/v1/user/?username=&size=5&page=1" SpendTime="1 ms" Status=204
time="2021-07-23 16:17:01" level=info Agent="Mozilla/5.0 (Macintosh; Intel Mac OS X 10_15_7) AppleWebKit/537.36 (KHTML, like Gecko) Chrome/91.0.4472.114 Safari/537.36" DataSize=668 HostName=localhost IP="::1" Method=GET Path="/api/v1/user/?username=&size=5&page=1" SpendTime="2 ms" Status=200
time="2021-07-23 16:17:25" level=info Agent="Mozilla/5.0 (Macintosh; Intel Mac OS X 10_15_7) AppleWebKit/537.36 (KHTML, like Gecko) Chrome/91.0.4472.114 Safari/537.36" DataSize=0 HostName=localhost IP="::1" Method=OPTIONS Path=/api/admin/editpass/60/ SpendTime="1 ms" Status=204
time="2021-07-23 16:17:25" level=info Agent="Mozilla/5.0 (Macintosh; Intel Mac OS X 10_15_7) AppleWebKit/537.36 (KHTML, like Gecko) Chrome/91.0.4472.114 Safari/537.36" DataSize=23 HostName=localhost IP="::1" Method=PUT Path=/api/admin/editpass/60/ SpendTime="132 ms" Status=200
time="2021-07-23 16:17:25" level=info Agent="Mozilla/5.0 (Macintosh; Intel Mac OS X 10_15_7) AppleWebKit/537.36 (KHTML, like Gecko) Chrome/91.0.4472.114 Safari/537.36" DataSize=0 HostName=localhost IP="::1" Method=OPTIONS Path="/api/v1/user/?username=&size=5&page=1" SpendTime="1 ms" Status=204
time="2021-07-23 16:17:25" level=info Agent="Mozilla/5.0 (Macintosh; Intel Mac OS X 10_15_7) AppleWebKit/537.36 (KHTML, like Gecko) Chrome/91.0.4472.114 Safari/537.36" DataSize=668 HostName=localhost IP="::1" Method=GET Path="/api/v1/user/?username=&size=5&page=1" SpendTime="2 ms" Status=200
time="2021-07-23 16:17:29" level=info Agent="Mozilla/5.0 (Macintosh; Intel Mac OS X 10_15_7) AppleWebKit/537.36 (KHTML, like Gecko) Chrome/91.0.4472.114 Safari/537.36" DataSize=0 HostName=localhost IP="::1" Method=OPTIONS Path="/api/v1/category/?size=5&page=1" SpendTime="1 ms" Status=204
time="2021-07-23 16:17:29" level=info Agent="Mozilla/5.0 (Macintosh; Intel Mac OS X 10_15_7) AppleWebKit/537.36 (KHTML, like Gecko) Chrome/91.0.4472.114 Safari/537.36" DataSize=173 HostName=localhost IP="::1" Method=GET Path="/api/v1/category/?size=5&page=1" SpendTime="4 ms" Status=200
time="2021-07-23 16:17:31" level=info Agent="Mozilla/5.0 (Macintosh; Intel Mac OS X 10_15_7) AppleWebKit/537.36 (KHTML, like Gecko) Chrome/91.0.4472.114 Safari/537.36" DataSize=0 HostName=localhost IP="::1" Method=OPTIONS Path="/api/v1/category/?size=5&page=2" SpendTime="1 ms" Status=204
time="2021-07-23 16:17:31" level=info Agent="Mozilla/5.0 (Macintosh; Intel Mac OS X 10_15_7) AppleWebKit/537.36 (KHTML, like Gecko) Chrome/91.0.4472.114 Safari/537.36" DataSize=65 HostName=localhost IP="::1" Method=GET Path="/api/v1/category/?size=5&page=2" SpendTime="3 ms" Status=200
time="2021-07-23 16:17:33" level=info Agent="Mozilla/5.0 (Macintosh; Intel Mac OS X 10_15_7) AppleWebKit/537.36 (KHTML, like Gecko) Chrome/91.0.4472.114 Safari/537.36" DataSize=0 HostName=localhost IP="::1" Method=OPTIONS Path=/api/admin/category/27/ SpendTime="1 ms" Status=204
time="2021-07-23 16:17:33" level=info Agent="Mozilla/5.0 (Macintosh; Intel Mac OS X 10_15_7) AppleWebKit/537.36 (KHTML, like Gecko) Chrome/91.0.4472.114 Safari/537.36" DataSize=23 HostName=localhost IP="::1" Method=DELETE Path=/api/admin/category/27/ SpendTime="5 ms" Status=200
time="2021-07-23 16:17:33" level=info Agent="Mozilla/5.0 (Macintosh; Intel Mac OS X 10_15_7) AppleWebKit/537.36 (KHTML, like Gecko) Chrome/91.0.4472.114 Safari/537.36" DataSize=0 HostName=localhost IP="::1" Method=OPTIONS Path="/api/v1/category/?size=5&page=1" SpendTime="1 ms" Status=204
time="2021-07-23 16:17:33" level=info Agent="Mozilla/5.0 (Macintosh; Intel Mac OS X 10_15_7) AppleWebKit/537.36 (KHTML, like Gecko) Chrome/91.0.4472.114 Safari/537.36" DataSize=173 HostName=localhost IP="::1" Method=GET Path="/api/v1/category/?size=5&page=1" SpendTime="3 ms" Status=200
time="2021-07-23 16:17:35" level=info Agent="Mozilla/5.0 (Macintosh; Intel Mac OS X 10_15_7) AppleWebKit/537.36 (KHTML, like Gecko) Chrome/91.0.4472.114 Safari/537.36" DataSize=0 HostName=localhost IP="::1" Method=OPTIONS Path="/api/v1/category/?size=100&page=1" SpendTime="1 ms" Status=204
time="2021-07-23 16:17:35" level=info Agent="Mozilla/5.0 (Macintosh; Intel Mac OS X 10_15_7) AppleWebKit/537.36 (KHTML, like Gecko) Chrome/91.0.4472.114 Safari/537.36" DataSize=0 HostName=localhost IP="::1" Method=OPTIONS Path="/api/v1/article/?title=&size=5&page=1" SpendTime="1 ms" Status=204
time="2021-07-23 16:17:35" level=info Agent="Mozilla/5.0 (Macintosh; Intel Mac OS X 10_15_7) AppleWebKit/537.36 (KHTML, like Gecko) Chrome/91.0.4472.114 Safari/537.36" DataSize=173 HostName=localhost IP="::1" Method=GET Path="/api/v1/category/?size=100&page=1" SpendTime="7 ms" Status=200
time="2021-07-23 16:17:35" level=info Agent="Mozilla/5.0 (Macintosh; Intel Mac OS X 10_15_7) AppleWebKit/537.36 (KHTML, like Gecko) Chrome/91.0.4472.114 Safari/537.36" DataSize=1308 HostName=localhost IP="::1" Method=GET Path="/api/v1/article/?title=&size=5&page=1" SpendTime="13 ms" Status=200
time="2021-07-23 16:17:38" level=info Agent="Mozilla/5.0 (Macintosh; Intel Mac OS X 10_15_7) AppleWebKit/537.36 (KHTML, like Gecko) Chrome/91.0.4472.114 Safari/537.36" DataSize=0 HostName=localhost IP="::1" Method=OPTIONS Path="/api/v1/article/?title=&size=5&page=2" SpendTime="1 ms" Status=204
time="2021-07-23 16:17:38" level=info Agent="Mozilla/5.0 (Macintosh; Intel Mac OS X 10_15_7) AppleWebKit/537.36 (KHTML, like Gecko) Chrome/91.0.4472.114 Safari/537.36" DataSize=1706 HostName=localhost IP="::1" Method=GET Path="/api/v1/article/?title=&size=5&page=2" SpendTime="4 ms" Status=200
time="2021-07-23 16:17:40" level=info Agent="Mozilla/5.0 (Macintosh; Intel Mac OS X 10_15_7) AppleWebKit/537.36 (KHTML, like Gecko) Chrome/91.0.4472.114 Safari/537.36" DataSize=0 HostName=localhost IP="::1" Method=OPTIONS Path=/api/admin/article/15/ SpendTime="1 ms" Status=204
time="2021-07-23 16:17:40" level=info Agent="Mozilla/5.0 (Macintosh; Intel Mac OS X 10_15_7) AppleWebKit/537.36 (KHTML, like Gecko) Chrome/91.0.4472.114 Safari/537.36" DataSize=23 HostName=localhost IP="::1" Method=DELETE Path=/api/admin/article/15/ SpendTime="5 ms" Status=200
time="2021-07-23 16:17:40" level=info Agent="Mozilla/5.0 (Macintosh; Intel Mac OS X 10_15_7) AppleWebKit/537.36 (KHTML, like Gecko) Chrome/91.0.4472.114 Safari/537.36" DataSize=0 HostName=localhost IP="::1" Method=OPTIONS Path="/api/v1/article/?title=&size=5&page=1" SpendTime="1 ms" Status=204
time="2021-07-23 16:17:40" level=info Agent="Mozilla/5.0 (Macintosh; Intel Mac OS X 10_15_7) AppleWebKit/537.36 (KHTML, like Gecko) Chrome/91.0.4472.114 Safari/537.36" DataSize=1308 HostName=localhost IP="::1" Method=GET Path="/api/v1/article/?title=&size=5&page=1" SpendTime="2 ms" Status=200
time="2021-07-23 16:17:42" level=info Agent="Mozilla/5.0 (Macintosh; Intel Mac OS X 10_15_7) AppleWebKit/537.36 (KHTML, like Gecko) Chrome/91.0.4472.114 Safari/537.36" DataSize=0 HostName=localhost IP="::1" Method=OPTIONS Path="/api/v1/article/?title=&size=5&page=1" SpendTime="1 ms" Status=204
time="2021-07-23 16:17:42" level=info Agent="Mozilla/5.0 (Macintosh; Intel Mac OS X 10_15_7) AppleWebKit/537.36 (KHTML, like Gecko) Chrome/91.0.4472.114 Safari/537.36" DataSize=1308 HostName=localhost IP="::1" Method=GET Path="/api/v1/article/?title=&size=5&page=1" SpendTime="2 ms" Status=200
time="2021-07-23 16:17:43" level=info Agent="Mozilla/5.0 (Macintosh; Intel Mac OS X 10_15_7) AppleWebKit/537.36 (KHTML, like Gecko) Chrome/91.0.4472.114 Safari/537.36" DataSize=0 HostName=localhost IP="::1" Method=OPTIONS Path="/api/v1/article/?title=&size=5&page=2" SpendTime="1 ms" Status=204
time="2021-07-23 16:17:43" level=info Agent="Mozilla/5.0 (Macintosh; Intel Mac OS X 10_15_7) AppleWebKit/537.36 (KHTML, like Gecko) Chrome/91.0.4472.114 Safari/537.36" DataSize=1439 HostName=localhost IP="::1" Method=GET Path="/api/v1/article/?title=&size=5&page=2" SpendTime="2 ms" Status=200
time="2021-07-23 16:17:44" level=info Agent="Mozilla/5.0 (Macintosh; Intel Mac OS X 10_15_7) AppleWebKit/537.36 (KHTML, like Gecko) Chrome/91.0.4472.114 Safari/537.36" DataSize=0 HostName=localhost IP="::1" Method=OPTIONS Path="/api/v1/article/?title=&size=5&page=1" SpendTime="1 ms" Status=204
time="2021-07-23 16:17:44" level=info Agent="Mozilla/5.0 (Macintosh; Intel Mac OS X 10_15_7) AppleWebKit/537.36 (KHTML, like Gecko) Chrome/91.0.4472.114 Safari/537.36" DataSize=1308 HostName=localhost IP="::1" Method=GET Path="/api/v1/article/?title=&size=5&page=1" SpendTime="4 ms" Status=200
time="2021-07-23 16:17:46" level=info Agent="Mozilla/5.0 (Macintosh; Intel Mac OS X 10_15_7) AppleWebKit/537.36 (KHTML, like Gecko) Chrome/91.0.4472.114 Safari/537.36" DataSize=0 HostName=localhost IP="::1" Method=OPTIONS Path="/api/v1/category/?size=100&page=1" SpendTime="1 ms" Status=204
time="2021-07-23 16:17:46" level=info Agent="Mozilla/5.0 (Macintosh; Intel Mac OS X 10_15_7) AppleWebKit/537.36 (KHTML, like Gecko) Chrome/91.0.4472.114 Safari/537.36" DataSize=0 HostName=localhost IP="::1" Method=OPTIONS Path=/api/v1/article/17/ SpendTime="1 ms" Status=204
time="2021-07-23 16:17:46" level=info Agent="Mozilla/5.0 (Macintosh; Intel Mac OS X 10_15_7) AppleWebKit/537.36 (KHTML, like Gecko) Chrome/91.0.4472.114 Safari/537.36" DataSize=173 HostName=localhost IP="::1" Method=GET Path="/api/v1/category/?size=100&page=1" SpendTime="5 ms" Status=200
time="2021-07-23 16:17:46" level=info Agent="Mozilla/5.0 (Macintosh; Intel Mac OS X 10_15_7) AppleWebKit/537.36 (KHTML, like Gecko) Chrome/91.0.4472.114 Safari/537.36" DataSize=346 HostName=localhost IP="::1" Method=GET Path=/api/v1/article/17/ SpendTime="6 ms" Status=200
time="2021-07-23 16:17:49" level=info Agent="Mozilla/5.0 (Macintosh; Intel Mac OS X 10_15_7) AppleWebKit/537.36 (KHTML, like Gecko) Chrome/91.0.4472.114 Safari/537.36" DataSize=0 HostName=localhost IP="::1" Method=OPTIONS Path=/api/admin/article/17/ SpendTime="1 ms" Status=204
time="2021-07-23 16:17:49" level=info Agent="Mozilla/5.0 (Macintosh; Intel Mac OS X 10_15_7) AppleWebKit/537.36 (KHTML, like Gecko) Chrome/91.0.4472.114 Safari/537.36" DataSize=23 HostName=localhost IP="::1" Method=PUT Path=/api/admin/article/17/ SpendTime="6 ms" Status=200
time="2021-07-23 16:17:50" level=info Agent="Mozilla/5.0 (Macintosh; Intel Mac OS X 10_15_7) AppleWebKit/537.36 (KHTML, like Gecko) Chrome/91.0.4472.114 Safari/537.36" DataSize=0 HostName=localhost IP="::1" Method=OPTIONS Path="/api/v1/category/?size=100&page=1" SpendTime="1 ms" Status=204
time="2021-07-23 16:17:50" level=info Agent="Mozilla/5.0 (Macintosh; Intel Mac OS X 10_15_7) AppleWebKit/537.36 (KHTML, like Gecko) Chrome/91.0.4472.114 Safari/537.36" DataSize=0 HostName=localhost IP="::1" Method=OPTIONS Path="/api/v1/article/?title=&size=5&page=1" SpendTime="1 ms" Status=204
time="2021-07-23 16:17:50" level=info Agent="Mozilla/5.0 (Macintosh; Intel Mac OS X 10_15_7) AppleWebKit/537.36 (KHTML, like Gecko) Chrome/91.0.4472.114 Safari/537.36" DataSize=1313 HostName=localhost IP="::1" Method=GET Path="/api/v1/article/?title=&size=5&page=1" SpendTime="2 ms" Status=200
time="2021-07-23 16:17:50" level=info Agent="Mozilla/5.0 (Macintosh; Intel Mac OS X 10_15_7) AppleWebKit/537.36 (KHTML, like Gecko) Chrome/91.0.4472.114 Safari/537.36" DataSize=173 HostName=localhost IP="::1" Method=GET Path="/api/v1/category/?size=100&page=1" SpendTime="2 ms" Status=200
time="2021-07-23 16:17:51" level=info Agent="Mozilla/5.0 (Macintosh; Intel Mac OS X 10_15_7) AppleWebKit/537.36 (KHTML, like Gecko) Chrome/91.0.4472.114 Safari/537.36" DataSize=0 HostName=localhost IP="::1" Method=OPTIONS Path="/api/v1/category/?size=100&page=1" SpendTime="1 ms" Status=204
time="2021-07-23 16:17:51" level=info Agent="Mozilla/5.0 (Macintosh; Intel Mac OS X 10_15_7) AppleWebKit/537.36 (KHTML, like Gecko) Chrome/91.0.4472.114 Safari/537.36" DataSize=0 HostName=localhost IP="::1" Method=OPTIONS Path=/api/v1/article/17/ SpendTime="1 ms" Status=204
time="2021-07-23 16:17:51" level=info Agent="Mozilla/5.0 (Macintosh; Intel Mac OS X 10_15_7) AppleWebKit/537.36 (KHTML, like Gecko) Chrome/91.0.4472.114 Safari/537.36" DataSize=351 HostName=localhost IP="::1" Method=GET Path=/api/v1/article/17/ SpendTime="1 ms" Status=200
time="2021-07-23 16:17:51" level=info Agent="Mozilla/5.0 (Macintosh; Intel Mac OS X 10_15_7) AppleWebKit/537.36 (KHTML, like Gecko) Chrome/91.0.4472.114 Safari/537.36" DataSize=173 HostName=localhost IP="::1" Method=GET Path="/api/v1/category/?size=100&page=1" SpendTime="3 ms" Status=200
time="2021-07-23 16:17:56" level=info Agent="Mozilla/5.0 (Macintosh; Intel Mac OS X 10_15_7) AppleWebKit/537.36 (KHTML, like Gecko) Chrome/91.0.4472.114 Safari/537.36" DataSize=0 HostName=localhost IP="::1" Method=OPTIONS Path=/api/admin/article/17/ SpendTime="1 ms" Status=204
time="2021-07-23 16:17:56" level=info Agent="Mozilla/5.0 (Macintosh; Intel Mac OS X 10_15_7) AppleWebKit/537.36 (KHTML, like Gecko) Chrome/91.0.4472.114 Safari/537.36" DataSize=23 HostName=localhost IP="::1" Method=PUT Path=/api/admin/article/17/ SpendTime="11 ms" Status=200
time="2021-07-23 16:17:56" level=info Agent="Mozilla/5.0 (Macintosh; Intel Mac OS X 10_15_7) AppleWebKit/537.36 (KHTML, like Gecko) Chrome/91.0.4472.114 Safari/537.36" DataSize=0 HostName=localhost IP="::1" Method=OPTIONS Path="/api/v1/category/?size=100&page=1" SpendTime="1 ms" Status=204
time="2021-07-23 16:17:56" level=info Agent="Mozilla/5.0 (Macintosh; Intel Mac OS X 10_15_7) AppleWebKit/537.36 (KHTML, like Gecko) Chrome/91.0.4472.114 Safari/537.36" DataSize=0 HostName=localhost IP="::1" Method=OPTIONS Path="/api/v1/article/?title=&size=5&page=1" SpendTime="1 ms" Status=204
time="2021-07-23 16:17:56" level=info Agent="Mozilla/5.0 (Macintosh; Intel Mac OS X 10_15_7) AppleWebKit/537.36 (KHTML, like Gecko) Chrome/91.0.4472.114 Safari/537.36" DataSize=1319 HostName=localhost IP="::1" Method=GET Path="/api/v1/article/?title=&size=5&page=1" SpendTime="2 ms" Status=200
time="2021-07-23 16:17:56" level=info Agent="Mozilla/5.0 (Macintosh; Intel Mac OS X 10_15_7) AppleWebKit/537.36 (KHTML, like Gecko) Chrome/91.0.4472.114 Safari/537.36" DataSize=173 HostName=localhost IP="::1" Method=GET Path="/api/v1/category/?size=100&page=1" SpendTime="4 ms" Status=200
time="2021-07-23 16:17:59" level=info Agent="Mozilla/5.0 (Macintosh; Intel Mac OS X 10_15_7) AppleWebKit/537.36 (KHTML, like Gecko) Chrome/91.0.4472.114 Safari/537.36" DataSize=0 HostName=localhost IP="::1" Method=OPTIONS Path="/api/v1/category/?size=100&page=1" SpendTime="1 ms" Status=204
time="2021-07-23 16:17:59" level=info Agent="Mozilla/5.0 (Macintosh; Intel Mac OS X 10_15_7) AppleWebKit/537.36 (KHTML, like Gecko) Chrome/91.0.4472.114 Safari/537.36" DataSize=173 HostName=localhost IP="::1" Method=GET Path="/api/v1/category/?size=100&page=1" SpendTime="3 ms" Status=200
time="2021-07-23 16:18:21" level=info Agent="Mozilla/5.0 (Macintosh; Intel Mac OS X 10_15_7) AppleWebKit/537.36 (KHTML, like Gecko) Chrome/91.0.4472.114 Safari/537.36" DataSize=0 HostName=localhost IP="::1" Method=OPTIONS Path="/api/v1/category/?size=100&page=1" SpendTime="1 ms" Status=204
time="2021-07-23 16:18:21" level=info Agent="Mozilla/5.0 (Macintosh; Intel Mac OS X 10_15_7) AppleWebKit/537.36 (KHTML, like Gecko) Chrome/91.0.4472.114 Safari/537.36" DataSize=173 HostName=localhost IP="::1" Method=GET Path="/api/v1/category/?size=100&page=1" SpendTime="5 ms" Status=200
time="2021-07-23 16:20:31" level=info Agent="Mozilla/5.0 (Macintosh; Intel Mac OS X 10_15_7) AppleWebKit/537.36 (KHTML, like Gecko) Chrome/91.0.4472.114 Safari/537.36" DataSize=0 HostName=localhost IP="::1" Method=OPTIONS Path="/api/v1/category/?size=100&page=1" SpendTime="1 ms" Status=204
time="2021-07-23 16:20:31" level=info Agent="Mozilla/5.0 (Macintosh; Intel Mac OS X 10_15_7) AppleWebKit/537.36 (KHTML, like Gecko) Chrome/91.0.4472.114 Safari/537.36" DataSize=0 HostName=localhost IP="::1" Method=OPTIONS Path="/api/v1/article/?title=&size=5&page=1" SpendTime="1 ms" Status=204
time="2021-07-23 16:20:31" level=info Agent="Mozilla/5.0 (Macintosh; Intel Mac OS X 10_15_7) AppleWebKit/537.36 (KHTML, like Gecko) Chrome/91.0.4472.114 Safari/537.36" DataSize=173 HostName=localhost IP="::1" Method=GET Path="/api/v1/category/?size=100&page=1" SpendTime="4 ms" Status=200
time="2021-07-23 16:20:31" level=info Agent="Mozilla/5.0 (Macintosh; Intel Mac OS X 10_15_7) AppleWebKit/537.36 (KHTML, like Gecko) Chrome/91.0.4472.114 Safari/537.36" DataSize=1319 HostName=localhost IP="::1" Method=GET Path="/api/v1/article/?title=&size=5&page=1" SpendTime="6 ms" Status=200
time="2021-07-23 16:21:13" level=info Agent="Mozilla/5.0 (Macintosh; Intel Mac OS X 10_15_7) AppleWebKit/537.36 (KHTML, like Gecko) Chrome/91.0.4472.114 Safari/537.36" DataSize=0 HostName=localhost IP="::1" Method=OPTIONS Path="/api/v1/category/?size=100&page=1" SpendTime="1 ms" Status=204
time="2021-07-23 16:21:13" level=info Agent="Mozilla/5.0 (Macintosh; Intel Mac OS X 10_15_7) AppleWebKit/537.36 (KHTML, like Gecko) Chrome/91.0.4472.114 Safari/537.36" DataSize=173 HostName=localhost IP="::1" Method=GET Path="/api/v1/category/?size=100&page=1" SpendTime="6 ms" Status=200
time="2021-07-23 16:21:14" level=info Agent="Mozilla/5.0 (Macintosh; Intel Mac OS X 10_15_7) AppleWebKit/537.36 (KHTML, like Gecko) Chrome/91.0.4472.114 Safari/537.36" DataSize=0 HostName=localhost IP="::1" Method=OPTIONS Path="/api/v1/category/?size=100&page=1" SpendTime="1 ms" Status=204
time="2021-07-23 16:21:14" level=info Agent="Mozilla/5.0 (Macintosh; Intel Mac OS X 10_15_7) AppleWebKit/537.36 (KHTML, like Gecko) Chrome/91.0.4472.114 Safari/537.36" DataSize=0 HostName=localhost IP="::1" Method=OPTIONS Path="/api/v1/article/?title=&size=5&page=1" SpendTime="1 ms" Status=204
time="2021-07-23 16:21:14" level=info Agent="Mozilla/5.0 (Macintosh; Intel Mac OS X 10_15_7) AppleWebKit/537.36 (KHTML, like Gecko) Chrome/91.0.4472.114 Safari/537.36" DataSize=173 HostName=localhost IP="::1" Method=GET Path="/api/v1/category/?size=100&page=1" SpendTime="3 ms" Status=200
time="2021-07-23 16:21:14" level=info Agent="Mozilla/5.0 (Macintosh; Intel Mac OS X 10_15_7) AppleWebKit/537.36 (KHTML, like Gecko) Chrome/91.0.4472.114 Safari/537.36" DataSize=1319 HostName=localhost IP="::1" Method=GET Path="/api/v1/article/?title=&size=5&page=1" SpendTime="7 ms" Status=200
time="2021-07-23 16:21:15" level=info Agent="Mozilla/5.0 (Macintosh; Intel Mac OS X 10_15_7) AppleWebKit/537.36 (KHTML, like Gecko) Chrome/91.0.4472.114 Safari/537.36" DataSize=0 HostName=localhost IP="::1" Method=OPTIONS Path="/api/v1/user/?username=&size=5&page=1" SpendTime="1 ms" Status=204
time="2021-07-23 16:21:15" level=info Agent="Mozilla/5.0 (Macintosh; Intel Mac OS X 10_15_7) AppleWebKit/537.36 (KHTML, like Gecko) Chrome/91.0.4472.114 Safari/537.36" DataSize=668 HostName=localhost IP="::1" Method=GET Path="/api/v1/user/?username=&size=5&page=1" SpendTime="7 ms" Status=200
time="2021-07-23 16:21:16" level=info Agent="Mozilla/5.0 (Macintosh; Intel Mac OS X 10_15_7) AppleWebKit/537.36 (KHTML, like Gecko) Chrome/91.0.4472.114 Safari/537.36" DataSize=0 HostName=localhost IP="::1" Method=OPTIONS Path="/api/v1/category/?size=5&page=1" SpendTime="1 ms" Status=204
time="2021-07-23 16:21:16" level=info Agent="Mozilla/5.0 (Macintosh; Intel Mac OS X 10_15_7) AppleWebKit/537.36 (KHTML, like Gecko) Chrome/91.0.4472.114 Safari/537.36" DataSize=173 HostName=localhost IP="::1" Method=GET Path="/api/v1/category/?size=5&page=1" SpendTime="2 ms" Status=200
time="2021-07-23 16:21:40" level=info Agent="Mozilla/5.0 (Macintosh; Intel Mac OS X 10_15_7) AppleWebKit/537.36 (KHTML, like Gecko) Chrome/91.0.4472.114 Safari/537.36" DataSize=0 HostName=localhost IP="::1" Method=OPTIONS Path="/api/v1/user/?username=&size=5&page=1" SpendTime="1 ms" Status=204
time="2021-07-23 16:21:40" level=info Agent="Mozilla/5.0 (Macintosh; Intel Mac OS X 10_15_7) AppleWebKit/537.36 (KHTML, like Gecko) Chrome/91.0.4472.114 Safari/537.36" DataSize=0 HostName=localhost IP="::1" Method=OPTIONS Path="/api/v1/category/?size=5&page=1" SpendTime="1 ms" Status=204
time="2021-07-23 16:21:41" level=info Agent="Mozilla/5.0 (Macintosh; Intel Mac OS X 10_15_7) AppleWebKit/537.36 (KHTML, like Gecko) Chrome/91.0.4472.114 Safari/537.36" DataSize=0 HostName=localhost IP="::1" Method=OPTIONS Path="/api/v1/user/?username=&size=5&page=1" SpendTime="1 ms" Status=204
time="2021-07-23 16:21:41" level=info Agent="Mozilla/5.0 (Macintosh; Intel Mac OS X 10_15_7) AppleWebKit/537.36 (KHTML, like Gecko) Chrome/91.0.4472.114 Safari/537.36" DataSize=668 HostName=localhost IP="::1" Method=GET Path="/api/v1/user/?username=&size=5&page=1" SpendTime="8 ms" Status=200
time="2021-07-23 16:21:42" level=info Agent="Mozilla/5.0 (Macintosh; Intel Mac OS X 10_15_7) AppleWebKit/537.36 (KHTML, like Gecko) Chrome/91.0.4472.114 Safari/537.36" DataSize=0 HostName=localhost IP="::1" Method=OPTIONS Path="/api/v1/category/?size=5&page=1" SpendTime="1 ms" Status=204
time="2021-07-23 16:21:42" level=info Agent="Mozilla/5.0 (Macintosh; Intel Mac OS X 10_15_7) AppleWebKit/537.36 (KHTML, like Gecko) Chrome/91.0.4472.114 Safari/537.36" DataSize=173 HostName=localhost IP="::1" Method=GET Path="/api/v1/category/?size=5&page=1" SpendTime="2 ms" Status=200
time="2021-07-23 16:21:44" level=info Agent="Mozilla/5.0 (Macintosh; Intel Mac OS X 10_15_7) AppleWebKit/537.36 (KHTML, like Gecko) Chrome/91.0.4472.114 Safari/537.36" DataSize=0 HostName=localhost IP="::1" Method=OPTIONS Path="/api/v1/category/?size=100&page=1" SpendTime="1 ms" Status=204
time="2021-07-23 16:21:44" level=info Agent="Mozilla/5.0 (Macintosh; Intel Mac OS X 10_15_7) AppleWebKit/537.36 (KHTML, like Gecko) Chrome/91.0.4472.114 Safari/537.36" DataSize=173 HostName=localhost IP="::1" Method=GET Path="/api/v1/category/?size=100&page=1" SpendTime="2 ms" Status=200
time="2021-07-23 16:21:44" level=info Agent="Mozilla/5.0 (Macintosh; Intel Mac OS X 10_15_7) AppleWebKit/537.36 (KHTML, like Gecko) Chrome/91.0.4472.114 Safari/537.36" DataSize=0 HostName=localhost IP="::1" Method=OPTIONS Path="/api/v1/category/?size=100&page=1" SpendTime="1 ms" Status=204
time="2021-07-23 16:21:44" level=info Agent="Mozilla/5.0 (Macintosh; Intel Mac OS X 10_15_7) AppleWebKit/537.36 (KHTML, like Gecko) Chrome/91.0.4472.114 Safari/537.36" DataSize=0 HostName=localhost IP="::1" Method=OPTIONS Path="/api/v1/article/?title=&size=5&page=1" SpendTime="1 ms" Status=204
time="2021-07-23 16:21:44" level=info Agent="Mozilla/5.0 (Macintosh; Intel Mac OS X 10_15_7) AppleWebKit/537.36 (KHTML, like Gecko) Chrome/91.0.4472.114 Safari/537.36" DataSize=173 HostName=localhost IP="::1" Method=GET Path="/api/v1/category/?size=100&page=1" SpendTime="3 ms" Status=200
time="2021-07-23 16:21:44" level=info Agent="Mozilla/5.0 (Macintosh; Intel Mac OS X 10_15_7) AppleWebKit/537.36 (KHTML, like Gecko) Chrome/91.0.4472.114 Safari/537.36" DataSize=1319 HostName=localhost IP="::1" Method=GET Path="/api/v1/article/?title=&size=5&page=1" SpendTime="7 ms" Status=200
time="2021-07-23 16:34:54" level=info Agent="Mozilla/5.0 (Macintosh; Intel Mac OS X 10_15_7) AppleWebKit/537.36 (KHTML, like Gecko) Chrome/91.0.4472.114 Safari/537.36" DataSize=941 HostName=lihaoyedeMacBook-Air.local IP="::1" Method=GET Path=/admin SpendTime="3 ms" Status=200
time="2021-07-23 16:34:54" level=warning Agent="Mozilla/5.0 (Macintosh; Intel Mac OS X 10_15_7) AppleWebKit/537.36 (KHTML, like Gecko) Chrome/91.0.4472.114 Safari/537.36" DataSize=0 HostName=lihaoyedeMacBook-Air.local IP="::1" Method=GET Path=/admin/css/app.9b1aff55.css SpendTime="1 ms" Status=404
time="2021-07-23 16:34:54" level=warning Agent="Mozilla/5.0 (Macintosh; Intel Mac OS X 10_15_7) AppleWebKit/537.36 (KHTML, like Gecko) Chrome/91.0.4472.114 Safari/537.36" DataSize=0 HostName=lihaoyedeMacBook-Air.local IP="::1" Method=GET Path=/admin/css/chunk-vendors.597d8fb6.css SpendTime="1 ms" Status=404
time="2021-07-23 16:34:54" level=warning Agent="Mozilla/5.0 (Macintosh; Intel Mac OS X 10_15_7) AppleWebKit/537.36 (KHTML, like Gecko) Chrome/91.0.4472.114 Safari/537.36" DataSize=0 HostName=lihaoyedeMacBook-Air.local IP="::1" Method=GET Path=/admin/js/chunk-vendors.22031700.js SpendTime="1 ms" Status=404
time="2021-07-23 16:34:54" level=warning Agent="Mozilla/5.0 (Macintosh; Intel Mac OS X 10_15_7) AppleWebKit/537.36 (KHTML, like Gecko) Chrome/91.0.4472.114 Safari/537.36" DataSize=0 HostName=lihaoyedeMacBook-Air.local IP="::1" Method=GET Path=/admin/js/app.b5951831.js SpendTime="1 ms" Status=404
time="2021-07-23 16:34:54" level=warning Agent="Mozilla/5.0 (Macintosh; Intel Mac OS X 10_15_7) AppleWebKit/537.36 (KHTML, like Gecko) Chrome/91.0.4472.114 Safari/537.36" DataSize=0 HostName=lihaoyedeMacBook-Air.local IP="::1" Method=GET Path=/admin/avatar.ico SpendTime="1 ms" Status=404
time="2021-07-23 16:34:57" level=warning Agent="Mozilla/5.0 (Macintosh; Intel Mac OS X 10_15_7) AppleWebKit/537.36 (KHTML, like Gecko) Chrome/91.0.4472.114 Safari/537.36" DataSize=0 HostName=lihaoyedeMacBook-Air.local IP="::1" Method=GET Path=/ SpendTime="1 ms" Status=404
time="2021-07-23 16:34:57" level=warning Agent="Mozilla/5.0 (Macintosh; Intel Mac OS X 10_15_7) AppleWebKit/537.36 (KHTML, like Gecko) Chrome/91.0.4472.114 Safari/537.36" DataSize=0 HostName=lihaoyedeMacBook-Air.local IP="::1" Method=GET Path=/favicon.ico SpendTime="1 ms" Status=404
time="2021-07-23 16:35:01" level=info Agent="Mozilla/5.0 (Macintosh; Intel Mac OS X 10_15_7) AppleWebKit/537.36 (KHTML, like Gecko) Chrome/91.0.4472.114 Safari/537.36" DataSize=941 HostName=lihaoyedeMacBook-Air.local IP="::1" Method=GET Path=/admin SpendTime="1 ms" Status=200
time="2021-07-23 16:35:01" level=warning Agent="Mozilla/5.0 (Macintosh; Intel Mac OS X 10_15_7) AppleWebKit/537.36 (KHTML, like Gecko) Chrome/91.0.4472.114 Safari/537.36" DataSize=0 HostName=lihaoyedeMacBook-Air.local IP="::1" Method=GET Path=/admin/css/app.9b1aff55.css SpendTime="1 ms" Status=404
time="2021-07-23 16:35:01" level=warning Agent="Mozilla/5.0 (Macintosh; Intel Mac OS X 10_15_7) AppleWebKit/537.36 (KHTML, like Gecko) Chrome/91.0.4472.114 Safari/537.36" DataSize=0 HostName=lihaoyedeMacBook-Air.local IP="::1" Method=GET Path=/admin/css/chunk-vendors.597d8fb6.css SpendTime="1 ms" Status=404
time="2021-07-23 16:35:01" level=warning Agent="Mozilla/5.0 (Macintosh; Intel Mac OS X 10_15_7) AppleWebKit/537.36 (KHTML, like Gecko) Chrome/91.0.4472.114 Safari/537.36" DataSize=0 HostName=lihaoyedeMacBook-Air.local IP="::1" Method=GET Path=/admin/js/app.b5951831.js SpendTime="1 ms" Status=404
time="2021-07-23 16:35:01" level=warning Agent="Mozilla/5.0 (Macintosh; Intel Mac OS X 10_15_7) AppleWebKit/537.36 (KHTML, like Gecko) Chrome/91.0.4472.114 Safari/537.36" DataSize=0 HostName=lihaoyedeMacBook-Air.local IP="::1" Method=GET Path=/admin/js/chunk-vendors.22031700.js SpendTime="1 ms" Status=404
time="2021-07-23 16:35:01" level=warning Agent="Mozilla/5.0 (Macintosh; Intel Mac OS X 10_15_7) AppleWebKit/537.36 (KHTML, like Gecko) Chrome/91.0.4472.114 Safari/537.36" DataSize=0 HostName=lihaoyedeMacBook-Air.local IP="::1" Method=GET Path=/admin/js/app.b5951831.js SpendTime="1 ms" Status=404
time="2021-07-23 16:35:49" level=info Agent="Mozilla/5.0 (Macintosh; Intel Mac OS X 10_15_7) AppleWebKit/537.36 (KHTML, like Gecko) Chrome/91.0.4472.114 Safari/537.36" DataSize=941 HostName=lihaoyedeMacBook-Air.local IP="::1" Method=GET Path=/admin SpendTime="2 ms" Status=200
time="2021-07-23 16:35:49" level=warning Agent="Mozilla/5.0 (Macintosh; Intel Mac OS X 10_15_7) AppleWebKit/537.36 (KHTML, like Gecko) Chrome/91.0.4472.114 Safari/537.36" DataSize=0 HostName=lihaoyedeMacBook-Air.local IP="::1" Method=GET Path=/admin/css/app.9b1aff55.css SpendTime="1 ms" Status=404
time="2021-07-23 16:35:49" level=warning Agent="Mozilla/5.0 (Macintosh; Intel Mac OS X 10_15_7) AppleWebKit/537.36 (KHTML, like Gecko) Chrome/91.0.4472.114 Safari/537.36" DataSize=0 HostName=lihaoyedeMacBook-Air.local IP="::1" Method=GET Path=/admin/css/chunk-vendors.597d8fb6.css SpendTime="1 ms" Status=404
time="2021-07-23 16:35:49" level=warning Agent="Mozilla/5.0 (Macintosh; Intel Mac OS X 10_15_7) AppleWebKit/537.36 (KHTML, like Gecko) Chrome/91.0.4472.114 Safari/537.36" DataSize=0 HostName=lihaoyedeMacBook-Air.local IP="::1" Method=GET Path=/admin/js/app.b5951831.js SpendTime="1 ms" Status=404
time="2021-07-23 16:35:49" level=warning Agent="Mozilla/5.0 (Macintosh; Intel Mac OS X 10_15_7) AppleWebKit/537.36 (KHTML, like Gecko) Chrome/91.0.4472.114 Safari/537.36" DataSize=0 HostName=lihaoyedeMacBook-Air.local IP="::1" Method=GET Path=/admin/js/chunk-vendors.22031700.js SpendTime="1 ms" Status=404
time="2021-07-23 16:35:49" level=warning Agent="Mozilla/5.0 (Macintosh; Intel Mac OS X 10_15_7) AppleWebKit/537.36 (KHTML, like Gecko) Chrome/91.0.4472.114 Safari/537.36" DataSize=0 HostName=lihaoyedeMacBook-Air.local IP="::1" Method=GET Path=/admin/js/app.b5951831.js SpendTime="1 ms" Status=404
time="2021-07-23 16:35:51" level=warning Agent="Mozilla/5.0 (Macintosh; Intel Mac OS X 10_15_7) AppleWebKit/537.36 (KHTML, like Gecko) Chrome/91.0.4472.114 Safari/537.36" DataSize=0 HostName=lihaoyedeMacBook-Air.local IP="::1" Method=GET Path=/ SpendTime="1 ms" Status=404
time="2021-07-23 16:35:53" level=info Agent="Mozilla/5.0 (Macintosh; Intel Mac OS X 10_15_7) AppleWebKit/537.36 (KHTML, like Gecko) Chrome/91.0.4472.114 Safari/537.36" DataSize=941 HostName=lihaoyedeMacBook-Air.local IP="::1" Method=GET Path=/admin SpendTime="1 ms" Status=200
time="2021-07-23 16:35:53" level=warning Agent="Mozilla/5.0 (Macintosh; Intel Mac OS X 10_15_7) AppleWebKit/537.36 (KHTML, like Gecko) Chrome/91.0.4472.114 Safari/537.36" DataSize=0 HostName=lihaoyedeMacBook-Air.local IP="::1" Method=GET Path=/admin/css/app.9b1aff55.css SpendTime="1 ms" Status=404
time="2021-07-23 16:35:53" level=warning Agent="Mozilla/5.0 (Macintosh; Intel Mac OS X 10_15_7) AppleWebKit/537.36 (KHTML, like Gecko) Chrome/91.0.4472.114 Safari/537.36" DataSize=0 HostName=lihaoyedeMacBook-Air.local IP="::1" Method=GET Path=/admin/css/chunk-vendors.597d8fb6.css SpendTime="1 ms" Status=404
time="2021-07-23 16:35:53" level=warning Agent="Mozilla/5.0 (Macintosh; Intel Mac OS X 10_15_7) AppleWebKit/537.36 (KHTML, like Gecko) Chrome/91.0.4472.114 Safari/537.36" DataSize=0 HostName=lihaoyedeMacBook-Air.local IP="::1" Method=GET Path=/admin/js/app.b5951831.js SpendTime="1 ms" Status=404
time="2021-07-23 16:35:53" level=warning Agent="Mozilla/5.0 (Macintosh; Intel Mac OS X 10_15_7) AppleWebKit/537.36 (KHTML, like Gecko) Chrome/91.0.4472.114 Safari/537.36" DataSize=0 HostName=lihaoyedeMacBook-Air.local IP="::1" Method=GET Path=/admin/js/chunk-vendors.22031700.js SpendTime="1 ms" Status=404
time="2021-07-23 16:35:53" level=warning Agent="Mozilla/5.0 (Macintosh; Intel Mac OS X 10_15_7) AppleWebKit/537.36 (KHTML, like Gecko) Chrome/91.0.4472.114 Safari/537.36" DataSize=0 HostName=lihaoyedeMacBook-Air.local IP="::1" Method=GET Path=/admin/js/app.b5951831.js SpendTime="1 ms" Status=404
time="2021-07-23 16:36:01" level=info Agent="Mozilla/5.0 (Macintosh; Intel Mac OS X 10_15_7) AppleWebKit/537.36 (KHTML, like Gecko) Chrome/91.0.4472.114 Safari/537.36" DataSize=941 HostName=lihaoyedeMacBook-Air.local IP="::1" Method=GET Path=/admin SpendTime="1 ms" Status=200
time="2021-07-23 16:36:01" level=warning Agent="Mozilla/5.0 (Macintosh; Intel Mac OS X 10_15_7) AppleWebKit/537.36 (KHTML, like Gecko) Chrome/91.0.4472.114 Safari/537.36" DataSize=0 HostName=lihaoyedeMacBook-Air.local IP="::1" Method=GET Path=/admin/css/app.9b1aff55.css SpendTime="1 ms" Status=404
time="2021-07-23 16:36:01" level=warning Agent="Mozilla/5.0 (Macintosh; Intel Mac OS X 10_15_7) AppleWebKit/537.36 (KHTML, like Gecko) Chrome/91.0.4472.114 Safari/537.36" DataSize=0 HostName=lihaoyedeMacBook-Air.local IP="::1" Method=GET Path=/admin/css/chunk-vendors.597d8fb6.css SpendTime="1 ms" Status=404
time="2021-07-23 16:36:01" level=warning Agent="Mozilla/5.0 (Macintosh; Intel Mac OS X 10_15_7) AppleWebKit/537.36 (KHTML, like Gecko) Chrome/91.0.4472.114 Safari/537.36" DataSize=0 HostName=lihaoyedeMacBook-Air.local IP="::1" Method=GET Path=/admin/js/app.b5951831.js SpendTime="1 ms" Status=404
time="2021-07-23 16:36:01" level=warning Agent="Mozilla/5.0 (Macintosh; Intel Mac OS X 10_15_7) AppleWebKit/537.36 (KHTML, like Gecko) Chrome/91.0.4472.114 Safari/537.36" DataSize=0 HostName=lihaoyedeMacBook-Air.local IP="::1" Method=GET Path=/admin/js/chunk-vendors.22031700.js SpendTime="1 ms" Status=404
time="2021-07-23 16:36:01" level=warning Agent="Mozilla/5.0 (Macintosh; Intel Mac OS X 10_15_7) AppleWebKit/537.36 (KHTML, like Gecko) Chrome/91.0.4472.114 Safari/537.36" DataSize=0 HostName=lihaoyedeMacBook-Air.local IP="::1" Method=GET Path=/admin/js/app.b5951831.js SpendTime="1 ms" Status=404
time="2021-07-23 16:37:03" level=info Agent="Mozilla/5.0 (Macintosh; Intel Mac OS X 10_15_7) AppleWebKit/537.36 (KHTML, like Gecko) Chrome/91.0.4472.114 Safari/537.36" DataSize=941 HostName=lihaoyedeMacBook-Air.local IP="::1" Method=GET Path=/admin SpendTime="3 ms" Status=200
time="2021-07-23 16:37:03" level=info Agent="Mozilla/5.0 (Macintosh; Intel Mac OS X 10_15_7) AppleWebKit/537.36 (KHTML, like Gecko) Chrome/91.0.4472.114 Safari/537.36" DataSize=1273 HostName=lihaoyedeMacBook-Air.local IP="::1" Method=GET Path=/admin/css/app.9b1aff55.css SpendTime="10 ms" Status=200
time="2021-07-23 16:37:03" level=info Agent="Mozilla/5.0 (Macintosh; Intel Mac OS X 10_15_7) AppleWebKit/537.36 (KHTML, like Gecko) Chrome/91.0.4472.114 Safari/537.36" DataSize=41509 HostName=lihaoyedeMacBook-Air.local IP="::1" Method=GET Path=/admin/js/app.b5951831.js SpendTime="9 ms" Status=200
time="2021-07-23 16:37:03" level=info Agent="Mozilla/5.0 (Macintosh; Intel Mac OS X 10_15_7) AppleWebKit/537.36 (KHTML, like Gecko) Chrome/91.0.4472.114 Safari/537.36" DataSize=283540 HostName=lihaoyedeMacBook-Air.local IP="::1" Method=GET Path=/admin/css/chunk-vendors.597d8fb6.css SpendTime="11 ms" Status=200
time="2021-07-23 16:37:03" level=info Agent="Mozilla/5.0 (Macintosh; Intel Mac OS X 10_15_7) AppleWebKit/537.36 (KHTML, like Gecko) Chrome/91.0.4472.114 Safari/537.36" DataSize=1829298 HostName=lihaoyedeMacBook-Air.local IP="::1" Method=GET Path=/admin/js/chunk-vendors.22031700.js SpendTime="13 ms" Status=200
time="2021-07-23 16:37:03" level=info Agent="Mozilla/5.0 (Macintosh; Intel Mac OS X 10_15_7) AppleWebKit/537.36 (KHTML, like Gecko) Chrome/91.0.4472.114 Safari/537.36" DataSize=1593210 HostName=lihaoyedeMacBook-Air.local IP="::1" Method=GET Path=/admin/img/0.dc7100c7.jpg SpendTime="4 ms" Status=200
time="2021-07-23 16:37:03" level=info Agent="Mozilla/5.0 (Macintosh; Intel Mac OS X 10_15_7) AppleWebKit/537.36 (KHTML, like Gecko) Chrome/91.0.4472.114 Safari/537.36" DataSize=119450 HostName=lihaoyedeMacBook-Air.local IP="::1" Method=GET Path=/admin/js/app.b5951831.js.map SpendTime="2 ms" Status=200
time="2021-07-23 16:37:03" level=info Agent="Mozilla/5.0 (Macintosh; Intel Mac OS X 10_15_7) AppleWebKit/537.36 (KHTML, like Gecko) Chrome/91.0.4472.114 Safari/537.36" DataSize=5241628 HostName=lihaoyedeMacBook-Air.local IP="::1" Method=GET Path=/admin/js/chunk-vendors.22031700.js.map SpendTime="28 ms" Status=200
time="2021-07-23 16:37:03" level=info Agent="Mozilla/5.0 (Macintosh; Intel Mac OS X 10_15_7) AppleWebKit/537.36 (KHTML, like Gecko) Chrome/91.0.4472.114 Safari/537.36" DataSize=1593210 HostName=lihaoyedeMacBook-Air.local IP="::1" Method=GET Path=/admin/img/0.dc7100c7.jpg SpendTime="5 ms" Status=200
time="2021-07-23 16:37:12" level=info Agent="Mozilla/5.0 (Macintosh; Intel Mac OS X 10_15_7) AppleWebKit/537.36 (KHTML, like Gecko) Chrome/91.0.4472.114 Safari/537.36" DataSize=192 HostName=lihaoyedeMacBook-Air.local IP="::1" Method=POST Path=/api/v1/login/ SpendTime="130 ms" Status=200
time="2021-07-23 16:37:16" level=info Agent="Mozilla/5.0 (Macintosh; Intel Mac OS X 10_15_7) AppleWebKit/537.36 (KHTML, like Gecko) Chrome/91.0.4472.114 Safari/537.36" DataSize=668 HostName=lihaoyedeMacBook-Air.local IP="::1" Method=GET Path="/api/v1/user/?username=&size=5&page=1" SpendTime="3 ms" Status=200
time="2021-07-23 16:37:17" level=info Agent="Mozilla/5.0 (Macintosh; Intel Mac OS X 10_15_7) AppleWebKit/537.36 (KHTML, like Gecko) Chrome/91.0.4472.114 Safari/537.36" DataSize=173 HostName=lihaoyedeMacBook-Air.local IP="::1" Method=GET Path="/api/v1/category/?size=5&page=1" SpendTime="4 ms" Status=200
time="2021-07-23 16:37:17" level=info Agent="Mozilla/5.0 (Macintosh; Intel Mac OS X 10_15_7) AppleWebKit/537.36 (KHTML, like Gecko) Chrome/91.0.4472.114 Safari/537.36" DataSize=668 HostName=lihaoyedeMacBook-Air.local IP="::1" Method=GET Path="/api/v1/user/?username=&size=5&page=1" SpendTime="2 ms" Status=200
time="2021-07-23 16:37:19" level=info Agent="Mozilla/5.0 (Macintosh; Intel Mac OS X 10_15_7) AppleWebKit/537.36 (KHTML, like Gecko) Chrome/91.0.4472.114 Safari/537.36" DataSize=173 HostName=lihaoyedeMacBook-Air.local IP="::1" Method=GET Path="/api/v1/category/?size=100&page=1" SpendTime="2 ms" Status=200
time="2021-07-23 16:37:19" level=info Agent="Mozilla/5.0 (Macintosh; Intel Mac OS X 10_15_7) AppleWebKit/537.36 (KHTML, like Gecko) Chrome/91.0.4472.114 Safari/537.36" DataSize=7764 HostName=lihaoyedeMacBook-Air.local IP="::1" Method=GET Path=/admin/fonts/fontello.8d4a4e6f.woff2 SpendTime="1 ms" Status=200
time="2021-07-23 16:37:19" level=info Agent="Mozilla/5.0 (Macintosh; Intel Mac OS X 10_15_7) AppleWebKit/537.36 (KHTML, like Gecko) Chrome/91.0.4472.114 Safari/537.36" DataSize=173 HostName=lihaoyedeMacBook-Air.local IP="::1" Method=GET Path="/api/v1/category/?size=100&page=1" SpendTime="8 ms" Status=200
time="2021-07-23 16:37:19" level=info Agent="Mozilla/5.0 (Macintosh; Intel Mac OS X 10_15_7) AppleWebKit/537.36 (KHTML, like Gecko) Chrome/91.0.4472.114 Safari/537.36" DataSize=1319 HostName=lihaoyedeMacBook-Air.local IP="::1" Method=GET Path="/api/v1/article/?title=&size=5&page=1" SpendTime="16 ms" Status=200
time="2021-07-23 16:37:21" level=info Agent="Mozilla/5.0 (Macintosh; Intel Mac OS X 10_15_7) AppleWebKit/537.36 (KHTML, like Gecko) Chrome/91.0.4472.114 Safari/537.36" DataSize=668 HostName=lihaoyedeMacBook-Air.local IP="::1" Method=GET Path="/api/v1/user/?username=&size=5&page=1" SpendTime="1 ms" Status=200
time="2021-07-23 16:38:28" level=info Agent="Mozilla/5.0 (Macintosh; Intel Mac OS X 10_15_7) AppleWebKit/537.36 (KHTML, like Gecko) Chrome/91.0.4472.114 Safari/537.36" DataSize=173 HostName=lihaoyedeMacBook-Air.local IP="::1" Method=GET Path="/api/v1/category/?size=5&page=1" SpendTime="7 ms" Status=200
time="2021-07-23 16:38:29" level=info Agent="Mozilla/5.0 (Macintosh; Intel Mac OS X 10_15_7) AppleWebKit/537.36 (KHTML, like Gecko) Chrome/91.0.4472.114 Safari/537.36" DataSize=668 HostName=lihaoyedeMacBook-Air.local IP="::1" Method=GET Path="/api/v1/user/?username=&size=5&page=1" SpendTime="2 ms" Status=200
time="2021-07-23 16:38:30" level=info Agent="Mozilla/5.0 (Macintosh; Intel Mac OS X 10_15_7) AppleWebKit/537.36 (KHTML, like Gecko) Chrome/91.0.4472.114 Safari/537.36" DataSize=187 HostName=lihaoyedeMacBook-Air.local IP="::1" Method=GET Path=/api/v1/user/60/ SpendTime="2 ms" Status=200
time="2021-07-23 16:38:33" level=info Agent="Mozilla/5.0 (Macintosh; Intel Mac OS X 10_15_7) AppleWebKit/537.36 (KHTML, like Gecko) Chrome/91.0.4472.114 Safari/537.36" DataSize=23 HostName=lihaoyedeMacBook-Air.local IP="::1" Method=PUT Path=/api/admin/user/60/ SpendTime="8 ms" Status=200
time="2021-07-23 16:38:33" level=info Agent="Mozilla/5.0 (Macintosh; Intel Mac OS X 10_15_7) AppleWebKit/537.36 (KHTML, like Gecko) Chrome/91.0.4472.114 Safari/537.36" DataSize=668 HostName=lihaoyedeMacBook-Air.local IP="::1" Method=GET Path="/api/v1/user/?username=&size=5&page=1" SpendTime="2 ms" Status=200
time="2021-07-23 16:38:34" level=info Agent="Mozilla/5.0 (Macintosh; Intel Mac OS X 10_15_7) AppleWebKit/537.36 (KHTML, like Gecko) Chrome/91.0.4472.114 Safari/537.36" DataSize=187 HostName=lihaoyedeMacBook-Air.local IP="::1" Method=GET Path=/api/v1/user/60/ SpendTime="3 ms" Status=200
time="2021-07-23 16:38:57" level=info Agent="Mozilla/5.0 (Macintosh; Intel Mac OS X 10_15_7) AppleWebKit/537.36 (KHTML, like Gecko) Chrome/91.0.4472.114 Safari/537.36" DataSize=23 HostName=lihaoyedeMacBook-Air.local IP="::1" Method=PUT Path=/api/admin/user/60/ SpendTime="10 ms" Status=200
time="2021-07-23 16:38:57" level=info Agent="Mozilla/5.0 (Macintosh; Intel Mac OS X 10_15_7) AppleWebKit/537.36 (KHTML, like Gecko) Chrome/91.0.4472.114 Safari/537.36" DataSize=674 HostName=lihaoyedeMacBook-Air.local IP="::1" Method=GET Path="/api/v1/user/?username=&size=5&page=1" SpendTime="2 ms" Status=200
time="2021-07-23 16:39:10" level=info Agent="Mozilla/5.0 (Macintosh; Intel Mac OS X 10_15_7) AppleWebKit/537.36 (KHTML, like Gecko) Chrome/91.0.4472.114 Safari/537.36" DataSize=0 HostName=lihaoyedeMacBook-Air.local IP="::1" Method=GET Path=/admin/css/chunk-vendors.597d8fb6.css SpendTime="1 ms" Status=304
time="2021-07-23 16:39:10" level=info Agent="Mozilla/5.0 (Macintosh; Intel Mac OS X 10_15_7) AppleWebKit/537.36 (KHTML, like Gecko) Chrome/91.0.4472.114 Safari/537.36" DataSize=0 HostName=lihaoyedeMacBook-Air.local IP="::1" Method=GET Path=/admin/css/app.9b1aff55.css SpendTime="1 ms" Status=304
time="2021-07-23 16:39:10" level=info Agent="Mozilla/5.0 (Macintosh; Intel Mac OS X 10_15_7) AppleWebKit/537.36 (KHTML, like Gecko) Chrome/91.0.4472.114 Safari/537.36" DataSize=119450 HostName=lihaoyedeMacBook-Air.local IP="::1" Method=GET Path=/admin/js/app.b5951831.js.map SpendTime="2 ms" Status=200
time="2021-07-23 16:39:10" level=info Agent="Mozilla/5.0 (Macintosh; Intel Mac OS X 10_15_7) AppleWebKit/537.36 (KHTML, like Gecko) Chrome/91.0.4472.114 Safari/537.36" DataSize=5241628 HostName=lihaoyedeMacBook-Air.local IP="::1" Method=GET Path=/admin/js/chunk-vendors.22031700.js.map SpendTime="9 ms" Status=200
time="2021-07-23 16:39:13" level=info Agent="Mozilla/5.0 (Macintosh; Intel Mac OS X 10_15_7) AppleWebKit/537.36 (KHTML, like Gecko) Chrome/91.0.4472.114 Safari/537.36" DataSize=941 HostName=lihaoyedeMacBook-Air.local IP="::1" Method=GET Path=/admin SpendTime="1 ms" Status=200
time="2021-07-23 16:39:13" level=info Agent="Mozilla/5.0 (Macintosh; Intel Mac OS X 10_15_7) AppleWebKit/537.36 (KHTML, like Gecko) Chrome/91.0.4472.114 Safari/537.36" DataSize=0 HostName=lihaoyedeMacBook-Air.local IP="::1" Method=GET Path=/admin/js/app.b5951831.js SpendTime="1 ms" Status=304
time="2021-07-23 16:39:13" level=info Agent="Mozilla/5.0 (Macintosh; Intel Mac OS X 10_15_7) AppleWebKit/537.36 (KHTML, like Gecko) Chrome/91.0.4472.114 Safari/537.36" DataSize=0 HostName=lihaoyedeMacBook-Air.local IP="::1" Method=GET Path=/admin/js/chunk-vendors.22031700.js SpendTime="1 ms" Status=304
time="2021-07-23 16:39:13" level=info Agent="Mozilla/5.0 (Macintosh; Intel Mac OS X 10_15_7) AppleWebKit/537.36 (KHTML, like Gecko) Chrome/91.0.4472.114 Safari/537.36" DataSize=119450 HostName=lihaoyedeMacBook-Air.local IP="::1" Method=GET Path=/admin/js/app.b5951831.js.map SpendTime="1 ms" Status=200
time="2021-07-23 16:39:13" level=info Agent="Mozilla/5.0 (Macintosh; Intel Mac OS X 10_15_7) AppleWebKit/537.36 (KHTML, like Gecko) Chrome/91.0.4472.114 Safari/537.36" DataSize=674 HostName=lihaoyedeMacBook-Air.local IP="::1" Method=GET Path="/api/v1/user/?username=&size=5&page=1" SpendTime="7 ms" Status=200
time="2021-07-23 16:39:13" level=info Agent="Mozilla/5.0 (Macintosh; Intel Mac OS X 10_15_7) AppleWebKit/537.36 (KHTML, like Gecko) Chrome/91.0.4472.114 Safari/537.36" DataSize=5241628 HostName=lihaoyedeMacBook-Air.local IP="::1" Method=GET Path=/admin/js/chunk-vendors.22031700.js.map SpendTime="13 ms" Status=200
time="2021-07-23 16:39:16" level=info Agent="Mozilla/5.0 (Macintosh; Intel Mac OS X 10_15_7) AppleWebKit/537.36 (KHTML, like Gecko) Chrome/91.0.4472.114 Safari/537.36" DataSize=173 HostName=lihaoyedeMacBook-Air.local IP="::1" Method=GET Path="/api/v1/category/?size=5&page=1" SpendTime="3 ms" Status=200
time="2021-07-23 16:40:51" level=info Agent="Mozilla/5.0 (Macintosh; Intel Mac OS X 10_15_7) AppleWebKit/537.36 (KHTML, like Gecko) Chrome/91.0.4472.114 Safari/537.36" DataSize=0 HostName=lihaoyedeMacBook-Air.local IP="::1" Method=GET Path=/admin/fonts/fontello.8d4a4e6f.woff2 SpendTime="1 ms" Status=304
time="2021-07-23 16:40:51" level=info Agent="Mozilla/5.0 (Macintosh; Intel Mac OS X 10_15_7) AppleWebKit/537.36 (KHTML, like Gecko) Chrome/91.0.4472.114 Safari/537.36" DataSize=173 HostName=lihaoyedeMacBook-Air.local IP="::1" Method=GET Path="/api/v1/category/?size=100&page=1" SpendTime="9 ms" Status=200
time="2021-07-23 16:40:56" level=info Agent="Mozilla/5.0 (Macintosh; Intel Mac OS X 10_15_7) AppleWebKit/537.36 (KHTML, like Gecko) Chrome/91.0.4472.114 Safari/537.36" DataSize=45 HostName=lihaoyedeMacBook-Air.local IP="::1" Method=POST Path=/api/admin/file/ SpendTime="122 ms" Status=200
time="2021-07-23 16:51:22" level=info Agent="Mozilla/5.0 (Macintosh; Intel Mac OS X 10_15_7) AppleWebKit/537.36 (KHTML, like Gecko) Chrome/91.0.4472.114 Safari/537.36" DataSize=45 HostName=lihaoyedeMacBook-Air.local IP="::1" Method=POST Path=/api/admin/file/ SpendTime="204 ms" Status=200
time="2021-07-23 16:51:24" level=info Agent="Mozilla/5.0 (Macintosh; Intel Mac OS X 10_15_7) AppleWebKit/537.36 (KHTML, like Gecko) Chrome/91.0.4472.114 Safari/537.36" DataSize=311 HostName=lihaoyedeMacBook-Air.local IP="::1" Method=POST Path=/api/admin/article/ SpendTime="6 ms" Status=200
time="2021-07-23 16:51:24" level=info Agent="Mozilla/5.0 (Macintosh; Intel Mac OS X 10_15_7) AppleWebKit/537.36 (KHTML, like Gecko) Chrome/91.0.4472.114 Safari/537.36" DataSize=173 HostName=lihaoyedeMacBook-Air.local IP="::1" Method=GET Path="/api/v1/category/?size=100&page=1" SpendTime="4 ms" Status=200
time="2021-07-23 16:51:24" level=info Agent="Mozilla/5.0 (Macintosh; Intel Mac OS X 10_15_7) AppleWebKit/537.36 (KHTML, like Gecko) Chrome/91.0.4472.114 Safari/537.36" DataSize=1367 HostName=lihaoyedeMacBook-Air.local IP="::1" Method=GET Path="/api/v1/article/?title=&size=5&page=1" SpendTime="3 ms" Status=200
