time="2021-07-13 13:13:04" level=info Agent="Mozilla/5.0 (Macintosh; Intel Mac OS X 10_15_7) AppleWebKit/537.36 (KHTML, like Gecko) Chrome/91.0.4472.114 Safari/537.36" DataSize=0 HostName=lihaoyedeMacBook-Air.local IP="::1" Method=OPTIONS Path=/api/v1/login/ SpendTime="7 ms" Status=204
time="2021-07-13 13:13:04" level=info Agent="Mozilla/5.0 (Macintosh; Intel Mac OS X 10_15_7) AppleWebKit/537.36 (KHTML, like Gecko) Chrome/91.0.4472.114 Safari/537.36" DataSize=192 HostName=lihaoyedeMacBook-Air.local IP="::1" Method=POST Path=/api/v1/login/ SpendTime="126 ms" Status=200
time="2021-07-13 13:13:05" level=info Agent="Mozilla/5.0 (Macintosh; Intel Mac OS X 10_15_7) AppleWebKit/537.36 (KHTML, like Gecko) Chrome/91.0.4472.114 Safari/537.36" DataSize=1234 HostName=lihaoyedeMacBook-Air.local IP="::1" Method=GET Path="/api/v1/user/?size=5&page=1" SpendTime="4 ms" Status=200
time="2021-07-13 14:23:17" level=info Agent="Mozilla/5.0 (Macintosh; Intel Mac OS X 10_15_7) AppleWebKit/537.36 (KHTML, like Gecko) Chrome/91.0.4472.114 Safari/537.36" DataSize=192 HostName=lihaoyedeMacBook-Air.local IP="::1" Method=POST Path=/api/v1/login/ SpendTime="126 ms" Status=200
time="2021-07-13 14:25:55" level=info Agent="Mozilla/5.0 (Macintosh; Intel Mac OS X 10_15_7) AppleWebKit/537.36 (KHTML, like Gecko) Chrome/91.0.4472.114 Safari/537.36" DataSize=192 HostName=lihaoyedeMacBook-Air.local IP="::1" Method=POST Path=/api/v1/login/ SpendTime="121 ms" Status=200
time="2021-07-13 14:26:22" level=info Agent="Mozilla/5.0 (Macintosh; Intel Mac OS X 10_15_7) AppleWebKit/537.36 (KHTML, like Gecko) Chrome/91.0.4472.114 Safari/537.36" DataSize=192 HostName=lihaoyedeMacBook-Air.local IP="::1" Method=POST Path=/api/v1/login/ SpendTime="95 ms" Status=200
time="2021-07-13 14:27:57" level=info Agent="Mozilla/5.0 (Macintosh; Intel Mac OS X 10_15_7) AppleWebKit/537.36 (KHTML, like Gecko) Chrome/91.0.4472.114 Safari/537.36" DataSize=1234 HostName=lihaoyedeMacBook-Air.local IP="::1" Method=GET Path="/api/v1/user/?size=5&page=1" SpendTime="15 ms" Status=200
time="2021-07-13 14:28:00" level=info Agent="Mozilla/5.0 (Macintosh; Intel Mac OS X 10_15_7) AppleWebKit/537.36 (KHTML, like Gecko) Chrome/91.0.4472.114 Safari/537.36" DataSize=1234 HostName=lihaoyedeMacBook-Air.local IP="::1" Method=GET Path="/api/v1/user/?size=5&page=1" SpendTime="2 ms" Status=200
time="2021-07-13 14:28:01" level=info Agent="Mozilla/5.0 (Macintosh; Intel Mac OS X 10_15_7) AppleWebKit/537.36 (KHTML, like Gecko) Chrome/91.0.4472.114 Safari/537.36" DataSize=1234 HostName=lihaoyedeMacBook-Air.local IP="::1" Method=GET Path="/api/v1/user/?size=5&page=1" SpendTime="1 ms" Status=200
time="2021-07-13 14:28:02" level=info Agent="Mozilla/5.0 (Macintosh; Intel Mac OS X 10_15_7) AppleWebKit/537.36 (KHTML, like Gecko) Chrome/91.0.4472.114 Safari/537.36" DataSize=1234 HostName=lihaoyedeMacBook-Air.local IP="::1" Method=GET Path="/api/v1/user/?size=5&page=1" SpendTime="1 ms" Status=200
time="2021-07-13 14:28:03" level=info Agent="Mozilla/5.0 (Macintosh; Intel Mac OS X 10_15_7) AppleWebKit/537.36 (KHTML, like Gecko) Chrome/91.0.4472.114 Safari/537.36" DataSize=1234 HostName=lihaoyedeMacBook-Air.local IP="::1" Method=GET Path="/api/v1/user/?size=5&page=1" SpendTime="3 ms" Status=200
time="2021-07-13 14:28:29" level=info Agent="Mozilla/5.0 (Macintosh; Intel Mac OS X 10_15_7) AppleWebKit/537.36 (KHTML, like Gecko) Chrome/91.0.4472.114 Safari/537.36" DataSize=192 HostName=lihaoyedeMacBook-Air.local IP="::1" Method=POST Path=/api/v1/login/ SpendTime="92 ms" Status=200
time="2021-07-13 14:28:46" level=info Agent="Mozilla/5.0 (Macintosh; Intel Mac OS X 10_15_7) AppleWebKit/537.36 (KHTML, like Gecko) Chrome/91.0.4472.114 Safari/537.36" DataSize=192 HostName=lihaoyedeMacBook-Air.local IP="::1" Method=POST Path=/api/v1/login/ SpendTime="94 ms" Status=200
time="2021-07-13 14:30:31" level=info Agent="Mozilla/5.0 (Macintosh; Intel Mac OS X 10_15_7) AppleWebKit/537.36 (KHTML, like Gecko) Chrome/91.0.4472.114 Safari/537.36" DataSize=192 HostName=lihaoyedeMacBook-Air.local IP="::1" Method=POST Path=/api/v1/login/ SpendTime="131 ms" Status=200
time="2021-07-13 14:30:37" level=info Agent="Mozilla/5.0 (Macintosh; Intel Mac OS X 10_15_7) AppleWebKit/537.36 (KHTML, like Gecko) Chrome/91.0.4472.114 Safari/537.36" DataSize=1234 HostName=lihaoyedeMacBook-Air.local IP="::1" Method=GET Path="/api/v1/user/?size=5&page=1" SpendTime="2 ms" Status=200
time="2021-07-13 14:31:48" level=info Agent="Mozilla/5.0 (Macintosh; Intel Mac OS X 10_15_7) AppleWebKit/537.36 (KHTML, like Gecko) Chrome/91.0.4472.114 Safari/537.36" DataSize=1234 HostName=lihaoyedeMacBook-Air.local IP="::1" Method=GET Path="/api/v1/user/?size=5&page=1" SpendTime="10 ms" Status=200
time="2021-07-13 14:31:51" level=info Agent="Mozilla/5.0 (Macintosh; Intel Mac OS X 10_15_7) AppleWebKit/537.36 (KHTML, like Gecko) Chrome/91.0.4472.114 Safari/537.36" DataSize=1234 HostName=lihaoyedeMacBook-Air.local IP="::1" Method=GET Path="/api/v1/user/?size=5&page=1" SpendTime="2 ms" Status=200
time="2021-07-13 14:31:54" level=info Agent="Mozilla/5.0 (Macintosh; Intel Mac OS X 10_15_7) AppleWebKit/537.36 (KHTML, like Gecko) Chrome/91.0.4472.114 Safari/537.36" DataSize=1234 HostName=lihaoyedeMacBook-Air.local IP="::1" Method=GET Path="/api/v1/user/?size=5&page=1" SpendTime="1 ms" Status=200
time="2021-07-13 14:31:59" level=info Agent="Mozilla/5.0 (Macintosh; Intel Mac OS X 10_15_7) AppleWebKit/537.36 (KHTML, like Gecko) Chrome/91.0.4472.114 Safari/537.36" DataSize=1234 HostName=lihaoyedeMacBook-Air.local IP="::1" Method=GET Path="/api/v1/user/?size=5&page=1" SpendTime="7 ms" Status=200
time="2021-07-13 14:33:50" level=info Agent="Mozilla/5.0 (Macintosh; Intel Mac OS X 10_15_7) AppleWebKit/537.36 (KHTML, like Gecko) Chrome/91.0.4472.114 Safari/537.36" DataSize=1234 HostName=lihaoyedeMacBook-Air.local IP="::1" Method=GET Path="/api/v1/user/?size=5&page=1" SpendTime="8 ms" Status=200
time="2021-07-13 14:33:58" level=info Agent="Mozilla/5.0 (Macintosh; Intel Mac OS X 10_15_7) AppleWebKit/537.36 (KHTML, like Gecko) Chrome/91.0.4472.114 Safari/537.36" DataSize=1234 HostName=lihaoyedeMacBook-Air.local IP="::1" Method=GET Path="/api/v1/user/?size=5&page=1" SpendTime="3 ms" Status=200
time="2021-07-13 14:34:09" level=info Agent="Mozilla/5.0 (Macintosh; Intel Mac OS X 10_15_7) AppleWebKit/537.36 (KHTML, like Gecko) Chrome/91.0.4472.114 Safari/537.36" DataSize=1234 HostName=lihaoyedeMacBook-Air.local IP="::1" Method=GET Path="/api/v1/user/?size=5&page=1" SpendTime="8 ms" Status=200
time="2021-07-13 14:35:18" level=info Agent="Mozilla/5.0 (Macintosh; Intel Mac OS X 10_15_7) AppleWebKit/537.36 (KHTML, like Gecko) Chrome/91.0.4472.114 Safari/537.36" DataSize=1234 HostName=lihaoyedeMacBook-Air.local IP="::1" Method=GET Path="/api/v1/user/?size=5&page=1" SpendTime="10 ms" Status=200
time="2021-07-13 14:35:52" level=info Agent="Mozilla/5.0 (Macintosh; Intel Mac OS X 10_15_7) AppleWebKit/537.36 (KHTML, like Gecko) Chrome/91.0.4472.114 Safari/537.36" DataSize=192 HostName=lihaoyedeMacBook-Air.local IP="::1" Method=POST Path=/api/v1/login/ SpendTime="103 ms" Status=200
time="2021-07-13 14:36:19" level=info Agent="Mozilla/5.0 (Macintosh; Intel Mac OS X 10_15_7) AppleWebKit/537.36 (KHTML, like Gecko) Chrome/91.0.4472.114 Safari/537.36" DataSize=1234 HostName=lihaoyedeMacBook-Air.local IP="::1" Method=GET Path="/api/v1/user/?size=5&page=1" SpendTime="6 ms" Status=200
time="2021-07-13 14:37:17" level=info Agent="Mozilla/5.0 (Macintosh; Intel Mac OS X 10_15_7) AppleWebKit/537.36 (KHTML, like Gecko) Chrome/91.0.4472.114 Safari/537.36" DataSize=1234 HostName=lihaoyedeMacBook-Air.local IP="::1" Method=GET Path="/api/v1/user/?size=5&page=1" SpendTime="8 ms" Status=200
time="2021-07-13 14:38:52" level=info Agent="Mozilla/5.0 (Macintosh; Intel Mac OS X 10_15_7) AppleWebKit/537.36 (KHTML, like Gecko) Chrome/91.0.4472.114 Safari/537.36" DataSize=1234 HostName=lihaoyedeMacBook-Air.local IP="::1" Method=GET Path="/api/v1/user/?size=5&page=1" SpendTime="8 ms" Status=200
time="2021-07-13 14:38:59" level=info Agent="Mozilla/5.0 (Macintosh; Intel Mac OS X 10_15_7) AppleWebKit/537.36 (KHTML, like Gecko) Chrome/91.0.4472.114 Safari/537.36" DataSize=1234 HostName=lihaoyedeMacBook-Air.local IP="::1" Method=GET Path="/api/v1/user/?size=5&page=1" SpendTime="2 ms" Status=200
time="2021-07-13 14:39:03" level=info Agent="Mozilla/5.0 (Macintosh; Intel Mac OS X 10_15_7) AppleWebKit/537.36 (KHTML, like Gecko) Chrome/91.0.4472.114 Safari/537.36" DataSize=1234 HostName=lihaoyedeMacBook-Air.local IP="::1" Method=GET Path="/api/v1/user/?size=5&page=1" SpendTime="5 ms" Status=200
time="2021-07-13 14:39:20" level=info Agent="Mozilla/5.0 (Macintosh; Intel Mac OS X 10_15_7) AppleWebKit/537.36 (KHTML, like Gecko) Chrome/91.0.4472.114 Safari/537.36" DataSize=192 HostName=lihaoyedeMacBook-Air.local IP="::1" Method=POST Path=/api/v1/login/ SpendTime="120 ms" Status=200
time="2021-07-13 14:54:29" level=info Agent="Mozilla/5.0 (Macintosh; Intel Mac OS X 10_15_7) AppleWebKit/537.36 (KHTML, like Gecko) Chrome/91.0.4472.114 Safari/537.36" DataSize=1234 HostName=lihaoyedeMacBook-Air.local IP="::1" Method=GET Path="/api/v1/user/?size=5&page=1" SpendTime="5 ms" Status=200
time="2021-07-13 14:58:23" level=info Agent="Mozilla/5.0 (Macintosh; Intel Mac OS X 10_15_7) AppleWebKit/537.36 (KHTML, like Gecko) Chrome/91.0.4472.114 Safari/537.36" DataSize=1234 HostName=lihaoyedeMacBook-Air.local IP="::1" Method=GET Path="/api/v1/user/?size=5&page=1" SpendTime="8 ms" Status=200
time="2021-07-13 15:00:39" level=info Agent="Mozilla/5.0 (Macintosh; Intel Mac OS X 10_15_7) AppleWebKit/537.36 (KHTML, like Gecko) Chrome/91.0.4472.114 Safari/537.36" DataSize=1234 HostName=localhost IP="::1" Method=GET Path="/api/v1/user/?size=5&page=1" SpendTime="7 ms" Status=200
time="2021-07-13 16:21:28" level=info Agent="Mozilla/5.0 (Macintosh; Intel Mac OS X 10_15_7) AppleWebKit/537.36 (KHTML, like Gecko) Chrome/91.0.4472.114 Safari/537.36" DataSize=0 HostName=localhost IP="::1" Method=OPTIONS Path=/api/v1/login/ SpendTime="2 ms" Status=204
time="2021-07-13 16:21:28" level=info Agent="Mozilla/5.0 (Macintosh; Intel Mac OS X 10_15_7) AppleWebKit/537.36 (KHTML, like Gecko) Chrome/91.0.4472.114 Safari/537.36" DataSize=192 HostName=localhost IP="::1" Method=POST Path=/api/v1/login/ SpendTime="136 ms" Status=200
time="2021-07-13 16:21:37" level=info Agent="Mozilla/5.0 (Macintosh; Intel Mac OS X 10_15_7) AppleWebKit/537.36 (KHTML, like Gecko) Chrome/91.0.4472.114 Safari/537.36" DataSize=1234 HostName=localhost IP="::1" Method=GET Path="/api/v1/user/?size=5&page=1" SpendTime="5 ms" Status=200
time="2021-07-13 16:24:05" level=info Agent="Mozilla/5.0 (Macintosh; Intel Mac OS X 10_15_7) AppleWebKit/537.36 (KHTML, like Gecko) Chrome/91.0.4472.114 Safari/537.36" DataSize=1234 HostName=localhost IP="::1" Method=GET Path="/api/v1/user/?size=5&page=1" SpendTime="12 ms" Status=200
time="2021-07-13 17:01:23" level=info Agent="Mozilla/5.0 (Macintosh; Intel Mac OS X 10_15_7) AppleWebKit/537.36 (KHTML, like Gecko) Chrome/91.0.4472.114 Safari/537.36" DataSize=192 HostName=localhost IP="::1" Method=POST Path=/api/v1/login/ SpendTime="140 ms" Status=200
time="2021-07-13 17:01:27" level=info Agent="Mozilla/5.0 (Macintosh; Intel Mac OS X 10_15_7) AppleWebKit/537.36 (KHTML, like Gecko) Chrome/91.0.4472.114 Safari/537.36" DataSize=1234 HostName=localhost IP="::1" Method=GET Path="/api/v1/user/?size=5&page=1" SpendTime="5 ms" Status=200
time="2021-07-13 17:30:55" level=info Agent="Mozilla/5.0 (Macintosh; Intel Mac OS X 10_15_7) AppleWebKit/537.36 (KHTML, like Gecko) Chrome/91.0.4472.114 Safari/537.36" DataSize=1234 HostName=localhost IP="::1" Method=GET Path="/api/v1/user/?size=5&page=1" SpendTime="16 ms" Status=200
