time="2022-01-18 10:38:20" level=info Agent="Mozilla/5.0 (Macintosh; Intel Mac OS X 10_15_7) AppleWebKit/537.36 (KHTML, like Gecko) Chrome/97.0.4692.71 Safari/537.36" DataSize=941 HostName=bogon IP="::1" Method=GET Path=/admin SpendTime="3 ms" Status=200
time="2022-01-18 10:38:20" level=info Agent="Mozilla/5.0 (Macintosh; Intel Mac OS X 10_15_7) AppleWebKit/537.36 (KHTML, like Gecko) Chrome/97.0.4692.71 Safari/537.36" DataSize=1273 HostName=bogon IP="::1" Method=GET Path=/admin/css/app.9b1aff55.css SpendTime="11 ms" Status=200
time="2022-01-18 10:38:20" level=info Agent="Mozilla/5.0 (Macintosh; Intel Mac OS X 10_15_7) AppleWebKit/537.36 (KHTML, like Gecko) Chrome/97.0.4692.71 Safari/537.36" DataSize=41509 HostName=bogon IP="::1" Method=GET Path=/admin/js/app.b5951831.js SpendTime="11 ms" Status=200
time="2022-01-18 10:38:20" level=info Agent="Mozilla/5.0 (Macintosh; Intel Mac OS X 10_15_7) AppleWebKit/537.36 (KHTML, like Gecko) Chrome/97.0.4692.71 Safari/537.36" DataSize=283540 HostName=bogon IP="::1" Method=GET Path=/admin/css/chunk-vendors.597d8fb6.css SpendTime="11 ms" Status=200
time="2022-01-18 10:38:20" level=info Agent="Mozilla/5.0 (Macintosh; Intel Mac OS X 10_15_7) AppleWebKit/537.36 (KHTML, like Gecko) Chrome/97.0.4692.71 Safari/537.36" DataSize=1829298 HostName=bogon IP="::1" Method=GET Path=/admin/js/chunk-vendors.22031700.js SpendTime="17 ms" Status=200
time="2022-01-18 10:38:20" level=info Agent="Mozilla/5.0 (Macintosh; Intel Mac OS X 10_15_7) AppleWebKit/537.36 (KHTML, like Gecko) Chrome/97.0.4692.71 Safari/537.36" DataSize=1593210 HostName=bogon IP="::1" Method=GET Path=/admin/img/0.dc7100c7.jpg SpendTime="15 ms" Status=200
time="2022-01-18 10:38:20" level=info Agent="Mozilla/5.0 (Macintosh; Intel Mac OS X 10_15_7) AppleWebKit/537.36 (KHTML, like Gecko) Chrome/97.0.4692.71 Safari/537.36" DataSize=17584 HostName=bogon IP="::1" Method=GET Path=/admin/avatar.ico SpendTime="1 ms" Status=200
time="2022-01-18 10:38:26" level=info Agent="Mozilla/5.0 (Macintosh; Intel Mac OS X 10_15_7) AppleWebKit/537.36 (KHTML, like Gecko) Chrome/97.0.4692.71 Safari/537.36" DataSize=192 HostName=bogon IP="::1" Method=POST Path=/api/v1/login/ SpendTime="131 ms" Status=200
time="2022-01-18 10:39:59" level=info Agent="Mozilla/5.0 (Macintosh; Intel Mac OS X 10_15_7) AppleWebKit/537.36 (KHTML, like Gecko) Chrome/97.0.4692.71 Safari/537.36" DataSize=173 HostName=bogon IP="::1" Method=GET Path="/api/v1/category/?size=5&page=1" SpendTime="10 ms" Status=200
time="2022-01-18 10:40:01" level=info Agent="Mozilla/5.0 (Macintosh; Intel Mac OS X 10_15_7) AppleWebKit/537.36 (KHTML, like Gecko) Chrome/97.0.4692.71 Safari/537.36" DataSize=7764 HostName=bogon IP="::1" Method=GET Path=/admin/fonts/fontello.8d4a4e6f.woff2 SpendTime="2 ms" Status=200
time="2022-01-18 10:40:01" level=info Agent="Mozilla/5.0 (Macintosh; Intel Mac OS X 10_15_7) AppleWebKit/537.36 (KHTML, like Gecko) Chrome/97.0.4692.71 Safari/537.36" DataSize=173 HostName=bogon IP="::1" Method=GET Path="/api/v1/category/?size=100&page=1" SpendTime="3 ms" Status=200
time="2022-01-18 10:40:05" level=info Agent="Mozilla/5.0 (Macintosh; Intel Mac OS X 10_15_7) AppleWebKit/537.36 (KHTML, like Gecko) Chrome/97.0.4692.71 Safari/537.36" DataSize=173 HostName=bogon IP="::1" Method=GET Path="/api/v1/category/?size=100&page=1" SpendTime="2 ms" Status=200
time="2022-01-18 10:40:05" level=info Agent="Mozilla/5.0 (Macintosh; Intel Mac OS X 10_15_7) AppleWebKit/537.36 (KHTML, like Gecko) Chrome/97.0.4692.71 Safari/537.36" DataSize=12517 HostName=bogon IP="::1" Method=GET Path="/api/v1/article/?title=&size=5&page=1" SpendTime="11 ms" Status=200
time="2022-01-18 10:40:08" level=info Agent="Mozilla/5.0 (Macintosh; Intel Mac OS X 10_15_7) AppleWebKit/537.36 (KHTML, like Gecko) Chrome/97.0.4692.71 Safari/537.36" DataSize=173 HostName=bogon IP="::1" Method=GET Path="/api/v1/category/?size=5&page=1" SpendTime="2 ms" Status=200
time="2022-01-18 10:40:09" level=info Agent="Mozilla/5.0 (Macintosh; Intel Mac OS X 10_15_7) AppleWebKit/537.36 (KHTML, like Gecko) Chrome/97.0.4692.71 Safari/537.36" DataSize=194 HostName=bogon IP="::1" Method=GET Path="/api/v1/user/?username=&size=5&page=1" SpendTime="2 ms" Status=200
time="2022-01-18 10:40:24" level=info Agent="Mozilla/5.0 (Macintosh; Intel Mac OS X 10_15_7) AppleWebKit/537.36 (KHTML, like Gecko) Chrome/97.0.4692.71 Safari/537.36" DataSize=119450 HostName=bogon IP="::1" Method=GET Path=/admin/js/app.b5951831.js.map SpendTime="4 ms" Status=200
time="2022-01-18 10:40:24" level=info Agent="Mozilla/5.0 (Macintosh; Intel Mac OS X 10_15_7) AppleWebKit/537.36 (KHTML, like Gecko) Chrome/97.0.4692.71 Safari/537.36" DataSize=5241628 HostName=bogon IP="::1" Method=GET Path=/admin/js/chunk-vendors.22031700.js.map SpendTime="13 ms" Status=200
time="2022-01-18 10:40:41" level=info Agent="Mozilla/5.0 (Macintosh; Intel Mac OS X 10_15_7) AppleWebKit/537.36 (KHTML, like Gecko) Chrome/97.0.4692.71 Safari/537.36" DataSize=262 HostName=bogon IP="::1" Method=POST Path=/api/v1/user/ SpendTime="113 ms" Status=200
time="2022-01-18 10:40:41" level=info Agent="Mozilla/5.0 (Macintosh; Intel Mac OS X 10_15_7) AppleWebKit/537.36 (KHTML, like Gecko) Chrome/97.0.4692.71 Safari/537.36" DataSize=350 HostName=bogon IP="::1" Method=GET Path="/api/v1/user/?username=&size=5&page=1" SpendTime="1 ms" Status=200
time="2022-01-18 10:42:14" level=info Agent="ApiPOST Runtime +https://www.apipost.cn" DataSize=71 HostName=bogon IP=127.0.0.1 Method=POST Path=/api/v1/user/ SpendTime="2 ms" Status=200
time="2022-01-18 10:53:27" level=info Agent="Mozilla/5.0 (Macintosh; Intel Mac OS X 10_15_7) AppleWebKit/537.36 (KHTML, like Gecko) Chrome/97.0.4692.71 Safari/537.36" DataSize=941 HostName=bogon IP="::1" Method=GET Path=/admin SpendTime="2 ms" Status=200
time="2022-01-18 10:53:27" level=info Agent="Mozilla/5.0 (Macintosh; Intel Mac OS X 10_15_7) AppleWebKit/537.36 (KHTML, like Gecko) Chrome/97.0.4692.71 Safari/537.36" DataSize=346 HostName=bogon IP="::1" Method=GET Path="/api/v1/user/?username=&size=5&page=1" SpendTime="5 ms" Status=200
time="2022-01-18 10:53:30" level=info Agent="Mozilla/5.0 (Macintosh; Intel Mac OS X 10_15_7) AppleWebKit/537.36 (KHTML, like Gecko) Chrome/97.0.4692.71 Safari/537.36" DataSize=119450 HostName=bogon IP="::1" Method=GET Path=/admin/js/app.b5951831.js.map SpendTime="13 ms" Status=200
time="2022-01-18 10:53:30" level=info Agent="Mozilla/5.0 (Macintosh; Intel Mac OS X 10_15_7) AppleWebKit/537.36 (KHTML, like Gecko) Chrome/97.0.4692.71 Safari/537.36" DataSize=5241628 HostName=bogon IP="::1" Method=GET Path=/admin/js/chunk-vendors.22031700.js.map SpendTime="34 ms" Status=200
time="2022-01-18 10:53:32" level=info Agent="Mozilla/5.0 (Macintosh; Intel Mac OS X 10_15_7) AppleWebKit/537.36 (KHTML, like Gecko) Chrome/97.0.4692.71 Safari/537.36" DataSize=941 HostName=bogon IP="::1" Method=GET Path=/admin SpendTime="1 ms" Status=200
time="2022-01-18 10:53:32" level=info Agent="Mozilla/5.0 (Macintosh; Intel Mac OS X 10_15_7) AppleWebKit/537.36 (KHTML, like Gecko) Chrome/97.0.4692.71 Safari/537.36" DataSize=119450 HostName=bogon IP="::1" Method=GET Path=/admin/js/app.b5951831.js.map SpendTime="1 ms" Status=200
time="2022-01-18 10:53:32" level=info Agent="Mozilla/5.0 (Macintosh; Intel Mac OS X 10_15_7) AppleWebKit/537.36 (KHTML, like Gecko) Chrome/97.0.4692.71 Safari/537.36" DataSize=5241628 HostName=bogon IP="::1" Method=GET Path=/admin/js/chunk-vendors.22031700.js.map SpendTime="9 ms" Status=200
time="2022-01-18 10:53:32" level=info Agent="Mozilla/5.0 (Macintosh; Intel Mac OS X 10_15_7) AppleWebKit/537.36 (KHTML, like Gecko) Chrome/97.0.4692.71 Safari/537.36" DataSize=346 HostName=bogon IP="::1" Method=GET Path="/api/v1/user/?username=&size=5&page=1" SpendTime="2 ms" Status=200
time="2022-01-18 10:53:48" level=info Agent="Mozilla/5.0 (Macintosh; Intel Mac OS X 10_15_7) AppleWebKit/537.36 (KHTML, like Gecko) Chrome/97.0.4692.71 Safari/537.36" DataSize=941 HostName=bogon IP="::1" Method=GET Path=/admin SpendTime="2 ms" Status=200
time="2022-01-18 10:53:48" level=info Agent="Mozilla/5.0 (Macintosh; Intel Mac OS X 10_15_7) AppleWebKit/537.36 (KHTML, like Gecko) Chrome/97.0.4692.71 Safari/537.36" DataSize=119450 HostName=bogon IP="::1" Method=GET Path=/admin/js/app.b5951831.js.map SpendTime="2 ms" Status=200
time="2022-01-18 10:53:48" level=info Agent="Mozilla/5.0 (Macintosh; Intel Mac OS X 10_15_7) AppleWebKit/537.36 (KHTML, like Gecko) Chrome/97.0.4692.71 Safari/537.36" DataSize=5241628 HostName=bogon IP="::1" Method=GET Path=/admin/js/chunk-vendors.22031700.js.map SpendTime="17 ms" Status=200
time="2022-01-18 10:53:48" level=info Agent="Mozilla/5.0 (Macintosh; Intel Mac OS X 10_15_7) AppleWebKit/537.36 (KHTML, like Gecko) Chrome/97.0.4692.71 Safari/537.36" DataSize=346 HostName=bogon IP="::1" Method=GET Path="/api/v1/user/?username=&size=5&page=1" SpendTime="10 ms" Status=200
time="2022-01-18 10:53:51" level=info Agent="Mozilla/5.0 (Macintosh; Intel Mac OS X 10_15_7) AppleWebKit/537.36 (KHTML, like Gecko) Chrome/97.0.4692.71 Safari/537.36" DataSize=173 HostName=bogon IP="::1" Method=GET Path="/api/v1/category/?size=5&page=1" SpendTime="4 ms" Status=200
time="2022-01-18 10:53:52" level=info Agent="Mozilla/5.0 (Macintosh; Intel Mac OS X 10_15_7) AppleWebKit/537.36 (KHTML, like Gecko) Chrome/97.0.4692.71 Safari/537.36" DataSize=350 HostName=bogon IP="::1" Method=GET Path="/api/v1/user/?username=&size=5&page=1" SpendTime="1 ms" Status=200
time="2022-01-18 10:53:55" level=info Agent="Mozilla/5.0 (Macintosh; Intel Mac OS X 10_15_7) AppleWebKit/537.36 (KHTML, like Gecko) Chrome/97.0.4692.71 Safari/537.36" DataSize=941 HostName=bogon IP="::1" Method=GET Path=/admin SpendTime="1 ms" Status=200
time="2022-01-18 10:53:55" level=info Agent="Mozilla/5.0 (Macintosh; Intel Mac OS X 10_15_7) AppleWebKit/537.36 (KHTML, like Gecko) Chrome/97.0.4692.71 Safari/537.36" DataSize=350 HostName=bogon IP="::1" Method=GET Path="/api/v1/user/?username=&size=5&page=1" SpendTime="1 ms" Status=200
time="2022-01-18 10:53:56" level=info Agent="Mozilla/5.0 (Macintosh; Intel Mac OS X 10_15_7) AppleWebKit/537.36 (KHTML, like Gecko) Chrome/97.0.4692.71 Safari/537.36" DataSize=941 HostName=bogon IP="::1" Method=GET Path=/admin SpendTime="1 ms" Status=200
time="2022-01-18 10:53:56" level=info Agent="Mozilla/5.0 (Macintosh; Intel Mac OS X 10_15_7) AppleWebKit/537.36 (KHTML, like Gecko) Chrome/97.0.4692.71 Safari/537.36" DataSize=350 HostName=bogon IP="::1" Method=GET Path="/api/v1/user/?username=&size=5&page=1" SpendTime="1 ms" Status=200
time="2022-01-18 10:53:56" level=info Agent="Mozilla/5.0 (Macintosh; Intel Mac OS X 10_15_7) AppleWebKit/537.36 (KHTML, like Gecko) Chrome/97.0.4692.71 Safari/537.36" DataSize=941 HostName=bogon IP="::1" Method=GET Path=/admin SpendTime="1 ms" Status=200
time="2022-01-18 10:53:56" level=info Agent="Mozilla/5.0 (Macintosh; Intel Mac OS X 10_15_7) AppleWebKit/537.36 (KHTML, like Gecko) Chrome/97.0.4692.71 Safari/537.36" DataSize=350 HostName=bogon IP="::1" Method=GET Path="/api/v1/user/?username=&size=5&page=1" SpendTime="1 ms" Status=200
time="2022-01-18 10:53:58" level=info Agent="Mozilla/5.0 (Macintosh; Intel Mac OS X 10_15_7) AppleWebKit/537.36 (KHTML, like Gecko) Chrome/97.0.4692.71 Safari/537.36" DataSize=119450 HostName=bogon IP="::1" Method=GET Path=/admin/js/app.b5951831.js.map SpendTime="1 ms" Status=200
time="2022-01-18 10:53:58" level=info Agent="Mozilla/5.0 (Macintosh; Intel Mac OS X 10_15_7) AppleWebKit/537.36 (KHTML, like Gecko) Chrome/97.0.4692.71 Safari/537.36" DataSize=5241628 HostName=bogon IP="::1" Method=GET Path=/admin/js/chunk-vendors.22031700.js.map SpendTime="9 ms" Status=200
time="2022-01-18 10:54:04" level=info Agent="Mozilla/5.0 (Macintosh; Intel Mac OS X 10_15_7) AppleWebKit/537.36 (KHTML, like Gecko) Chrome/97.0.4692.71 Safari/537.36" DataSize=941 HostName=bogon IP="::1" Method=GET Path=/admin SpendTime="1 ms" Status=200
time="2022-01-18 10:54:04" level=info Agent="Mozilla/5.0 (Macintosh; Intel Mac OS X 10_15_7) AppleWebKit/537.36 (KHTML, like Gecko) Chrome/97.0.4692.71 Safari/537.36" DataSize=119450 HostName=bogon IP="::1" Method=GET Path=/admin/js/app.b5951831.js.map SpendTime="1 ms" Status=200
time="2022-01-18 10:54:04" level=info Agent="Mozilla/5.0 (Macintosh; Intel Mac OS X 10_15_7) AppleWebKit/537.36 (KHTML, like Gecko) Chrome/97.0.4692.71 Safari/537.36" DataSize=5241628 HostName=bogon IP="::1" Method=GET Path=/admin/js/chunk-vendors.22031700.js.map SpendTime="9 ms" Status=200
time="2022-01-18 10:54:04" level=info Agent="Mozilla/5.0 (Macintosh; Intel Mac OS X 10_15_7) AppleWebKit/537.36 (KHTML, like Gecko) Chrome/97.0.4692.71 Safari/537.36" DataSize=350 HostName=bogon IP="::1" Method=GET Path="/api/v1/user/?username=&size=5&page=1" SpendTime="2 ms" Status=200
time="2022-01-18 10:54:05" level=info Agent="Mozilla/5.0 (Macintosh; Intel Mac OS X 10_15_7) AppleWebKit/537.36 (KHTML, like Gecko) Chrome/97.0.4692.71 Safari/537.36" DataSize=941 HostName=bogon IP="::1" Method=GET Path=/admin SpendTime="1 ms" Status=200
time="2022-01-18 10:54:05" level=info Agent="Mozilla/5.0 (Macintosh; Intel Mac OS X 10_15_7) AppleWebKit/537.36 (KHTML, like Gecko) Chrome/97.0.4692.71 Safari/537.36" DataSize=119450 HostName=bogon IP="::1" Method=GET Path=/admin/js/app.b5951831.js.map SpendTime="1 ms" Status=200
time="2022-01-18 10:54:05" level=info Agent="Mozilla/5.0 (Macintosh; Intel Mac OS X 10_15_7) AppleWebKit/537.36 (KHTML, like Gecko) Chrome/97.0.4692.71 Safari/537.36" DataSize=5241628 HostName=bogon IP="::1" Method=GET Path=/admin/js/chunk-vendors.22031700.js.map SpendTime="11 ms" Status=200
time="2022-01-18 10:54:05" level=info Agent="Mozilla/5.0 (Macintosh; Intel Mac OS X 10_15_7) AppleWebKit/537.36 (KHTML, like Gecko) Chrome/97.0.4692.71 Safari/537.36" DataSize=350 HostName=bogon IP="::1" Method=GET Path="/api/v1/user/?username=&size=5&page=1" SpendTime="1 ms" Status=200
time="2022-01-18 10:54:05" level=info Agent="Mozilla/5.0 (Macintosh; Intel Mac OS X 10_15_7) AppleWebKit/537.36 (KHTML, like Gecko) Chrome/97.0.4692.71 Safari/537.36" DataSize=941 HostName=bogon IP="::1" Method=GET Path=/admin SpendTime="1 ms" Status=200
time="2022-01-18 10:54:06" level=info Agent="Mozilla/5.0 (Macintosh; Intel Mac OS X 10_15_7) AppleWebKit/537.36 (KHTML, like Gecko) Chrome/97.0.4692.71 Safari/537.36" DataSize=119450 HostName=bogon IP="::1" Method=GET Path=/admin/js/app.b5951831.js.map SpendTime="1 ms" Status=200
time="2022-01-18 10:54:06" level=info Agent="Mozilla/5.0 (Macintosh; Intel Mac OS X 10_15_7) AppleWebKit/537.36 (KHTML, like Gecko) Chrome/97.0.4692.71 Safari/537.36" DataSize=5241628 HostName=bogon IP="::1" Method=GET Path=/admin/js/chunk-vendors.22031700.js.map SpendTime="10 ms" Status=200
time="2022-01-18 10:54:06" level=info Agent="Mozilla/5.0 (Macintosh; Intel Mac OS X 10_15_7) AppleWebKit/537.36 (KHTML, like Gecko) Chrome/97.0.4692.71 Safari/537.36" DataSize=350 HostName=bogon IP="::1" Method=GET Path="/api/v1/user/?username=&size=5&page=1" SpendTime="2 ms" Status=200
time="2022-01-18 10:54:06" level=info Agent="Mozilla/5.0 (Macintosh; Intel Mac OS X 10_15_7) AppleWebKit/537.36 (KHTML, like Gecko) Chrome/97.0.4692.71 Safari/537.36" DataSize=941 HostName=bogon IP="::1" Method=GET Path=/admin SpendTime="1 ms" Status=200
time="2022-01-18 10:54:06" level=info Agent="Mozilla/5.0 (Macintosh; Intel Mac OS X 10_15_7) AppleWebKit/537.36 (KHTML, like Gecko) Chrome/97.0.4692.71 Safari/537.36" DataSize=119450 HostName=bogon IP="::1" Method=GET Path=/admin/js/app.b5951831.js.map SpendTime="2 ms" Status=200
time="2022-01-18 10:54:06" level=info Agent="Mozilla/5.0 (Macintosh; Intel Mac OS X 10_15_7) AppleWebKit/537.36 (KHTML, like Gecko) Chrome/97.0.4692.71 Safari/537.36" DataSize=5241628 HostName=bogon IP="::1" Method=GET Path=/admin/js/chunk-vendors.22031700.js.map SpendTime="11 ms" Status=200
time="2022-01-18 10:54:06" level=info Agent="Mozilla/5.0 (Macintosh; Intel Mac OS X 10_15_7) AppleWebKit/537.36 (KHTML, like Gecko) Chrome/97.0.4692.71 Safari/537.36" DataSize=350 HostName=bogon IP="::1" Method=GET Path="/api/v1/user/?username=&size=5&page=1" SpendTime="1 ms" Status=200
time="2022-01-18 10:54:18" level=info Agent="Mozilla/5.0 (Macintosh; Intel Mac OS X 10_15_7) AppleWebKit/537.36 (KHTML, like Gecko) Chrome/97.0.4692.71 Safari/537.36" DataSize=194 HostName=bogon IP="::1" Method=GET Path="/api/v1/user/?username=Salmon&size=5&page=1" SpendTime="3 ms" Status=200
time="2022-01-18 10:54:20" level=info Agent="Mozilla/5.0 (Macintosh; Intel Mac OS X 10_15_7) AppleWebKit/537.36 (KHTML, like Gecko) Chrome/97.0.4692.71 Safari/537.36" DataSize=350 HostName=bogon IP="::1" Method=GET Path="/api/v1/user/?username=&size=5&page=1" SpendTime="2 ms" Status=200
time="2022-01-18 11:03:47" level=info Agent="Mozilla/5.0 (Macintosh; Intel Mac OS X 10_15_7) AppleWebKit/537.36 (KHTML, like Gecko) Chrome/97.0.4692.71 Safari/537.36" DataSize=173 HostName=bogon IP="::1" Method=GET Path="/api/v1/category/?size=100&page=1" SpendTime="5 ms" Status=200
time="2022-01-18 11:03:48" level=info Agent="Mozilla/5.0 (Macintosh; Intel Mac OS X 10_15_7) AppleWebKit/537.36 (KHTML, like Gecko) Chrome/97.0.4692.71 Safari/537.36" DataSize=173 HostName=bogon IP="::1" Method=GET Path="/api/v1/category/?size=100&page=1" SpendTime="4 ms" Status=200
time="2022-01-18 11:03:48" level=info Agent="Mozilla/5.0 (Macintosh; Intel Mac OS X 10_15_7) AppleWebKit/537.36 (KHTML, like Gecko) Chrome/97.0.4692.71 Safari/537.36" DataSize=12517 HostName=bogon IP="::1" Method=GET Path="/api/v1/article/?title=&size=5&page=1" SpendTime="7 ms" Status=200
time="2022-01-18 11:03:50" level=info Agent="Mozilla/5.0 (Macintosh; Intel Mac OS X 10_15_7) AppleWebKit/537.36 (KHTML, like Gecko) Chrome/97.0.4692.71 Safari/537.36" DataSize=1049 HostName=bogon IP="::1" Method=GET Path="/api/v1/article/?title=&size=5&page=2" SpendTime="2 ms" Status=200
time="2022-01-18 11:03:51" level=info Agent="Mozilla/5.0 (Macintosh; Intel Mac OS X 10_15_7) AppleWebKit/537.36 (KHTML, like Gecko) Chrome/97.0.4692.71 Safari/537.36" DataSize=13524 HostName=bogon IP="::1" Method=GET Path="/api/v1/article/?title=&size=10&page=1" SpendTime="2 ms" Status=200
time="2022-01-18 11:03:54" level=info Agent="Mozilla/5.0 (Macintosh; Intel Mac OS X 10_15_7) AppleWebKit/537.36 (KHTML, like Gecko) Chrome/97.0.4692.71 Safari/537.36" DataSize=13524 HostName=bogon IP="::1" Method=GET Path="/api/v1/article/?title=&size=10&page=1" SpendTime="3 ms" Status=200
time="2022-01-18 11:03:56" level=info Agent="Mozilla/5.0 (Macintosh; Intel Mac OS X 10_15_7) AppleWebKit/537.36 (KHTML, like Gecko) Chrome/97.0.4692.71 Safari/537.36" DataSize=1171 HostName=bogon IP="::1" Method=GET Path="/api/v1/catelist/2/?size=10&page=1" SpendTime="3 ms" Status=200
time="2022-01-18 11:03:58" level=info Agent="Mozilla/5.0 (Macintosh; Intel Mac OS X 10_15_7) AppleWebKit/537.36 (KHTML, like Gecko) Chrome/97.0.4692.71 Safari/537.36" DataSize=336 HostName=bogon IP="::1" Method=GET Path="/api/v1/catelist/7/?size=10&page=1" SpendTime="3 ms" Status=200
time="2022-01-18 11:04:00" level=info Agent="Mozilla/5.0 (Macintosh; Intel Mac OS X 10_15_7) AppleWebKit/537.36 (KHTML, like Gecko) Chrome/97.0.4692.71 Safari/537.36" DataSize=173 HostName=bogon IP="::1" Method=GET Path="/api/v1/category/?size=5&page=1" SpendTime="1 ms" Status=200
time="2022-01-18 11:04:02" level=info Agent="Mozilla/5.0 (Macintosh; Intel Mac OS X 10_15_7) AppleWebKit/537.36 (KHTML, like Gecko) Chrome/97.0.4692.71 Safari/537.36" DataSize=350 HostName=bogon IP="::1" Method=GET Path="/api/v1/user/?username=&size=5&page=1" SpendTime="2 ms" Status=200
time="2022-01-18 11:04:08" level=info Agent="Mozilla/5.0 (Macintosh; Intel Mac OS X 10_15_7) AppleWebKit/537.36 (KHTML, like Gecko) Chrome/97.0.4692.71 Safari/537.36" DataSize=173 HostName=bogon IP="::1" Method=GET Path="/api/v1/category/?size=5&page=1" SpendTime="1 ms" Status=200
time="2022-01-18 11:04:10" level=info Agent="Mozilla/5.0 (Macintosh; Intel Mac OS X 10_15_7) AppleWebKit/537.36 (KHTML, like Gecko) Chrome/97.0.4692.71 Safari/537.36" DataSize=173 HostName=bogon IP="::1" Method=GET Path="/api/v1/category/?size=100&page=1" SpendTime="3 ms" Status=200
time="2022-01-18 11:04:10" level=info Agent="Mozilla/5.0 (Macintosh; Intel Mac OS X 10_15_7) AppleWebKit/537.36 (KHTML, like Gecko) Chrome/97.0.4692.71 Safari/537.36" DataSize=12517 HostName=bogon IP="::1" Method=GET Path="/api/v1/article/?title=&size=5&page=1" SpendTime="3 ms" Status=200
time="2022-01-18 11:04:57" level=info Agent="Mozilla/5.0 (Macintosh; Intel Mac OS X 10_15_7) AppleWebKit/537.36 (KHTML, like Gecko) Chrome/97.0.4692.71 Safari/537.36" DataSize=0 HostName=bogon IP="::1" Method=OPTIONS Path=/api/v1/login/ SpendTime="1 ms" Status=204
time="2022-01-18 11:04:57" level=info Agent="Mozilla/5.0 (Macintosh; Intel Mac OS X 10_15_7) AppleWebKit/537.36 (KHTML, like Gecko) Chrome/97.0.4692.71 Safari/537.36" DataSize=192 HostName=bogon IP="::1" Method=POST Path=/api/v1/login/ SpendTime="131 ms" Status=200
time="2022-01-18 11:04:59" level=info Agent="Mozilla/5.0 (Macintosh; Intel Mac OS X 10_15_7) AppleWebKit/537.36 (KHTML, like Gecko) Chrome/97.0.4692.71 Safari/537.36" DataSize=0 HostName=bogon IP="::1" Method=OPTIONS Path=/api/v1/wks/ SpendTime="1 ms" Status=204
time="2022-01-18 11:04:59" level=info Agent="Mozilla/5.0 (Macintosh; Intel Mac OS X 10_15_7) AppleWebKit/537.36 (KHTML, like Gecko) Chrome/97.0.4692.71 Safari/537.36" DataSize=109 HostName=bogon IP="::1" Method=GET Path=/api/v1/wks/ SpendTime="4 ms" Status=200
time="2022-01-18 11:05:03" level=info Agent="Mozilla/5.0 (Macintosh; Intel Mac OS X 10_15_7) AppleWebKit/537.36 (KHTML, like Gecko) Chrome/97.0.4692.71 Safari/537.36" DataSize=0 HostName=bogon IP="::1" Method=OPTIONS Path=/api/v1/wks/ SpendTime="1 ms" Status=204
time="2022-01-18 11:05:03" level=info Agent="Mozilla/5.0 (Macintosh; Intel Mac OS X 10_15_7) AppleWebKit/537.36 (KHTML, like Gecko) Chrome/97.0.4692.71 Safari/537.36" DataSize=109 HostName=bogon IP="::1" Method=GET Path=/api/v1/wks/ SpendTime="1 ms" Status=200
time="2022-01-18 11:05:04" level=info Agent="Mozilla/5.0 (Macintosh; Intel Mac OS X 10_15_7) AppleWebKit/537.36 (KHTML, like Gecko) Chrome/97.0.4692.71 Safari/537.36" DataSize=0 HostName=bogon IP="::1" Method=OPTIONS Path="/api/v1/user/?username=&size=5&page=1" SpendTime="1 ms" Status=204
time="2022-01-18 11:05:04" level=info Agent="Mozilla/5.0 (Macintosh; Intel Mac OS X 10_15_7) AppleWebKit/537.36 (KHTML, like Gecko) Chrome/97.0.4692.71 Safari/537.36" DataSize=350 HostName=bogon IP="::1" Method=GET Path="/api/v1/user/?username=&size=5&page=1" SpendTime="1 ms" Status=200
time="2022-01-18 11:05:05" level=info Agent="Mozilla/5.0 (Macintosh; Intel Mac OS X 10_15_7) AppleWebKit/537.36 (KHTML, like Gecko) Chrome/97.0.4692.71 Safari/537.36" DataSize=0 HostName=bogon IP="::1" Method=OPTIONS Path=/api/v1/wks/ SpendTime="1 ms" Status=204
time="2022-01-18 11:05:05" level=info Agent="Mozilla/5.0 (Macintosh; Intel Mac OS X 10_15_7) AppleWebKit/537.36 (KHTML, like Gecko) Chrome/97.0.4692.71 Safari/537.36" DataSize=109 HostName=bogon IP="::1" Method=GET Path=/api/v1/wks/ SpendTime="1 ms" Status=200
time="2022-01-18 11:05:06" level=info Agent="Mozilla/5.0 (Macintosh; Intel Mac OS X 10_15_7) AppleWebKit/537.36 (KHTML, like Gecko) Chrome/97.0.4692.71 Safari/537.36" DataSize=0 HostName=bogon IP="::1" Method=OPTIONS Path="/api/v1/category/?size=5&page=1" SpendTime="1 ms" Status=204
time="2022-01-18 11:05:06" level=info Agent="Mozilla/5.0 (Macintosh; Intel Mac OS X 10_15_7) AppleWebKit/537.36 (KHTML, like Gecko) Chrome/97.0.4692.71 Safari/537.36" DataSize=173 HostName=bogon IP="::1" Method=GET Path="/api/v1/category/?size=5&page=1" SpendTime="2 ms" Status=200
time="2022-01-18 11:05:07" level=info Agent="Mozilla/5.0 (Macintosh; Intel Mac OS X 10_15_7) AppleWebKit/537.36 (KHTML, like Gecko) Chrome/97.0.4692.71 Safari/537.36" DataSize=0 HostName=bogon IP="::1" Method=OPTIONS Path="/api/v1/user/?username=&size=5&page=1" SpendTime="1 ms" Status=204
time="2022-01-18 11:05:07" level=info Agent="Mozilla/5.0 (Macintosh; Intel Mac OS X 10_15_7) AppleWebKit/537.36 (KHTML, like Gecko) Chrome/97.0.4692.71 Safari/537.36" DataSize=350 HostName=bogon IP="::1" Method=GET Path="/api/v1/user/?username=&size=5&page=1" SpendTime="3 ms" Status=200
time="2022-01-18 11:05:08" level=info Agent="Mozilla/5.0 (Macintosh; Intel Mac OS X 10_15_7) AppleWebKit/537.36 (KHTML, like Gecko) Chrome/97.0.4692.71 Safari/537.36" DataSize=0 HostName=bogon IP="::1" Method=OPTIONS Path=/api/v1/wks/ SpendTime="1 ms" Status=204
time="2022-01-18 11:05:08" level=info Agent="Mozilla/5.0 (Macintosh; Intel Mac OS X 10_15_7) AppleWebKit/537.36 (KHTML, like Gecko) Chrome/97.0.4692.71 Safari/537.36" DataSize=109 HostName=bogon IP="::1" Method=GET Path=/api/v1/wks/ SpendTime="1 ms" Status=200
time="2022-01-18 11:39:00" level=info Agent="Mozilla/5.0 (Macintosh; Intel Mac OS X 10_15_7) AppleWebKit/537.36 (KHTML, like Gecko) Chrome/97.0.4692.71 Safari/537.36" DataSize=1049 HostName=bogon IP="::1" Method=GET Path="/api/v1/article/?title=&size=5&page=2" SpendTime="5 ms" Status=200
time="2022-01-18 11:39:01" level=info Agent="Mozilla/5.0 (Macintosh; Intel Mac OS X 10_15_7) AppleWebKit/537.36 (KHTML, like Gecko) Chrome/97.0.4692.71 Safari/537.36" DataSize=12517 HostName=bogon IP="::1" Method=GET Path="/api/v1/article/?title=&size=5&page=1" SpendTime="2 ms" Status=200
time="2022-01-18 11:39:03" level=info Agent="Mozilla/5.0 (Macintosh; Intel Mac OS X 10_15_7) AppleWebKit/537.36 (KHTML, like Gecko) Chrome/97.0.4692.71 Safari/537.36" DataSize=13524 HostName=bogon IP="::1" Method=GET Path="/api/v1/article/?title=&size=10&page=1" SpendTime="2 ms" Status=200
time="2022-01-18 11:39:06" level=info Agent="Mozilla/5.0 (Macintosh; Intel Mac OS X 10_15_7) AppleWebKit/537.36 (KHTML, like Gecko) Chrome/97.0.4692.71 Safari/537.36" DataSize=12517 HostName=bogon IP="::1" Method=GET Path="/api/v1/article/?title=&size=5&page=1" SpendTime="2 ms" Status=200
time="2022-01-18 11:55:18" level=info Agent="Mozilla/5.0 (Macintosh; Intel Mac OS X 10_15_7) AppleWebKit/537.36 (KHTML, like Gecko) Chrome/97.0.4692.71 Safari/537.36" DataSize=173 HostName=bogon IP="::1" Method=GET Path="/api/v1/category/?size=5&page=1" SpendTime="9 ms" Status=200
time="2022-01-18 11:55:18" level=info Agent="Mozilla/5.0 (Macintosh; Intel Mac OS X 10_15_7) AppleWebKit/537.36 (KHTML, like Gecko) Chrome/97.0.4692.71 Safari/537.36" DataSize=350 HostName=bogon IP="::1" Method=GET Path="/api/v1/user/?username=&size=5&page=1" SpendTime="2 ms" Status=200
time="2022-01-18 11:55:26" level=info Agent="Mozilla/5.0 (Macintosh; Intel Mac OS X 10_15_7) AppleWebKit/537.36 (KHTML, like Gecko) Chrome/97.0.4692.71 Safari/537.36" DataSize=192 HostName=bogon IP="::1" Method=POST Path=/api/v1/login/ SpendTime="126 ms" Status=200
time="2022-01-18 11:55:27" level=info Agent="Mozilla/5.0 (Macintosh; Intel Mac OS X 10_15_7) AppleWebKit/537.36 (KHTML, like Gecko) Chrome/97.0.4692.71 Safari/537.36" DataSize=350 HostName=bogon IP="::1" Method=GET Path="/api/v1/user/?username=&size=5&page=1" SpendTime="1 ms" Status=200
time="2022-01-18 11:55:27" level=info Agent="Mozilla/5.0 (Macintosh; Intel Mac OS X 10_15_7) AppleWebKit/537.36 (KHTML, like Gecko) Chrome/97.0.4692.71 Safari/537.36" DataSize=173 HostName=bogon IP="::1" Method=GET Path="/api/v1/category/?size=5&page=1" SpendTime="2 ms" Status=200
time="2022-01-18 11:55:28" level=info Agent="Mozilla/5.0 (Macintosh; Intel Mac OS X 10_15_7) AppleWebKit/537.36 (KHTML, like Gecko) Chrome/97.0.4692.71 Safari/537.36" DataSize=350 HostName=bogon IP="::1" Method=GET Path="/api/v1/user/?username=&size=5&page=1" SpendTime="1 ms" Status=200
time="2022-01-18 14:54:20" level=info Agent="Mozilla/5.0 (Macintosh; Intel Mac OS X 10_15_7) AppleWebKit/537.36 (KHTML, like Gecko) Chrome/97.0.4692.71 Safari/537.36" DataSize=173 HostName=lihaoyedeMacBook-Air.local IP="::1" Method=GET Path="/api/v1/category/?size=100&page=1" SpendTime="5 ms" Status=200
time="2022-01-18 14:54:21" level=info Agent="Mozilla/5.0 (Macintosh; Intel Mac OS X 10_15_7) AppleWebKit/537.36 (KHTML, like Gecko) Chrome/97.0.4692.71 Safari/537.36" DataSize=173 HostName=lihaoyedeMacBook-Air.local IP="::1" Method=GET Path="/api/v1/category/?size=100&page=1" SpendTime="2 ms" Status=200
time="2022-01-18 14:54:21" level=info Agent="Mozilla/5.0 (Macintosh; Intel Mac OS X 10_15_7) AppleWebKit/537.36 (KHTML, like Gecko) Chrome/97.0.4692.71 Safari/537.36" DataSize=12517 HostName=lihaoyedeMacBook-Air.local IP="::1" Method=GET Path="/api/v1/article/?title=&size=5&page=1" SpendTime="7 ms" Status=200
time="2022-01-18 14:56:03" level=info Agent="Mozilla/5.0 (Macintosh; Intel Mac OS X 10_15_7) AppleWebKit/537.36 (KHTML, like Gecko) Chrome/97.0.4692.71 Safari/537.36" DataSize=173 HostName=lihaoyedeMacBook-Air.local IP="::1" Method=GET Path="/api/v1/category/?size=5&page=1" SpendTime="3 ms" Status=200
