time="2022-02-28 10:25:43" level=info Agent="Mozilla/5.0 (Windows NT 10.0; Win64; x64) AppleWebKit/537.36 (KHTML, like Gecko) Chrome/98.0.4758.102 Safari/537.36" DataSize=0 HostName=DESKTOP-31G7THQ IP="::1" Method=OPTIONS Path=/api/v1/captcha/ SpendTime="0 ms" Status=204
time="2022-02-28 10:25:43" level=info Agent="Mozilla/5.0 (Windows NT 10.0; Win64; x64) AppleWebKit/537.36 (KHTML, like Gecko) Chrome/98.0.4758.102 Safari/537.36" DataSize=2670 HostName=DESKTOP-31G7THQ IP="::1" Method=GET Path=/api/v1/captcha/ SpendTime="3 ms" Status=200
time="2022-02-28 10:25:54" level=info Agent="Mozilla/5.0 (Windows NT 10.0; Win64; x64) AppleWebKit/537.36 (KHTML, like Gecko) Chrome/98.0.4758.102 Safari/537.36" DataSize=0 HostName=DESKTOP-31G7THQ IP="::1" Method=OPTIONS Path=/api/v1/login/ SpendTime="0 ms" Status=204
time="2022-02-28 10:25:54" level=info Agent="Mozilla/5.0 (Windows NT 10.0; Win64; x64) AppleWebKit/537.36 (KHTML, like Gecko) Chrome/98.0.4758.102 Safari/537.36" DataSize=185 HostName=DESKTOP-31G7THQ IP="::1" Method=POST Path=/api/v1/login/ SpendTime="63 ms" Status=200
time="2022-02-28 10:25:56" level=info Agent="Mozilla/5.0 (Windows NT 10.0; Win64; x64) AppleWebKit/537.36 (KHTML, like Gecko) Chrome/98.0.4758.102 Safari/537.36" DataSize=0 HostName=DESKTOP-31G7THQ IP="::1" Method=OPTIONS Path="/api/v1/category/?size=5&page=1" SpendTime="0 ms" Status=204
time="2022-02-28 10:25:56" level=info Agent="Mozilla/5.0 (Windows NT 10.0; Win64; x64) AppleWebKit/537.36 (KHTML, like Gecko) Chrome/98.0.4758.102 Safari/537.36" DataSize=160 HostName=DESKTOP-31G7THQ IP="::1" Method=GET Path="/api/v1/category/?size=5&page=1" SpendTime="6 ms" Status=200
time="2022-02-28 10:25:57" level=info Agent="Mozilla/5.0 (Windows NT 10.0; Win64; x64) AppleWebKit/537.36 (KHTML, like Gecko) Chrome/98.0.4758.102 Safari/537.36" DataSize=0 HostName=DESKTOP-31G7THQ IP="::1" Method=OPTIONS Path="/api/v1/user/?username=&size=5&page=1" SpendTime="0 ms" Status=204
time="2022-02-28 10:25:57" level=info Agent="Mozilla/5.0 (Windows NT 10.0; Win64; x64) AppleWebKit/537.36 (KHTML, like Gecko) Chrome/98.0.4758.102 Safari/537.36" DataSize=348 HostName=DESKTOP-31G7THQ IP="::1" Method=GET Path="/api/v1/user/?username=&size=5&page=1" SpendTime="3 ms" Status=200
time="2022-02-28 10:26:00" level=info Agent="Mozilla/5.0 (Windows NT 10.0; Win64; x64) AppleWebKit/537.36 (KHTML, like Gecko) Chrome/98.0.4758.102 Safari/537.36" DataSize=0 HostName=DESKTOP-31G7THQ IP="::1" Method=OPTIONS Path=/api/v1/captcha/ SpendTime="0 ms" Status=204
time="2022-02-28 10:26:00" level=info Agent="Mozilla/5.0 (Windows NT 10.0; Win64; x64) AppleWebKit/537.36 (KHTML, like Gecko) Chrome/98.0.4758.102 Safari/537.36" DataSize=2718 HostName=DESKTOP-31G7THQ IP="::1" Method=GET Path=/api/v1/captcha/ SpendTime="3 ms" Status=200
time="2022-02-28 10:29:59" level=info Agent="Mozilla/5.0 (Windows NT 10.0; Win64; x64) AppleWebKit/537.36 (KHTML, like Gecko) Chrome/98.0.4758.102 Safari/537.36" DataSize=941 HostName=DESKTOP-31G7THQ IP="::1" Method=GET Path=/admin SpendTime="0 ms" Status=200
time="2022-02-28 10:29:59" level=info Agent="Mozilla/5.0 (Windows NT 10.0; Win64; x64) AppleWebKit/537.36 (KHTML, like Gecko) Chrome/98.0.4758.102 Safari/537.36" DataSize=1370 HostName=DESKTOP-31G7THQ IP="::1" Method=GET Path=/admin/css/app.100be534.css SpendTime="77 ms" Status=200
time="2022-02-28 10:29:59" level=info Agent="Mozilla/5.0 (Windows NT 10.0; Win64; x64) AppleWebKit/537.36 (KHTML, like Gecko) Chrome/98.0.4758.102 Safari/537.36" DataSize=48815 HostName=DESKTOP-31G7THQ IP="::1" Method=GET Path=/admin/js/app.06c6fffc.js SpendTime="76 ms" Status=200
time="2022-02-28 10:29:59" level=info Agent="Mozilla/5.0 (Windows NT 10.0; Win64; x64) AppleWebKit/537.36 (KHTML, like Gecko) Chrome/98.0.4758.102 Safari/537.36" DataSize=283594 HostName=DESKTOP-31G7THQ IP="::1" Method=GET Path=/admin/css/chunk-vendors.7f01480b.css SpendTime="77 ms" Status=200
time="2022-02-28 10:29:59" level=info Agent="Mozilla/5.0 (Windows NT 10.0; Win64; x64) AppleWebKit/537.36 (KHTML, like Gecko) Chrome/98.0.4758.102 Safari/537.36" DataSize=1849530 HostName=DESKTOP-31G7THQ IP="::1" Method=GET Path=/admin/js/chunk-vendors.4e842e69.js SpendTime="77 ms" Status=200
time="2022-02-28 10:29:59" level=info Agent="Mozilla/5.0 (Windows NT 10.0; Win64; x64) AppleWebKit/537.36 (KHTML, like Gecko) Chrome/98.0.4758.102 Safari/537.36" DataSize=1593210 HostName=DESKTOP-31G7THQ IP="::1" Method=GET Path=/admin/img/0.dc7100c7.jpg SpendTime="2 ms" Status=200
time="2022-02-28 10:29:59" level=info Agent="Mozilla/5.0 (Windows NT 10.0; Win64; x64) AppleWebKit/537.36 (KHTML, like Gecko) Chrome/98.0.4758.102 Safari/537.36" DataSize=2870 HostName=DESKTOP-31G7THQ IP="::1" Method=GET Path=/api/v1/captcha/ SpendTime="3 ms" Status=200
time="2022-02-28 10:29:59" level=info Agent="Mozilla/5.0 (Windows NT 10.0; Win64; x64) AppleWebKit/537.36 (KHTML, like Gecko) Chrome/98.0.4758.102 Safari/537.36" DataSize=17584 HostName=DESKTOP-31G7THQ IP="::1" Method=GET Path=/admin/avatar.ico SpendTime="1 ms" Status=200
time="2022-02-28 10:30:08" level=info Agent="Mozilla/5.0 (Windows NT 10.0; Win64; x64) AppleWebKit/537.36 (KHTML, like Gecko) Chrome/98.0.4758.102 Safari/537.36" DataSize=44 HostName=DESKTOP-31G7THQ IP="::1" Method=POST Path=/api/v1/login/ SpendTime="64 ms" Status=200
time="2022-02-28 10:30:08" level=info Agent="Mozilla/5.0 (Windows NT 10.0; Win64; x64) AppleWebKit/537.36 (KHTML, like Gecko) Chrome/98.0.4758.102 Safari/537.36" DataSize=2854 HostName=DESKTOP-31G7THQ IP="::1" Method=GET Path=/api/v1/captcha/ SpendTime="2 ms" Status=200
time="2022-02-28 10:30:21" level=info Agent="Mozilla/5.0 (Windows NT 10.0; Win64; x64) AppleWebKit/537.36 (KHTML, like Gecko) Chrome/98.0.4758.102 Safari/537.36" DataSize=185 HostName=DESKTOP-31G7THQ IP="::1" Method=POST Path=/api/v1/login/ SpendTime="63 ms" Status=200
time="2022-02-28 10:30:23" level=info Agent="Mozilla/5.0 (Windows NT 10.0; Win64; x64) AppleWebKit/537.36 (KHTML, like Gecko) Chrome/98.0.4758.102 Safari/537.36" DataSize=148 HostName=DESKTOP-31G7THQ IP="::1" Method=GET Path=/api/v1/wks/ SpendTime="3 ms" Status=200
time="2022-02-28 10:30:24" level=info Agent="Mozilla/5.0 (Windows NT 10.0; Win64; x64) AppleWebKit/537.36 (KHTML, like Gecko) Chrome/98.0.4758.102 Safari/537.36" DataSize=348 HostName=DESKTOP-31G7THQ IP="::1" Method=GET Path="/api/v1/user/?username=&size=5&page=1" SpendTime="4 ms" Status=200
time="2022-02-28 10:30:24" level=info Agent="Mozilla/5.0 (Windows NT 10.0; Win64; x64) AppleWebKit/537.36 (KHTML, like Gecko) Chrome/98.0.4758.102 Safari/537.36" DataSize=148 HostName=DESKTOP-31G7THQ IP="::1" Method=GET Path=/api/v1/wks/ SpendTime="2 ms" Status=200
time="2022-02-28 10:30:25" level=info Agent="Mozilla/5.0 (Windows NT 10.0; Win64; x64) AppleWebKit/537.36 (KHTML, like Gecko) Chrome/98.0.4758.102 Safari/537.36" DataSize=348 HostName=DESKTOP-31G7THQ IP="::1" Method=GET Path="/api/v1/user/?username=&size=5&page=1" SpendTime="4 ms" Status=200
time="2022-02-28 10:30:26" level=info Agent="Mozilla/5.0 (Windows NT 10.0; Win64; x64) AppleWebKit/537.36 (KHTML, like Gecko) Chrome/98.0.4758.102 Safari/537.36" DataSize=160 HostName=DESKTOP-31G7THQ IP="::1" Method=GET Path="/api/v1/category/?size=5&page=1" SpendTime="4 ms" Status=200
time="2022-02-28 10:30:29" level=info Agent="Mozilla/5.0 (Windows NT 10.0; Win64; x64) AppleWebKit/537.36 (KHTML, like Gecko) Chrome/98.0.4758.102 Safari/537.36" DataSize=2810 HostName=DESKTOP-31G7THQ IP="::1" Method=GET Path=/api/v1/captcha/ SpendTime="3 ms" Status=200
