time="2021-07-12 14:02:39" level=info Agent="Mozilla/5.0 (Macintosh; Intel Mac OS X 10_15_7) AppleWebKit/537.36 (KHTML, like Gecko) Chrome/91.0.4472.114 Safari/537.36" DataSize=0 HostName=lihaoyedeMacBook-Air.local IP="::1" Method=OPTIONS Path=/api/v1/login/ SpendTime="1 ms" Status=204
time="2021-07-12 14:02:39" level=info Agent="Mozilla/5.0 (Macintosh; Intel Mac OS X 10_15_7) AppleWebKit/537.36 (KHTML, like Gecko) Chrome/91.0.4472.114 Safari/537.36" DataSize=192 HostName=lihaoyedeMacBook-Air.local IP="::1" Method=POST Path=/api/v1/login/ SpendTime="116 ms" Status=200
time="2021-07-12 14:02:59" level=info Agent="Mozilla/5.0 (Macintosh; Intel Mac OS X 10_15_7) AppleWebKit/537.36 (KHTML, like Gecko) Chrome/91.0.4472.114 Safari/537.36" DataSize=192 HostName=lihaoyedeMacBook-Air.local IP="::1" Method=POST Path=/api/v1/login/ SpendTime="136 ms" Status=200
time="2021-07-12 14:52:46" level=info Agent="Mozilla/5.0 (Macintosh; Intel Mac OS X 10_15_7) AppleWebKit/537.36 (KHTML, like Gecko) Chrome/91.0.4472.114 Safari/537.36" DataSize=192 HostName=lihaoyedeMacBook-Air.local IP="::1" Method=POST Path=/api/v1/login/ SpendTime="135 ms" Status=200
time="2021-07-12 15:23:51" level=info Agent="Mozilla/5.0 (Macintosh; Intel Mac OS X 10_15_7) AppleWebKit/537.36 (KHTML, like Gecko) Chrome/91.0.4472.114 Safari/537.36" DataSize=278 HostName=lihaoyedeMacBook-Air.local IP="::1" Method=GET Path="/api/v1/user/?page=2&size=1" SpendTime="17 ms" Status=200
time="2021-07-12 15:23:55" level=info Agent="Mozilla/5.0 (Macintosh; Intel Mac OS X 10_15_7) AppleWebKit/537.36 (KHTML, like Gecko) Chrome/91.0.4472.114 Safari/537.36" DataSize=278 HostName=lihaoyedeMacBook-Air.local IP="::1" Method=GET Path="/api/v1/user/?page=2&size=1" SpendTime="3 ms" Status=200
time="2021-07-12 15:24:48" level=info Agent="Mozilla/5.0 (Macintosh; Intel Mac OS X 10_15_7) AppleWebKit/537.36 (KHTML, like Gecko) Chrome/91.0.4472.114 Safari/537.36" DataSize=514 HostName=lihaoyedeMacBook-Air.local IP="::1" Method=GET Path="/api/v1/user/?size=2&page=1" SpendTime="11 ms" Status=200
time="2021-07-12 15:25:23" level=info Agent="Mozilla/5.0 (Macintosh; Intel Mac OS X 10_15_7) AppleWebKit/537.36 (KHTML, like Gecko) Chrome/91.0.4472.114 Safari/537.36" DataSize=514 HostName=lihaoyedeMacBook-Air.local IP="::1" Method=GET Path="/api/v1/user/?size=2&page=1" SpendTime="8 ms" Status=200
time="2021-07-12 15:25:27" level=info Agent="Mozilla/5.0 (Macintosh; Intel Mac OS X 10_15_7) AppleWebKit/537.36 (KHTML, like Gecko) Chrome/91.0.4472.114 Safari/537.36" DataSize=514 HostName=lihaoyedeMacBook-Air.local IP="::1" Method=GET Path="/api/v1/user/?size=2&page=1" SpendTime="1 ms" Status=200
time="2021-07-12 15:25:50" level=info Agent="Mozilla/5.0 (Macintosh; Intel Mac OS X 10_15_7) AppleWebKit/537.36 (KHTML, like Gecko) Chrome/91.0.4472.114 Safari/537.36" DataSize=514 HostName=lihaoyedeMacBook-Air.local IP="::1" Method=GET Path="/api/v1/user/?size=2&page=1" SpendTime="3 ms" Status=200
time="2021-07-12 15:25:53" level=info Agent="Mozilla/5.0 (Macintosh; Intel Mac OS X 10_15_7) AppleWebKit/537.36 (KHTML, like Gecko) Chrome/91.0.4472.114 Safari/537.36" DataSize=514 HostName=lihaoyedeMacBook-Air.local IP="::1" Method=GET Path="/api/v1/user/?size=2&page=1" SpendTime="2 ms" Status=200
time="2021-07-12 15:27:16" level=info Agent="Mozilla/5.0 (Macintosh; Intel Mac OS X 10_15_7) AppleWebKit/537.36 (KHTML, like Gecko) Chrome/91.0.4472.114 Safari/537.36" DataSize=514 HostName=lihaoyedeMacBook-Air.local IP="::1" Method=GET Path="/api/v1/user/?size=2&page=1" SpendTime="11 ms" Status=200
time="2021-07-12 15:27:19" level=info Agent="Mozilla/5.0 (Macintosh; Intel Mac OS X 10_15_7) AppleWebKit/537.36 (KHTML, like Gecko) Chrome/91.0.4472.114 Safari/537.36" DataSize=514 HostName=lihaoyedeMacBook-Air.local IP="::1" Method=GET Path="/api/v1/user/?size=2&page=1" SpendTime="1 ms" Status=200
time="2021-07-12 15:27:25" level=info Agent="Mozilla/5.0 (Macintosh; Intel Mac OS X 10_15_7) AppleWebKit/537.36 (KHTML, like Gecko) Chrome/91.0.4472.114 Safari/537.36" DataSize=514 HostName=lihaoyedeMacBook-Air.local IP="::1" Method=GET Path="/api/v1/user/?size=2&page=1" SpendTime="1 ms" Status=200
time="2021-07-12 15:27:28" level=info Agent="Mozilla/5.0 (Macintosh; Intel Mac OS X 10_15_7) AppleWebKit/537.36 (KHTML, like Gecko) Chrome/91.0.4472.114 Safari/537.36" DataSize=514 HostName=lihaoyedeMacBook-Air.local IP="::1" Method=GET Path="/api/v1/user/?size=2&page=1" SpendTime="7 ms" Status=200
time="2021-07-12 15:27:54" level=info Agent="Mozilla/5.0 (Macintosh; Intel Mac OS X 10_15_7) AppleWebKit/537.36 (KHTML, like Gecko) Chrome/91.0.4472.114 Safari/537.36" DataSize=514 HostName=lihaoyedeMacBook-Air.local IP="::1" Method=GET Path="/api/v1/user/?size=2&page=1" SpendTime="7 ms" Status=200
time="2021-07-12 15:28:27" level=info Agent="Mozilla/5.0 (Macintosh; Intel Mac OS X 10_15_7) AppleWebKit/537.36 (KHTML, like Gecko) Chrome/91.0.4472.114 Safari/537.36" DataSize=514 HostName=lihaoyedeMacBook-Air.local IP="::1" Method=GET Path="/api/v1/user/?size=2&page=1" SpendTime="9 ms" Status=200
time="2021-07-12 15:28:58" level=info Agent="Mozilla/5.0 (Macintosh; Intel Mac OS X 10_15_7) AppleWebKit/537.36 (KHTML, like Gecko) Chrome/91.0.4472.114 Safari/537.36" DataSize=514 HostName=lihaoyedeMacBook-Air.local IP="::1" Method=GET Path="/api/v1/user/?size=2&page=1" SpendTime="6 ms" Status=200
time="2021-07-12 15:29:54" level=info Agent="Mozilla/5.0 (Macintosh; Intel Mac OS X 10_15_7) AppleWebKit/537.36 (KHTML, like Gecko) Chrome/91.0.4472.114 Safari/537.36" DataSize=514 HostName=lihaoyedeMacBook-Air.local IP="::1" Method=GET Path="/api/v1/user/?size=2&page=1" SpendTime="13 ms" Status=200
time="2021-07-12 15:30:27" level=info Agent="Mozilla/5.0 (Macintosh; Intel Mac OS X 10_15_7) AppleWebKit/537.36 (KHTML, like Gecko) Chrome/91.0.4472.114 Safari/537.36" DataSize=514 HostName=lihaoyedeMacBook-Air.local IP="::1" Method=GET Path="/api/v1/user/?size=2&page=1" SpendTime="14 ms" Status=200
time="2021-07-12 15:32:22" level=info Agent="Mozilla/5.0 (Macintosh; Intel Mac OS X 10_15_7) AppleWebKit/537.36 (KHTML, like Gecko) Chrome/91.0.4472.114 Safari/537.36" DataSize=514 HostName=lihaoyedeMacBook-Air.local IP="::1" Method=GET Path="/api/v1/user/?size=2&page=1" SpendTime="4 ms" Status=200
time="2021-07-12 15:33:46" level=info Agent="Mozilla/5.0 (Macintosh; Intel Mac OS X 10_15_7) AppleWebKit/537.36 (KHTML, like Gecko) Chrome/91.0.4472.114 Safari/537.36" DataSize=514 HostName=lihaoyedeMacBook-Air.local IP="::1" Method=GET Path="/api/v1/user/?size=2&page=1" SpendTime="4 ms" Status=200
time="2021-07-12 15:36:07" level=info Agent="Mozilla/5.0 (Macintosh; Intel Mac OS X 10_15_7) AppleWebKit/537.36 (KHTML, like Gecko) Chrome/91.0.4472.114 Safari/537.36" DataSize=514 HostName=lihaoyedeMacBook-Air.local IP="::1" Method=GET Path="/api/v1/user/?size=2&page=1" SpendTime="3 ms" Status=200
time="2021-07-12 15:36:28" level=info Agent="Mozilla/5.0 (Macintosh; Intel Mac OS X 10_15_7) AppleWebKit/537.36 (KHTML, like Gecko) Chrome/91.0.4472.114 Safari/537.36" DataSize=514 HostName=lihaoyedeMacBook-Air.local IP="::1" Method=GET Path="/api/v1/user/?size=2&page=1" SpendTime="5 ms" Status=200
time="2021-07-12 15:38:28" level=info Agent="Mozilla/5.0 (Macintosh; Intel Mac OS X 10_15_7) AppleWebKit/537.36 (KHTML, like Gecko) Chrome/91.0.4472.114 Safari/537.36" DataSize=514 HostName=lihaoyedeMacBook-Air.local IP="::1" Method=GET Path="/api/v1/user/?size=2&page=1" SpendTime="4 ms" Status=200
time="2021-07-12 15:40:50" level=info Agent="Mozilla/5.0 (Macintosh; Intel Mac OS X 10_15_7) AppleWebKit/537.36 (KHTML, like Gecko) Chrome/91.0.4472.114 Safari/537.36" DataSize=514 HostName=lihaoyedeMacBook-Air.local IP="::1" Method=GET Path="/api/v1/user/?size=2&page=1" SpendTime="4 ms" Status=200
time="2021-07-12 15:43:06" level=info Agent="Mozilla/5.0 (Macintosh; Intel Mac OS X 10_15_7) AppleWebKit/537.36 (KHTML, like Gecko) Chrome/91.0.4472.114 Safari/537.36" DataSize=514 HostName=lihaoyedeMacBook-Air.local IP="::1" Method=GET Path="/api/v1/user/?size=2&page=1" SpendTime="5 ms" Status=200
time="2021-07-12 15:46:54" level=info Agent="Mozilla/5.0 (Macintosh; Intel Mac OS X 10_15_7) AppleWebKit/537.36 (KHTML, like Gecko) Chrome/91.0.4472.114 Safari/537.36" DataSize=514 HostName=lihaoyedeMacBook-Air.local IP="::1" Method=GET Path="/api/v1/user/?size=2&page=1" SpendTime="3 ms" Status=200
time="2021-07-12 15:47:54" level=info Agent="Mozilla/5.0 (Macintosh; Intel Mac OS X 10_15_7) AppleWebKit/537.36 (KHTML, like Gecko) Chrome/91.0.4472.114 Safari/537.36" DataSize=514 HostName=lihaoyedeMacBook-Air.local IP="::1" Method=GET Path="/api/v1/user/?size=2&page=1" SpendTime="5 ms" Status=200
time="2021-07-12 15:49:18" level=info Agent="Mozilla/5.0 (Macintosh; Intel Mac OS X 10_15_7) AppleWebKit/537.36 (KHTML, like Gecko) Chrome/91.0.4472.114 Safari/537.36" DataSize=514 HostName=lihaoyedeMacBook-Air.local IP="::1" Method=GET Path="/api/v1/user/?size=2&page=1" SpendTime="4 ms" Status=200
time="2021-07-12 15:50:25" level=info Agent="Mozilla/5.0 (Macintosh; Intel Mac OS X 10_15_7) AppleWebKit/537.36 (KHTML, like Gecko) Chrome/91.0.4472.114 Safari/537.36" DataSize=514 HostName=lihaoyedeMacBook-Air.local IP="::1" Method=GET Path="/api/v1/user/?size=2&page=1" SpendTime="3 ms" Status=200
time="2021-07-12 15:50:39" level=info Agent="Mozilla/5.0 (Macintosh; Intel Mac OS X 10_15_7) AppleWebKit/537.36 (KHTML, like Gecko) Chrome/91.0.4472.114 Safari/537.36" DataSize=514 HostName=lihaoyedeMacBook-Air.local IP="::1" Method=GET Path="/api/v1/user/?size=2&page=1" SpendTime="4 ms" Status=200
time="2021-07-12 15:51:33" level=info Agent="Mozilla/5.0 (Macintosh; Intel Mac OS X 10_15_7) AppleWebKit/537.36 (KHTML, like Gecko) Chrome/91.0.4472.114 Safari/537.36" DataSize=514 HostName=lihaoyedeMacBook-Air.local IP="::1" Method=GET Path="/api/v1/user/?size=2&page=1" SpendTime="6 ms" Status=200
time="2021-07-12 15:51:47" level=info Agent="Mozilla/5.0 (Macintosh; Intel Mac OS X 10_15_7) AppleWebKit/537.36 (KHTML, like Gecko) Chrome/91.0.4472.114 Safari/537.36" DataSize=514 HostName=lihaoyedeMacBook-Air.local IP="::1" Method=GET Path="/api/v1/user/?size=2&page=1" SpendTime="4 ms" Status=200
time="2021-07-12 15:52:20" level=info Agent="Mozilla/5.0 (Macintosh; Intel Mac OS X 10_15_7) AppleWebKit/537.36 (KHTML, like Gecko) Chrome/91.0.4472.114 Safari/537.36" DataSize=514 HostName=lihaoyedeMacBook-Air.local IP="::1" Method=GET Path="/api/v1/user/?size=2&page=1" SpendTime="6 ms" Status=200
time="2021-07-12 15:52:25" level=info Agent="Mozilla/5.0 (Macintosh; Intel Mac OS X 10_15_7) AppleWebKit/537.36 (KHTML, like Gecko) Chrome/91.0.4472.114 Safari/537.36" DataSize=514 HostName=lihaoyedeMacBook-Air.local IP="::1" Method=GET Path="/api/v1/user/?size=2&page=1" SpendTime="1 ms" Status=200
time="2021-07-12 15:52:50" level=info Agent="Mozilla/5.0 (Macintosh; Intel Mac OS X 10_15_7) AppleWebKit/537.36 (KHTML, like Gecko) Chrome/91.0.4472.114 Safari/537.36" DataSize=514 HostName=lihaoyedeMacBook-Air.local IP="::1" Method=GET Path="/api/v1/user/?size=2&page=1" SpendTime="3 ms" Status=200
time="2021-07-12 15:53:50" level=info Agent="Mozilla/5.0 (Macintosh; Intel Mac OS X 10_15_7) AppleWebKit/537.36 (KHTML, like Gecko) Chrome/91.0.4472.114 Safari/537.36" DataSize=514 HostName=lihaoyedeMacBook-Air.local IP="::1" Method=GET Path="/api/v1/user/?size=2&page=1" SpendTime="4 ms" Status=200
time="2021-07-12 15:54:44" level=info Agent="Mozilla/5.0 (Macintosh; Intel Mac OS X 10_15_7) AppleWebKit/537.36 (KHTML, like Gecko) Chrome/91.0.4472.114 Safari/537.36" DataSize=514 HostName=lihaoyedeMacBook-Air.local IP="::1" Method=GET Path="/api/v1/user/?size=2&page=1" SpendTime="4 ms" Status=200
time="2021-07-12 15:56:42" level=info Agent="Mozilla/5.0 (Macintosh; Intel Mac OS X 10_15_7) AppleWebKit/537.36 (KHTML, like Gecko) Chrome/91.0.4472.114 Safari/537.36" DataSize=514 HostName=lihaoyedeMacBook-Air.local IP="::1" Method=GET Path="/api/v1/user/?size=2&page=1" SpendTime="5 ms" Status=200
time="2021-07-12 15:56:46" level=info Agent="Mozilla/5.0 (Macintosh; Intel Mac OS X 10_15_7) AppleWebKit/537.36 (KHTML, like Gecko) Chrome/91.0.4472.114 Safari/537.36" DataSize=514 HostName=lihaoyedeMacBook-Air.local IP="::1" Method=GET Path="/api/v1/user/?size=2&page=1" SpendTime="3 ms" Status=200
time="2021-07-12 15:57:47" level=info Agent="Mozilla/5.0 (Macintosh; Intel Mac OS X 10_15_7) AppleWebKit/537.36 (KHTML, like Gecko) Chrome/91.0.4472.114 Safari/537.36" DataSize=514 HostName=lihaoyedeMacBook-Air.local IP="::1" Method=GET Path="/api/v1/user/?size=2&page=1" SpendTime="4 ms" Status=200
time="2021-07-12 15:57:51" level=info Agent="Mozilla/5.0 (Macintosh; Intel Mac OS X 10_15_7) AppleWebKit/537.36 (KHTML, like Gecko) Chrome/91.0.4472.114 Safari/537.36" DataSize=514 HostName=lihaoyedeMacBook-Air.local IP="::1" Method=GET Path="/api/v1/user/?size=2&page=1" SpendTime="1 ms" Status=200
time="2021-07-12 15:58:14" level=info Agent="Mozilla/5.0 (Macintosh; Intel Mac OS X 10_15_7) AppleWebKit/537.36 (KHTML, like Gecko) Chrome/91.0.4472.114 Safari/537.36" DataSize=514 HostName=lihaoyedeMacBook-Air.local IP="::1" Method=GET Path="/api/v1/user/?size=2&page=1" SpendTime="3 ms" Status=200
time="2021-07-12 15:58:36" level=info Agent="ApiPOST Runtime +https://www.apipost.cn" DataSize=23 HostName=lihaoyedeMacBook-Air.local IP=127.0.0.1 Method=POST Path=/api/v1/user/ SpendTime="116 ms" Status=200
time="2021-07-12 15:58:40" level=info Agent="ApiPOST Runtime +https://www.apipost.cn" DataSize=23 HostName=lihaoyedeMacBook-Air.local IP=127.0.0.1 Method=POST Path=/api/v1/user/ SpendTime="116 ms" Status=200
time="2021-07-12 15:58:43" level=info Agent="ApiPOST Runtime +https://www.apipost.cn" DataSize=23 HostName=lihaoyedeMacBook-Air.local IP=127.0.0.1 Method=POST Path=/api/v1/user/ SpendTime="116 ms" Status=200
time="2021-07-12 15:58:47" level=info Agent="ApiPOST Runtime +https://www.apipost.cn" DataSize=23 HostName=lihaoyedeMacBook-Air.local IP=127.0.0.1 Method=POST Path=/api/v1/user/ SpendTime="118 ms" Status=200
time="2021-07-12 15:58:49" level=info Agent="Mozilla/5.0 (Macintosh; Intel Mac OS X 10_15_7) AppleWebKit/537.36 (KHTML, like Gecko) Chrome/91.0.4472.114 Safari/537.36" DataSize=514 HostName=lihaoyedeMacBook-Air.local IP="::1" Method=GET Path="/api/v1/user/?size=2&page=1" SpendTime="1 ms" Status=200
time="2021-07-12 15:59:06" level=info Agent="Mozilla/5.0 (Macintosh; Intel Mac OS X 10_15_7) AppleWebKit/537.36 (KHTML, like Gecko) Chrome/91.0.4472.114 Safari/537.36" DataSize=514 HostName=lihaoyedeMacBook-Air.local IP="::1" Method=GET Path="/api/v1/user/?size=2&page=1" SpendTime="3 ms" Status=200
time="2021-07-12 15:59:08" level=info Agent="Mozilla/5.0 (Macintosh; Intel Mac OS X 10_15_7) AppleWebKit/537.36 (KHTML, like Gecko) Chrome/91.0.4472.114 Safari/537.36" DataSize=514 HostName=lihaoyedeMacBook-Air.local IP="::1" Method=GET Path="/api/v1/user/?size=2&page=1" SpendTime="1 ms" Status=200
time="2021-07-12 15:59:49" level=info Agent="Mozilla/5.0 (Macintosh; Intel Mac OS X 10_15_7) AppleWebKit/537.36 (KHTML, like Gecko) Chrome/91.0.4472.114 Safari/537.36" DataSize=514 HostName=lihaoyedeMacBook-Air.local IP="::1" Method=GET Path="/api/v1/user/?size=2&page=1" SpendTime="4 ms" Status=200
time="2021-07-12 16:00:37" level=info Agent="Mozilla/5.0 (Macintosh; Intel Mac OS X 10_15_7) AppleWebKit/537.36 (KHTML, like Gecko) Chrome/91.0.4472.114 Safari/537.36" DataSize=1234 HostName=lihaoyedeMacBook-Air.local IP="::1" Method=GET Path="/api/v1/user/?size=5&page=1" SpendTime="6 ms" Status=200
time="2021-07-12 16:01:22" level=info Agent="Mozilla/5.0 (Macintosh; Intel Mac OS X 10_15_7) AppleWebKit/537.36 (KHTML, like Gecko) Chrome/91.0.4472.114 Safari/537.36" DataSize=280 HostName=lihaoyedeMacBook-Air.local IP="::1" Method=GET Path="/api/v1/user/?size=5&page=2" SpendTime="3 ms" Status=200
time="2021-07-12 16:01:29" level=info Agent="Mozilla/5.0 (Macintosh; Intel Mac OS X 10_15_7) AppleWebKit/537.36 (KHTML, like Gecko) Chrome/91.0.4472.114 Safari/537.36" DataSize=1234 HostName=lihaoyedeMacBook-Air.local IP="::1" Method=GET Path="/api/v1/user/?size=5&page=1" SpendTime="3 ms" Status=200
time="2021-07-12 16:01:43" level=info Agent="Mozilla/5.0 (Macintosh; Intel Mac OS X 10_15_7) AppleWebKit/537.36 (KHTML, like Gecko) Chrome/91.0.4472.114 Safari/537.36" DataSize=514 HostName=lihaoyedeMacBook-Air.local IP="::1" Method=GET Path="/api/v1/user/?size=2&page=1" SpendTime="3 ms" Status=200
time="2021-07-12 16:01:50" level=info Agent="Mozilla/5.0 (Macintosh; Intel Mac OS X 10_15_7) AppleWebKit/537.36 (KHTML, like Gecko) Chrome/91.0.4472.114 Safari/537.36" DataSize=514 HostName=lihaoyedeMacBook-Air.local IP="::1" Method=GET Path="/api/v1/user/?size=2&page=1" SpendTime="2 ms" Status=200
time="2021-07-12 16:02:24" level=info Agent="Mozilla/5.0 (Macintosh; Intel Mac OS X 10_15_7) AppleWebKit/537.36 (KHTML, like Gecko) Chrome/91.0.4472.114 Safari/537.36" DataSize=1234 HostName=lihaoyedeMacBook-Air.local IP="::1" Method=GET Path="/api/v1/user/?size=5&page=1" SpendTime="5 ms" Status=200
time="2021-07-12 16:03:44" level=info Agent="Mozilla/5.0 (Macintosh; Intel Mac OS X 10_15_7) AppleWebKit/537.36 (KHTML, like Gecko) Chrome/91.0.4472.114 Safari/537.36" DataSize=1234 HostName=lihaoyedeMacBook-Air.local IP="::1" Method=GET Path="/api/v1/user/?size=5&page=1" SpendTime="5 ms" Status=200
time="2021-07-12 16:04:07" level=info Agent="Mozilla/5.0 (Macintosh; Intel Mac OS X 10_15_7) AppleWebKit/537.36 (KHTML, like Gecko) Chrome/91.0.4472.114 Safari/537.36" DataSize=1234 HostName=lihaoyedeMacBook-Air.local IP="::1" Method=GET Path="/api/v1/user/?size=5&page=1" SpendTime="7 ms" Status=200
time="2021-07-12 16:04:49" level=info Agent="Mozilla/5.0 (Macintosh; Intel Mac OS X 10_15_7) AppleWebKit/537.36 (KHTML, like Gecko) Chrome/91.0.4472.114 Safari/537.36" DataSize=1234 HostName=lihaoyedeMacBook-Air.local IP="::1" Method=GET Path="/api/v1/user/?size=5&page=1" SpendTime="6 ms" Status=200
time="2021-07-12 16:05:56" level=info Agent="Mozilla/5.0 (Macintosh; Intel Mac OS X 10_15_7) AppleWebKit/537.36 (KHTML, like Gecko) Chrome/91.0.4472.114 Safari/537.36" DataSize=1234 HostName=lihaoyedeMacBook-Air.local IP="::1" Method=GET Path="/api/v1/user/?size=5&page=1" SpendTime="5 ms" Status=200
time="2021-07-12 16:06:00" level=info Agent="Mozilla/5.0 (Macintosh; Intel Mac OS X 10_15_7) AppleWebKit/537.36 (KHTML, like Gecko) Chrome/91.0.4472.114 Safari/537.36" DataSize=1234 HostName=lihaoyedeMacBook-Air.local IP="::1" Method=GET Path="/api/v1/user/?size=5&page=1" SpendTime="2 ms" Status=200
time="2021-07-12 16:07:19" level=info Agent="Mozilla/5.0 (Macintosh; Intel Mac OS X 10_15_7) AppleWebKit/537.36 (KHTML, like Gecko) Chrome/91.0.4472.114 Safari/537.36" DataSize=1234 HostName=lihaoyedeMacBook-Air.local IP="::1" Method=GET Path="/api/v1/user/?size=5&page=1" SpendTime="4 ms" Status=200
time="2021-07-12 16:07:22" level=info Agent="Mozilla/5.0 (Macintosh; Intel Mac OS X 10_15_7) AppleWebKit/537.36 (KHTML, like Gecko) Chrome/91.0.4472.114 Safari/537.36" DataSize=1234 HostName=lihaoyedeMacBook-Air.local IP="::1" Method=GET Path="/api/v1/user/?size=5&page=1" SpendTime="2 ms" Status=200
time="2021-07-12 16:08:48" level=info Agent="Mozilla/5.0 (Macintosh; Intel Mac OS X 10_15_7) AppleWebKit/537.36 (KHTML, like Gecko) Chrome/91.0.4472.114 Safari/537.36" DataSize=1234 HostName=lihaoyedeMacBook-Air.local IP="::1" Method=GET Path="/api/v1/user/?size=5&page=1" SpendTime="3 ms" Status=200
time="2021-07-12 16:08:52" level=info Agent="Mozilla/5.0 (Macintosh; Intel Mac OS X 10_15_7) AppleWebKit/537.36 (KHTML, like Gecko) Chrome/91.0.4472.114 Safari/537.36" DataSize=1234 HostName=lihaoyedeMacBook-Air.local IP="::1" Method=GET Path="/api/v1/user/?size=5&page=1" SpendTime="2 ms" Status=200
time="2021-07-12 16:10:03" level=info Agent="Mozilla/5.0 (Macintosh; Intel Mac OS X 10_15_7) AppleWebKit/537.36 (KHTML, like Gecko) Chrome/91.0.4472.114 Safari/537.36" DataSize=1234 HostName=lihaoyedeMacBook-Air.local IP="::1" Method=GET Path="/api/v1/user/?size=5&page=1" SpendTime="3 ms" Status=200
time="2021-07-12 16:10:07" level=info Agent="Mozilla/5.0 (Macintosh; Intel Mac OS X 10_15_7) AppleWebKit/537.36 (KHTML, like Gecko) Chrome/91.0.4472.114 Safari/537.36" DataSize=1234 HostName=lihaoyedeMacBook-Air.local IP="::1" Method=GET Path="/api/v1/user/?size=5&page=1" SpendTime="2 ms" Status=200
time="2021-07-12 16:10:49" level=info Agent="Mozilla/5.0 (Macintosh; Intel Mac OS X 10_15_7) AppleWebKit/537.36 (KHTML, like Gecko) Chrome/91.0.4472.114 Safari/537.36" DataSize=1234 HostName=lihaoyedeMacBook-Air.local IP="::1" Method=GET Path="/api/v1/user/?size=5&page=1" SpendTime="5 ms" Status=200
time="2021-07-12 16:12:02" level=info Agent="Mozilla/5.0 (Macintosh; Intel Mac OS X 10_15_7) AppleWebKit/537.36 (KHTML, like Gecko) Chrome/91.0.4472.114 Safari/537.36" DataSize=1234 HostName=lihaoyedeMacBook-Air.local IP="::1" Method=GET Path="/api/v1/user/?size=5&page=1" SpendTime="3 ms" Status=200
time="2021-07-12 16:12:49" level=info Agent="Mozilla/5.0 (Macintosh; Intel Mac OS X 10_15_7) AppleWebKit/537.36 (KHTML, like Gecko) Chrome/91.0.4472.114 Safari/537.36" DataSize=1234 HostName=lihaoyedeMacBook-Air.local IP="::1" Method=GET Path="/api/v1/user/?size=5&page=1" SpendTime="4 ms" Status=200
time="2021-07-12 16:13:54" level=info Agent="Mozilla/5.0 (Macintosh; Intel Mac OS X 10_15_7) AppleWebKit/537.36 (KHTML, like Gecko) Chrome/91.0.4472.114 Safari/537.36" DataSize=1234 HostName=lihaoyedeMacBook-Air.local IP="::1" Method=GET Path="/api/v1/user/?size=5&page=1" SpendTime="3 ms" Status=200
time="2021-07-12 16:14:06" level=info Agent="Mozilla/5.0 (Macintosh; Intel Mac OS X 10_15_7) AppleWebKit/537.36 (KHTML, like Gecko) Chrome/91.0.4472.114 Safari/537.36" DataSize=1234 HostName=lihaoyedeMacBook-Air.local IP="::1" Method=GET Path="/api/v1/user/?size=5&page=1" SpendTime="4 ms" Status=200
time="2021-07-12 16:15:20" level=info Agent="Mozilla/5.0 (Macintosh; Intel Mac OS X 10_15_7) AppleWebKit/537.36 (KHTML, like Gecko) Chrome/91.0.4472.114 Safari/537.36" DataSize=1234 HostName=lihaoyedeMacBook-Air.local IP="::1" Method=GET Path="/api/v1/user/?size=5&page=1" SpendTime="5 ms" Status=200
time="2021-07-12 16:16:10" level=info Agent="Mozilla/5.0 (Macintosh; Intel Mac OS X 10_15_7) AppleWebKit/537.36 (KHTML, like Gecko) Chrome/91.0.4472.114 Safari/537.36" DataSize=1234 HostName=lihaoyedeMacBook-Air.local IP="::1" Method=GET Path="/api/v1/user/?size=5&page=1" SpendTime="4 ms" Status=200
time="2021-07-12 16:16:20" level=info Agent="Mozilla/5.0 (Macintosh; Intel Mac OS X 10_15_7) AppleWebKit/537.36 (KHTML, like Gecko) Chrome/91.0.4472.114 Safari/537.36" DataSize=1234 HostName=lihaoyedeMacBook-Air.local IP="::1" Method=GET Path="/api/v1/user/?size=5&page=1" SpendTime="2 ms" Status=200
