time="2022-01-28 10:12:57" level=info Agent="Mozilla/5.0 (Windows NT 10.0; Win64; x64) AppleWebKit/537.36 (KHTML, like Gecko) Chrome/97.0.4692.99 Safari/537.36" DataSize=0 HostName=DESKTOP-31G7THQ IP="::1" Method=OPTIONS Path=/api/v1/captcha/ SpendTime="0 ms" Status=204
time="2022-01-28 10:12:57" level=info Agent="Mozilla/5.0 (Windows NT 10.0; Win64; x64) AppleWebKit/537.36 (KHTML, like Gecko) Chrome/97.0.4692.99 Safari/537.36" DataSize=2638 HostName=DESKTOP-31G7THQ IP="::1" Method=GET Path=/api/v1/captcha/ SpendTime="3 ms" Status=200
time="2022-01-28 10:13:07" level=info Agent="Mozilla/5.0 (Windows NT 10.0; Win64; x64) AppleWebKit/537.36 (KHTML, like Gecko) Chrome/97.0.4692.99 Safari/537.36" DataSize=0 HostName=DESKTOP-31G7THQ IP="::1" Method=OPTIONS Path=/api/v1/login/ SpendTime="0 ms" Status=204
time="2022-01-28 10:13:07" level=info Agent="Mozilla/5.0 (Windows NT 10.0; Win64; x64) AppleWebKit/537.36 (KHTML, like Gecko) Chrome/97.0.4692.99 Safari/537.36" DataSize=185 HostName=DESKTOP-31G7THQ IP="::1" Method=POST Path=/api/v1/login/ SpendTime="60 ms" Status=200
time="2022-01-28 10:13:09" level=info Agent="Mozilla/5.0 (Windows NT 10.0; Win64; x64) AppleWebKit/537.36 (KHTML, like Gecko) Chrome/97.0.4692.99 Safari/537.36" DataSize=0 HostName=DESKTOP-31G7THQ IP="::1" Method=OPTIONS Path="/api/v1/user/?username=&size=5&page=1" SpendTime="0 ms" Status=204
time="2022-01-28 10:13:09" level=info Agent="Mozilla/5.0 (Windows NT 10.0; Win64; x64) AppleWebKit/537.36 (KHTML, like Gecko) Chrome/97.0.4692.99 Safari/537.36" DataSize=189 HostName=DESKTOP-31G7THQ IP="::1" Method=GET Path="/api/v1/user/?username=&size=5&page=1" SpendTime="4 ms" Status=200
time="2022-01-28 10:13:11" level=info Agent="Mozilla/5.0 (Windows NT 10.0; Win64; x64) AppleWebKit/537.36 (KHTML, like Gecko) Chrome/97.0.4692.99 Safari/537.36" DataSize=0 HostName=DESKTOP-31G7THQ IP="::1" Method=OPTIONS Path=/api/v1/wks/ SpendTime="0 ms" Status=204
time="2022-01-28 10:13:11" level=info Agent="Mozilla/5.0 (Windows NT 10.0; Win64; x64) AppleWebKit/537.36 (KHTML, like Gecko) Chrome/97.0.4692.99 Safari/537.36" DataSize=148 HostName=DESKTOP-31G7THQ IP="::1" Method=GET Path=/api/v1/wks/ SpendTime="3 ms" Status=200
time="2022-01-28 10:13:12" level=info Agent="Mozilla/5.0 (Windows NT 10.0; Win64; x64) AppleWebKit/537.36 (KHTML, like Gecko) Chrome/97.0.4692.99 Safari/537.36" DataSize=0 HostName=DESKTOP-31G7THQ IP="::1" Method=OPTIONS Path="/api/v1/user/?username=&size=5&page=1" SpendTime="1 ms" Status=204
time="2022-01-28 10:13:12" level=info Agent="Mozilla/5.0 (Windows NT 10.0; Win64; x64) AppleWebKit/537.36 (KHTML, like Gecko) Chrome/97.0.4692.99 Safari/537.36" DataSize=193 HostName=DESKTOP-31G7THQ IP="::1" Method=GET Path="/api/v1/user/?username=&size=5&page=1" SpendTime="3 ms" Status=200
time="2022-01-28 10:13:12" level=info Agent="Mozilla/5.0 (Windows NT 10.0; Win64; x64) AppleWebKit/537.36 (KHTML, like Gecko) Chrome/97.0.4692.99 Safari/537.36" DataSize=0 HostName=DESKTOP-31G7THQ IP="::1" Method=OPTIONS Path="/api/v1/category/?size=5&page=1" SpendTime="0 ms" Status=204
time="2022-01-28 10:13:12" level=info Agent="Mozilla/5.0 (Windows NT 10.0; Win64; x64) AppleWebKit/537.36 (KHTML, like Gecko) Chrome/97.0.4692.99 Safari/537.36" DataSize=160 HostName=DESKTOP-31G7THQ IP="::1" Method=GET Path="/api/v1/category/?size=5&page=1" SpendTime="5 ms" Status=200
time="2022-01-28 10:13:14" level=info Agent="Mozilla/5.0 (Windows NT 10.0; Win64; x64) AppleWebKit/537.36 (KHTML, like Gecko) Chrome/97.0.4692.99 Safari/537.36" DataSize=0 HostName=DESKTOP-31G7THQ IP="::1" Method=OPTIONS Path="/api/v1/category/?size=100&page=1" SpendTime="0 ms" Status=204
time="2022-01-28 10:13:14" level=info Agent="Mozilla/5.0 (Windows NT 10.0; Win64; x64) AppleWebKit/537.36 (KHTML, like Gecko) Chrome/97.0.4692.99 Safari/537.36" DataSize=0 HostName=DESKTOP-31G7THQ IP="::1" Method=OPTIONS Path="/api/v1/article/?title=&size=5&page=1" SpendTime="0 ms" Status=204
time="2022-01-28 10:13:14" level=info Agent="Mozilla/5.0 (Windows NT 10.0; Win64; x64) AppleWebKit/537.36 (KHTML, like Gecko) Chrome/97.0.4692.99 Safari/537.36" DataSize=3123 HostName=DESKTOP-31G7THQ IP="::1" Method=GET Path="/api/v1/article/?title=&size=5&page=1" SpendTime="5 ms" Status=200
time="2022-01-28 10:13:14" level=info Agent="Mozilla/5.0 (Windows NT 10.0; Win64; x64) AppleWebKit/537.36 (KHTML, like Gecko) Chrome/97.0.4692.99 Safari/537.36" DataSize=160 HostName=DESKTOP-31G7THQ IP="::1" Method=GET Path="/api/v1/category/?size=100&page=1" SpendTime="5 ms" Status=200
time="2022-01-28 10:13:22" level=info Agent="Mozilla/5.0 (Windows NT 10.0; Win64; x64) AppleWebKit/537.36 (KHTML, like Gecko) Chrome/97.0.4692.99 Safari/537.36" DataSize=0 HostName=DESKTOP-31G7THQ IP="::1" Method=OPTIONS Path="/api/v1/category/?size=5&page=1" SpendTime="0 ms" Status=204
time="2022-01-28 10:13:22" level=info Agent="Mozilla/5.0 (Windows NT 10.0; Win64; x64) AppleWebKit/537.36 (KHTML, like Gecko) Chrome/97.0.4692.99 Safari/537.36" DataSize=160 HostName=DESKTOP-31G7THQ IP="::1" Method=GET Path="/api/v1/category/?size=5&page=1" SpendTime="3 ms" Status=200
time="2022-01-28 10:13:23" level=info Agent="Mozilla/5.0 (Windows NT 10.0; Win64; x64) AppleWebKit/537.36 (KHTML, like Gecko) Chrome/97.0.4692.99 Safari/537.36" DataSize=0 HostName=DESKTOP-31G7THQ IP="::1" Method=OPTIONS Path="/api/v1/user/?username=&size=5&page=1" SpendTime="0 ms" Status=204
time="2022-01-28 10:13:23" level=info Agent="Mozilla/5.0 (Windows NT 10.0; Win64; x64) AppleWebKit/537.36 (KHTML, like Gecko) Chrome/97.0.4692.99 Safari/537.36" DataSize=193 HostName=DESKTOP-31G7THQ IP="::1" Method=GET Path="/api/v1/user/?username=&size=5&page=1" SpendTime="3 ms" Status=200
time="2022-01-28 10:13:24" level=info Agent="Mozilla/5.0 (Windows NT 10.0; Win64; x64) AppleWebKit/537.36 (KHTML, like Gecko) Chrome/97.0.4692.99 Safari/537.36" DataSize=0 HostName=DESKTOP-31G7THQ IP="::1" Method=OPTIONS Path=/api/v1/wks/ SpendTime="0 ms" Status=204
time="2022-01-28 10:13:24" level=info Agent="Mozilla/5.0 (Windows NT 10.0; Win64; x64) AppleWebKit/537.36 (KHTML, like Gecko) Chrome/97.0.4692.99 Safari/537.36" DataSize=148 HostName=DESKTOP-31G7THQ IP="::1" Method=GET Path=/api/v1/wks/ SpendTime="2 ms" Status=200
time="2022-01-28 10:13:25" level=info Agent="Mozilla/5.0 (Windows NT 10.0; Win64; x64) AppleWebKit/537.36 (KHTML, like Gecko) Chrome/97.0.4692.99 Safari/537.36" DataSize=0 HostName=DESKTOP-31G7THQ IP="::1" Method=OPTIONS Path=/api/v1/wks/ SpendTime="0 ms" Status=204
time="2022-01-28 10:13:25" level=info Agent="Mozilla/5.0 (Windows NT 10.0; Win64; x64) AppleWebKit/537.36 (KHTML, like Gecko) Chrome/97.0.4692.99 Safari/537.36" DataSize=148 HostName=DESKTOP-31G7THQ IP="::1" Method=GET Path=/api/v1/wks/ SpendTime="5 ms" Status=200
time="2022-01-28 10:13:25" level=info Agent="Mozilla/5.0 (Windows NT 10.0; Win64; x64) AppleWebKit/537.36 (KHTML, like Gecko) Chrome/97.0.4692.99 Safari/537.36" DataSize=0 HostName=DESKTOP-31G7THQ IP="::1" Method=OPTIONS Path="/api/v1/category/?size=100&page=1" SpendTime="0 ms" Status=204
time="2022-01-28 10:13:25" level=info Agent="Mozilla/5.0 (Windows NT 10.0; Win64; x64) AppleWebKit/537.36 (KHTML, like Gecko) Chrome/97.0.4692.99 Safari/537.36" DataSize=0 HostName=DESKTOP-31G7THQ IP="::1" Method=OPTIONS Path="/api/v1/article/?title=&size=5&page=1" SpendTime="0 ms" Status=204
time="2022-01-28 10:13:25" level=info Agent="Mozilla/5.0 (Windows NT 10.0; Win64; x64) AppleWebKit/537.36 (KHTML, like Gecko) Chrome/97.0.4692.99 Safari/537.36" DataSize=160 HostName=DESKTOP-31G7THQ IP="::1" Method=GET Path="/api/v1/category/?size=100&page=1" SpendTime="3 ms" Status=200
time="2022-01-28 10:13:25" level=info Agent="Mozilla/5.0 (Windows NT 10.0; Win64; x64) AppleWebKit/537.36 (KHTML, like Gecko) Chrome/97.0.4692.99 Safari/537.36" DataSize=3123 HostName=DESKTOP-31G7THQ IP="::1" Method=GET Path="/api/v1/article/?title=&size=5&page=1" SpendTime="7 ms" Status=200
time="2022-01-28 10:13:28" level=info Agent="Mozilla/5.0 (Windows NT 10.0; Win64; x64) AppleWebKit/537.36 (KHTML, like Gecko) Chrome/97.0.4692.99 Safari/537.36" DataSize=0 HostName=DESKTOP-31G7THQ IP="::1" Method=OPTIONS Path=/api/v1/captcha/ SpendTime="0 ms" Status=204
time="2022-01-28 10:13:28" level=info Agent="Mozilla/5.0 (Windows NT 10.0; Win64; x64) AppleWebKit/537.36 (KHTML, like Gecko) Chrome/97.0.4692.99 Safari/537.36" DataSize=2718 HostName=DESKTOP-31G7THQ IP="::1" Method=GET Path=/api/v1/captcha/ SpendTime="2 ms" Status=200
time="2022-01-28 10:13:52" level=info Agent="Mozilla/5.0 (Windows NT 10.0; Win64; x64) AppleWebKit/537.36 (KHTML, like Gecko) Chrome/97.0.4692.99 Safari/537.36" DataSize=0 HostName=DESKTOP-31G7THQ IP="::1" Method=OPTIONS Path=/api/v1/captcha/ SpendTime="0 ms" Status=204
time="2022-01-28 10:13:52" level=info Agent="Mozilla/5.0 (Windows NT 10.0; Win64; x64) AppleWebKit/537.36 (KHTML, like Gecko) Chrome/97.0.4692.99 Safari/537.36" DataSize=2906 HostName=DESKTOP-31G7THQ IP="::1" Method=GET Path=/api/v1/captcha/ SpendTime="2 ms" Status=200
time="2022-01-28 10:14:00" level=info Agent="Mozilla/5.0 (Windows NT 10.0; Win64; x64) AppleWebKit/537.36 (KHTML, like Gecko) Chrome/97.0.4692.99 Safari/537.36" DataSize=0 HostName=DESKTOP-31G7THQ IP="::1" Method=OPTIONS Path=/api/v1/captcha/ SpendTime="0 ms" Status=204
time="2022-01-28 10:14:00" level=info Agent="Mozilla/5.0 (Windows NT 10.0; Win64; x64) AppleWebKit/537.36 (KHTML, like Gecko) Chrome/97.0.4692.99 Safari/537.36" DataSize=2762 HostName=DESKTOP-31G7THQ IP="::1" Method=GET Path=/api/v1/captcha/ SpendTime="2 ms" Status=200
time="2022-01-28 10:14:56" level=info Agent="Mozilla/5.0 (Windows NT 10.0; Win64; x64) AppleWebKit/537.36 (KHTML, like Gecko) Chrome/97.0.4692.99 Safari/537.36" DataSize=0 HostName=DESKTOP-31G7THQ IP="::1" Method=OPTIONS Path=/api/v1/login/ SpendTime="0 ms" Status=204
time="2022-01-28 10:14:56" level=info Agent="Mozilla/5.0 (Windows NT 10.0; Win64; x64) AppleWebKit/537.36 (KHTML, like Gecko) Chrome/97.0.4692.99 Safari/537.36" DataSize=44 HostName=DESKTOP-31G7THQ IP="::1" Method=POST Path=/api/v1/login/ SpendTime="58 ms" Status=200
time="2022-01-28 10:14:56" level=info Agent="Mozilla/5.0 (Windows NT 10.0; Win64; x64) AppleWebKit/537.36 (KHTML, like Gecko) Chrome/97.0.4692.99 Safari/537.36" DataSize=0 HostName=DESKTOP-31G7THQ IP="::1" Method=OPTIONS Path=/api/v1/captcha/ SpendTime="0 ms" Status=204
time="2022-01-28 10:14:56" level=info Agent="Mozilla/5.0 (Windows NT 10.0; Win64; x64) AppleWebKit/537.36 (KHTML, like Gecko) Chrome/97.0.4692.99 Safari/537.36" DataSize=2846 HostName=DESKTOP-31G7THQ IP="::1" Method=GET Path=/api/v1/captcha/ SpendTime="1 ms" Status=200
time="2022-01-28 10:15:00" level=info Agent="Mozilla/5.0 (Windows NT 10.0; Win64; x64) AppleWebKit/537.36 (KHTML, like Gecko) Chrome/97.0.4692.99 Safari/537.36" DataSize=0 HostName=DESKTOP-31G7THQ IP="::1" Method=OPTIONS Path=/api/v1/login/ SpendTime="0 ms" Status=204
time="2022-01-28 10:15:00" level=info Agent="Mozilla/5.0 (Windows NT 10.0; Win64; x64) AppleWebKit/537.36 (KHTML, like Gecko) Chrome/97.0.4692.99 Safari/537.36" DataSize=47 HostName=DESKTOP-31G7THQ IP="::1" Method=POST Path=/api/v1/login/ SpendTime="0 ms" Status=200
time="2022-01-28 10:15:00" level=info Agent="Mozilla/5.0 (Windows NT 10.0; Win64; x64) AppleWebKit/537.36 (KHTML, like Gecko) Chrome/97.0.4692.99 Safari/537.36" DataSize=0 HostName=DESKTOP-31G7THQ IP="::1" Method=OPTIONS Path=/api/v1/captcha/ SpendTime="0 ms" Status=204
time="2022-01-28 10:15:00" level=info Agent="Mozilla/5.0 (Windows NT 10.0; Win64; x64) AppleWebKit/537.36 (KHTML, like Gecko) Chrome/97.0.4692.99 Safari/537.36" DataSize=2750 HostName=DESKTOP-31G7THQ IP="::1" Method=GET Path=/api/v1/captcha/ SpendTime="3 ms" Status=200
time="2022-01-28 10:15:04" level=info Agent="Mozilla/5.0 (Windows NT 10.0; Win64; x64) AppleWebKit/537.36 (KHTML, like Gecko) Chrome/97.0.4692.99 Safari/537.36" DataSize=0 HostName=DESKTOP-31G7THQ IP="::1" Method=OPTIONS Path=/api/v1/login/ SpendTime="0 ms" Status=204
time="2022-01-28 10:15:04" level=info Agent="Mozilla/5.0 (Windows NT 10.0; Win64; x64) AppleWebKit/537.36 (KHTML, like Gecko) Chrome/97.0.4692.99 Safari/537.36" DataSize=185 HostName=DESKTOP-31G7THQ IP="::1" Method=POST Path=/api/v1/login/ SpendTime="55 ms" Status=200
time="2022-01-28 10:15:07" level=info Agent="Mozilla/5.0 (Windows NT 10.0; Win64; x64) AppleWebKit/537.36 (KHTML, like Gecko) Chrome/97.0.4692.99 Safari/537.36" DataSize=0 HostName=DESKTOP-31G7THQ IP="::1" Method=OPTIONS Path="/api/v1/category/?size=100&page=1" SpendTime="0 ms" Status=204
time="2022-01-28 10:15:07" level=info Agent="Mozilla/5.0 (Windows NT 10.0; Win64; x64) AppleWebKit/537.36 (KHTML, like Gecko) Chrome/97.0.4692.99 Safari/537.36" DataSize=160 HostName=DESKTOP-31G7THQ IP="::1" Method=GET Path="/api/v1/category/?size=100&page=1" SpendTime="5 ms" Status=200
time="2022-01-28 10:15:09" level=info Agent="Mozilla/5.0 (Windows NT 10.0; Win64; x64) AppleWebKit/537.36 (KHTML, like Gecko) Chrome/97.0.4692.99 Safari/537.36" DataSize=0 HostName=DESKTOP-31G7THQ IP="::1" Method=OPTIONS Path=/api/admin/file/ SpendTime="0 ms" Status=204
time="2022-01-28 10:15:09" level=warning Agent="Mozilla/5.0 (Windows NT 10.0; Win64; x64) AppleWebKit/537.36 (KHTML, like Gecko) Chrome/97.0.4692.99 Safari/537.36" DataSize=0 HostName=DESKTOP-31G7THQ IP="::1" Method=POST Path=/api/admin/file/ SpendTime="0 ms" Status=404
time="2022-01-28 10:15:10" level=warning Agent="Mozilla/5.0 (Windows NT 10.0; Win64; x64) AppleWebKit/537.36 (KHTML, like Gecko) Chrome/97.0.4692.99 Safari/537.36" DataSize=0 HostName=DESKTOP-31G7THQ IP="::1" Method=POST Path=/api/admin/file/ SpendTime="0 ms" Status=404
time="2022-01-28 10:15:10" level=warning Agent="Mozilla/5.0 (Windows NT 10.0; Win64; x64) AppleWebKit/537.36 (KHTML, like Gecko) Chrome/97.0.4692.99 Safari/537.36" DataSize=0 HostName=DESKTOP-31G7THQ IP="::1" Method=POST Path=/api/admin/file/ SpendTime="0 ms" Status=404
time="2022-01-28 10:15:19" level=info Agent="Mozilla/5.0 (Windows NT 10.0; Win64; x64) AppleWebKit/537.36 (KHTML, like Gecko) Chrome/97.0.4692.99 Safari/537.36" DataSize=0 HostName=DESKTOP-31G7THQ IP="::1" Method=OPTIONS Path=/api/admin/file/ SpendTime="0 ms" Status=204
time="2022-01-28 10:15:19" level=warning Agent="Mozilla/5.0 (Windows NT 10.0; Win64; x64) AppleWebKit/537.36 (KHTML, like Gecko) Chrome/97.0.4692.99 Safari/537.36" DataSize=0 HostName=DESKTOP-31G7THQ IP="::1" Method=POST Path=/api/admin/file/ SpendTime="0 ms" Status=404
time="2022-01-28 10:22:23" level=info Agent="Mozilla/5.0 (Windows NT 10.0; Win64; x64) AppleWebKit/537.36 (KHTML, like Gecko) Chrome/97.0.4692.99 Safari/537.36" DataSize=0 HostName=DESKTOP-31G7THQ IP="::1" Method=OPTIONS Path=/api/admin/file/ SpendTime="0 ms" Status=204
time="2022-01-28 10:22:24" level=info Agent="Mozilla/5.0 (Windows NT 10.0; Win64; x64) AppleWebKit/537.36 (KHTML, like Gecko) Chrome/97.0.4692.99 Safari/537.36" DataSize=45 HostName=DESKTOP-31G7THQ IP="::1" Method=POST Path=/api/admin/file/ SpendTime="81 ms" Status=200
time="2022-01-28 10:22:33" level=info Agent="Mozilla/5.0 (Windows NT 10.0; Win64; x64) AppleWebKit/537.36 (KHTML, like Gecko) Chrome/97.0.4692.99 Safari/537.36" DataSize=0 HostName=DESKTOP-31G7THQ IP="::1" Method=OPTIONS Path="/api/v1/category/?size=100&page=1" SpendTime="0 ms" Status=204
time="2022-01-28 10:22:33" level=info Agent="Mozilla/5.0 (Windows NT 10.0; Win64; x64) AppleWebKit/537.36 (KHTML, like Gecko) Chrome/97.0.4692.99 Safari/537.36" DataSize=0 HostName=DESKTOP-31G7THQ IP="::1" Method=OPTIONS Path="/api/v1/article/?title=&size=5&page=1" SpendTime="0 ms" Status=204
time="2022-01-28 10:22:33" level=info Agent="Mozilla/5.0 (Windows NT 10.0; Win64; x64) AppleWebKit/537.36 (KHTML, like Gecko) Chrome/97.0.4692.99 Safari/537.36" DataSize=160 HostName=DESKTOP-31G7THQ IP="::1" Method=GET Path="/api/v1/category/?size=100&page=1" SpendTime="3 ms" Status=200
time="2022-01-28 10:22:33" level=info Agent="Mozilla/5.0 (Windows NT 10.0; Win64; x64) AppleWebKit/537.36 (KHTML, like Gecko) Chrome/97.0.4692.99 Safari/537.36" DataSize=3123 HostName=DESKTOP-31G7THQ IP="::1" Method=GET Path="/api/v1/article/?title=&size=5&page=1" SpendTime="7 ms" Status=200
time="2022-01-28 10:22:33" level=info Agent="Mozilla/5.0 (Windows NT 10.0; Win64; x64) AppleWebKit/537.36 (KHTML, like Gecko) Chrome/97.0.4692.99 Safari/537.36" DataSize=0 HostName=DESKTOP-31G7THQ IP="::1" Method=OPTIONS Path="/api/v1/category/?size=100&page=1" SpendTime="0 ms" Status=204
time="2022-01-28 10:22:33" level=info Agent="Mozilla/5.0 (Windows NT 10.0; Win64; x64) AppleWebKit/537.36 (KHTML, like Gecko) Chrome/97.0.4692.99 Safari/537.36" DataSize=160 HostName=DESKTOP-31G7THQ IP="::1" Method=GET Path="/api/v1/category/?size=100&page=1" SpendTime="3 ms" Status=200
time="2022-01-28 10:22:34" level=info Agent="Mozilla/5.0 (Windows NT 10.0; Win64; x64) AppleWebKit/537.36 (KHTML, like Gecko) Chrome/97.0.4692.99 Safari/537.36" DataSize=0 HostName=DESKTOP-31G7THQ IP="::1" Method=OPTIONS Path="/api/v1/category/?size=100&page=1" SpendTime="0 ms" Status=204
time="2022-01-28 10:22:34" level=info Agent="Mozilla/5.0 (Windows NT 10.0; Win64; x64) AppleWebKit/537.36 (KHTML, like Gecko) Chrome/97.0.4692.99 Safari/537.36" DataSize=0 HostName=DESKTOP-31G7THQ IP="::1" Method=OPTIONS Path="/api/v1/article/?title=&size=5&page=1" SpendTime="0 ms" Status=204
time="2022-01-28 10:22:34" level=info Agent="Mozilla/5.0 (Windows NT 10.0; Win64; x64) AppleWebKit/537.36 (KHTML, like Gecko) Chrome/97.0.4692.99 Safari/537.36" DataSize=160 HostName=DESKTOP-31G7THQ IP="::1" Method=GET Path="/api/v1/category/?size=100&page=1" SpendTime="4 ms" Status=200
time="2022-01-28 10:22:34" level=info Agent="Mozilla/5.0 (Windows NT 10.0; Win64; x64) AppleWebKit/537.36 (KHTML, like Gecko) Chrome/97.0.4692.99 Safari/537.36" DataSize=3123 HostName=DESKTOP-31G7THQ IP="::1" Method=GET Path="/api/v1/article/?title=&size=5&page=1" SpendTime="7 ms" Status=200
time="2022-01-28 10:22:37" level=info Agent="Mozilla/5.0 (Windows NT 10.0; Win64; x64) AppleWebKit/537.36 (KHTML, like Gecko) Chrome/97.0.4692.99 Safari/537.36" DataSize=0 HostName=DESKTOP-31G7THQ IP="::1" Method=OPTIONS Path="/api/v1/category/?size=100&page=1" SpendTime="0 ms" Status=204
time="2022-01-28 10:22:37" level=info Agent="Mozilla/5.0 (Windows NT 10.0; Win64; x64) AppleWebKit/537.36 (KHTML, like Gecko) Chrome/97.0.4692.99 Safari/537.36" DataSize=0 HostName=DESKTOP-31G7THQ IP="::1" Method=OPTIONS Path=/api/v1/article/1/ SpendTime="0 ms" Status=204
time="2022-01-28 10:22:37" level=info Agent="Mozilla/5.0 (Windows NT 10.0; Win64; x64) AppleWebKit/537.36 (KHTML, like Gecko) Chrome/97.0.4692.99 Safari/537.36" DataSize=160 HostName=DESKTOP-31G7THQ IP="::1" Method=GET Path="/api/v1/category/?size=100&page=1" SpendTime="4 ms" Status=200
time="2022-01-28 10:22:37" level=info Agent="Mozilla/5.0 (Windows NT 10.0; Win64; x64) AppleWebKit/537.36 (KHTML, like Gecko) Chrome/97.0.4692.99 Safari/537.36" DataSize=3111 HostName=DESKTOP-31G7THQ IP="::1" Method=GET Path=/api/v1/article/1/ SpendTime="4 ms" Status=200
time="2022-01-28 10:23:01" level=info Agent="Mozilla/5.0 (Windows NT 10.0; Win64; x64) AppleWebKit/537.36 (KHTML, like Gecko) Chrome/97.0.4692.99 Safari/537.36" DataSize=0 HostName=DESKTOP-31G7THQ IP="::1" Method=OPTIONS Path=/api/admin/article/1/ SpendTime="0 ms" Status=204
time="2022-01-28 10:23:01" level=info Agent="Mozilla/5.0 (Windows NT 10.0; Win64; x64) AppleWebKit/537.36 (KHTML, like Gecko) Chrome/97.0.4692.99 Safari/537.36" DataSize=33 HostName=DESKTOP-31G7THQ IP="::1" Method=PUT Path=/api/admin/article/1/ SpendTime="30 ms" Status=200
time="2022-01-28 10:23:01" level=info Agent="Mozilla/5.0 (Windows NT 10.0; Win64; x64) AppleWebKit/537.36 (KHTML, like Gecko) Chrome/97.0.4692.99 Safari/537.36" DataSize=0 HostName=DESKTOP-31G7THQ IP="::1" Method=OPTIONS Path="/api/v1/category/?size=100&page=1" SpendTime="0 ms" Status=204
time="2022-01-28 10:23:01" level=info Agent="Mozilla/5.0 (Windows NT 10.0; Win64; x64) AppleWebKit/537.36 (KHTML, like Gecko) Chrome/97.0.4692.99 Safari/537.36" DataSize=0 HostName=DESKTOP-31G7THQ IP="::1" Method=OPTIONS Path="/api/v1/article/?title=&size=5&page=1" SpendTime="0 ms" Status=204
time="2022-01-28 10:23:01" level=info Agent="Mozilla/5.0 (Windows NT 10.0; Win64; x64) AppleWebKit/537.36 (KHTML, like Gecko) Chrome/97.0.4692.99 Safari/537.36" DataSize=160 HostName=DESKTOP-31G7THQ IP="::1" Method=GET Path="/api/v1/category/?size=100&page=1" SpendTime="3 ms" Status=200
time="2022-01-28 10:23:01" level=info Agent="Mozilla/5.0 (Windows NT 10.0; Win64; x64) AppleWebKit/537.36 (KHTML, like Gecko) Chrome/97.0.4692.99 Safari/537.36" DataSize=3061 HostName=DESKTOP-31G7THQ IP="::1" Method=GET Path="/api/v1/article/?title=&size=5&page=1" SpendTime="7 ms" Status=200
time="2022-01-28 10:23:04" level=info Agent="Mozilla/5.0 (Windows NT 10.0; Win64; x64) AppleWebKit/537.36 (KHTML, like Gecko) Chrome/97.0.4692.99 Safari/537.36" DataSize=0 HostName=DESKTOP-31G7THQ IP="::1" Method=OPTIONS Path="/api/v1/category/?size=100&page=1" SpendTime="0 ms" Status=204
time="2022-01-28 10:23:04" level=info Agent="Mozilla/5.0 (Windows NT 10.0; Win64; x64) AppleWebKit/537.36 (KHTML, like Gecko) Chrome/97.0.4692.99 Safari/537.36" DataSize=0 HostName=DESKTOP-31G7THQ IP="::1" Method=OPTIONS Path=/api/v1/article/1/ SpendTime="0 ms" Status=204
time="2022-01-28 10:23:04" level=info Agent="Mozilla/5.0 (Windows NT 10.0; Win64; x64) AppleWebKit/537.36 (KHTML, like Gecko) Chrome/97.0.4692.99 Safari/537.36" DataSize=160 HostName=DESKTOP-31G7THQ IP="::1" Method=GET Path="/api/v1/category/?size=100&page=1" SpendTime="3 ms" Status=200
time="2022-01-28 10:23:04" level=info Agent="Mozilla/5.0 (Windows NT 10.0; Win64; x64) AppleWebKit/537.36 (KHTML, like Gecko) Chrome/97.0.4692.99 Safari/537.36" DataSize=3049 HostName=DESKTOP-31G7THQ IP="::1" Method=GET Path=/api/v1/article/1/ SpendTime="5 ms" Status=200
time="2022-01-28 10:23:11" level=info Agent="Mozilla/5.0 (Windows NT 10.0; Win64; x64) AppleWebKit/537.36 (KHTML, like Gecko) Chrome/97.0.4692.99 Safari/537.36" DataSize=0 HostName=DESKTOP-31G7THQ IP="::1" Method=OPTIONS Path="/api/v1/category/?size=100&page=1" SpendTime="0 ms" Status=204
time="2022-01-28 10:23:11" level=info Agent="Mozilla/5.0 (Windows NT 10.0; Win64; x64) AppleWebKit/537.36 (KHTML, like Gecko) Chrome/97.0.4692.99 Safari/537.36" DataSize=160 HostName=DESKTOP-31G7THQ IP="::1" Method=GET Path="/api/v1/category/?size=100&page=1" SpendTime="3 ms" Status=200
time="2022-01-28 10:23:11" level=info Agent="Mozilla/5.0 (Windows NT 10.0; Win64; x64) AppleWebKit/537.36 (KHTML, like Gecko) Chrome/97.0.4692.99 Safari/537.36" DataSize=0 HostName=DESKTOP-31G7THQ IP="::1" Method=OPTIONS Path="/api/v1/category/?size=100&page=1" SpendTime="0 ms" Status=204
time="2022-01-28 10:23:11" level=info Agent="Mozilla/5.0 (Windows NT 10.0; Win64; x64) AppleWebKit/537.36 (KHTML, like Gecko) Chrome/97.0.4692.99 Safari/537.36" DataSize=0 HostName=DESKTOP-31G7THQ IP="::1" Method=OPTIONS Path="/api/v1/article/?title=&size=5&page=1" SpendTime="0 ms" Status=204
time="2022-01-28 10:23:11" level=info Agent="Mozilla/5.0 (Windows NT 10.0; Win64; x64) AppleWebKit/537.36 (KHTML, like Gecko) Chrome/97.0.4692.99 Safari/537.36" DataSize=160 HostName=DESKTOP-31G7THQ IP="::1" Method=GET Path="/api/v1/category/?size=100&page=1" SpendTime="6 ms" Status=200
time="2022-01-28 10:23:11" level=info Agent="Mozilla/5.0 (Windows NT 10.0; Win64; x64) AppleWebKit/537.36 (KHTML, like Gecko) Chrome/97.0.4692.99 Safari/537.36" DataSize=3061 HostName=DESKTOP-31G7THQ IP="::1" Method=GET Path="/api/v1/article/?title=&size=5&page=1" SpendTime="7 ms" Status=200
time="2022-01-28 10:23:14" level=info Agent="Mozilla/5.0 (Windows NT 10.0; Win64; x64) AppleWebKit/537.36 (KHTML, like Gecko) Chrome/97.0.4692.99 Safari/537.36" DataSize=0 HostName=DESKTOP-31G7THQ IP="::1" Method=OPTIONS Path="/api/v1/catelist/2/?size=5&page=1" SpendTime="0 ms" Status=204
time="2022-01-28 10:23:14" level=info Agent="Mozilla/5.0 (Windows NT 10.0; Win64; x64) AppleWebKit/537.36 (KHTML, like Gecko) Chrome/97.0.4692.99 Safari/537.36" DataSize=43 HostName=DESKTOP-31G7THQ IP="::1" Method=GET Path="/api/v1/catelist/2/?size=5&page=1" SpendTime="5 ms" Status=200
time="2022-01-28 10:23:15" level=info Agent="Mozilla/5.0 (Windows NT 10.0; Win64; x64) AppleWebKit/537.36 (KHTML, like Gecko) Chrome/97.0.4692.99 Safari/537.36" DataSize=0 HostName=DESKTOP-31G7THQ IP="::1" Method=OPTIONS Path="/api/v1/catelist/1/?size=5&page=1" SpendTime="0 ms" Status=204
time="2022-01-28 10:23:15" level=info Agent="Mozilla/5.0 (Windows NT 10.0; Win64; x64) AppleWebKit/537.36 (KHTML, like Gecko) Chrome/97.0.4692.99 Safari/537.36" DataSize=3061 HostName=DESKTOP-31G7THQ IP="::1" Method=GET Path="/api/v1/catelist/1/?size=5&page=1" SpendTime="6 ms" Status=200
time="2022-01-28 10:26:41" level=info Agent="Mozilla/5.0 (Windows NT 10.0; Win64; x64) AppleWebKit/537.36 (KHTML, like Gecko) Chrome/97.0.4692.99 Safari/537.36" DataSize=0 HostName=DESKTOP-31G7THQ IP="::1" Method=OPTIONS Path="/api/v1/category/?size=100&page=1" SpendTime="0 ms" Status=204
time="2022-01-28 10:26:41" level=info Agent="Mozilla/5.0 (Windows NT 10.0; Win64; x64) AppleWebKit/537.36 (KHTML, like Gecko) Chrome/97.0.4692.99 Safari/537.36" DataSize=0 HostName=DESKTOP-31G7THQ IP="::1" Method=OPTIONS Path=/api/v1/article/1/ SpendTime="0 ms" Status=204
time="2022-01-28 10:26:41" level=info Agent="Mozilla/5.0 (Windows NT 10.0; Win64; x64) AppleWebKit/537.36 (KHTML, like Gecko) Chrome/97.0.4692.99 Safari/537.36" DataSize=160 HostName=DESKTOP-31G7THQ IP="::1" Method=GET Path="/api/v1/category/?size=100&page=1" SpendTime="6 ms" Status=200
time="2022-01-28 10:26:41" level=info Agent="Mozilla/5.0 (Windows NT 10.0; Win64; x64) AppleWebKit/537.36 (KHTML, like Gecko) Chrome/97.0.4692.99 Safari/537.36" DataSize=3049 HostName=DESKTOP-31G7THQ IP="::1" Method=GET Path=/api/v1/article/1/ SpendTime="7 ms" Status=200
time="2022-01-28 10:26:49" level=info Agent="Mozilla/5.0 (Windows NT 10.0; Win64; x64) AppleWebKit/537.36 (KHTML, like Gecko) Chrome/97.0.4692.99 Safari/537.36" DataSize=0 HostName=DESKTOP-31G7THQ IP="::1" Method=OPTIONS Path=/api/admin/file/ SpendTime="0 ms" Status=204
time="2022-01-28 10:26:49" level=info Agent="Mozilla/5.0 (Windows NT 10.0; Win64; x64) AppleWebKit/537.36 (KHTML, like Gecko) Chrome/97.0.4692.99 Safari/537.36" DataSize=45 HostName=DESKTOP-31G7THQ IP="::1" Method=POST Path=/api/admin/file/ SpendTime="76 ms" Status=200
time="2022-01-28 10:27:08" level=info Agent="Mozilla/5.0 (Windows NT 10.0; Win64; x64) AppleWebKit/537.36 (KHTML, like Gecko) Chrome/97.0.4692.99 Safari/537.36" DataSize=0 HostName=DESKTOP-31G7THQ IP="::1" Method=OPTIONS Path=/api/admin/article/1/ SpendTime="0 ms" Status=204
time="2022-01-28 10:27:08" level=info Agent="Mozilla/5.0 (Windows NT 10.0; Win64; x64) AppleWebKit/537.36 (KHTML, like Gecko) Chrome/97.0.4692.99 Safari/537.36" DataSize=33 HostName=DESKTOP-31G7THQ IP="::1" Method=PUT Path=/api/admin/article/1/ SpendTime="23 ms" Status=200
time="2022-01-28 10:27:08" level=info Agent="Mozilla/5.0 (Windows NT 10.0; Win64; x64) AppleWebKit/537.36 (KHTML, like Gecko) Chrome/97.0.4692.99 Safari/537.36" DataSize=0 HostName=DESKTOP-31G7THQ IP="::1" Method=OPTIONS Path="/api/v1/category/?size=100&page=1" SpendTime="0 ms" Status=204
time="2022-01-28 10:27:08" level=info Agent="Mozilla/5.0 (Windows NT 10.0; Win64; x64) AppleWebKit/537.36 (KHTML, like Gecko) Chrome/97.0.4692.99 Safari/537.36" DataSize=0 HostName=DESKTOP-31G7THQ IP="::1" Method=OPTIONS Path="/api/v1/article/?title=&size=5&page=1" SpendTime="1 ms" Status=204
time="2022-01-28 10:27:08" level=info Agent="Mozilla/5.0 (Windows NT 10.0; Win64; x64) AppleWebKit/537.36 (KHTML, like Gecko) Chrome/97.0.4692.99 Safari/537.36" DataSize=160 HostName=DESKTOP-31G7THQ IP="::1" Method=GET Path="/api/v1/category/?size=100&page=1" SpendTime="3 ms" Status=200
time="2022-01-28 10:27:08" level=info Agent="Mozilla/5.0 (Windows NT 10.0; Win64; x64) AppleWebKit/537.36 (KHTML, like Gecko) Chrome/97.0.4692.99 Safari/537.36" DataSize=3112 HostName=DESKTOP-31G7THQ IP="::1" Method=GET Path="/api/v1/article/?title=&size=5&page=1" SpendTime="6 ms" Status=200
time="2022-01-28 10:27:09" level=info Agent="Mozilla/5.0 (Windows NT 10.0; Win64; x64) AppleWebKit/537.36 (KHTML, like Gecko) Chrome/97.0.4692.99 Safari/537.36" DataSize=0 HostName=DESKTOP-31G7THQ IP="::1" Method=OPTIONS Path="/api/v1/category/?size=100&page=1" SpendTime="0 ms" Status=204
time="2022-01-28 10:27:09" level=info Agent="Mozilla/5.0 (Windows NT 10.0; Win64; x64) AppleWebKit/537.36 (KHTML, like Gecko) Chrome/97.0.4692.99 Safari/537.36" DataSize=0 HostName=DESKTOP-31G7THQ IP="::1" Method=OPTIONS Path=/api/v1/article/1/ SpendTime="0 ms" Status=204
time="2022-01-28 10:27:09" level=info Agent="Mozilla/5.0 (Windows NT 10.0; Win64; x64) AppleWebKit/537.36 (KHTML, like Gecko) Chrome/97.0.4692.99 Safari/537.36" DataSize=160 HostName=DESKTOP-31G7THQ IP="::1" Method=GET Path="/api/v1/category/?size=100&page=1" SpendTime="3 ms" Status=200
time="2022-01-28 10:27:09" level=info Agent="Mozilla/5.0 (Windows NT 10.0; Win64; x64) AppleWebKit/537.36 (KHTML, like Gecko) Chrome/97.0.4692.99 Safari/537.36" DataSize=3100 HostName=DESKTOP-31G7THQ IP="::1" Method=GET Path=/api/v1/article/1/ SpendTime="4 ms" Status=200
time="2022-01-28 10:27:20" level=info Agent="Mozilla/5.0 (Windows NT 10.0; Win64; x64) AppleWebKit/537.36 (KHTML, like Gecko) Chrome/97.0.4692.99 Safari/537.36" DataSize=0 HostName=DESKTOP-31G7THQ IP="::1" Method=OPTIONS Path=/api/admin/article/1/ SpendTime="0 ms" Status=204
time="2022-01-28 10:27:20" level=info Agent="Mozilla/5.0 (Windows NT 10.0; Win64; x64) AppleWebKit/537.36 (KHTML, like Gecko) Chrome/97.0.4692.99 Safari/537.36" DataSize=33 HostName=DESKTOP-31G7THQ IP="::1" Method=PUT Path=/api/admin/article/1/ SpendTime="12 ms" Status=200
time="2022-01-28 10:27:20" level=info Agent="Mozilla/5.0 (Windows NT 10.0; Win64; x64) AppleWebKit/537.36 (KHTML, like Gecko) Chrome/97.0.4692.99 Safari/537.36" DataSize=0 HostName=DESKTOP-31G7THQ IP="::1" Method=OPTIONS Path="/api/v1/category/?size=100&page=1" SpendTime="0 ms" Status=204
time="2022-01-28 10:27:20" level=info Agent="Mozilla/5.0 (Windows NT 10.0; Win64; x64) AppleWebKit/537.36 (KHTML, like Gecko) Chrome/97.0.4692.99 Safari/537.36" DataSize=0 HostName=DESKTOP-31G7THQ IP="::1" Method=OPTIONS Path="/api/v1/article/?title=&size=5&page=1" SpendTime="0 ms" Status=204
time="2022-01-28 10:27:20" level=info Agent="Mozilla/5.0 (Windows NT 10.0; Win64; x64) AppleWebKit/537.36 (KHTML, like Gecko) Chrome/97.0.4692.99 Safari/537.36" DataSize=160 HostName=DESKTOP-31G7THQ IP="::1" Method=GET Path="/api/v1/category/?size=100&page=1" SpendTime="3 ms" Status=200
time="2022-01-28 10:27:20" level=info Agent="Mozilla/5.0 (Windows NT 10.0; Win64; x64) AppleWebKit/537.36 (KHTML, like Gecko) Chrome/97.0.4692.99 Safari/537.36" DataSize=3112 HostName=DESKTOP-31G7THQ IP="::1" Method=GET Path="/api/v1/article/?title=&size=5&page=1" SpendTime="7 ms" Status=200
time="2022-01-28 10:27:21" level=info Agent="Mozilla/5.0 (Windows NT 10.0; Win64; x64) AppleWebKit/537.36 (KHTML, like Gecko) Chrome/97.0.4692.99 Safari/537.36" DataSize=0 HostName=DESKTOP-31G7THQ IP="::1" Method=OPTIONS Path="/api/v1/category/?size=5&page=1" SpendTime="0 ms" Status=204
time="2022-01-28 10:27:21" level=info Agent="Mozilla/5.0 (Windows NT 10.0; Win64; x64) AppleWebKit/537.36 (KHTML, like Gecko) Chrome/97.0.4692.99 Safari/537.36" DataSize=160 HostName=DESKTOP-31G7THQ IP="::1" Method=GET Path="/api/v1/category/?size=5&page=1" SpendTime="4 ms" Status=200
time="2022-01-28 10:27:22" level=info Agent="Mozilla/5.0 (Windows NT 10.0; Win64; x64) AppleWebKit/537.36 (KHTML, like Gecko) Chrome/97.0.4692.99 Safari/537.36" DataSize=0 HostName=DESKTOP-31G7THQ IP="::1" Method=OPTIONS Path="/api/v1/user/?username=&size=5&page=1" SpendTime="0 ms" Status=204
time="2022-01-28 10:27:22" level=info Agent="Mozilla/5.0 (Windows NT 10.0; Win64; x64) AppleWebKit/537.36 (KHTML, like Gecko) Chrome/97.0.4692.99 Safari/537.36" DataSize=193 HostName=DESKTOP-31G7THQ IP="::1" Method=GET Path="/api/v1/user/?username=&size=5&page=1" SpendTime="3 ms" Status=200
time="2022-01-28 10:27:22" level=info Agent="Mozilla/5.0 (Windows NT 10.0; Win64; x64) AppleWebKit/537.36 (KHTML, like Gecko) Chrome/97.0.4692.99 Safari/537.36" DataSize=0 HostName=DESKTOP-31G7THQ IP="::1" Method=OPTIONS Path=/api/v1/wks/ SpendTime="0 ms" Status=204
time="2022-01-28 10:27:22" level=info Agent="Mozilla/5.0 (Windows NT 10.0; Win64; x64) AppleWebKit/537.36 (KHTML, like Gecko) Chrome/97.0.4692.99 Safari/537.36" DataSize=148 HostName=DESKTOP-31G7THQ IP="::1" Method=GET Path=/api/v1/wks/ SpendTime="2 ms" Status=200
time="2022-01-28 10:27:24" level=info Agent="Mozilla/5.0 (Windows NT 10.0; Win64; x64) AppleWebKit/537.36 (KHTML, like Gecko) Chrome/97.0.4692.99 Safari/537.36" DataSize=0 HostName=DESKTOP-31G7THQ IP="::1" Method=OPTIONS Path=/api/v1/wks/ SpendTime="0 ms" Status=204
time="2022-01-28 10:27:24" level=info Agent="Mozilla/5.0 (Windows NT 10.0; Win64; x64) AppleWebKit/537.36 (KHTML, like Gecko) Chrome/97.0.4692.99 Safari/537.36" DataSize=148 HostName=DESKTOP-31G7THQ IP="::1" Method=GET Path=/api/v1/wks/ SpendTime="2 ms" Status=200
time="2022-01-28 11:37:29" level=info Agent="ApiPOST Runtime +https://www.apipost.cn" DataSize=185 HostName=DESKTOP-31G7THQ IP=127.0.0.1 Method=POST Path=/api/v1/login/ SpendTime="61 ms" Status=200
time="2022-01-28 11:38:41" level=info Agent="ApiPOST Runtime +https://www.apipost.cn" DataSize=71 HostName=DESKTOP-31G7THQ IP=127.0.0.1 Method=POST Path=/api/v1/user/ SpendTime="0 ms" Status=200
time="2022-01-28 11:39:02" level=info Agent="ApiPOST Runtime +https://www.apipost.cn" DataSize=261 HostName=DESKTOP-31G7THQ IP=127.0.0.1 Method=POST Path=/api/v1/user/ SpendTime="65 ms" Status=200
time="2022-01-28 11:39:12" level=warning Agent="ApiPOST Runtime +https://www.apipost.cn" DataSize=0 HostName=DESKTOP-31G7THQ IP=127.0.0.1 Method=PUT Path=/api/v1/user/2/ SpendTime="0 ms" Status=404
time="2022-01-28 11:39:27" level=warning Agent="ApiPOST Runtime +https://www.apipost.cn" DataSize=0 HostName=DESKTOP-31G7THQ IP=127.0.0.1 Method=PUT Path=/api/v1/user/2/ SpendTime="0 ms" Status=404
time="2022-01-28 11:39:38" level=info Agent="ApiPOST Runtime +https://www.apipost.cn" DataSize=33 HostName=DESKTOP-31G7THQ IP=127.0.0.1 Method=PUT Path=/api/admin/user/2/ SpendTime="14 ms" Status=200
time="2022-01-28 11:41:39" level=info Agent="ApiPOST Runtime +https://www.apipost.cn" DataSize=33 HostName=DESKTOP-31G7THQ IP=127.0.0.1 Method=PUT Path=/api/admin/user/2/ SpendTime="30 ms" Status=200
time="2022-01-28 11:41:59" level=info Agent="ApiPOST Runtime +https://www.apipost.cn" DataSize=33 HostName=DESKTOP-31G7THQ IP=127.0.0.1 Method=PUT Path=/api/admin/user/2/ SpendTime="31 ms" Status=200
time="2022-01-28 11:42:49" level=info Agent="ApiPOST Runtime +https://www.apipost.cn" DataSize=33 HostName=DESKTOP-31G7THQ IP=127.0.0.1 Method=PUT Path=/api/admin/user/2/ SpendTime="28 ms" Status=200
time="2022-01-28 11:44:40" level=info Agent="ApiPOST Runtime +https://www.apipost.cn" DataSize=185 HostName=DESKTOP-31G7THQ IP=127.0.0.1 Method=POST Path=/api/v1/login/ SpendTime="57 ms" Status=200
time="2022-01-28 11:44:43" level=info Agent="ApiPOST Runtime +https://www.apipost.cn" DataSize=43 HostName=DESKTOP-31G7THQ IP=127.0.0.1 Method=PUT Path=/api/admin/user/2/ SpendTime="2 ms" Status=200
time="2022-01-28 11:45:08" level=info Agent="ApiPOST Runtime +https://www.apipost.cn" DataSize=33 HostName=DESKTOP-31G7THQ IP=127.0.0.1 Method=PUT Path=/api/admin/user/2/ SpendTime="42 ms" Status=200
time="2022-01-28 11:45:32" level=info Agent="ApiPOST Runtime +https://www.apipost.cn" DataSize=185 HostName=DESKTOP-31G7THQ IP=127.0.0.1 Method=POST Path=/api/v1/login/ SpendTime="57 ms" Status=200
time="2022-01-28 11:45:38" level=info Agent="ApiPOST Runtime +https://www.apipost.cn" DataSize=33 HostName=DESKTOP-31G7THQ IP=127.0.0.1 Method=PUT Path=/api/admin/user/2/ SpendTime="16 ms" Status=200
time="2022-01-28 11:45:39" level=info Agent="ApiPOST Runtime +https://www.apipost.cn" DataSize=33 HostName=DESKTOP-31G7THQ IP=127.0.0.1 Method=PUT Path=/api/admin/user/2/ SpendTime="11 ms" Status=200
