time="2021-07-14T18:12:20+08:00" level=info Agent="ApiPOST Runtime +https://www.apipost.cn" DataSize=23 HostName=localhost IP=127.0.0.1 Method=DELETE Path=/api/admin/user/21/ SpendTime="20 ms" Status=200
time="2021-07-14T18:12:28+08:00" level=info Agent="ApiPOST Runtime +https://www.apipost.cn" DataSize=34 HostName=localhost IP=127.0.0.1 Method=DELETE Path=/api/admin/user/21/ SpendTime="7 ms" Status=200
time="2021-07-14T18:12:49+08:00" level=info Agent="Mozilla/5.0 (Macintosh; Intel Mac OS X 10_15_7) AppleWebKit/537.36 (KHTML, like Gecko) Chrome/91.0.4472.114 Safari/537.36" DataSize=0 HostName=localhost IP="::1" Method=OPTIONS Path="/api/v1/user/?username=&size=5&page=1" SpendTime="1 ms" Status=204
time="2021-07-14T18:12:49+08:00" level=info Agent="Mozilla/5.0 (Macintosh; Intel Mac OS X 10_15_7) AppleWebKit/537.36 (KHTML, like Gecko) Chrome/91.0.4472.114 Safari/537.36" DataSize=662 HostName=localhost IP="::1" Method=GET Path="/api/v1/user/?username=&size=5&page=1" SpendTime="11 ms" Status=200
time="2021-07-14T18:13:21+08:00" level=info Agent="Mozilla/5.0 (Macintosh; Intel Mac OS X 10_15_7) AppleWebKit/537.36 (KHTML, like Gecko) Chrome/91.0.4472.114 Safari/537.36" DataSize=0 HostName=localhost IP="::1" Method=OPTIONS Path=/api/admin/user/34/ SpendTime="1 ms" Status=204
time="2021-07-14T18:13:21+08:00" level=info Agent="Mozilla/5.0 (Macintosh; Intel Mac OS X 10_15_7) AppleWebKit/537.36 (KHTML, like Gecko) Chrome/91.0.4472.114 Safari/537.36" DataSize=34 HostName=localhost IP="::1" Method=DELETE Path=/api/admin/user/34/ SpendTime="6 ms" Status=200
ath="/api/v1/user/?username=asd&size=5&page=1" SpendTime="9 ms" Status=200
time="2021-07-14T16:57:07+08:00" level=info Agent="Mozilla/5.0 (Macintosh; Intel Mac OS X 10_15_7) AppleWebKit/537.36 (KHTML, like Gecko) Chrome/91.0.4472.114 Safari/537.36" DataSize=194 HostName=localhost IP="::1" Method=GET Path="/api/v1/user/?username=Sa&size=5&page=1" SpendTime="3 ms" Status=200
time="2021-07-14T16:57:09+08:00" level=info Agent="Mozilla/5.0 (Macintosh; Intel Mac OS X 10_15_7) AppleWebKit/537.36 (KHTML, like Gecko) Chrome/91.0.4472.114 Safari/537.36" DataSize=194 HostName=localhost IP="::1" Method=GET Path="/api/v1/user/?username=S&size=5&page=1" SpendTime="2 ms" Status=200
time="2021-07-14T16:57:14+08:00" level=info Agent="Mozilla/5.0 (Macintosh; Intel Mac OS X 10_15_7) AppleWebKit/537.36 (KHTML, like Gecko) Chrome/91.0.4472.114 Safari/537.36" DataSize=194 HostName=localhost IP="::1" Method=GET Path="/api/v1/user/?username=%E5%A4%A9&size=5&page=1" SpendTime="6 ms" Status=200
time="2021-07-14T17:01:40+08:00" level=info Agent="Mozilla/5.0 (Macintosh; Intel Mac OS X 10_15_7) AppleWebKit/537.36 (KHTML, like Gecko) Chrome/91.0.4472.114 Safari/537.36" DataSize=194 HostName=localhost IP="::1" Method=GET Path="/api/v1/user/?username=salm&size=5&page=1" SpendTime="9 ms" Status=200
time="2021-07-14T17:01:41+08:00" level=info Agent="Mozilla/5.0 (Macintosh; Intel Mac OS X 10_15_7) AppleWebKit/537.36 (KHTML, like Gecko) Chrome/91.0.4472.114 Safari/537.36" DataSize=194 HostName=localhost IP="::1" Method=GET Path="/api/v1/user/?username=salm&size=5&page=1" SpendTime="3 ms" Status=200
time="2021-07-14T17:01:48+08:00" level=info Agent="Mozilla/5.0 (Macintosh; Intel Mac OS X 10_15_7) AppleWebKit/537.36 (KHTML, like Gecko) Chrome/91.0.4472.114 Safari/537.36" DataSize=814 HostName=localhost IP="::1" Method=GET Path="/api/v1/user/?username=&size=5&page=1" SpendTime="5 ms" Status=200
time="2021-07-14T17:03:07+08:00" level=info Agent="Mozilla/5.0 (Macintosh; Intel Mac OS X 10_15_7) AppleWebKit/537.36 (KHTML, like Gecko) Chrome/91.0.4472.114 Safari/537.36" DataSize=814 HostName=localhost IP="::1" Method=GET Path="/api/v1/user/?username=&size=5&page=1" SpendTime="7 ms" Status=200
time="2021-07-14T17:03:12+08:00" level=info Agent="Mozilla/5.0 (Macintosh; Intel Mac OS X 10_15_7) AppleWebKit/537.36 (KHTML, like Gecko) Chrome/91.0.4472.114 Safari/537.36" DataSize=194 HostName=localhost IP="::1" Method=GET Path="/api/v1/user/?username=sal&size=5&page=1" SpendTime="3 ms" Status=200
time="2021-07-14T17:03:13+08:00" level=info Agent="Mozilla/5.0 (Macintosh; Intel Mac OS X 10_15_7) AppleWebKit/537.36 (KHTML, like Gecko) Chrome/91.0.4472.114 Safari/537.36" DataSize=814 HostName=localhost IP="::1" Method=GET Path="/api/v1/user/?username=&size=5&page=1" SpendTime="2 ms" Status=200
time="2021-07-14T17:03:44+08:00" level=info Agent="Mozilla/5.0 (Macintosh; Intel Mac OS X 10_15_7) AppleWebKit/537.36 (KHTML, like Gecko) Chrome/91.0.4472.114 Safari/537.36" DataSize=814 HostName=localhost IP="::1" Method=GET Path="/api/v1/user/?username=&size=5&page=1" SpendTime="4 ms" Status=200
time="2021-07-14T17:22:14+08:00" level=info Agent="Mozilla/5.0 (Macintosh; Intel Mac OS X 10_15_7) AppleWebKit/537.36 (KHTML, like Gecko) Chrome/91.0.4472.114 Safari/537.36" DataSize=359 HostName=localhost IP="::1" Method=GET Path="/api/v1/user/?username=&size=5&page=2" SpendTime="11 ms" Status=200
time="2021-07-14T17:22:15+08:00" level=info Agent="Mozilla/5.0 (Macintosh; Intel Mac OS X 10_15_7) AppleWebKit/537.36 (KHTML, like Gecko) Chrome/91.0.4472.114 Safari/537.36" DataSize=814 HostName=localhost IP="::1" Method=GET Path="/api/v1/user/?username=&size=5&page=1" SpendTime="3 ms" Status=200
time="2021-07-14T17:28:28+08:00" level=warning Agent="ApiPOST Runtime +https://www.apipost.cn" DataSize=0 HostName=localhost IP=127.0.0.1 Method=DELETE Path=/api/v1/user/21/ SpendTime="1 ms" Status=404
time="2021-07-14T17:28:38+08:00" level=info Agent="ApiPOST Runtime +https://www.apipost.cn" DataSize=52 HostName=localhost IP=127.0.0.1 Method=DELETE Path=/api/admin/user/21/ SpendTime="1 ms" Status=200
time="2021-07-14T17:29:07+08:00" level=info Agent="ApiPOST Runtime +https://www.apipost.cn" DataSize=192 HostName=localhost IP=127.0.0.1 Method=POST Path=/api/v1/login/ SpendTime="114 ms" Status=200
time="2021-07-14T17:29:17+08:00" level=info Agent="ApiPOST Runtime +https://www.apipost.cn" DataSize=23 HostName=localhost IP=127.0.0.1 Method=DELETE Path=/api/admin/user/21/ SpendTime="10 ms" Status=200
time="2021-07-14T17:30:45+08:00" level=info Agent="Mozilla/5.0 (Macintosh; Intel Mac OS X 10_15_7) AppleWebKit/537.36 (KHTML, like Gecko) Chrome/91.0.4472.114 Safari/537.36" DataSize=814 HostName=localhost IP="::1" Method=GET Path="/api/v1/user/?username=&size=5&page=1" SpendTime="8 ms" Status=200
time="2021-07-14T17:31:26+08:00" level=info Agent="Mozilla/5.0 (Macintosh; Intel Mac OS X 10_15_7) AppleWebKit/537.36 (KHTML, like Gecko) Chrome/91.0.4472.114 Safari/537.36" DataSize=814 HostName=localhost IP="::1" Method=GET Path="/api/v1/user/?username=&size=5&page=1" SpendTime="7 ms" Status=200
time="2021-07-14T17:32:31+08:00" level=info Agent="Mozilla/5.0 (Macintosh; Intel Mac OS X 10_15_7) AppleWebKit/537.36 (KHTML, like Gecko) Chrome/91.0.4472.114 Safari/537.36" DataSize=814 HostName=localhost IP="::1" Method=GET Path="/api/v1/user/?username=&size=5&page=1" SpendTime="4 ms" Status=200
time="2021-07-14T17:33:11+08:00" level=info Agent="Mozilla/5.0 (Macintosh; Intel Mac OS X 10_15_7) AppleWebKit/537.36 (KHTML, like Gecko) Chrome/91.0.4472.114 Safari/537.36" DataSize=814 HostName=localhost IP="::1" Method=GET Path="/api/v1/user/?username=&size=5&page=1" SpendTime="4 ms" Status=200
time="2021-07-14T17:33:44+08:00" level=info Agent="Mozilla/5.0 (Macintosh; Intel Mac OS X 10_15_7) AppleWebKit/537.36 (KHTML, like Gecko) Chrome/91.0.4472.114 Safari/537.36" DataSize=814 HostName=localhost IP="::1" Method=GET Path="/api/v1/user/?username=&size=5&page=1" SpendTime="5 ms" Status=200
time="2021-07-14T17:34:16+08:00" level=info Agent="Mozilla/5.0 (Macintosh; Intel Mac OS X 10_15_7) AppleWebKit/537.36 (KHTML, like Gecko) Chrome/91.0.4472.114 Safari/537.36" DataSize=814 HostName=localhost IP="::1" Method=GET Path="/api/v1/user/?username=&size=5&page=1" SpendTime="5 ms" Status=200
time="2021-07-14T17:34:44+08:00" level=info Agent="Mozilla/5.0 (Macintosh; Intel Mac OS X 10_15_7) AppleWebKit/537.36 (KHTML, like Gecko) Chrome/91.0.4472.114 Safari/537.36" DataSize=814 HostName=localhost IP="::1" Method=GET Path="/api/v1/user/?username=&size=5&page=1" SpendTime="5 ms" Status=200
time="2021-07-14T17:35:00+08:00" level=info Agent="Mozilla/5.0 (Macintosh; Intel Mac OS X 10_15_7) AppleWebKit/537.36 (KHTML, like Gecko) Chrome/91.0.4472.114 Safari/537.36" DataSize=814 HostName=localhost IP="::1" Method=GET Path="/api/v1/user/?username=&size=5&page=1" SpendTime="7 ms" Status=200
time="2021-07-14T17:35:27+08:00" level=info Agent="Mozilla/5.0 (Macintosh; Intel Mac OS X 10_15_7) AppleWebKit/537.36 (KHTML, like Gecko) Chrome/91.0.4472.114 Safari/537.36" DataSize=814 HostName=localhost IP="::1" Method=GET Path="/api/v1/user/?username=&size=5&page=1" SpendTime="4 ms" Status=200
time="2021-07-14T17:35:42+08:00" level=info Agent="Mozilla/5.0 (Macintosh; Intel Mac OS X 10_15_7) AppleWebKit/537.36 (KHTML, like Gecko) Chrome/91.0.4472.114 Safari/537.36" DataSize=814 HostName=localhost IP="::1" Method=GET Path="/api/v1/user/?username=&size=5&page=1" SpendTime="6 ms" Status=200
time="2021-07-14T17:35:59+08:00" level=info Agent="Mozilla/5.0 (Macintosh; Intel Mac OS X 10_15_7) AppleWebKit/537.36 (KHTML, like Gecko) Chrome/91.0.4472.114 Safari/537.36" DataSize=0 HostName=localhost IP="::1" Method=OPTIONS Path=/api/admin/user/34/ SpendTime="1 ms" Status=204
time="2021-07-14T17:35:59+08:00" level=info Agent="Mozilla/5.0 (Macintosh; Intel Mac OS X 10_15_7) AppleWebKit/537.36 (KHTML, like Gecko) Chrome/91.0.4472.114 Safari/537.36" DataSize=52 HostName=localhost IP="::1" Method=DELETE Path=/api/admin/user/34/ SpendTime="1 ms" Status=200
time="2021-07-14T17:36:01+08:00" level=info Agent="Mozilla/5.0 (Macintosh; Intel Mac OS X 10_15_7) AppleWebKit/537.36 (KHTML, like Gecko) Chrome/91.0.4472.114 Safari/537.36" DataSize=359 HostName=localhost IP="::1" Method=GET Path="/api/v1/user/?username=&size=5&page=2" SpendTime="3 ms" Status=200
time="2021-07-14T17:36:10+08:00" level=info Agent="Mozilla/5.0 (Macintosh; Intel Mac OS X 10_15_7) AppleWebKit/537.36 (KHTML, like Gecko) Chrome/91.0.4472.114 Safari/537.36" DataSize=0 HostName=localhost IP="::1" Method=OPTIONS Path=/api/admin/user/36/ SpendTime="1 ms" Status=204
time="2021-07-14T17:36:10+08:00" level=info Agent="Mozilla/5.0 (Macintosh; Intel Mac OS X 10_15_7) AppleWebKit/537.36 (KHTML, like Gecko) Chrome/91.0.4472.114 Safari/537.36" DataSize=52 HostName=localhost IP="::1" Method=DELETE Path=/api/admin/user/36/ SpendTime="1 ms" Status=200
time="2021-07-14T17:36:31+08:00" level=info Agent="Mozilla/5.0 (Macintosh; Intel Mac OS X 10_15_7) AppleWebKit/537.36 (KHTML, like Gecko) Chrome/91.0.4472.114 Safari/537.36" DataSize=52 HostName=localhost IP="::1" Method=DELETE Path=/api/admin/user/36/ SpendTime="1 ms" Status=200
time="2021-07-14T17:37:09+08:00" level=info Agent="Mozilla/5.0 (Macintosh; Intel Mac OS X 10_15_7) AppleWebKit/537.36 (KHTML, like Gecko) Chrome/91.0.4472.114 Safari/537.36" DataSize=814 HostName=localhost IP="::1" Method=GET Path="/api/v1/user/?username=&size=5&page=1" SpendTime="7 ms" Status=200
time="2021-07-14T17:37:12+08:00" level=info Agent="Mozilla/5.0 (Macintosh; Intel Mac OS X 10_15_7) AppleWebKit/537.36 (KHTML, like Gecko) Chrome/91.0.4472.114 Safari/537.36" DataSize=52 HostName=localhost IP="::1" Method=DELETE Path=/api/admin/user/34/ SpendTime="1 ms" Status=200
time="2021-07-14T17:37:40+08:00" level=info Agent="Mozilla/5.0 (Macintosh; Intel Mac OS X 10_15_7) AppleWebKit/537.36 (KHTML, like Gecko) Chrome/91.0.4472.114 Safari/537.36" DataSize=814 HostName=localhost IP="::1" Method=GET Path="/api/v1/user/?username=&size=5&page=1" SpendTime="6 ms" Status=200
time="2021-07-14T17:37:43+08:00" level=info Agent="Mozilla/5.0 (Macintosh; Intel Mac OS X 10_15_7) AppleWebKit/537.36 (KHTML, like Gecko) Chrome/91.0.4472.114 Safari/537.36" DataSize=52 HostName=localhost IP="::1" Method=DELETE Path=/api/admin/user/34/ SpendTime="1 ms" Status=200
time="2021-07-14T17:38:04+08:00" level=info Agent="Mozilla/5.0 (Macintosh; Intel Mac OS X 10_15_7) AppleWebKit/537.36 (KHTML, like Gecko) Chrome/91.0.4472.114 Safari/537.36" DataSize=814 HostName=localhost IP="::1" Method=GET Path="/api/v1/user/?username=&size=5&page=1" SpendTime="5 ms" Status=200
time="2021-07-14T17:38:06+08:00" level=info Agent="Mozilla/5.0 (Macintosh; Intel Mac OS X 10_15_7) AppleWebKit/537.36 (KHTML, like Gecko) Chrome/91.0.4472.114 Safari/537.36" DataSize=52 HostName=localhost IP="::1" Method=DELETE Path=/api/admin/user/34/ SpendTime="1 ms" Status=200
time="2021-07-14T17:38:53+08:00" level=info Agent="Mozilla/5.0 (Macintosh; Intel Mac OS X 10_15_7) AppleWebKit/537.36 (KHTML, like Gecko) Chrome/91.0.4472.114 Safari/537.36" DataSize=814 HostName=localhost IP="::1" Method=GET Path="/api/v1/user/?username=&size=5&page=1" SpendTime="4 ms" Status=200
time="2021-07-14T17:38:58+08:00" level=info Agent="Mozilla/5.0 (Macintosh; Intel Mac OS X 10_15_7) AppleWebKit/537.36 (KHTML, like Gecko) Chrome/91.0.4472.114 Safari/537.36" DataSize=52 HostName=localhost IP="::1" Method=DELETE Path=/api/admin/user/34/ SpendTime="1 ms" Status=200
time="2021-07-14T17:40:14+08:00" level=info Agent="Mozilla/5.0 (Macintosh; Intel Mac OS X 10_15_7) AppleWebKit/537.36 (KHTML, like Gecko) Chrome/91.0.4472.114 Safari/537.36" DataSize=52 HostName=localhost IP="::1" Method=DELETE Path=/api/admin/user/34/ SpendTime="1 ms" Status=200
time="2021-07-14T17:40:33+08:00" level=info Agent="Mozilla/5.0 (Macintosh; Intel Mac OS X 10_15_7) AppleWebKit/537.36 (KHTML, like Gecko) Chrome/91.0.4472.114 Safari/537.36" DataSize=814 HostName=localhost IP="::1" Method=GET Path="/api/v1/user/?username=&size=5&page=1" SpendTime="4 ms" Status=200
time="2021-07-14T17:40:37+08:00" level=info Agent="Mozilla/5.0 (Macintosh; Intel Mac OS X 10_15_7) AppleWebKit/537.36 (KHTML, like Gecko) Chrome/91.0.4472.114 Safari/537.36" DataSize=52 HostName=localhost IP="::1" Method=DELETE Path=/api/admin/user/34/ SpendTime="1 ms" Status=200
time="2021-07-14T17:40:43+08:00" level=info Agent="Mozilla/5.0 (Macintosh; Intel Mac OS X 10_15_7) AppleWebKit/537.36 (KHTML, like Gecko) Chrome/91.0.4472.114 Safari/537.36" DataSize=814 HostName=localhost IP="::1" Method=GET Path="/api/v1/user/?username=&size=5&page=1" SpendTime="3 ms" Status=200
time="2021-07-14T17:40:45+08:00" level=info Agent="Mozilla/5.0 (Macintosh; Intel Mac OS X 10_15_7) AppleWebKit/537.36 (KHTML, like Gecko) Chrome/91.0.4472.114 Safari/537.36" DataSize=52 HostName=localhost IP="::1" Method=DELETE Path=/api/admin/user/34/ SpendTime="1 ms" Status=200
time="2021-07-14T17:40:51+08:00" level=info Agent="Mozilla/5.0 (Macintosh; Intel Mac OS X 10_15_7) AppleWebKit/537.36 (KHTML, like Gecko) Chrome/91.0.4472.114 Safari/537.36" DataSize=814 HostName=localhost IP="::1" Method=GET Path="/api/v1/user/?username=&size=5&page=1" SpendTime="2 ms" Status=200
time="2021-07-14T17:40:52+08:00" level=info Agent="Mozilla/5.0 (Macintosh; Intel Mac OS X 10_15_7) AppleWebKit/537.36 (KHTML, like Gecko) Chrome/91.0.4472.114 Safari/537.36" DataSize=52 HostName=localhost IP="::1" Method=DELETE Path=/api/admin/user/34/ SpendTime="1 ms" Status=200
time="2021-07-14T17:40:56+08:00" level=info Agent="Mozilla/5.0 (Macintosh; Intel Mac OS X 10_15_7) AppleWebKit/537.36 (KHTML, like Gecko) Chrome/91.0.4472.114 Safari/537.36" DataSize=814 HostName=localhost IP="::1" Method=GET Path="/api/v1/user/?username=&size=5&page=1" SpendTime="7 ms" Status=200
time="2021-07-14T17:40:57+08:00" level=info Agent="Mozilla/5.0 (Macintosh; Intel Mac OS X 10_15_7) AppleWebKit/537.36 (KHTML, like Gecko) Chrome/91.0.4472.114 Safari/537.36" DataSize=52 HostName=localhost IP="::1" Method=DELETE Path=/api/admin/user/34/ SpendTime="1 ms" Status=200
time="2021-07-14T17:41:01+08:00" level=info Agent="Mozilla/5.0 (Macintosh; Intel Mac OS X 10_15_7) AppleWebKit/537.36 (KHTML, like Gecko) Chrome/91.0.4472.114 Safari/537.36" DataSize=814 HostName=localhost IP="::1" Method=GET Path="/api/v1/user/?username=&size=5&page=1" SpendTime="1 ms" Status=200
time="2021-07-14T17:41:03+08:00" level=info Agent="Mozilla/5.0 (Macintosh; Intel Mac OS X 10_15_7) AppleWebKit/537.36 (KHTML, like Gecko) Chrome/91.0.4472.114 Safari/537.36" DataSize=52 HostName=localhost IP="::1" Method=DELETE Path=/api/admin/user/34/ SpendTime="1 ms" Status=200
time="2021-07-14T17:42:11+08:00" level=info Agent="Mozilla/5.0 (Macintosh; Intel Mac OS X 10_15_7) AppleWebKit/537.36 (KHTML, like Gecko) Chrome/91.0.4472.114 Safari/537.36" DataSize=814 HostName=localhost IP="::1" Method=GET Path="/api/v1/user/?username=&size=5&page=1" SpendTime="3 ms" Status=200
time="2021-07-14T17:42:13+08:00" level=info Agent="Mozilla/5.0 (Macintosh; Intel Mac OS X 10_15_7) AppleWebKit/537.36 (KHTML, like Gecko) Chrome/91.0.4472.114 Safari/537.36" DataSize=814 HostName=localhost IP="::1" Method=GET Path="/api/v1/user/?username=&size=5&page=1" SpendTime="1 ms" Status=200
time="2021-07-14T17:42:20+08:00" level=info Agent="Mozilla/5.0 (Macintosh; Intel Mac OS X 10_15_7) AppleWebKit/537.36 (KHTML, like Gecko) Chrome/91.0.4472.114 Safari/537.36" DataSize=52 HostName=localhost IP="::1" Method=DELETE Path=/api/admin/user/34/ SpendTime="1 ms" Status=200
time="2021-07-14T17:48:57+08:00" level=info Agent="Mozilla/5.0 (Macintosh; Intel Mac OS X 10_15_7) AppleWebKit/537.36 (KHTML, like Gecko) Chrome/91.0.4472.114 Safari/537.36" DataSize=0 HostName=localhost IP="::1" Method=OPTIONS Path="/api/v1/user/?username=&size=5&page=1" SpendTime="1 ms" Status=204
time="2021-07-14T17:48:57+08:00" level=info Agent="Mozilla/5.0 (Macintosh; Intel Mac OS X 10_15_7) AppleWebKit/537.36 (KHTML, like Gecko) Chrome/91.0.4472.114 Safari/537.36" DataSize=814 HostName=localhost IP="::1" Method=GET Path="/api/v1/user/?username=&size=5&page=1" SpendTime="6 ms" Status=200
time="2021-07-14T17:49:01+08:00" level=info Agent="Mozilla/5.0 (Macintosh; Intel Mac OS X 10_15_7) AppleWebKit/537.36 (KHTML, like Gecko) Chrome/91.0.4472.114 Safari/537.36" DataSize=0 HostName=localhost IP="::1" Method=OPTIONS Path="/api/v1/user/?username=&size=5&page=2" SpendTime="1 ms" Status=204
time="2021-07-14T17:49:01+08:00" level=info Agent="Mozilla/5.0 (Macintosh; Intel Mac OS X 10_15_7) AppleWebKit/537.36 (KHTML, like Gecko) Chrome/91.0.4472.114 Safari/537.36" DataSize=359 HostName=localhost IP="::1" Method=GET Path="/api/v1/user/?username=&size=5&page=2" SpendTime="4 ms" Status=200
time="2021-07-14T17:49:03+08:00" level=info Agent="Mozilla/5.0 (Macintosh; Intel Mac OS X 10_15_7) AppleWebKit/537.36 (KHTML, like Gecko) Chrome/91.0.4472.114 Safari/537.36" DataSize=0 HostName=localhost IP="::1" Method=OPTIONS Path=/api/admin/user/36/ SpendTime="1 ms" Status=204
time="2021-07-14T17:49:03+08:00" level=info Agent="Mozilla/5.0 (Macintosh; Intel Mac OS X 10_15_7) AppleWebKit/537.36 (KHTML, like Gecko) Chrome/91.0.4472.114 Safari/537.36" DataSize=23 HostName=localhost IP="::1" Method=DELETE Path=/api/admin/user/36/ SpendTime="10 ms" Status=200
time="2021-07-14T17:49:03+08:00" level=info Agent="Mozilla/5.0 (Macintosh; Intel Mac OS X 10_15_7) AppleWebKit/537.36 (KHTML, like Gecko) Chrome/91.0.4472.114 Safari/537.36" DataSize=0 HostName=localhost IP="::1" Method=OPTIONS Path="/api/v1/user/?username=&size=5&page=2" SpendTime="1 ms" Status=204
time="2021-07-14T17:49:03+08:00" level=info Agent="Mozilla/5.0 (Macintosh; Intel Mac OS X 10_15_7) AppleWebKit/537.36 (KHTML, like Gecko) Chrome/91.0.4472.114 Safari/537.36" DataSize=198 HostName=localhost IP="::1" Method=GET Path="/api/v1/user/?username=&size=5&page=2" SpendTime="2 ms" Status=200
time="2021-07-14T17:50:33+08:00" level=info Agent="Mozilla/5.0 (Macintosh; Intel Mac OS X 10_15_7) AppleWebKit/537.36 (KHTML, like Gecko) Chrome/91.0.4472.114 Safari/537.36" DataSize=0 HostName=localhost IP="::1" Method=OPTIONS Path="/api/v1/user/?username=&size=5&page=1" SpendTime="1 ms" Status=204
time="2021-07-14T17:50:33+08:00" level=info Agent="Mozilla/5.0 (Macintosh; Intel Mac OS X 10_15_7) AppleWebKit/537.36 (KHTML, like Gecko) Chrome/91.0.4472.114 Safari/537.36" DataSize=814 HostName=localhost IP="::1" Method=GET Path="/api/v1/user/?username=&size=5&page=1" SpendTime="3 ms" Status=200
time="2021-07-14T17:50:37+08:00" level=info Agent="Mozilla/5.0 (Macintosh; Intel Mac OS X 10_15_7) AppleWebKit/537.36 (KHTML, like Gecko) Chrome/91.0.4472.114 Safari/537.36" DataSize=0 HostName=localhost IP="::1" Method=OPTIONS Path="/api/v1/user/?username=&size=5&page=2" SpendTime="1 ms" Status=204
time="2021-07-14T17:50:37+08:00" level=info Agent="Mozilla/5.0 (Macintosh; Intel Mac OS X 10_15_7) AppleWebKit/537.36 (KHTML, like Gecko) Chrome/91.0.4472.114 Safari/537.36" DataSize=198 HostName=localhost IP="::1" Method=GET Path="/api/v1/user/?username=&size=5&page=2" SpendTime="1 ms" Status=200
time="2021-07-14T17:50:39+08:00" level=info Agent="Mozilla/5.0 (Macintosh; Intel Mac OS X 10_15_7) AppleWebKit/537.36 (KHTML, like Gecko) Chrome/91.0.4472.114 Safari/537.36" DataSize=0 HostName=localhost IP="::1" Method=OPTIONS Path=/api/admin/user/35/ SpendTime="1 ms" Status=204
time="2021-07-14T17:50:39+08:00" level=info Agent="Mozilla/5.0 (Macintosh; Intel Mac OS X 10_15_7) AppleWebKit/537.36 (KHTML, like Gecko) Chrome/91.0.4472.114 Safari/537.36" DataSize=23 HostName=localhost IP="::1" Method=DELETE Path=/api/admin/user/35/ SpendTime="7 ms" Status=200
time="2021-07-14T17:50:39+08:00" level=info Agent="Mozilla/5.0 (Macintosh; Intel Mac OS X 10_15_7) AppleWebKit/537.36 (KHTML, like Gecko) Chrome/91.0.4472.114 Safari/537.36" DataSize=0 HostName=localhost IP="::1" Method=OPTIONS Path="/api/v1/user/?username=&size=5&page=2" SpendTime="1 ms" Status=204
time="2021-07-14T17:50:39+08:00" level=info Agent="Mozilla/5.0 (Macintosh; Intel Mac OS X 10_15_7) AppleWebKit/537.36 (KHTML, like Gecko) Chrome/91.0.4472.114 Safari/537.36" DataSize=43 HostName=localhost IP="::1" Method=GET Path="/api/v1/user/?username=&size=5&page=2" SpendTime="1 ms" Status=200
time="2021-07-14T17:50:43+08:00" level=info Agent="Mozilla/5.0 (Macintosh; Intel Mac OS X 10_15_7) AppleWebKit/537.36 (KHTML, like Gecko) Chrome/91.0.4472.114 Safari/537.36" DataSize=0 HostName=localhost IP="::1" Method=OPTIONS Path="/api/v1/user/?username=&size=5&page=1" SpendTime="1 ms" Status=204
time="2021-07-14T17:50:43+08:00" level=info Agent="Mozilla/5.0 (Macintosh; Intel Mac OS X 10_15_7) AppleWebKit/537.36 (KHTML, like Gecko) Chrome/91.0.4472.114 Safari/537.36" DataSize=814 HostName=localhost IP="::1" Method=GET Path="/api/v1/user/?username=&size=5&page=1" SpendTime="4 ms" Status=200
time="2021-07-14T17:51:25+08:00" level=info Agent="Mozilla/5.0 (Macintosh; Intel Mac OS X 10_15_7) AppleWebKit/537.36 (KHTML, like Gecko) Chrome/91.0.4472.114 Safari/537.36" DataSize=0 HostName=localhost IP="::1" Method=OPTIONS Path="/api/v1/user/?username=&size=5&page=1" SpendTime="1 ms" Status=204
time="2021-07-14T17:51:25+08:00" level=info Agent="Mozilla/5.0 (Macintosh; Intel Mac OS X 10_15_7) AppleWebKit/537.36 (KHTML, like Gecko) Chrome/91.0.4472.114 Safari/537.36" DataSize=814 HostName=localhost IP="::1" Method=GET Path="/api/v1/user/?username=&size=5&page=1" SpendTime="4 ms" Status=200
time="2021-07-14T17:51:58+08:00" level=info Agent="Mozilla/5.0 (Macintosh; Intel Mac OS X 10_15_7) AppleWebKit/537.36 (KHTML, like Gecko) Chrome/91.0.4472.114 Safari/537.36" DataSize=0 HostName=localhost IP="::1" Method=OPTIONS Path="/api/v1/user/?username=&size=5&page=1" SpendTime="1 ms" Status=204
time="2021-07-14T17:51:58+08:00" level=info Agent="Mozilla/5.0 (Macintosh; Intel Mac OS X 10_15_7) AppleWebKit/537.36 (KHTML, like Gecko) Chrome/91.0.4472.114 Safari/537.36" DataSize=814 HostName=localhost IP="::1" Method=GET Path="/api/v1/user/?username=&size=5&page=1" SpendTime="4 ms" Status=200
time="2021-07-14T17:52:00+08:00" level=info Agent="Mozilla/5.0 (Macintosh; Intel Mac OS X 10_15_7) AppleWebKit/537.36 (KHTML, like Gecko) Chrome/91.0.4472.114 Safari/537.36" DataSize=0 HostName=localhost IP="::1" Method=OPTIONS Path="/api/v1/user/?username=&size=5&page=2" SpendTime="1 ms" Status=204
time="2021-07-14T17:52:00+08:00" level=info Agent="Mozilla/5.0 (Macintosh; Intel Mac OS X 10_15_7) AppleWebKit/537.36 (KHTML, like Gecko) Chrome/91.0.4472.114 Safari/537.36" DataSize=191 HostName=localhost IP="::1" Method=GET Path="/api/v1/user/?username=&size=5&page=2" SpendTime="2 ms" Status=200
time="2021-07-14T17:52:02+08:00" level=info Agent="Mozilla/5.0 (Macintosh; Intel Mac OS X 10_15_7) AppleWebKit/537.36 (KHTML, like Gecko) Chrome/91.0.4472.114 Safari/537.36" DataSize=0 HostName=localhost IP="::1" Method=OPTIONS Path=/api/admin/user/35/ SpendTime="1 ms" Status=204
time="2021-07-14T17:52:02+08:00" level=info Agent="Mozilla/5.0 (Macintosh; Intel Mac OS X 10_15_7) AppleWebKit/537.36 (KHTML, like Gecko) Chrome/91.0.4472.114 Safari/537.36" DataSize=23 HostName=localhost IP="::1" Method=DELETE Path=/api/admin/user/35/ SpendTime="3 ms" Status=200
time="2021-07-14T17:52:02+08:00" level=info Agent="Mozilla/5.0 (Macintosh; Intel Mac OS X 10_15_7) AppleWebKit/537.36 (KHTML, like Gecko) Chrome/91.0.4472.114 Safari/537.36" DataSize=0 HostName=localhost IP="::1" Method=OPTIONS Path="/api/v1/user/?username=&size=5&page=1" SpendTime="1 ms" Status=204
time="2021-07-14T17:52:02+08:00" level=info Agent="Mozilla/5.0 (Macintosh; Intel Mac OS X 10_15_7) AppleWebKit/537.36 (KHTML, like Gecko) Chrome/91.0.4472.114 Safari/537.36" DataSize=814 HostName=localhost IP="::1" Method=GET Path="/api/v1/user/?username=&size=5&page=1" SpendTime="1 ms" Status=200
time="2021-07-14T17:52:37+08:00" level=info Agent="Mozilla/5.0 (Macintosh; Intel Mac OS X 10_15_7) AppleWebKit/537.36 (KHTML, like Gecko) Chrome/91.0.4472.114 Safari/537.36" DataSize=0 HostName=localhost IP="::1" Method=OPTIONS Path="/api/v1/user/?username=&size=5&page=1" SpendTime="1 ms" Status=204
time="2021-07-14T17:52:37+08:00" level=info Agent="Mozilla/5.0 (Macintosh; Intel Mac OS X 10_15_7) AppleWebKit/537.36 (KHTML, like Gecko) Chrome/91.0.4472.114 Safari/537.36" DataSize=814 HostName=localhost IP="::1" Method=GET Path="/api/v1/user/?username=&size=5&page=1" SpendTime="5 ms" Status=200
time="2021-07-14T17:53:36+08:00" level=info Agent="Mozilla/5.0 (Macintosh; Intel Mac OS X 10_15_7) AppleWebKit/537.36 (KHTML, like Gecko) Chrome/91.0.4472.114 Safari/537.36" DataSize=0 HostName=localhost IP="::1" Method=OPTIONS Path=/api/admin/user/22/ SpendTime="1 ms" Status=204
time="2021-07-14T17:53:36+08:00" level=info Agent="Mozilla/5.0 (Macintosh; Intel Mac OS X 10_15_7) AppleWebKit/537.36 (KHTML, like Gecko) Chrome/91.0.4472.114 Safari/537.36" DataSize=23 HostName=localhost IP="::1" Method=DELETE Path=/api/admin/user/22/ SpendTime="6 ms" Status=200
time="2021-07-14T17:53:36+08:00" level=info Agent="Mozilla/5.0 (Macintosh; Intel Mac OS X 10_15_7) AppleWebKit/537.36 (KHTML, like Gecko) Chrome/91.0.4472.114 Safari/537.36" DataSize=0 HostName=localhost IP="::1" Method=OPTIONS Path="/api/v1/user/?username=&size=5&page=1" SpendTime="1 ms" Status=204
time="2021-07-14T17:53:36+08:00" level=info Agent="Mozilla/5.0 (Macintosh; Intel Mac OS X 10_15_7) AppleWebKit/537.36 (KHTML, like Gecko) Chrome/91.0.4472.114 Safari/537.36" DataSize=662 HostName=localhost IP="::1" Method=GET Path="/api/v1/user/?username=&size=5&page=1" SpendTime="2 ms" Status=200
time="2021-07-14T17:53:55+08:00" level=info Agent="ApiPOST Runtime +https://www.apipost.cn" DataSize=23 HostName=localhost IP=127.0.0.1 Method=DELETE Path=/api/admin/user/21/ SpendTime="4 ms" Status=200
